<?xml version="1.0" encoding="UTF-8" standalone="no"?>
<xforms xmlns="http://www.w3.org/2002/xforms">
  <model>
    <instance id="S_DEFAULTS1     -     SE_SC1">
      <ODM Description="converted from ODM to Xform" formKey="SE_SC1" id="2" name="SC1">
        <ClinicalData MetaDataVersionOID="v1.0.0" StudyOID="S_DEFAULTS1">
          <SubjectData SubjectKey="">
            <StudyEventData StudyEventOID="SE_SC1">
              <FormData FormOID="F_MSA1_3">
                <ItemGroupData ItemGroupOID="IG_MSA1_UNGROUPED">
                  <ItemData ItemOID="I_MSA1_INIT" value=""/>
                  <ItemData ItemOID="I_MSA1_FORMD" value=""/>
                  <ItemData ItemOID="I_MSA1_MSA1_CONS" value=""/>
                  <ItemData ItemOID="I_MSA1_MSA1_PGT" value=""/>
                  <ItemData ItemOID="I_MSA1_MSA1_BIRTHD" value=""/>
                  <ItemData ItemOID="I_MSA1_MSA1_OLD" value=""/>
                  <ItemData ItemOID="I_MSA1_MSA1_KHIV" value=""/>
                  <ItemData ItemOID="I_MSA1_MSA1_HAART" value=""/>
                  <ItemData ItemOID="I_MSA1_MSA1_ELHAART" value=""/>
                  <ItemData ItemOID="I_MSA1_MSA1_BEFPEP" value=""/>
                  <ItemData ItemOID="I_MSA1_MSA1_OTRIAL" value=""/>
                  <ItemData ItemOID="I_MSA1_MSA1_OTRIAL_S" value=""/>
                  <ItemData ItemOID="I_MSA1_MSA1_MOVE" value=""/>
                  <ItemData ItemOID="I_MSA1_MSA1_PMTCT" value=""/>
                  <ItemData ItemOID="I_MSA1_MSA1_COMPLY" value=""/>
                  <ItemData ItemOID="I_MSA1_MSA1_ELIG" value=""/>
                  <ItemData ItemOID="I_MSA1_MSA1_DELIVERY" value=""/>
                  <ItemData ItemOID="I_MSA1_MSA1_CONSELLING" value=""/>
                  <ItemData ItemOID="I_MSA1_IDPAT" value=""/>
                  <ItemData ItemOID="I_MSA1_ID" value=""/>
                </ItemGroupData>
                <ItemGroupData ItemGroupOID="IG_MSA1_MSA1_COMPLYREASG">
                  <ItemData ItemOID="I_MSA1_MSA1_COMPLYREAS" value=""/>
                </ItemGroupData>
                <ItemGroupData ItemGroupOID="IG_MSA1_MSA1_NOELIGREASG">
                  <ItemData ItemOID="I_MSA1_MSA1_NOELIGREAS" value=""/>
                </ItemGroupData>
              </FormData>
              <FormData FormOID="F_MSA1_2">
                <ItemGroupData ItemGroupOID="IG_MSA1_UNGROUPED">
                  <ItemData ItemOID="I_MSA1_INIT" value=""/>
                  <ItemData ItemOID="I_MSA1_FORMD" value=""/>
                  <ItemData ItemOID="I_MSA1_MSA1_CONS" value=""/>
                  <ItemData ItemOID="I_MSA1_MSA1_PGT" value=""/>
                  <ItemData ItemOID="I_MSA1_MSA1_BIRTHD" value=""/>
                  <ItemData ItemOID="I_MSA1_MSA1_OLD" value=""/>
                  <ItemData ItemOID="I_MSA1_MSA1_KHIV" value=""/>
                  <ItemData ItemOID="I_MSA1_MSA1_HAART" value=""/>
                  <ItemData ItemOID="I_MSA1_MSA1_ELHAART" value=""/>
                  <ItemData ItemOID="I_MSA1_MSA1_BEFPEP" value=""/>
                  <ItemData ItemOID="I_MSA1_MSA1_OTRIAL" value=""/>
                  <ItemData ItemOID="I_MSA1_MSA1_OTRIAL_S" value=""/>
                  <ItemData ItemOID="I_MSA1_MSA1_MOVE" value=""/>
                  <ItemData ItemOID="I_MSA1_MSA1_PMTCT" value=""/>
                  <ItemData ItemOID="I_MSA1_MSA1_COMPLY" value=""/>
                  <ItemData ItemOID="I_MSA1_MSA1_ELIG" value=""/>
                  <ItemData ItemOID="I_MSA1_MSA1_DELIVERY" value=""/>
                  <ItemData ItemOID="I_MSA1_MSA1_CONSELLING" value=""/>
                  <ItemData ItemOID="I_MSA1_IDPAT" value=""/>
                  <ItemData ItemOID="I_MSA1_ID" value=""/>
                </ItemGroupData>
                <ItemGroupData ItemGroupOID="IG_MSA1_MSA1_COMPLYREASG">
                  <ItemData ItemOID="I_MSA1_MSA1_COMPLYREAS" value=""/>
                </ItemGroupData>
                <ItemGroupData ItemGroupOID="IG_MSA1_MSA1_NOELIGREASG">
                  <ItemData ItemOID="I_MSA1_MSA1_NOELIGREAS" value=""/>
                </ItemGroupData>
              </FormData>
              <FormData FormOID="F_MSA1_1">
                <ItemGroupData ItemGroupOID="IG_MSA1_UNGROUPED">
                  <ItemData ItemOID="I_MSA1_INIT" value=""/>
                  <ItemData ItemOID="I_MSA1_FORMD" value=""/>
                  <ItemData ItemOID="I_MSA1_MSA1_CONS" value=""/>
                  <ItemData ItemOID="I_MSA1_MSA1_PGT" value=""/>
                  <ItemData ItemOID="I_MSA1_MSA1_BIRTHD" value=""/>
                  <ItemData ItemOID="I_MSA1_MSA1_OLD" value=""/>
                  <ItemData ItemOID="I_MSA1_MSA1_KHIV" value=""/>
                  <ItemData ItemOID="I_MSA1_MSA1_HAART" value=""/>
                  <ItemData ItemOID="I_MSA1_MSA1_ELHAART" value=""/>
                  <ItemData ItemOID="I_MSA1_MSA1_BEFPEP" value=""/>
                  <ItemData ItemOID="I_MSA1_MSA1_OTRIAL" value=""/>
                  <ItemData ItemOID="I_MSA1_MSA1_OTRIAL_S" value=""/>
                  <ItemData ItemOID="I_MSA1_MSA1_MOVE" value=""/>
                  <ItemData ItemOID="I_MSA1_MSA1_PMTCT" value=""/>
                  <ItemData ItemOID="I_MSA1_MSA1_COMPLY" value=""/>
                  <ItemData ItemOID="I_MSA1_MSA1_ELIG" value=""/>
                  <ItemData ItemOID="I_MSA1_MSA1_DELIVERY" value=""/>
                  <ItemData ItemOID="I_MSA1_MSA1_CONSELLING" value=""/>
                  <ItemData ItemOID="I_MSA1_IDPAT" value=""/>
                  <ItemData ItemOID="I_MSA1_ID" value=""/>
                </ItemGroupData>
                <ItemGroupData ItemGroupOID="IG_MSA1_MSA1_COMPLYREASG">
                  <ItemData ItemOID="I_MSA1_MSA1_COMPLYREAS" value=""/>
                </ItemGroupData>
                <ItemGroupData ItemGroupOID="IG_MSA1_MSA1_NOELIGREASG">
                  <ItemData ItemOID="I_MSA1_MSA1_NOELIGREAS" value=""/>
                </ItemGroupData>
              </FormData>
              <FormData FormOID="F_MLLM_3">
                <ItemGroupData ItemGroupOID="IG_MLLM_UNGROUPED">
                  <ItemData ItemOID="I_MLLM_INIT" value=""/>
                  <ItemData ItemOID="I_MLLM_FORMD" value=""/>
                  <ItemData ItemOID="I_MLLM_ID" value=""/>
                  <ItemData ItemOID="I_MLLM_MLL_BMCOLL" value=""/>
                  <ItemData ItemOID="I_MLLM_MLL_BMNOCOLLREAS" value=""/>
                  <ItemData ItemOID="I_MLLM_MLL_BDCOLL" value=""/>
                  <ItemData ItemOID="I_MLLM_MLL_BDNOCOLLREAS" value=""/>
                  <ItemData ItemOID="I_MLLM_MLL_HIVS_COID" value=""/>
                  <ItemData ItemOID="I_MLLM_MLL_HIVR_COID" value=""/>
                  <ItemData ItemOID="I_MLLM_MLL_CD4_COID" value=""/>
                  <ItemData ItemOID="I_MLLM_MLL_HB_COLD" value=""/>
                  <ItemData ItemOID="I_MLLM_MLL_RCC_COID" value=""/>
                  <ItemData ItemOID="I_MLLM_MLL_HCT_COLD" value=""/>
                  <ItemData ItemOID="I_MLLM_MLL_MCV_COID" value=""/>
                  <ItemData ItemOID="I_MLLM_MLL_MCH_COID" value=""/>
                  <ItemData ItemOID="I_MLLM_MLL_MCHC_COID" value=""/>
                  <ItemData ItemOID="I_MLLM_MLL_LEUC_COID" value=""/>
                  <ItemData ItemOID="I_MLLM_MLL_NEUT_COLD" value=""/>
                  <ItemData ItemOID="I_MLLM_MLL_EOS_COID" value=""/>
                  <ItemData ItemOID="I_MLLM_MLL_BAS_CONID" value=""/>
                  <ItemData ItemOID="I_MLLM_MLL_MON_COLD" value=""/>
                  <ItemData ItemOID="I_MLLM_MLL_LYM_COLD" value=""/>
                  <ItemData ItemOID="I_MLLM_MLL_PLAT_COID" value=""/>
                  <ItemData ItemOID="I_MLLM_MLL_HIVS_RES" value=""/>
                  <ItemData ItemOID="I_MLLM_MLL_HIVR_RES" value=""/>
                  <ItemData ItemOID="I_MLLM_MLL_CD4_RES" value=""/>
                  <ItemData ItemOID="I_MLLM_MLL_HB_RES" value=""/>
                  <ItemData ItemOID="I_MLLM_MLL_RCC_RES" value=""/>
                  <ItemData ItemOID="I_MLLM_MLL_HCT_RES" value=""/>
                  <ItemData ItemOID="I_MLLM_MLL_MCV_RES" value=""/>
                  <ItemData ItemOID="I_MLLM_MLL_MCH_RES" value=""/>
                  <ItemData ItemOID="I_MLLM_MLL_MCHC_RES" value=""/>
                  <ItemData ItemOID="I_MLLM_MLL_LEUC_RES" value=""/>
                  <ItemData ItemOID="I_MLLM_MLL_NEUT_RES" value=""/>
                  <ItemData ItemOID="I_MLLM_MLL_EOS_RES" value=""/>
                  <ItemData ItemOID="I_MLLM_MLL_BAS_RES" value=""/>
                  <ItemData ItemOID="I_MLLM_MLL_MON_RES" value=""/>
                  <ItemData ItemOID="I_MLLM_MLL_LYM_RES" value=""/>
                  <ItemData ItemOID="I_MLLM_MLL_PLAT_RES" value=""/>
                  <ItemData ItemOID="I_MLLM_MLL_BMCOLLV" value=""/>
                  <ItemData ItemOID="I_MLLM_MLL_BMNOCOLLREASV" value=""/>
                  <ItemData ItemOID="I_MLLM_MLL_BDCOLLV" value=""/>
                  <ItemData ItemOID="I_MLLM_MLL_BDNOCOLLREASV" value=""/>
                  <ItemData ItemOID="I_MLLM_MLL_HIVS_COIDV" value=""/>
                  <ItemData ItemOID="I_MLLM_MLL_HIVS_RESULTV_568" value=""/>
                  <ItemData ItemOID="I_MLLM_MLL_HIVR_COIDV" value=""/>
                  <ItemData ItemOID="I_MLLM_MLL_HIVR_RESULTV_632" value=""/>
                  <ItemData ItemOID="I_MLLM_MLL_CD4_COIDV" value=""/>
                  <ItemData ItemOID="I_MLLM_MLL_CD4_RESULTV_7310" value=""/>
                  <ItemData ItemOID="I_MLLM_MLL_HB_COLDV" value=""/>
                  <ItemData ItemOID="I_MLLM_MLL_HB_RESULTV_4245" value=""/>
                  <ItemData ItemOID="I_MLLM_MLL_RCC_COIDV" value=""/>
                  <ItemData ItemOID="I_MLLM_MLL_RCC_RESULTV_8023" value=""/>
                  <ItemData ItemOID="I_MLLM_MLL_HCT_COLDV" value=""/>
                  <ItemData ItemOID="I_MLLM_MLL_HCT_RESULTV_8098" value=""/>
                  <ItemData ItemOID="I_MLLM_MLL_MCV_COIDV" value=""/>
                  <ItemData ItemOID="I_MLLM_MLL_MCV_RESULTV_3027" value=""/>
                  <ItemData ItemOID="I_MLLM_MLL_MCH_COIDV" value=""/>
                  <ItemData ItemOID="I_MLLM_MLL_MCH_RESULTV_9428" value=""/>
                  <ItemData ItemOID="I_MLLM_MLL_MCHC_COIDV" value=""/>
                  <ItemData ItemOID="I_MLLM_MLL_MCHC_RESULTV_9280" value=""/>
                  <ItemData ItemOID="I_MLLM_MLL_LEUC_COIDV" value=""/>
                  <ItemData ItemOID="I_MLLM_MLL_LEUC_RESULTV_3135" value=""/>
                  <ItemData ItemOID="I_MLLM_MLL_NEUT_COLDV" value=""/>
                  <ItemData ItemOID="I_MLLM_MLL_NEUT_RESULTV_2369" value=""/>
                  <ItemData ItemOID="I_MLLM_MLL_EOS_COIDV" value=""/>
                  <ItemData ItemOID="I_MLLM_MLL_EOS_RESULTV_1137" value=""/>
                  <ItemData ItemOID="I_MLLM_MLL_BAS_CONIDV" value=""/>
                  <ItemData ItemOID="I_MLLM_MLL_BAS_RESULTV_5744" value=""/>
                  <ItemData ItemOID="I_MLLM_MLL_MON_COLDV" value=""/>
                  <ItemData ItemOID="I_MLLM_MLL_MON_RESULTV_3748" value=""/>
                  <ItemData ItemOID="I_MLLM_MLL_LYM_COLDV" value=""/>
                  <ItemData ItemOID="I_MLLM_MLL_LYM_RESULTV_977" value=""/>
                  <ItemData ItemOID="I_MLLM_MLL_PLAT_COIDV" value=""/>
                  <ItemData ItemOID="I_MLLM_MLL_PLAT_RESULTV_2897" value=""/>
                  <ItemData ItemOID="I_MLLM_MLL_HIVS_RESULT" value=""/>
                  <ItemData ItemOID="I_MLLM_MLL_HIVR_RESULT" value=""/>
                  <ItemData ItemOID="I_MLLM_MLL_CD4_RESULT" value=""/>
                  <ItemData ItemOID="I_MLLM_MLL_HB_RESULT" value=""/>
                  <ItemData ItemOID="I_MLLM_MLL_RCC_RESULT" value=""/>
                  <ItemData ItemOID="I_MLLM_MLL_HCT_RESULT" value=""/>
                  <ItemData ItemOID="I_MLLM_MLL_MCV_RESULT" value=""/>
                  <ItemData ItemOID="I_MLLM_MLL_MCH_RESULT" value=""/>
                  <ItemData ItemOID="I_MLLM_MLL_MCHC_RESULT" value=""/>
                  <ItemData ItemOID="I_MLLM_MLL_LEUC_RESULT" value=""/>
                  <ItemData ItemOID="I_MLLM_MLL_NEUT_RESULT" value=""/>
                  <ItemData ItemOID="I_MLLM_MLL_EOS_RESULT" value=""/>
                  <ItemData ItemOID="I_MLLM_MLL_BAS_RESULT" value=""/>
                  <ItemData ItemOID="I_MLLM_MLL_MON_RESULT" value=""/>
                  <ItemData ItemOID="I_MLLM_MLL_LYM_RESULT" value=""/>
                  <ItemData ItemOID="I_MLLM_MLL_PLAT_RESULT" value=""/>
                  <ItemData ItemOID="I_MLLM_MLL_HIVS_RESULTV" value=""/>
                  <ItemData ItemOID="I_MLLM_MLL_HIVR_RESULTV" value=""/>
                  <ItemData ItemOID="I_MLLM_MLL_CD4_RESULTV" value=""/>
                  <ItemData ItemOID="I_MLLM_MLL_HB_RESULTV" value=""/>
                  <ItemData ItemOID="I_MLLM_MLL_RCC_RESULTV" value=""/>
                  <ItemData ItemOID="I_MLLM_MLL_HCT_RESULTV" value=""/>
                  <ItemData ItemOID="I_MLLM_MLL_MCV_RESULTV" value=""/>
                  <ItemData ItemOID="I_MLLM_MLL_MCH_RESULTV" value=""/>
                  <ItemData ItemOID="I_MLLM_MLL_MCHC_RESULTV" value=""/>
                  <ItemData ItemOID="I_MLLM_MLL_LEUC_RESULTV" value=""/>
                  <ItemData ItemOID="I_MLLM_MLL_NEUT_RESULTV" value=""/>
                  <ItemData ItemOID="I_MLLM_MLL_EOS_RESULTV" value=""/>
                  <ItemData ItemOID="I_MLLM_MLL_BAS_RESULTV" value=""/>
                  <ItemData ItemOID="I_MLLM_MLL_MON_RESULTV" value=""/>
                  <ItemData ItemOID="I_MLLM_MLL_LYM_RESULTV" value=""/>
                  <ItemData ItemOID="I_MLLM_MLL_PLAT_RESULTV" value=""/>
                </ItemGroupData>
                <ItemGroupData ItemGroupOID="IG_MLLM_MLL_OTESTG">
                  <ItemData ItemOID="I_MLLM_MLL_OLE_PREC" value=""/>
                  <ItemData ItemOID="I_MLLM_MLL_OLE_COLD" value=""/>
                  <ItemData ItemOID="I_MLLM_MLL_OLE_RESULTV" value=""/>
                  <ItemData ItemOID="I_MLLM_MLL_OLE_PRECV" value=""/>
                  <ItemData ItemOID="I_MLLM_MLL_OLE_COLDV" value=""/>
                </ItemGroupData>
              </FormData>
              <FormData FormOID="F_MLLM_5">
                <ItemGroupData ItemGroupOID="IG_MLLM_UNGROUPED">
                  <ItemData ItemOID="I_MLLM_INIT" value=""/>
                  <ItemData ItemOID="I_MLLM_FORMD" value=""/>
                  <ItemData ItemOID="I_MLLM_ID" value=""/>
                  <ItemData ItemOID="I_MLLM_MLL_BMCOLL" value=""/>
                  <ItemData ItemOID="I_MLLM_MLL_BMNOCOLLREAS" value=""/>
                  <ItemData ItemOID="I_MLLM_MLL_BDCOLL" value=""/>
                  <ItemData ItemOID="I_MLLM_MLL_BDNOCOLLREAS" value=""/>
                  <ItemData ItemOID="I_MLLM_MLL_HIVS_COID" value=""/>
                  <ItemData ItemOID="I_MLLM_MLL_HIVR_COID" value=""/>
                  <ItemData ItemOID="I_MLLM_MLL_CD4_COID" value=""/>
                  <ItemData ItemOID="I_MLLM_MLL_HB_COLD" value=""/>
                  <ItemData ItemOID="I_MLLM_MLL_RCC_COID" value=""/>
                  <ItemData ItemOID="I_MLLM_MLL_HCT_COLD" value=""/>
                  <ItemData ItemOID="I_MLLM_MLL_MCV_COID" value=""/>
                  <ItemData ItemOID="I_MLLM_MLL_MCH_COID" value=""/>
                  <ItemData ItemOID="I_MLLM_MLL_MCHC_COID" value=""/>
                  <ItemData ItemOID="I_MLLM_MLL_LEUC_COID" value=""/>
                  <ItemData ItemOID="I_MLLM_MLL_NEUT_COLD" value=""/>
                  <ItemData ItemOID="I_MLLM_MLL_EOS_COID" value=""/>
                  <ItemData ItemOID="I_MLLM_MLL_BAS_CONID" value=""/>
                  <ItemData ItemOID="I_MLLM_MLL_MON_COLD" value=""/>
                  <ItemData ItemOID="I_MLLM_MLL_LYM_COLD" value=""/>
                  <ItemData ItemOID="I_MLLM_MLL_PLAT_COID" value=""/>
                  <ItemData ItemOID="I_MLLM_MLL_HIVS_RES" value=""/>
                  <ItemData ItemOID="I_MLLM_MLL_HIVR_RES" value=""/>
                  <ItemData ItemOID="I_MLLM_MLL_CD4_RES" value=""/>
                  <ItemData ItemOID="I_MLLM_MLL_HB_RES" value=""/>
                  <ItemData ItemOID="I_MLLM_MLL_RCC_RES" value=""/>
                  <ItemData ItemOID="I_MLLM_MLL_HCT_RES" value=""/>
                  <ItemData ItemOID="I_MLLM_MLL_MCV_RES" value=""/>
                  <ItemData ItemOID="I_MLLM_MLL_MCH_RES" value=""/>
                  <ItemData ItemOID="I_MLLM_MLL_MCHC_RES" value=""/>
                  <ItemData ItemOID="I_MLLM_MLL_LEUC_RES" value=""/>
                  <ItemData ItemOID="I_MLLM_MLL_NEUT_RES" value=""/>
                  <ItemData ItemOID="I_MLLM_MLL_EOS_RES" value=""/>
                  <ItemData ItemOID="I_MLLM_MLL_BAS_RES" value=""/>
                  <ItemData ItemOID="I_MLLM_MLL_MON_RES" value=""/>
                  <ItemData ItemOID="I_MLLM_MLL_LYM_RES" value=""/>
                  <ItemData ItemOID="I_MLLM_MLL_PLAT_RES" value=""/>
                  <ItemData ItemOID="I_MLLM_MLL_BMCOLLV" value=""/>
                  <ItemData ItemOID="I_MLLM_MLL_BMNOCOLLREASV" value=""/>
                  <ItemData ItemOID="I_MLLM_MLL_BDCOLLV" value=""/>
                  <ItemData ItemOID="I_MLLM_MLL_BDNOCOLLREASV" value=""/>
                  <ItemData ItemOID="I_MLLM_MLL_HIVS_COIDV" value=""/>
                  <ItemData ItemOID="I_MLLM_MLL_HIVS_RESULTV_568" value=""/>
                  <ItemData ItemOID="I_MLLM_MLL_HIVR_COIDV" value=""/>
                  <ItemData ItemOID="I_MLLM_MLL_HIVR_RESULTV_632" value=""/>
                  <ItemData ItemOID="I_MLLM_MLL_CD4_COIDV" value=""/>
                  <ItemData ItemOID="I_MLLM_MLL_CD4_RESULTV_7310" value=""/>
                  <ItemData ItemOID="I_MLLM_MLL_HB_COLDV" value=""/>
                  <ItemData ItemOID="I_MLLM_MLL_HB_RESULTV_4245" value=""/>
                  <ItemData ItemOID="I_MLLM_MLL_RCC_COIDV" value=""/>
                  <ItemData ItemOID="I_MLLM_MLL_RCC_RESULTV_8023" value=""/>
                  <ItemData ItemOID="I_MLLM_MLL_HCT_COLDV" value=""/>
                  <ItemData ItemOID="I_MLLM_MLL_HCT_RESULTV_8098" value=""/>
                  <ItemData ItemOID="I_MLLM_MLL_MCV_COIDV" value=""/>
                  <ItemData ItemOID="I_MLLM_MLL_MCV_RESULTV_3027" value=""/>
                  <ItemData ItemOID="I_MLLM_MLL_MCH_COIDV" value=""/>
                  <ItemData ItemOID="I_MLLM_MLL_MCH_RESULTV_9428" value=""/>
                  <ItemData ItemOID="I_MLLM_MLL_MCHC_COIDV" value=""/>
                  <ItemData ItemOID="I_MLLM_MLL_MCHC_RESULTV_9280" value=""/>
                  <ItemData ItemOID="I_MLLM_MLL_LEUC_COIDV" value=""/>
                  <ItemData ItemOID="I_MLLM_MLL_LEUC_RESULTV_3135" value=""/>
                  <ItemData ItemOID="I_MLLM_MLL_NEUT_COLDV" value=""/>
                  <ItemData ItemOID="I_MLLM_MLL_NEUT_RESULTV_2369" value=""/>
                  <ItemData ItemOID="I_MLLM_MLL_EOS_COIDV" value=""/>
                  <ItemData ItemOID="I_MLLM_MLL_EOS_RESULTV_1137" value=""/>
                  <ItemData ItemOID="I_MLLM_MLL_BAS_CONIDV" value=""/>
                  <ItemData ItemOID="I_MLLM_MLL_BAS_RESULTV_5744" value=""/>
                  <ItemData ItemOID="I_MLLM_MLL_MON_COLDV" value=""/>
                  <ItemData ItemOID="I_MLLM_MLL_MON_RESULTV_3748" value=""/>
                  <ItemData ItemOID="I_MLLM_MLL_LYM_COLDV" value=""/>
                  <ItemData ItemOID="I_MLLM_MLL_LYM_RESULTV_977" value=""/>
                  <ItemData ItemOID="I_MLLM_MLL_PLAT_COIDV" value=""/>
                  <ItemData ItemOID="I_MLLM_MLL_PLAT_RESULTV_2897" value=""/>
                  <ItemData ItemOID="I_MLLM_MLL_HIVS_RESULT" value=""/>
                  <ItemData ItemOID="I_MLLM_MLL_HIVR_RESULT" value=""/>
                  <ItemData ItemOID="I_MLLM_MLL_CD4_RESULT" value=""/>
                  <ItemData ItemOID="I_MLLM_MLL_HB_RESULT" value=""/>
                  <ItemData ItemOID="I_MLLM_MLL_RCC_RESULT" value=""/>
                  <ItemData ItemOID="I_MLLM_MLL_HCT_RESULT" value=""/>
                  <ItemData ItemOID="I_MLLM_MLL_MCV_RESULT" value=""/>
                  <ItemData ItemOID="I_MLLM_MLL_MCH_RESULT" value=""/>
                  <ItemData ItemOID="I_MLLM_MLL_MCHC_RESULT" value=""/>
                  <ItemData ItemOID="I_MLLM_MLL_LEUC_RESULT" value=""/>
                  <ItemData ItemOID="I_MLLM_MLL_NEUT_RESULT" value=""/>
                  <ItemData ItemOID="I_MLLM_MLL_EOS_RESULT" value=""/>
                  <ItemData ItemOID="I_MLLM_MLL_BAS_RESULT" value=""/>
                  <ItemData ItemOID="I_MLLM_MLL_MON_RESULT" value=""/>
                  <ItemData ItemOID="I_MLLM_MLL_LYM_RESULT" value=""/>
                  <ItemData ItemOID="I_MLLM_MLL_PLAT_RESULT" value=""/>
                  <ItemData ItemOID="I_MLLM_MLL_HIVS_RESULTV" value=""/>
                  <ItemData ItemOID="I_MLLM_MLL_HIVR_RESULTV" value=""/>
                  <ItemData ItemOID="I_MLLM_MLL_CD4_RESULTV" value=""/>
                  <ItemData ItemOID="I_MLLM_MLL_HB_RESULTV" value=""/>
                  <ItemData ItemOID="I_MLLM_MLL_RCC_RESULTV" value=""/>
                  <ItemData ItemOID="I_MLLM_MLL_HCT_RESULTV" value=""/>
                  <ItemData ItemOID="I_MLLM_MLL_MCV_RESULTV" value=""/>
                  <ItemData ItemOID="I_MLLM_MLL_MCH_RESULTV" value=""/>
                  <ItemData ItemOID="I_MLLM_MLL_MCHC_RESULTV" value=""/>
                  <ItemData ItemOID="I_MLLM_MLL_LEUC_RESULTV" value=""/>
                  <ItemData ItemOID="I_MLLM_MLL_NEUT_RESULTV" value=""/>
                  <ItemData ItemOID="I_MLLM_MLL_EOS_RESULTV" value=""/>
                  <ItemData ItemOID="I_MLLM_MLL_BAS_RESULTV" value=""/>
                  <ItemData ItemOID="I_MLLM_MLL_MON_RESULTV" value=""/>
                  <ItemData ItemOID="I_MLLM_MLL_LYM_RESULTV" value=""/>
                  <ItemData ItemOID="I_MLLM_MLL_PLAT_RESULTV" value=""/>
                </ItemGroupData>
                <ItemGroupData ItemGroupOID="IG_MLLM_MLL_OTESTG">
                  <ItemData ItemOID="I_MLLM_MLL_OLE_PREC" value=""/>
                  <ItemData ItemOID="I_MLLM_MLL_OLE_COLD" value=""/>
                  <ItemData ItemOID="I_MLLM_MLL_OLE_RESULTV" value=""/>
                  <ItemData ItemOID="I_MLLM_MLL_OLE_PRECV" value=""/>
                  <ItemData ItemOID="I_MLLM_MLL_OLE_COLDV" value=""/>
                </ItemGroupData>
              </FormData>
              <FormData FormOID="F_MLLM_2">
                <ItemGroupData ItemGroupOID="IG_MLLM_UNGROUPED">
                  <ItemData ItemOID="I_MLLM_INIT" value=""/>
                  <ItemData ItemOID="I_MLLM_FORMD" value=""/>
                  <ItemData ItemOID="I_MLLM_ID" value=""/>
                  <ItemData ItemOID="I_MLLM_MLL_BMCOLL" value=""/>
                  <ItemData ItemOID="I_MLLM_MLL_BMNOCOLLREAS" value=""/>
                  <ItemData ItemOID="I_MLLM_MLL_BDCOLL" value=""/>
                  <ItemData ItemOID="I_MLLM_MLL_BDNOCOLLREAS" value=""/>
                  <ItemData ItemOID="I_MLLM_MLL_HIVS_COID" value=""/>
                  <ItemData ItemOID="I_MLLM_MLL_HIVR_COID" value=""/>
                  <ItemData ItemOID="I_MLLM_MLL_CD4_COID" value=""/>
                  <ItemData ItemOID="I_MLLM_MLL_HB_COLD" value=""/>
                  <ItemData ItemOID="I_MLLM_MLL_RCC_COID" value=""/>
                  <ItemData ItemOID="I_MLLM_MLL_HCT_COLD" value=""/>
                  <ItemData ItemOID="I_MLLM_MLL_MCV_COID" value=""/>
                  <ItemData ItemOID="I_MLLM_MLL_MCH_COID" value=""/>
                  <ItemData ItemOID="I_MLLM_MLL_MCHC_COID" value=""/>
                  <ItemData ItemOID="I_MLLM_MLL_LEUC_COID" value=""/>
                  <ItemData ItemOID="I_MLLM_MLL_NEUT_COLD" value=""/>
                  <ItemData ItemOID="I_MLLM_MLL_EOS_COID" value=""/>
                  <ItemData ItemOID="I_MLLM_MLL_BAS_CONID" value=""/>
                  <ItemData ItemOID="I_MLLM_MLL_MON_COLD" value=""/>
                  <ItemData ItemOID="I_MLLM_MLL_LYM_COLD" value=""/>
                  <ItemData ItemOID="I_MLLM_MLL_PLAT_COID" value=""/>
                  <ItemData ItemOID="I_MLLM_MLL_HIVS_RES" value=""/>
                  <ItemData ItemOID="I_MLLM_MLL_HIVR_RES" value=""/>
                  <ItemData ItemOID="I_MLLM_MLL_CD4_RES" value=""/>
                  <ItemData ItemOID="I_MLLM_MLL_HB_RES" value=""/>
                  <ItemData ItemOID="I_MLLM_MLL_RCC_RES" value=""/>
                  <ItemData ItemOID="I_MLLM_MLL_HCT_RES" value=""/>
                  <ItemData ItemOID="I_MLLM_MLL_MCV_RES" value=""/>
                  <ItemData ItemOID="I_MLLM_MLL_MCH_RES" value=""/>
                  <ItemData ItemOID="I_MLLM_MLL_MCHC_RES" value=""/>
                  <ItemData ItemOID="I_MLLM_MLL_LEUC_RES" value=""/>
                  <ItemData ItemOID="I_MLLM_MLL_NEUT_RES" value=""/>
                  <ItemData ItemOID="I_MLLM_MLL_EOS_RES" value=""/>
                  <ItemData ItemOID="I_MLLM_MLL_BAS_RES" value=""/>
                  <ItemData ItemOID="I_MLLM_MLL_MON_RES" value=""/>
                  <ItemData ItemOID="I_MLLM_MLL_LYM_RES" value=""/>
                  <ItemData ItemOID="I_MLLM_MLL_PLAT_RES" value=""/>
                  <ItemData ItemOID="I_MLLM_MLL_BMCOLLV" value=""/>
                  <ItemData ItemOID="I_MLLM_MLL_BMNOCOLLREASV" value=""/>
                  <ItemData ItemOID="I_MLLM_MLL_BDCOLLV" value=""/>
                  <ItemData ItemOID="I_MLLM_MLL_BDNOCOLLREASV" value=""/>
                  <ItemData ItemOID="I_MLLM_MLL_HIVS_COIDV" value=""/>
                  <ItemData ItemOID="I_MLLM_MLL_HIVS_RESULTV_568" value=""/>
                  <ItemData ItemOID="I_MLLM_MLL_HIVR_COIDV" value=""/>
                  <ItemData ItemOID="I_MLLM_MLL_HIVR_RESULTV_632" value=""/>
                  <ItemData ItemOID="I_MLLM_MLL_CD4_COIDV" value=""/>
                  <ItemData ItemOID="I_MLLM_MLL_CD4_RESULTV_7310" value=""/>
                  <ItemData ItemOID="I_MLLM_MLL_HB_COLDV" value=""/>
                  <ItemData ItemOID="I_MLLM_MLL_HB_RESULTV_4245" value=""/>
                  <ItemData ItemOID="I_MLLM_MLL_RCC_COIDV" value=""/>
                  <ItemData ItemOID="I_MLLM_MLL_RCC_RESULTV_8023" value=""/>
                  <ItemData ItemOID="I_MLLM_MLL_HCT_COLDV" value=""/>
                  <ItemData ItemOID="I_MLLM_MLL_HCT_RESULTV_8098" value=""/>
                  <ItemData ItemOID="I_MLLM_MLL_MCV_COIDV" value=""/>
                  <ItemData ItemOID="I_MLLM_MLL_MCV_RESULTV_3027" value=""/>
                  <ItemData ItemOID="I_MLLM_MLL_MCH_COIDV" value=""/>
                  <ItemData ItemOID="I_MLLM_MLL_MCH_RESULTV_9428" value=""/>
                  <ItemData ItemOID="I_MLLM_MLL_MCHC_COIDV" value=""/>
                  <ItemData ItemOID="I_MLLM_MLL_MCHC_RESULTV_9280" value=""/>
                  <ItemData ItemOID="I_MLLM_MLL_LEUC_COIDV" value=""/>
                  <ItemData ItemOID="I_MLLM_MLL_LEUC_RESULTV_3135" value=""/>
                  <ItemData ItemOID="I_MLLM_MLL_NEUT_COLDV" value=""/>
                  <ItemData ItemOID="I_MLLM_MLL_NEUT_RESULTV_2369" value=""/>
                  <ItemData ItemOID="I_MLLM_MLL_EOS_COIDV" value=""/>
                  <ItemData ItemOID="I_MLLM_MLL_EOS_RESULTV_1137" value=""/>
                  <ItemData ItemOID="I_MLLM_MLL_BAS_CONIDV" value=""/>
                  <ItemData ItemOID="I_MLLM_MLL_BAS_RESULTV_5744" value=""/>
                  <ItemData ItemOID="I_MLLM_MLL_MON_COLDV" value=""/>
                  <ItemData ItemOID="I_MLLM_MLL_MON_RESULTV_3748" value=""/>
                  <ItemData ItemOID="I_MLLM_MLL_LYM_COLDV" value=""/>
                  <ItemData ItemOID="I_MLLM_MLL_LYM_RESULTV_977" value=""/>
                  <ItemData ItemOID="I_MLLM_MLL_PLAT_COIDV" value=""/>
                  <ItemData ItemOID="I_MLLM_MLL_PLAT_RESULTV_2897" value=""/>
                  <ItemData ItemOID="I_MLLM_MLL_HIVS_RESULT" value=""/>
                  <ItemData ItemOID="I_MLLM_MLL_HIVR_RESULT" value=""/>
                  <ItemData ItemOID="I_MLLM_MLL_CD4_RESULT" value=""/>
                  <ItemData ItemOID="I_MLLM_MLL_HB_RESULT" value=""/>
                  <ItemData ItemOID="I_MLLM_MLL_RCC_RESULT" value=""/>
                  <ItemData ItemOID="I_MLLM_MLL_HCT_RESULT" value=""/>
                  <ItemData ItemOID="I_MLLM_MLL_MCV_RESULT" value=""/>
                  <ItemData ItemOID="I_MLLM_MLL_MCH_RESULT" value=""/>
                  <ItemData ItemOID="I_MLLM_MLL_MCHC_RESULT" value=""/>
                  <ItemData ItemOID="I_MLLM_MLL_LEUC_RESULT" value=""/>
                  <ItemData ItemOID="I_MLLM_MLL_NEUT_RESULT" value=""/>
                  <ItemData ItemOID="I_MLLM_MLL_EOS_RESULT" value=""/>
                  <ItemData ItemOID="I_MLLM_MLL_BAS_RESULT" value=""/>
                  <ItemData ItemOID="I_MLLM_MLL_MON_RESULT" value=""/>
                  <ItemData ItemOID="I_MLLM_MLL_LYM_RESULT" value=""/>
                  <ItemData ItemOID="I_MLLM_MLL_PLAT_RESULT" value=""/>
                  <ItemData ItemOID="I_MLLM_MLL_HIVS_RESULTV" value=""/>
                  <ItemData ItemOID="I_MLLM_MLL_HIVR_RESULTV" value=""/>
                  <ItemData ItemOID="I_MLLM_MLL_CD4_RESULTV" value=""/>
                  <ItemData ItemOID="I_MLLM_MLL_HB_RESULTV" value=""/>
                  <ItemData ItemOID="I_MLLM_MLL_RCC_RESULTV" value=""/>
                  <ItemData ItemOID="I_MLLM_MLL_HCT_RESULTV" value=""/>
                  <ItemData ItemOID="I_MLLM_MLL_MCV_RESULTV" value=""/>
                  <ItemData ItemOID="I_MLLM_MLL_MCH_RESULTV" value=""/>
                  <ItemData ItemOID="I_MLLM_MLL_MCHC_RESULTV" value=""/>
                  <ItemData ItemOID="I_MLLM_MLL_LEUC_RESULTV" value=""/>
                  <ItemData ItemOID="I_MLLM_MLL_NEUT_RESULTV" value=""/>
                  <ItemData ItemOID="I_MLLM_MLL_EOS_RESULTV" value=""/>
                  <ItemData ItemOID="I_MLLM_MLL_BAS_RESULTV" value=""/>
                  <ItemData ItemOID="I_MLLM_MLL_MON_RESULTV" value=""/>
                  <ItemData ItemOID="I_MLLM_MLL_LYM_RESULTV" value=""/>
                  <ItemData ItemOID="I_MLLM_MLL_PLAT_RESULTV" value=""/>
                </ItemGroupData>
                <ItemGroupData ItemGroupOID="IG_MLLM_MLL_OTESTG">
                  <ItemData ItemOID="I_MLLM_MLL_OLE_PREC" value=""/>
                  <ItemData ItemOID="I_MLLM_MLL_OLE_COLD" value=""/>
                  <ItemData ItemOID="I_MLLM_MLL_OLE_RESULTV" value=""/>
                  <ItemData ItemOID="I_MLLM_MLL_OLE_PRECV" value=""/>
                  <ItemData ItemOID="I_MLLM_MLL_OLE_COLDV" value=""/>
                </ItemGroupData>
              </FormData>
              <FormData FormOID="F_MLLM_1">
                <ItemGroupData ItemGroupOID="IG_MLLM_UNGROUPED">
                  <ItemData ItemOID="I_MLLM_INIT" value=""/>
                  <ItemData ItemOID="I_MLLM_FORMD" value=""/>
                  <ItemData ItemOID="I_MLLM_ID" value=""/>
                  <ItemData ItemOID="I_MLLM_MLL_BMCOLL" value=""/>
                  <ItemData ItemOID="I_MLLM_MLL_BMNOCOLLREAS" value=""/>
                  <ItemData ItemOID="I_MLLM_MLL_BDCOLL" value=""/>
                  <ItemData ItemOID="I_MLLM_MLL_BDNOCOLLREAS" value=""/>
                  <ItemData ItemOID="I_MLLM_MLL_HIVS_COID" value=""/>
                  <ItemData ItemOID="I_MLLM_MLL_HIVR_COID" value=""/>
                  <ItemData ItemOID="I_MLLM_MLL_CD4_COID" value=""/>
                  <ItemData ItemOID="I_MLLM_MLL_HB_COLD" value=""/>
                  <ItemData ItemOID="I_MLLM_MLL_RCC_COID" value=""/>
                  <ItemData ItemOID="I_MLLM_MLL_HCT_COLD" value=""/>
                  <ItemData ItemOID="I_MLLM_MLL_MCV_COID" value=""/>
                  <ItemData ItemOID="I_MLLM_MLL_MCH_COID" value=""/>
                  <ItemData ItemOID="I_MLLM_MLL_MCHC_COID" value=""/>
                  <ItemData ItemOID="I_MLLM_MLL_LEUC_COID" value=""/>
                  <ItemData ItemOID="I_MLLM_MLL_NEUT_COLD" value=""/>
                  <ItemData ItemOID="I_MLLM_MLL_EOS_COID" value=""/>
                  <ItemData ItemOID="I_MLLM_MLL_BAS_CONID" value=""/>
                  <ItemData ItemOID="I_MLLM_MLL_MON_COLD" value=""/>
                  <ItemData ItemOID="I_MLLM_MLL_LYM_COLD" value=""/>
                  <ItemData ItemOID="I_MLLM_MLL_PLAT_COID" value=""/>
                  <ItemData ItemOID="I_MLLM_MLL_HIVS_RES" value=""/>
                  <ItemData ItemOID="I_MLLM_MLL_HIVR_RES" value=""/>
                  <ItemData ItemOID="I_MLLM_MLL_CD4_RES" value=""/>
                  <ItemData ItemOID="I_MLLM_MLL_HB_RES" value=""/>
                  <ItemData ItemOID="I_MLLM_MLL_RCC_RES" value=""/>
                  <ItemData ItemOID="I_MLLM_MLL_HCT_RES" value=""/>
                  <ItemData ItemOID="I_MLLM_MLL_MCV_RES" value=""/>
                  <ItemData ItemOID="I_MLLM_MLL_MCH_RES" value=""/>
                  <ItemData ItemOID="I_MLLM_MLL_MCHC_RES" value=""/>
                  <ItemData ItemOID="I_MLLM_MLL_LEUC_RES" value=""/>
                  <ItemData ItemOID="I_MLLM_MLL_NEUT_RES" value=""/>
                  <ItemData ItemOID="I_MLLM_MLL_EOS_RES" value=""/>
                  <ItemData ItemOID="I_MLLM_MLL_BAS_RES" value=""/>
                  <ItemData ItemOID="I_MLLM_MLL_MON_RES" value=""/>
                  <ItemData ItemOID="I_MLLM_MLL_LYM_RES" value=""/>
                  <ItemData ItemOID="I_MLLM_MLL_PLAT_RES" value=""/>
                  <ItemData ItemOID="I_MLLM_MLL_BMCOLLV" value=""/>
                  <ItemData ItemOID="I_MLLM_MLL_BMNOCOLLREASV" value=""/>
                  <ItemData ItemOID="I_MLLM_MLL_BDCOLLV" value=""/>
                  <ItemData ItemOID="I_MLLM_MLL_BDNOCOLLREASV" value=""/>
                  <ItemData ItemOID="I_MLLM_MLL_HIVS_COIDV" value=""/>
                  <ItemData ItemOID="I_MLLM_MLL_HIVS_RESULTV_568" value=""/>
                  <ItemData ItemOID="I_MLLM_MLL_HIVR_COIDV" value=""/>
                  <ItemData ItemOID="I_MLLM_MLL_HIVR_RESULTV_632" value=""/>
                  <ItemData ItemOID="I_MLLM_MLL_CD4_COIDV" value=""/>
                  <ItemData ItemOID="I_MLLM_MLL_CD4_RESULTV_7310" value=""/>
                  <ItemData ItemOID="I_MLLM_MLL_HB_COLDV" value=""/>
                  <ItemData ItemOID="I_MLLM_MLL_HB_RESULTV_4245" value=""/>
                  <ItemData ItemOID="I_MLLM_MLL_RCC_COIDV" value=""/>
                  <ItemData ItemOID="I_MLLM_MLL_RCC_RESULTV_8023" value=""/>
                  <ItemData ItemOID="I_MLLM_MLL_HCT_COLDV" value=""/>
                  <ItemData ItemOID="I_MLLM_MLL_HCT_RESULTV_8098" value=""/>
                  <ItemData ItemOID="I_MLLM_MLL_MCV_COIDV" value=""/>
                  <ItemData ItemOID="I_MLLM_MLL_MCV_RESULTV_3027" value=""/>
                  <ItemData ItemOID="I_MLLM_MLL_MCH_COIDV" value=""/>
                  <ItemData ItemOID="I_MLLM_MLL_MCH_RESULTV_9428" value=""/>
                  <ItemData ItemOID="I_MLLM_MLL_MCHC_COIDV" value=""/>
                  <ItemData ItemOID="I_MLLM_MLL_MCHC_RESULTV_9280" value=""/>
                  <ItemData ItemOID="I_MLLM_MLL_LEUC_COIDV" value=""/>
                  <ItemData ItemOID="I_MLLM_MLL_LEUC_RESULTV_3135" value=""/>
                  <ItemData ItemOID="I_MLLM_MLL_NEUT_COLDV" value=""/>
                  <ItemData ItemOID="I_MLLM_MLL_NEUT_RESULTV_2369" value=""/>
                  <ItemData ItemOID="I_MLLM_MLL_EOS_COIDV" value=""/>
                  <ItemData ItemOID="I_MLLM_MLL_EOS_RESULTV_1137" value=""/>
                  <ItemData ItemOID="I_MLLM_MLL_BAS_CONIDV" value=""/>
                  <ItemData ItemOID="I_MLLM_MLL_BAS_RESULTV_5744" value=""/>
                  <ItemData ItemOID="I_MLLM_MLL_MON_COLDV" value=""/>
                  <ItemData ItemOID="I_MLLM_MLL_MON_RESULTV_3748" value=""/>
                  <ItemData ItemOID="I_MLLM_MLL_LYM_COLDV" value=""/>
                  <ItemData ItemOID="I_MLLM_MLL_LYM_RESULTV_977" value=""/>
                  <ItemData ItemOID="I_MLLM_MLL_PLAT_COIDV" value=""/>
                  <ItemData ItemOID="I_MLLM_MLL_PLAT_RESULTV_2897" value=""/>
                  <ItemData ItemOID="I_MLLM_MLL_HIVS_RESULT" value=""/>
                  <ItemData ItemOID="I_MLLM_MLL_HIVR_RESULT" value=""/>
                  <ItemData ItemOID="I_MLLM_MLL_CD4_RESULT" value=""/>
                  <ItemData ItemOID="I_MLLM_MLL_HB_RESULT" value=""/>
                  <ItemData ItemOID="I_MLLM_MLL_RCC_RESULT" value=""/>
                  <ItemData ItemOID="I_MLLM_MLL_HCT_RESULT" value=""/>
                  <ItemData ItemOID="I_MLLM_MLL_MCV_RESULT" value=""/>
                  <ItemData ItemOID="I_MLLM_MLL_MCH_RESULT" value=""/>
                  <ItemData ItemOID="I_MLLM_MLL_MCHC_RESULT" value=""/>
                  <ItemData ItemOID="I_MLLM_MLL_LEUC_RESULT" value=""/>
                  <ItemData ItemOID="I_MLLM_MLL_NEUT_RESULT" value=""/>
                  <ItemData ItemOID="I_MLLM_MLL_EOS_RESULT" value=""/>
                  <ItemData ItemOID="I_MLLM_MLL_BAS_RESULT" value=""/>
                  <ItemData ItemOID="I_MLLM_MLL_MON_RESULT" value=""/>
                  <ItemData ItemOID="I_MLLM_MLL_LYM_RESULT" value=""/>
                  <ItemData ItemOID="I_MLLM_MLL_PLAT_RESULT" value=""/>
                  <ItemData ItemOID="I_MLLM_MLL_HIVS_RESULTV" value=""/>
                  <ItemData ItemOID="I_MLLM_MLL_HIVR_RESULTV" value=""/>
                  <ItemData ItemOID="I_MLLM_MLL_CD4_RESULTV" value=""/>
                  <ItemData ItemOID="I_MLLM_MLL_HB_RESULTV" value=""/>
                  <ItemData ItemOID="I_MLLM_MLL_RCC_RESULTV" value=""/>
                  <ItemData ItemOID="I_MLLM_MLL_HCT_RESULTV" value=""/>
                  <ItemData ItemOID="I_MLLM_MLL_MCV_RESULTV" value=""/>
                  <ItemData ItemOID="I_MLLM_MLL_MCH_RESULTV" value=""/>
                  <ItemData ItemOID="I_MLLM_MLL_MCHC_RESULTV" value=""/>
                  <ItemData ItemOID="I_MLLM_MLL_LEUC_RESULTV" value=""/>
                  <ItemData ItemOID="I_MLLM_MLL_NEUT_RESULTV" value=""/>
                  <ItemData ItemOID="I_MLLM_MLL_EOS_RESULTV" value=""/>
                  <ItemData ItemOID="I_MLLM_MLL_BAS_RESULTV" value=""/>
                  <ItemData ItemOID="I_MLLM_MLL_MON_RESULTV" value=""/>
                  <ItemData ItemOID="I_MLLM_MLL_LYM_RESULTV" value=""/>
                  <ItemData ItemOID="I_MLLM_MLL_PLAT_RESULTV" value=""/>
                </ItemGroupData>
                <ItemGroupData ItemGroupOID="IG_MLLM_MLL_OTESTG">
                  <ItemData ItemOID="I_MLLM_MLL_OLE_PREC" value=""/>
                  <ItemData ItemOID="I_MLLM_MLL_OLE_COLD" value=""/>
                  <ItemData ItemOID="I_MLLM_MLL_OLE_RESULTV" value=""/>
                  <ItemData ItemOID="I_MLLM_MLL_OLE_PRECV" value=""/>
                  <ItemData ItemOID="I_MLLM_MLL_OLE_COLDV" value=""/>
                </ItemGroupData>
              </FormData>
              <FormData FormOID="F_MHIV_2">
                <ItemGroupData ItemGroupOID="IG_MHIV_UNGROUPED">
                  <ItemData ItemOID="I_MHIV_INIT" value=""/>
                  <ItemData ItemOID="I_MHIV_FORMD" value=""/>
                  <ItemData ItemOID="I_MHIV_ID" value=""/>
                  <ItemData ItemOID="I_MHIV_MHIV_STAG" value=""/>
                  <ItemData ItemOID="I_MHIV_MHIV_WGT" value=""/>
                  <ItemData ItemOID="I_MHIV_MHV_WEIGHT" value=""/>
                </ItemGroupData>
              </FormData>
              <FormData FormOID="F_MHIV_1">
                <ItemGroupData ItemGroupOID="IG_MHIV_UNGROUPED">
                  <ItemData ItemOID="I_MHIV_INIT" value=""/>
                  <ItemData ItemOID="I_MHIV_FORMD" value=""/>
                  <ItemData ItemOID="I_MHIV_ID" value=""/>
                  <ItemData ItemOID="I_MHIV_MHIV_STAG" value=""/>
                  <ItemData ItemOID="I_MHIV_MHIV_WGT" value=""/>
                  <ItemData ItemOID="I_MHIV_MHV_WEIGHT" value=""/>
                </ItemGroupData>
              </FormData>
            </StudyEventData>
          </SubjectData>
        </ClinicalData>
      </ODM>
    </instance>
    <bind id="subjectKeyBind" nodeset="/ODM/ClinicalData/SubjectData/@SubjectKey" type="xsd:string"/>
    <bind id="I_MSA1_INIT" nodeset="/ODM/ClinicalData/SubjectData/StudyEventData[@StudyEventOID=SE_SC1]/FormData[@FormOID=F_MSA1_3]/ItemGroupData[@ItemGroupOID=IG_MSA1_UNGROUPED]/ItemData[@ItemOID=''I_MSA1_INIT'']/@Value" type="xsd:string"/>
    <bind id="I_MSA1_FORMD" nodeset="/ODM/ClinicalData/SubjectData/StudyEventData[@StudyEventOID=SE_SC1]/FormData[@FormOID=F_MSA1_3]/ItemGroupData[@ItemGroupOID=IG_MSA1_UNGROUPED]/ItemData[@ItemOID=''I_MSA1_FORMD'']/@Value" type="xsd:date"/>
    <bind id="I_MSA1_MSA1_CONS" nodeset="/ODM/ClinicalData/SubjectData/StudyEventData[@StudyEventOID=SE_SC1]/FormData[@FormOID=F_MSA1_3]/ItemGroupData[@ItemGroupOID=IG_MSA1_UNGROUPED]/ItemData[@ItemOID=''I_MSA1_MSA1_CONS'']/@Value" type="xsd:int"/>
    <bind id="I_MSA1_MSA1_PGT" nodeset="/ODM/ClinicalData/SubjectData/StudyEventData[@StudyEventOID=SE_SC1]/FormData[@FormOID=F_MSA1_3]/ItemGroupData[@ItemGroupOID=IG_MSA1_UNGROUPED]/ItemData[@ItemOID=''I_MSA1_MSA1_PGT'']/@Value" type="xsd:int"/>
    <bind id="I_MSA1_MSA1_BIRTHD" nodeset="/ODM/ClinicalData/SubjectData/StudyEventData[@StudyEventOID=SE_SC1]/FormData[@FormOID=F_MSA1_3]/ItemGroupData[@ItemGroupOID=IG_MSA1_UNGROUPED]/ItemData[@ItemOID=''I_MSA1_MSA1_BIRTHD'']/@Value" type="xsd:date"/>
    <bind id="I_MSA1_MSA1_OLD" nodeset="/ODM/ClinicalData/SubjectData/StudyEventData[@StudyEventOID=SE_SC1]/FormData[@FormOID=F_MSA1_3]/ItemGroupData[@ItemGroupOID=IG_MSA1_UNGROUPED]/ItemData[@ItemOID=''I_MSA1_MSA1_OLD'']/@Value" type="xsd:int"/>
    <bind id="I_MSA1_MSA1_KHIV" nodeset="/ODM/ClinicalData/SubjectData/StudyEventData[@StudyEventOID=SE_SC1]/FormData[@FormOID=F_MSA1_3]/ItemGroupData[@ItemGroupOID=IG_MSA1_UNGROUPED]/ItemData[@ItemOID=''I_MSA1_MSA1_KHIV'']/@Value" type="xsd:int"/>
    <bind id="I_MSA1_MSA1_HAART" nodeset="/ODM/ClinicalData/SubjectData/StudyEventData[@StudyEventOID=SE_SC1]/FormData[@FormOID=F_MSA1_3]/ItemGroupData[@ItemGroupOID=IG_MSA1_UNGROUPED]/ItemData[@ItemOID=''I_MSA1_MSA1_HAART'']/@Value" type="xsd:int"/>
    <bind id="I_MSA1_MSA1_ELHAART" nodeset="/ODM/ClinicalData/SubjectData/StudyEventData[@StudyEventOID=SE_SC1]/FormData[@FormOID=F_MSA1_3]/ItemGroupData[@ItemGroupOID=IG_MSA1_UNGROUPED]/ItemData[@ItemOID=''I_MSA1_MSA1_ELHAART'']/@Value" type="xsd:int"/>
    <bind id="I_MSA1_MSA1_BEFPEP" nodeset="/ODM/ClinicalData/SubjectData/StudyEventData[@StudyEventOID=SE_SC1]/FormData[@FormOID=F_MSA1_3]/ItemGroupData[@ItemGroupOID=IG_MSA1_UNGROUPED]/ItemData[@ItemOID=''I_MSA1_MSA1_BEFPEP'']/@Value" type="xsd:int"/>
    <bind id="I_MSA1_MSA1_OTRIAL" nodeset="/ODM/ClinicalData/SubjectData/StudyEventData[@StudyEventOID=SE_SC1]/FormData[@FormOID=F_MSA1_3]/ItemGroupData[@ItemGroupOID=IG_MSA1_UNGROUPED]/ItemData[@ItemOID=''I_MSA1_MSA1_OTRIAL'']/@Value" type="xsd:int"/>
    <bind id="I_MSA1_MSA1_OTRIAL_S" nodeset="/ODM/ClinicalData/SubjectData/StudyEventData[@StudyEventOID=SE_SC1]/FormData[@FormOID=F_MSA1_3]/ItemGroupData[@ItemGroupOID=IG_MSA1_UNGROUPED]/ItemData[@ItemOID=''I_MSA1_MSA1_OTRIAL_S'']/@Value" type="xsd:int"/>
    <bind id="I_MSA1_MSA1_MOVE" nodeset="/ODM/ClinicalData/SubjectData/StudyEventData[@StudyEventOID=SE_SC1]/FormData[@FormOID=F_MSA1_3]/ItemGroupData[@ItemGroupOID=IG_MSA1_UNGROUPED]/ItemData[@ItemOID=''I_MSA1_MSA1_MOVE'']/@Value" type="xsd:int"/>
    <bind id="I_MSA1_MSA1_PMTCT" nodeset="/ODM/ClinicalData/SubjectData/StudyEventData[@StudyEventOID=SE_SC1]/FormData[@FormOID=F_MSA1_3]/ItemGroupData[@ItemGroupOID=IG_MSA1_UNGROUPED]/ItemData[@ItemOID=''I_MSA1_MSA1_PMTCT'']/@Value" type="xsd:int"/>
    <bind id="I_MSA1_MSA1_COMPLY" nodeset="/ODM/ClinicalData/SubjectData/StudyEventData[@StudyEventOID=SE_SC1]/FormData[@FormOID=F_MSA1_3]/ItemGroupData[@ItemGroupOID=IG_MSA1_UNGROUPED]/ItemData[@ItemOID=''I_MSA1_MSA1_COMPLY'']/@Value" type="xsd:int"/>
    <bind id="I_MSA1_MSA1_ELIG" nodeset="/ODM/ClinicalData/SubjectData/StudyEventData[@StudyEventOID=SE_SC1]/FormData[@FormOID=F_MSA1_3]/ItemGroupData[@ItemGroupOID=IG_MSA1_UNGROUPED]/ItemData[@ItemOID=''I_MSA1_MSA1_ELIG'']/@Value" type="xsd:int"/>
    <bind id="I_MSA1_MSA1_DELIVERY" nodeset="/ODM/ClinicalData/SubjectData/StudyEventData[@StudyEventOID=SE_SC1]/FormData[@FormOID=F_MSA1_3]/ItemGroupData[@ItemGroupOID=IG_MSA1_UNGROUPED]/ItemData[@ItemOID=''I_MSA1_MSA1_DELIVERY'']/@Value" type="xsd:string"/>
    <bind id="I_MSA1_MSA1_CONSELLING" nodeset="/ODM/ClinicalData/SubjectData/StudyEventData[@StudyEventOID=SE_SC1]/FormData[@FormOID=F_MSA1_3]/ItemGroupData[@ItemGroupOID=IG_MSA1_UNGROUPED]/ItemData[@ItemOID=''I_MSA1_MSA1_CONSELLING'']/@Value" type="xsd:int"/>
    <bind id="I_MSA1_IDPAT" nodeset="/ODM/ClinicalData/SubjectData/StudyEventData[@StudyEventOID=SE_SC1]/FormData[@FormOID=F_MSA1_3]/ItemGroupData[@ItemGroupOID=IG_MSA1_UNGROUPED]/ItemData[@ItemOID=''I_MSA1_IDPAT'']/@Value" type="xsd:string"/>
    <bind id="I_MSA1_ID" nodeset="/ODM/ClinicalData/SubjectData/StudyEventData[@StudyEventOID=SE_SC1]/FormData[@FormOID=F_MSA1_3]/ItemGroupData[@ItemGroupOID=IG_MSA1_UNGROUPED]/ItemData[@ItemOID=''I_MSA1_ID'']/@Value" type="xsd:int"/>
    <bind id="I_MSA1_MSA1_COMPLYREAS" nodeset="/ODM/ClinicalData/SubjectData/StudyEventData[@StudyEventOID=SE_SC1]/FormData[@FormOID=F_MSA1_3]/ItemGroupData[@ItemGroupOID=IG_MSA1_MSA1_COMPLYREASG]/ItemData[@ItemOID=''I_MSA1_MSA1_COMPLYREAS'']/@Value" type="xsd:string"/>
    <bind id="I_MSA1_MSA1_NOELIGREAS" nodeset="/ODM/ClinicalData/SubjectData/StudyEventData[@StudyEventOID=SE_SC1]/FormData[@FormOID=F_MSA1_3]/ItemGroupData[@ItemGroupOID=IG_MSA1_MSA1_NOELIGREASG]/ItemData[@ItemOID=''I_MSA1_MSA1_NOELIGREAS'']/@Value" type="xsd:string"/>
    <bind id="I_MSA1_INIT" nodeset="/ODM/ClinicalData/SubjectData/StudyEventData[@StudyEventOID=SE_SC1]/FormData[@FormOID=F_MSA1_2]/ItemGroupData[@ItemGroupOID=IG_MSA1_UNGROUPED]/ItemData[@ItemOID=''I_MSA1_INIT'']/@Value" type="xsd:string"/>
    <bind id="I_MSA1_FORMD" nodeset="/ODM/ClinicalData/SubjectData/StudyEventData[@StudyEventOID=SE_SC1]/FormData[@FormOID=F_MSA1_2]/ItemGroupData[@ItemGroupOID=IG_MSA1_UNGROUPED]/ItemData[@ItemOID=''I_MSA1_FORMD'']/@Value" type="xsd:date"/>
    <bind id="I_MSA1_MSA1_CONS" nodeset="/ODM/ClinicalData/SubjectData/StudyEventData[@StudyEventOID=SE_SC1]/FormData[@FormOID=F_MSA1_2]/ItemGroupData[@ItemGroupOID=IG_MSA1_UNGROUPED]/ItemData[@ItemOID=''I_MSA1_MSA1_CONS'']/@Value" type="xsd:int"/>
    <bind id="I_MSA1_MSA1_PGT" nodeset="/ODM/ClinicalData/SubjectData/StudyEventData[@StudyEventOID=SE_SC1]/FormData[@FormOID=F_MSA1_2]/ItemGroupData[@ItemGroupOID=IG_MSA1_UNGROUPED]/ItemData[@ItemOID=''I_MSA1_MSA1_PGT'']/@Value" type="xsd:int"/>
    <bind id="I_MSA1_MSA1_BIRTHD" nodeset="/ODM/ClinicalData/SubjectData/StudyEventData[@StudyEventOID=SE_SC1]/FormData[@FormOID=F_MSA1_2]/ItemGroupData[@ItemGroupOID=IG_MSA1_UNGROUPED]/ItemData[@ItemOID=''I_MSA1_MSA1_BIRTHD'']/@Value" type="xsd:date"/>
    <bind id="I_MSA1_MSA1_OLD" nodeset="/ODM/ClinicalData/SubjectData/StudyEventData[@StudyEventOID=SE_SC1]/FormData[@FormOID=F_MSA1_2]/ItemGroupData[@ItemGroupOID=IG_MSA1_UNGROUPED]/ItemData[@ItemOID=''I_MSA1_MSA1_OLD'']/@Value" type="xsd:int"/>
    <bind id="I_MSA1_MSA1_KHIV" nodeset="/ODM/ClinicalData/SubjectData/StudyEventData[@StudyEventOID=SE_SC1]/FormData[@FormOID=F_MSA1_2]/ItemGroupData[@ItemGroupOID=IG_MSA1_UNGROUPED]/ItemData[@ItemOID=''I_MSA1_MSA1_KHIV'']/@Value" type="xsd:int"/>
    <bind id="I_MSA1_MSA1_HAART" nodeset="/ODM/ClinicalData/SubjectData/StudyEventData[@StudyEventOID=SE_SC1]/FormData[@FormOID=F_MSA1_2]/ItemGroupData[@ItemGroupOID=IG_MSA1_UNGROUPED]/ItemData[@ItemOID=''I_MSA1_MSA1_HAART'']/@Value" type="xsd:int"/>
    <bind id="I_MSA1_MSA1_ELHAART" nodeset="/ODM/ClinicalData/SubjectData/StudyEventData[@StudyEventOID=SE_SC1]/FormData[@FormOID=F_MSA1_2]/ItemGroupData[@ItemGroupOID=IG_MSA1_UNGROUPED]/ItemData[@ItemOID=''I_MSA1_MSA1_ELHAART'']/@Value" type="xsd:int"/>
    <bind id="I_MSA1_MSA1_BEFPEP" nodeset="/ODM/ClinicalData/SubjectData/StudyEventData[@StudyEventOID=SE_SC1]/FormData[@FormOID=F_MSA1_2]/ItemGroupData[@ItemGroupOID=IG_MSA1_UNGROUPED]/ItemData[@ItemOID=''I_MSA1_MSA1_BEFPEP'']/@Value" type="xsd:int"/>
    <bind id="I_MSA1_MSA1_OTRIAL" nodeset="/ODM/ClinicalData/SubjectData/StudyEventData[@StudyEventOID=SE_SC1]/FormData[@FormOID=F_MSA1_2]/ItemGroupData[@ItemGroupOID=IG_MSA1_UNGROUPED]/ItemData[@ItemOID=''I_MSA1_MSA1_OTRIAL'']/@Value" type="xsd:int"/>
    <bind id="I_MSA1_MSA1_OTRIAL_S" nodeset="/ODM/ClinicalData/SubjectData/StudyEventData[@StudyEventOID=SE_SC1]/FormData[@FormOID=F_MSA1_2]/ItemGroupData[@ItemGroupOID=IG_MSA1_UNGROUPED]/ItemData[@ItemOID=''I_MSA1_MSA1_OTRIAL_S'']/@Value" type="xsd:int"/>
    <bind id="I_MSA1_MSA1_MOVE" nodeset="/ODM/ClinicalData/SubjectData/StudyEventData[@StudyEventOID=SE_SC1]/FormData[@FormOID=F_MSA1_2]/ItemGroupData[@ItemGroupOID=IG_MSA1_UNGROUPED]/ItemData[@ItemOID=''I_MSA1_MSA1_MOVE'']/@Value" type="xsd:int"/>
    <bind id="I_MSA1_MSA1_PMTCT" nodeset="/ODM/ClinicalData/SubjectData/StudyEventData[@StudyEventOID=SE_SC1]/FormData[@FormOID=F_MSA1_2]/ItemGroupData[@ItemGroupOID=IG_MSA1_UNGROUPED]/ItemData[@ItemOID=''I_MSA1_MSA1_PMTCT'']/@Value" type="xsd:int"/>
    <bind id="I_MSA1_MSA1_COMPLY" nodeset="/ODM/ClinicalData/SubjectData/StudyEventData[@StudyEventOID=SE_SC1]/FormData[@FormOID=F_MSA1_2]/ItemGroupData[@ItemGroupOID=IG_MSA1_UNGROUPED]/ItemData[@ItemOID=''I_MSA1_MSA1_COMPLY'']/@Value" type="xsd:int"/>
    <bind id="I_MSA1_MSA1_ELIG" nodeset="/ODM/ClinicalData/SubjectData/StudyEventData[@StudyEventOID=SE_SC1]/FormData[@FormOID=F_MSA1_2]/ItemGroupData[@ItemGroupOID=IG_MSA1_UNGROUPED]/ItemData[@ItemOID=''I_MSA1_MSA1_ELIG'']/@Value" type="xsd:int"/>
    <bind id="I_MSA1_MSA1_DELIVERY" nodeset="/ODM/ClinicalData/SubjectData/StudyEventData[@StudyEventOID=SE_SC1]/FormData[@FormOID=F_MSA1_2]/ItemGroupData[@ItemGroupOID=IG_MSA1_UNGROUPED]/ItemData[@ItemOID=''I_MSA1_MSA1_DELIVERY'']/@Value" type="xsd:string"/>
    <bind id="I_MSA1_MSA1_CONSELLING" nodeset="/ODM/ClinicalData/SubjectData/StudyEventData[@StudyEventOID=SE_SC1]/FormData[@FormOID=F_MSA1_2]/ItemGroupData[@ItemGroupOID=IG_MSA1_UNGROUPED]/ItemData[@ItemOID=''I_MSA1_MSA1_CONSELLING'']/@Value" type="xsd:int"/>
    <bind id="I_MSA1_IDPAT" nodeset="/ODM/ClinicalData/SubjectData/StudyEventData[@StudyEventOID=SE_SC1]/FormData[@FormOID=F_MSA1_2]/ItemGroupData[@ItemGroupOID=IG_MSA1_UNGROUPED]/ItemData[@ItemOID=''I_MSA1_IDPAT'']/@Value" type="xsd:string"/>
    <bind id="I_MSA1_ID" nodeset="/ODM/ClinicalData/SubjectData/StudyEventData[@StudyEventOID=SE_SC1]/FormData[@FormOID=F_MSA1_2]/ItemGroupData[@ItemGroupOID=IG_MSA1_UNGROUPED]/ItemData[@ItemOID=''I_MSA1_ID'']/@Value" type="xsd:int"/>
    <bind id="I_MSA1_MSA1_COMPLYREAS" nodeset="/ODM/ClinicalData/SubjectData/StudyEventData[@StudyEventOID=SE_SC1]/FormData[@FormOID=F_MSA1_2]/ItemGroupData[@ItemGroupOID=IG_MSA1_MSA1_COMPLYREASG]/ItemData[@ItemOID=''I_MSA1_MSA1_COMPLYREAS'']/@Value" type="xsd:string"/>
    <bind id="I_MSA1_MSA1_NOELIGREAS" nodeset="/ODM/ClinicalData/SubjectData/StudyEventData[@StudyEventOID=SE_SC1]/FormData[@FormOID=F_MSA1_2]/ItemGroupData[@ItemGroupOID=IG_MSA1_MSA1_NOELIGREASG]/ItemData[@ItemOID=''I_MSA1_MSA1_NOELIGREAS'']/@Value" type="xsd:string"/>
    <bind id="I_MSA1_INIT" nodeset="/ODM/ClinicalData/SubjectData/StudyEventData[@StudyEventOID=SE_SC1]/FormData[@FormOID=F_MSA1_1]/ItemGroupData[@ItemGroupOID=IG_MSA1_UNGROUPED]/ItemData[@ItemOID=''I_MSA1_INIT'']/@Value" type="xsd:string"/>
    <bind id="I_MSA1_FORMD" nodeset="/ODM/ClinicalData/SubjectData/StudyEventData[@StudyEventOID=SE_SC1]/FormData[@FormOID=F_MSA1_1]/ItemGroupData[@ItemGroupOID=IG_MSA1_UNGROUPED]/ItemData[@ItemOID=''I_MSA1_FORMD'']/@Value" type="xsd:date"/>
    <bind id="I_MSA1_MSA1_CONS" nodeset="/ODM/ClinicalData/SubjectData/StudyEventData[@StudyEventOID=SE_SC1]/FormData[@FormOID=F_MSA1_1]/ItemGroupData[@ItemGroupOID=IG_MSA1_UNGROUPED]/ItemData[@ItemOID=''I_MSA1_MSA1_CONS'']/@Value" type="xsd:int"/>
    <bind id="I_MSA1_MSA1_PGT" nodeset="/ODM/ClinicalData/SubjectData/StudyEventData[@StudyEventOID=SE_SC1]/FormData[@FormOID=F_MSA1_1]/ItemGroupData[@ItemGroupOID=IG_MSA1_UNGROUPED]/ItemData[@ItemOID=''I_MSA1_MSA1_PGT'']/@Value" type="xsd:int"/>
    <bind id="I_MSA1_MSA1_BIRTHD" nodeset="/ODM/ClinicalData/SubjectData/StudyEventData[@StudyEventOID=SE_SC1]/FormData[@FormOID=F_MSA1_1]/ItemGroupData[@ItemGroupOID=IG_MSA1_UNGROUPED]/ItemData[@ItemOID=''I_MSA1_MSA1_BIRTHD'']/@Value" type="xsd:date"/>
    <bind id="I_MSA1_MSA1_OLD" nodeset="/ODM/ClinicalData/SubjectData/StudyEventData[@StudyEventOID=SE_SC1]/FormData[@FormOID=F_MSA1_1]/ItemGroupData[@ItemGroupOID=IG_MSA1_UNGROUPED]/ItemData[@ItemOID=''I_MSA1_MSA1_OLD'']/@Value" type="xsd:int"/>
    <bind id="I_MSA1_MSA1_KHIV" nodeset="/ODM/ClinicalData/SubjectData/StudyEventData[@StudyEventOID=SE_SC1]/FormData[@FormOID=F_MSA1_1]/ItemGroupData[@ItemGroupOID=IG_MSA1_UNGROUPED]/ItemData[@ItemOID=''I_MSA1_MSA1_KHIV'']/@Value" type="xsd:int"/>
    <bind id="I_MSA1_MSA1_HAART" nodeset="/ODM/ClinicalData/SubjectData/StudyEventData[@StudyEventOID=SE_SC1]/FormData[@FormOID=F_MSA1_1]/ItemGroupData[@ItemGroupOID=IG_MSA1_UNGROUPED]/ItemData[@ItemOID=''I_MSA1_MSA1_HAART'']/@Value" type="xsd:int"/>
    <bind id="I_MSA1_MSA1_ELHAART" nodeset="/ODM/ClinicalData/SubjectData/StudyEventData[@StudyEventOID=SE_SC1]/FormData[@FormOID=F_MSA1_1]/ItemGroupData[@ItemGroupOID=IG_MSA1_UNGROUPED]/ItemData[@ItemOID=''I_MSA1_MSA1_ELHAART'']/@Value" type="xsd:int"/>
    <bind id="I_MSA1_MSA1_BEFPEP" nodeset="/ODM/ClinicalData/SubjectData/StudyEventData[@StudyEventOID=SE_SC1]/FormData[@FormOID=F_MSA1_1]/ItemGroupData[@ItemGroupOID=IG_MSA1_UNGROUPED]/ItemData[@ItemOID=''I_MSA1_MSA1_BEFPEP'']/@Value" type="xsd:int"/>
    <bind id="I_MSA1_MSA1_OTRIAL" nodeset="/ODM/ClinicalData/SubjectData/StudyEventData[@StudyEventOID=SE_SC1]/FormData[@FormOID=F_MSA1_1]/ItemGroupData[@ItemGroupOID=IG_MSA1_UNGROUPED]/ItemData[@ItemOID=''I_MSA1_MSA1_OTRIAL'']/@Value" type="xsd:int"/>
    <bind id="I_MSA1_MSA1_OTRIAL_S" nodeset="/ODM/ClinicalData/SubjectData/StudyEventData[@StudyEventOID=SE_SC1]/FormData[@FormOID=F_MSA1_1]/ItemGroupData[@ItemGroupOID=IG_MSA1_UNGROUPED]/ItemData[@ItemOID=''I_MSA1_MSA1_OTRIAL_S'']/@Value" type="xsd:int"/>
    <bind id="I_MSA1_MSA1_MOVE" nodeset="/ODM/ClinicalData/SubjectData/StudyEventData[@StudyEventOID=SE_SC1]/FormData[@FormOID=F_MSA1_1]/ItemGroupData[@ItemGroupOID=IG_MSA1_UNGROUPED]/ItemData[@ItemOID=''I_MSA1_MSA1_MOVE'']/@Value" type="xsd:int"/>
    <bind id="I_MSA1_MSA1_PMTCT" nodeset="/ODM/ClinicalData/SubjectData/StudyEventData[@StudyEventOID=SE_SC1]/FormData[@FormOID=F_MSA1_1]/ItemGroupData[@ItemGroupOID=IG_MSA1_UNGROUPED]/ItemData[@ItemOID=''I_MSA1_MSA1_PMTCT'']/@Value" type="xsd:int"/>
    <bind id="I_MSA1_MSA1_COMPLY" nodeset="/ODM/ClinicalData/SubjectData/StudyEventData[@StudyEventOID=SE_SC1]/FormData[@FormOID=F_MSA1_1]/ItemGroupData[@ItemGroupOID=IG_MSA1_UNGROUPED]/ItemData[@ItemOID=''I_MSA1_MSA1_COMPLY'']/@Value" type="xsd:int"/>
    <bind id="I_MSA1_MSA1_ELIG" nodeset="/ODM/ClinicalData/SubjectData/StudyEventData[@StudyEventOID=SE_SC1]/FormData[@FormOID=F_MSA1_1]/ItemGroupData[@ItemGroupOID=IG_MSA1_UNGROUPED]/ItemData[@ItemOID=''I_MSA1_MSA1_ELIG'']/@Value" type="xsd:int"/>
    <bind id="I_MSA1_MSA1_DELIVERY" nodeset="/ODM/ClinicalData/SubjectData/StudyEventData[@StudyEventOID=SE_SC1]/FormData[@FormOID=F_MSA1_1]/ItemGroupData[@ItemGroupOID=IG_MSA1_UNGROUPED]/ItemData[@ItemOID=''I_MSA1_MSA1_DELIVERY'']/@Value" type="xsd:string"/>
    <bind id="I_MSA1_MSA1_CONSELLING" nodeset="/ODM/ClinicalData/SubjectData/StudyEventData[@StudyEventOID=SE_SC1]/FormData[@FormOID=F_MSA1_1]/ItemGroupData[@ItemGroupOID=IG_MSA1_UNGROUPED]/ItemData[@ItemOID=''I_MSA1_MSA1_CONSELLING'']/@Value" type="xsd:int"/>
    <bind id="I_MSA1_IDPAT" nodeset="/ODM/ClinicalData/SubjectData/StudyEventData[@StudyEventOID=SE_SC1]/FormData[@FormOID=F_MSA1_1]/ItemGroupData[@ItemGroupOID=IG_MSA1_UNGROUPED]/ItemData[@ItemOID=''I_MSA1_IDPAT'']/@Value" type="xsd:string"/>
    <bind id="I_MSA1_ID" nodeset="/ODM/ClinicalData/SubjectData/StudyEventData[@StudyEventOID=SE_SC1]/FormData[@FormOID=F_MSA1_1]/ItemGroupData[@ItemGroupOID=IG_MSA1_UNGROUPED]/ItemData[@ItemOID=''I_MSA1_ID'']/@Value" type="xsd:int"/>
    <bind id="I_MSA1_MSA1_COMPLYREAS" nodeset="/ODM/ClinicalData/SubjectData/StudyEventData[@StudyEventOID=SE_SC1]/FormData[@FormOID=F_MSA1_1]/ItemGroupData[@ItemGroupOID=IG_MSA1_MSA1_COMPLYREASG]/ItemData[@ItemOID=''I_MSA1_MSA1_COMPLYREAS'']/@Value" type="xsd:string"/>
    <bind id="I_MSA1_MSA1_NOELIGREAS" nodeset="/ODM/ClinicalData/SubjectData/StudyEventData[@StudyEventOID=SE_SC1]/FormData[@FormOID=F_MSA1_1]/ItemGroupData[@ItemGroupOID=IG_MSA1_MSA1_NOELIGREASG]/ItemData[@ItemOID=''I_MSA1_MSA1_NOELIGREAS'']/@Value" type="xsd:string"/>
    <bind id="I_MLLM_INIT" nodeset="/ODM/ClinicalData/SubjectData/StudyEventData[@StudyEventOID=SE_SC1]/FormData[@FormOID=F_MLLM_3]/ItemGroupData[@ItemGroupOID=IG_MLLM_UNGROUPED]/ItemData[@ItemOID=''I_MLLM_INIT'']/@Value" type="xsd:string"/>
    <bind id="I_MLLM_FORMD" nodeset="/ODM/ClinicalData/SubjectData/StudyEventData[@StudyEventOID=SE_SC1]/FormData[@FormOID=F_MLLM_3]/ItemGroupData[@ItemGroupOID=IG_MLLM_UNGROUPED]/ItemData[@ItemOID=''I_MLLM_FORMD'']/@Value" type="xsd:date"/>
    <bind id="I_MLLM_ID" nodeset="/ODM/ClinicalData/SubjectData/StudyEventData[@StudyEventOID=SE_SC1]/FormData[@FormOID=F_MLLM_3]/ItemGroupData[@ItemGroupOID=IG_MLLM_UNGROUPED]/ItemData[@ItemOID=''I_MLLM_ID'']/@Value" type="xsd:string"/>
    <bind id="I_MLLM_MLL_BMCOLL" nodeset="/ODM/ClinicalData/SubjectData/StudyEventData[@StudyEventOID=SE_SC1]/FormData[@FormOID=F_MLLM_3]/ItemGroupData[@ItemGroupOID=IG_MLLM_UNGROUPED]/ItemData[@ItemOID=''I_MLLM_MLL_BMCOLL'']/@Value" type="xsd:int"/>
    <bind id="I_MLLM_MLL_BMNOCOLLREAS" nodeset="/ODM/ClinicalData/SubjectData/StudyEventData[@StudyEventOID=SE_SC1]/FormData[@FormOID=F_MLLM_3]/ItemGroupData[@ItemGroupOID=IG_MLLM_UNGROUPED]/ItemData[@ItemOID=''I_MLLM_MLL_BMNOCOLLREAS'']/@Value" type="xsd:string"/>
    <bind id="I_MLLM_MLL_BDCOLL" nodeset="/ODM/ClinicalData/SubjectData/StudyEventData[@StudyEventOID=SE_SC1]/FormData[@FormOID=F_MLLM_3]/ItemGroupData[@ItemGroupOID=IG_MLLM_UNGROUPED]/ItemData[@ItemOID=''I_MLLM_MLL_BDCOLL'']/@Value" type="xsd:int"/>
    <bind id="I_MLLM_MLL_BDNOCOLLREAS" nodeset="/ODM/ClinicalData/SubjectData/StudyEventData[@StudyEventOID=SE_SC1]/FormData[@FormOID=F_MLLM_3]/ItemGroupData[@ItemGroupOID=IG_MLLM_UNGROUPED]/ItemData[@ItemOID=''I_MLLM_MLL_BDNOCOLLREAS'']/@Value" type="xsd:string"/>
    <bind id="I_MLLM_MLL_HIVS_COID" nodeset="/ODM/ClinicalData/SubjectData/StudyEventData[@StudyEventOID=SE_SC1]/FormData[@FormOID=F_MLLM_3]/ItemGroupData[@ItemGroupOID=IG_MLLM_UNGROUPED]/ItemData[@ItemOID=''I_MLLM_MLL_HIVS_COID'']/@Value" type="xsd:date"/>
    <bind id="I_MLLM_MLL_HIVR_COID" nodeset="/ODM/ClinicalData/SubjectData/StudyEventData[@StudyEventOID=SE_SC1]/FormData[@FormOID=F_MLLM_3]/ItemGroupData[@ItemGroupOID=IG_MLLM_UNGROUPED]/ItemData[@ItemOID=''I_MLLM_MLL_HIVR_COID'']/@Value" type="xsd:date"/>
    <bind id="I_MLLM_MLL_CD4_COID" nodeset="/ODM/ClinicalData/SubjectData/StudyEventData[@StudyEventOID=SE_SC1]/FormData[@FormOID=F_MLLM_3]/ItemGroupData[@ItemGroupOID=IG_MLLM_UNGROUPED]/ItemData[@ItemOID=''I_MLLM_MLL_CD4_COID'']/@Value" type="xsd:date"/>
    <bind id="I_MLLM_MLL_HB_COLD" nodeset="/ODM/ClinicalData/SubjectData/StudyEventData[@StudyEventOID=SE_SC1]/FormData[@FormOID=F_MLLM_3]/ItemGroupData[@ItemGroupOID=IG_MLLM_UNGROUPED]/ItemData[@ItemOID=''I_MLLM_MLL_HB_COLD'']/@Value" type="xsd:date"/>
    <bind id="I_MLLM_MLL_RCC_COID" nodeset="/ODM/ClinicalData/SubjectData/StudyEventData[@StudyEventOID=SE_SC1]/FormData[@FormOID=F_MLLM_3]/ItemGroupData[@ItemGroupOID=IG_MLLM_UNGROUPED]/ItemData[@ItemOID=''I_MLLM_MLL_RCC_COID'']/@Value" type="xsd:date"/>
    <bind id="I_MLLM_MLL_HCT_COLD" nodeset="/ODM/ClinicalData/SubjectData/StudyEventData[@StudyEventOID=SE_SC1]/FormData[@FormOID=F_MLLM_3]/ItemGroupData[@ItemGroupOID=IG_MLLM_UNGROUPED]/ItemData[@ItemOID=''I_MLLM_MLL_HCT_COLD'']/@Value" type="xsd:date"/>
    <bind id="I_MLLM_MLL_MCV_COID" nodeset="/ODM/ClinicalData/SubjectData/StudyEventData[@StudyEventOID=SE_SC1]/FormData[@FormOID=F_MLLM_3]/ItemGroupData[@ItemGroupOID=IG_MLLM_UNGROUPED]/ItemData[@ItemOID=''I_MLLM_MLL_MCV_COID'']/@Value" type="xsd:date"/>
    <bind id="I_MLLM_MLL_MCH_COID" nodeset="/ODM/ClinicalData/SubjectData/StudyEventData[@StudyEventOID=SE_SC1]/FormData[@FormOID=F_MLLM_3]/ItemGroupData[@ItemGroupOID=IG_MLLM_UNGROUPED]/ItemData[@ItemOID=''I_MLLM_MLL_MCH_COID'']/@Value" type="xsd:date"/>
    <bind id="I_MLLM_MLL_MCHC_COID" nodeset="/ODM/ClinicalData/SubjectData/StudyEventData[@StudyEventOID=SE_SC1]/FormData[@FormOID=F_MLLM_3]/ItemGroupData[@ItemGroupOID=IG_MLLM_UNGROUPED]/ItemData[@ItemOID=''I_MLLM_MLL_MCHC_COID'']/@Value" type="xsd:date"/>
    <bind id="I_MLLM_MLL_LEUC_COID" nodeset="/ODM/ClinicalData/SubjectData/StudyEventData[@StudyEventOID=SE_SC1]/FormData[@FormOID=F_MLLM_3]/ItemGroupData[@ItemGroupOID=IG_MLLM_UNGROUPED]/ItemData[@ItemOID=''I_MLLM_MLL_LEUC_COID'']/@Value" type="xsd:date"/>
    <bind id="I_MLLM_MLL_NEUT_COLD" nodeset="/ODM/ClinicalData/SubjectData/StudyEventData[@StudyEventOID=SE_SC1]/FormData[@FormOID=F_MLLM_3]/ItemGroupData[@ItemGroupOID=IG_MLLM_UNGROUPED]/ItemData[@ItemOID=''I_MLLM_MLL_NEUT_COLD'']/@Value" type="xsd:date"/>
    <bind id="I_MLLM_MLL_EOS_COID" nodeset="/ODM/ClinicalData/SubjectData/StudyEventData[@StudyEventOID=SE_SC1]/FormData[@FormOID=F_MLLM_3]/ItemGroupData[@ItemGroupOID=IG_MLLM_UNGROUPED]/ItemData[@ItemOID=''I_MLLM_MLL_EOS_COID'']/@Value" type="xsd:date"/>
    <bind id="I_MLLM_MLL_BAS_CONID" nodeset="/ODM/ClinicalData/SubjectData/StudyEventData[@StudyEventOID=SE_SC1]/FormData[@FormOID=F_MLLM_3]/ItemGroupData[@ItemGroupOID=IG_MLLM_UNGROUPED]/ItemData[@ItemOID=''I_MLLM_MLL_BAS_CONID'']/@Value" type="xsd:date"/>
    <bind id="I_MLLM_MLL_MON_COLD" nodeset="/ODM/ClinicalData/SubjectData/StudyEventData[@StudyEventOID=SE_SC1]/FormData[@FormOID=F_MLLM_3]/ItemGroupData[@ItemGroupOID=IG_MLLM_UNGROUPED]/ItemData[@ItemOID=''I_MLLM_MLL_MON_COLD'']/@Value" type="xsd:date"/>
    <bind id="I_MLLM_MLL_LYM_COLD" nodeset="/ODM/ClinicalData/SubjectData/StudyEventData[@StudyEventOID=SE_SC1]/FormData[@FormOID=F_MLLM_3]/ItemGroupData[@ItemGroupOID=IG_MLLM_UNGROUPED]/ItemData[@ItemOID=''I_MLLM_MLL_LYM_COLD'']/@Value" type="xsd:date"/>
    <bind id="I_MLLM_MLL_PLAT_COID" nodeset="/ODM/ClinicalData/SubjectData/StudyEventData[@StudyEventOID=SE_SC1]/FormData[@FormOID=F_MLLM_3]/ItemGroupData[@ItemGroupOID=IG_MLLM_UNGROUPED]/ItemData[@ItemOID=''I_MLLM_MLL_PLAT_COID'']/@Value" type="xsd:date"/>
    <bind id="I_MLLM_MLL_HIVS_RES" nodeset="/ODM/ClinicalData/SubjectData/StudyEventData[@StudyEventOID=SE_SC1]/FormData[@FormOID=F_MLLM_3]/ItemGroupData[@ItemGroupOID=IG_MLLM_UNGROUPED]/ItemData[@ItemOID=''I_MLLM_MLL_HIVS_RES'']/@Value" type="xsd:decimal"/>
    <bind id="I_MLLM_MLL_HIVR_RES" nodeset="/ODM/ClinicalData/SubjectData/StudyEventData[@StudyEventOID=SE_SC1]/FormData[@FormOID=F_MLLM_3]/ItemGroupData[@ItemGroupOID=IG_MLLM_UNGROUPED]/ItemData[@ItemOID=''I_MLLM_MLL_HIVR_RES'']/@Value" type="xsd:string"/>
    <bind id="I_MLLM_MLL_CD4_RES" nodeset="/ODM/ClinicalData/SubjectData/StudyEventData[@StudyEventOID=SE_SC1]/FormData[@FormOID=F_MLLM_3]/ItemGroupData[@ItemGroupOID=IG_MLLM_UNGROUPED]/ItemData[@ItemOID=''I_MLLM_MLL_CD4_RES'']/@Value" type="xsd:decimal"/>
    <bind id="I_MLLM_MLL_HB_RES" nodeset="/ODM/ClinicalData/SubjectData/StudyEventData[@StudyEventOID=SE_SC1]/FormData[@FormOID=F_MLLM_3]/ItemGroupData[@ItemGroupOID=IG_MLLM_UNGROUPED]/ItemData[@ItemOID=''I_MLLM_MLL_HB_RES'']/@Value" type="xsd:decimal"/>
    <bind id="I_MLLM_MLL_RCC_RES" nodeset="/ODM/ClinicalData/SubjectData/StudyEventData[@StudyEventOID=SE_SC1]/FormData[@FormOID=F_MLLM_3]/ItemGroupData[@ItemGroupOID=IG_MLLM_UNGROUPED]/ItemData[@ItemOID=''I_MLLM_MLL_RCC_RES'']/@Value" type="xsd:decimal"/>
    <bind id="I_MLLM_MLL_HCT_RES" nodeset="/ODM/ClinicalData/SubjectData/StudyEventData[@StudyEventOID=SE_SC1]/FormData[@FormOID=F_MLLM_3]/ItemGroupData[@ItemGroupOID=IG_MLLM_UNGROUPED]/ItemData[@ItemOID=''I_MLLM_MLL_HCT_RES'']/@Value" type="xsd:decimal"/>
    <bind id="I_MLLM_MLL_MCV_RES" nodeset="/ODM/ClinicalData/SubjectData/StudyEventData[@StudyEventOID=SE_SC1]/FormData[@FormOID=F_MLLM_3]/ItemGroupData[@ItemGroupOID=IG_MLLM_UNGROUPED]/ItemData[@ItemOID=''I_MLLM_MLL_MCV_RES'']/@Value" type="xsd:decimal"/>
    <bind id="I_MLLM_MLL_MCH_RES" nodeset="/ODM/ClinicalData/SubjectData/StudyEventData[@StudyEventOID=SE_SC1]/FormData[@FormOID=F_MLLM_3]/ItemGroupData[@ItemGroupOID=IG_MLLM_UNGROUPED]/ItemData[@ItemOID=''I_MLLM_MLL_MCH_RES'']/@Value" type="xsd:decimal"/>
    <bind id="I_MLLM_MLL_MCHC_RES" nodeset="/ODM/ClinicalData/SubjectData/StudyEventData[@StudyEventOID=SE_SC1]/FormData[@FormOID=F_MLLM_3]/ItemGroupData[@ItemGroupOID=IG_MLLM_UNGROUPED]/ItemData[@ItemOID=''I_MLLM_MLL_MCHC_RES'']/@Value" type="xsd:decimal"/>
    <bind id="I_MLLM_MLL_LEUC_RES" nodeset="/ODM/ClinicalData/SubjectData/StudyEventData[@StudyEventOID=SE_SC1]/FormData[@FormOID=F_MLLM_3]/ItemGroupData[@ItemGroupOID=IG_MLLM_UNGROUPED]/ItemData[@ItemOID=''I_MLLM_MLL_LEUC_RES'']/@Value" type="xsd:decimal"/>
    <bind id="I_MLLM_MLL_NEUT_RES" nodeset="/ODM/ClinicalData/SubjectData/StudyEventData[@StudyEventOID=SE_SC1]/FormData[@FormOID=F_MLLM_3]/ItemGroupData[@ItemGroupOID=IG_MLLM_UNGROUPED]/ItemData[@ItemOID=''I_MLLM_MLL_NEUT_RES'']/@Value" type="xsd:decimal"/>
    <bind id="I_MLLM_MLL_EOS_RES" nodeset="/ODM/ClinicalData/SubjectData/StudyEventData[@StudyEventOID=SE_SC1]/FormData[@FormOID=F_MLLM_3]/ItemGroupData[@ItemGroupOID=IG_MLLM_UNGROUPED]/ItemData[@ItemOID=''I_MLLM_MLL_EOS_RES'']/@Value" type="xsd:decimal"/>
    <bind id="I_MLLM_MLL_BAS_RES" nodeset="/ODM/ClinicalData/SubjectData/StudyEventData[@StudyEventOID=SE_SC1]/FormData[@FormOID=F_MLLM_3]/ItemGroupData[@ItemGroupOID=IG_MLLM_UNGROUPED]/ItemData[@ItemOID=''I_MLLM_MLL_BAS_RES'']/@Value" type="xsd:decimal"/>
    <bind id="I_MLLM_MLL_MON_RES" nodeset="/ODM/ClinicalData/SubjectData/StudyEventData[@StudyEventOID=SE_SC1]/FormData[@FormOID=F_MLLM_3]/ItemGroupData[@ItemGroupOID=IG_MLLM_UNGROUPED]/ItemData[@ItemOID=''I_MLLM_MLL_MON_RES'']/@Value" type="xsd:decimal"/>
    <bind id="I_MLLM_MLL_LYM_RES" nodeset="/ODM/ClinicalData/SubjectData/StudyEventData[@StudyEventOID=SE_SC1]/FormData[@FormOID=F_MLLM_3]/ItemGroupData[@ItemGroupOID=IG_MLLM_UNGROUPED]/ItemData[@ItemOID=''I_MLLM_MLL_LYM_RES'']/@Value" type="xsd:decimal"/>
    <bind id="I_MLLM_MLL_PLAT_RES" nodeset="/ODM/ClinicalData/SubjectData/StudyEventData[@StudyEventOID=SE_SC1]/FormData[@FormOID=F_MLLM_3]/ItemGroupData[@ItemGroupOID=IG_MLLM_UNGROUPED]/ItemData[@ItemOID=''I_MLLM_MLL_PLAT_RES'']/@Value" type="xsd:decimal"/>
    <bind id="I_MLLM_MLL_BMCOLLV" nodeset="/ODM/ClinicalData/SubjectData/StudyEventData[@StudyEventOID=SE_SC1]/FormData[@FormOID=F_MLLM_3]/ItemGroupData[@ItemGroupOID=IG_MLLM_UNGROUPED]/ItemData[@ItemOID=''I_MLLM_MLL_BMCOLLV'']/@Value" type="xsd:int"/>
    <bind id="I_MLLM_MLL_BMNOCOLLREASV" nodeset="/ODM/ClinicalData/SubjectData/StudyEventData[@StudyEventOID=SE_SC1]/FormData[@FormOID=F_MLLM_3]/ItemGroupData[@ItemGroupOID=IG_MLLM_UNGROUPED]/ItemData[@ItemOID=''I_MLLM_MLL_BMNOCOLLREASV'']/@Value" type="xsd:string"/>
    <bind id="I_MLLM_MLL_BDCOLLV" nodeset="/ODM/ClinicalData/SubjectData/StudyEventData[@StudyEventOID=SE_SC1]/FormData[@FormOID=F_MLLM_3]/ItemGroupData[@ItemGroupOID=IG_MLLM_UNGROUPED]/ItemData[@ItemOID=''I_MLLM_MLL_BDCOLLV'']/@Value" type="xsd:int"/>
    <bind id="I_MLLM_MLL_BDNOCOLLREASV" nodeset="/ODM/ClinicalData/SubjectData/StudyEventData[@StudyEventOID=SE_SC1]/FormData[@FormOID=F_MLLM_3]/ItemGroupData[@ItemGroupOID=IG_MLLM_UNGROUPED]/ItemData[@ItemOID=''I_MLLM_MLL_BDNOCOLLREASV'']/@Value" type="xsd:string"/>
    <bind id="I_MLLM_MLL_HIVS_COIDV" nodeset="/ODM/ClinicalData/SubjectData/StudyEventData[@StudyEventOID=SE_SC1]/FormData[@FormOID=F_MLLM_3]/ItemGroupData[@ItemGroupOID=IG_MLLM_UNGROUPED]/ItemData[@ItemOID=''I_MLLM_MLL_HIVS_COIDV'']/@Value" type="xsd:date"/>
    <bind id="I_MLLM_MLL_HIVS_RESULTV_568" nodeset="/ODM/ClinicalData/SubjectData/StudyEventData[@StudyEventOID=SE_SC1]/FormData[@FormOID=F_MLLM_3]/ItemGroupData[@ItemGroupOID=IG_MLLM_UNGROUPED]/ItemData[@ItemOID=''I_MLLM_MLL_HIVS_RESULTV_568'']/@Value" type="xsd:decimal"/>
    <bind id="I_MLLM_MLL_HIVR_COIDV" nodeset="/ODM/ClinicalData/SubjectData/StudyEventData[@StudyEventOID=SE_SC1]/FormData[@FormOID=F_MLLM_3]/ItemGroupData[@ItemGroupOID=IG_MLLM_UNGROUPED]/ItemData[@ItemOID=''I_MLLM_MLL_HIVR_COIDV'']/@Value" type="xsd:date"/>
    <bind id="I_MLLM_MLL_HIVR_RESULTV_632" nodeset="/ODM/ClinicalData/SubjectData/StudyEventData[@StudyEventOID=SE_SC1]/FormData[@FormOID=F_MLLM_3]/ItemGroupData[@ItemGroupOID=IG_MLLM_UNGROUPED]/ItemData[@ItemOID=''I_MLLM_MLL_HIVR_RESULTV_632'']/@Value" type="xsd:string"/>
    <bind id="I_MLLM_MLL_CD4_COIDV" nodeset="/ODM/ClinicalData/SubjectData/StudyEventData[@StudyEventOID=SE_SC1]/FormData[@FormOID=F_MLLM_3]/ItemGroupData[@ItemGroupOID=IG_MLLM_UNGROUPED]/ItemData[@ItemOID=''I_MLLM_MLL_CD4_COIDV'']/@Value" type="xsd:date"/>
    <bind id="I_MLLM_MLL_CD4_RESULTV_7310" nodeset="/ODM/ClinicalData/SubjectData/StudyEventData[@StudyEventOID=SE_SC1]/FormData[@FormOID=F_MLLM_3]/ItemGroupData[@ItemGroupOID=IG_MLLM_UNGROUPED]/ItemData[@ItemOID=''I_MLLM_MLL_CD4_RESULTV_7310'']/@Value" type="xsd:decimal"/>
    <bind id="I_MLLM_MLL_HB_COLDV" nodeset="/ODM/ClinicalData/SubjectData/StudyEventData[@StudyEventOID=SE_SC1]/FormData[@FormOID=F_MLLM_3]/ItemGroupData[@ItemGroupOID=IG_MLLM_UNGROUPED]/ItemData[@ItemOID=''I_MLLM_MLL_HB_COLDV'']/@Value" type="xsd:date"/>
    <bind id="I_MLLM_MLL_HB_RESULTV_4245" nodeset="/ODM/ClinicalData/SubjectData/StudyEventData[@StudyEventOID=SE_SC1]/FormData[@FormOID=F_MLLM_3]/ItemGroupData[@ItemGroupOID=IG_MLLM_UNGROUPED]/ItemData[@ItemOID=''I_MLLM_MLL_HB_RESULTV_4245'']/@Value" type="xsd:decimal"/>
    <bind id="I_MLLM_MLL_RCC_COIDV" nodeset="/ODM/ClinicalData/SubjectData/StudyEventData[@StudyEventOID=SE_SC1]/FormData[@FormOID=F_MLLM_3]/ItemGroupData[@ItemGroupOID=IG_MLLM_UNGROUPED]/ItemData[@ItemOID=''I_MLLM_MLL_RCC_COIDV'']/@Value" type="xsd:date"/>
    <bind id="I_MLLM_MLL_RCC_RESULTV_8023" nodeset="/ODM/ClinicalData/SubjectData/StudyEventData[@StudyEventOID=SE_SC1]/FormData[@FormOID=F_MLLM_3]/ItemGroupData[@ItemGroupOID=IG_MLLM_UNGROUPED]/ItemData[@ItemOID=''I_MLLM_MLL_RCC_RESULTV_8023'']/@Value" type="xsd:decimal"/>
    <bind id="I_MLLM_MLL_HCT_COLDV" nodeset="/ODM/ClinicalData/SubjectData/StudyEventData[@StudyEventOID=SE_SC1]/FormData[@FormOID=F_MLLM_3]/ItemGroupData[@ItemGroupOID=IG_MLLM_UNGROUPED]/ItemData[@ItemOID=''I_MLLM_MLL_HCT_COLDV'']/@Value" type="xsd:date"/>
    <bind id="I_MLLM_MLL_HCT_RESULTV_8098" nodeset="/ODM/ClinicalData/SubjectData/StudyEventData[@StudyEventOID=SE_SC1]/FormData[@FormOID=F_MLLM_3]/ItemGroupData[@ItemGroupOID=IG_MLLM_UNGROUPED]/ItemData[@ItemOID=''I_MLLM_MLL_HCT_RESULTV_8098'']/@Value" type="xsd:decimal"/>
    <bind id="I_MLLM_MLL_MCV_COIDV" nodeset="/ODM/ClinicalData/SubjectData/StudyEventData[@StudyEventOID=SE_SC1]/FormData[@FormOID=F_MLLM_3]/ItemGroupData[@ItemGroupOID=IG_MLLM_UNGROUPED]/ItemData[@ItemOID=''I_MLLM_MLL_MCV_COIDV'']/@Value" type="xsd:date"/>
    <bind id="I_MLLM_MLL_MCV_RESULTV_3027" nodeset="/ODM/ClinicalData/SubjectData/StudyEventData[@StudyEventOID=SE_SC1]/FormData[@FormOID=F_MLLM_3]/ItemGroupData[@ItemGroupOID=IG_MLLM_UNGROUPED]/ItemData[@ItemOID=''I_MLLM_MLL_MCV_RESULTV_3027'']/@Value" type="xsd:decimal"/>
    <bind id="I_MLLM_MLL_MCH_COIDV" nodeset="/ODM/ClinicalData/SubjectData/StudyEventData[@StudyEventOID=SE_SC1]/FormData[@FormOID=F_MLLM_3]/ItemGroupData[@ItemGroupOID=IG_MLLM_UNGROUPED]/ItemData[@ItemOID=''I_MLLM_MLL_MCH_COIDV'']/@Value" type="xsd:date"/>
    <bind id="I_MLLM_MLL_MCH_RESULTV_9428" nodeset="/ODM/ClinicalData/SubjectData/StudyEventData[@StudyEventOID=SE_SC1]/FormData[@FormOID=F_MLLM_3]/ItemGroupData[@ItemGroupOID=IG_MLLM_UNGROUPED]/ItemData[@ItemOID=''I_MLLM_MLL_MCH_RESULTV_9428'']/@Value" type="xsd:decimal"/>
    <bind id="I_MLLM_MLL_MCHC_COIDV" nodeset="/ODM/ClinicalData/SubjectData/StudyEventData[@StudyEventOID=SE_SC1]/FormData[@FormOID=F_MLLM_3]/ItemGroupData[@ItemGroupOID=IG_MLLM_UNGROUPED]/ItemData[@ItemOID=''I_MLLM_MLL_MCHC_COIDV'']/@Value" type="xsd:date"/>
    <bind id="I_MLLM_MLL_MCHC_RESULTV_9280" nodeset="/ODM/ClinicalData/SubjectData/StudyEventData[@StudyEventOID=SE_SC1]/FormData[@FormOID=F_MLLM_3]/ItemGroupData[@ItemGroupOID=IG_MLLM_UNGROUPED]/ItemData[@ItemOID=''I_MLLM_MLL_MCHC_RESULTV_9280'']/@Value" type="xsd:decimal"/>
    <bind id="I_MLLM_MLL_LEUC_COIDV" nodeset="/ODM/ClinicalData/SubjectData/StudyEventData[@StudyEventOID=SE_SC1]/FormData[@FormOID=F_MLLM_3]/ItemGroupData[@ItemGroupOID=IG_MLLM_UNGROUPED]/ItemData[@ItemOID=''I_MLLM_MLL_LEUC_COIDV'']/@Value" type="xsd:date"/>
    <bind id="I_MLLM_MLL_LEUC_RESULTV_3135" nodeset="/ODM/ClinicalData/SubjectData/StudyEventData[@StudyEventOID=SE_SC1]/FormData[@FormOID=F_MLLM_3]/ItemGroupData[@ItemGroupOID=IG_MLLM_UNGROUPED]/ItemData[@ItemOID=''I_MLLM_MLL_LEUC_RESULTV_3135'']/@Value" type="xsd:decimal"/>
    <bind id="I_MLLM_MLL_NEUT_COLDV" nodeset="/ODM/ClinicalData/SubjectData/StudyEventData[@StudyEventOID=SE_SC1]/FormData[@FormOID=F_MLLM_3]/ItemGroupData[@ItemGroupOID=IG_MLLM_UNGROUPED]/ItemData[@ItemOID=''I_MLLM_MLL_NEUT_COLDV'']/@Value" type="xsd:date"/>
    <bind id="I_MLLM_MLL_NEUT_RESULTV_2369" nodeset="/ODM/ClinicalData/SubjectData/StudyEventData[@StudyEventOID=SE_SC1]/FormData[@FormOID=F_MLLM_3]/ItemGroupData[@ItemGroupOID=IG_MLLM_UNGROUPED]/ItemData[@ItemOID=''I_MLLM_MLL_NEUT_RESULTV_2369'']/@Value" type="xsd:decimal"/>
    <bind id="I_MLLM_MLL_EOS_COIDV" nodeset="/ODM/ClinicalData/SubjectData/StudyEventData[@StudyEventOID=SE_SC1]/FormData[@FormOID=F_MLLM_3]/ItemGroupData[@ItemGroupOID=IG_MLLM_UNGROUPED]/ItemData[@ItemOID=''I_MLLM_MLL_EOS_COIDV'']/@Value" type="xsd:date"/>
    <bind id="I_MLLM_MLL_EOS_RESULTV_1137" nodeset="/ODM/ClinicalData/SubjectData/StudyEventData[@StudyEventOID=SE_SC1]/FormData[@FormOID=F_MLLM_3]/ItemGroupData[@ItemGroupOID=IG_MLLM_UNGROUPED]/ItemData[@ItemOID=''I_MLLM_MLL_EOS_RESULTV_1137'']/@Value" type="xsd:decimal"/>
    <bind id="I_MLLM_MLL_BAS_CONIDV" nodeset="/ODM/ClinicalData/SubjectData/StudyEventData[@StudyEventOID=SE_SC1]/FormData[@FormOID=F_MLLM_3]/ItemGroupData[@ItemGroupOID=IG_MLLM_UNGROUPED]/ItemData[@ItemOID=''I_MLLM_MLL_BAS_CONIDV'']/@Value" type="xsd:date"/>
    <bind id="I_MLLM_MLL_BAS_RESULTV_5744" nodeset="/ODM/ClinicalData/SubjectData/StudyEventData[@StudyEventOID=SE_SC1]/FormData[@FormOID=F_MLLM_3]/ItemGroupData[@ItemGroupOID=IG_MLLM_UNGROUPED]/ItemData[@ItemOID=''I_MLLM_MLL_BAS_RESULTV_5744'']/@Value" type="xsd:decimal"/>
    <bind id="I_MLLM_MLL_MON_COLDV" nodeset="/ODM/ClinicalData/SubjectData/StudyEventData[@StudyEventOID=SE_SC1]/FormData[@FormOID=F_MLLM_3]/ItemGroupData[@ItemGroupOID=IG_MLLM_UNGROUPED]/ItemData[@ItemOID=''I_MLLM_MLL_MON_COLDV'']/@Value" type="xsd:date"/>
    <bind id="I_MLLM_MLL_MON_RESULTV_3748" nodeset="/ODM/ClinicalData/SubjectData/StudyEventData[@StudyEventOID=SE_SC1]/FormData[@FormOID=F_MLLM_3]/ItemGroupData[@ItemGroupOID=IG_MLLM_UNGROUPED]/ItemData[@ItemOID=''I_MLLM_MLL_MON_RESULTV_3748'']/@Value" type="xsd:decimal"/>
    <bind id="I_MLLM_MLL_LYM_COLDV" nodeset="/ODM/ClinicalData/SubjectData/StudyEventData[@StudyEventOID=SE_SC1]/FormData[@FormOID=F_MLLM_3]/ItemGroupData[@ItemGroupOID=IG_MLLM_UNGROUPED]/ItemData[@ItemOID=''I_MLLM_MLL_LYM_COLDV'']/@Value" type="xsd:date"/>
    <bind id="I_MLLM_MLL_LYM_RESULTV_977" nodeset="/ODM/ClinicalData/SubjectData/StudyEventData[@StudyEventOID=SE_SC1]/FormData[@FormOID=F_MLLM_3]/ItemGroupData[@ItemGroupOID=IG_MLLM_UNGROUPED]/ItemData[@ItemOID=''I_MLLM_MLL_LYM_RESULTV_977'']/@Value" type="xsd:decimal"/>
    <bind id="I_MLLM_MLL_PLAT_COIDV" nodeset="/ODM/ClinicalData/SubjectData/StudyEventData[@StudyEventOID=SE_SC1]/FormData[@FormOID=F_MLLM_3]/ItemGroupData[@ItemGroupOID=IG_MLLM_UNGROUPED]/ItemData[@ItemOID=''I_MLLM_MLL_PLAT_COIDV'']/@Value" type="xsd:date"/>
    <bind id="I_MLLM_MLL_PLAT_RESULTV_2897" nodeset="/ODM/ClinicalData/SubjectData/StudyEventData[@StudyEventOID=SE_SC1]/FormData[@FormOID=F_MLLM_3]/ItemGroupData[@ItemGroupOID=IG_MLLM_UNGROUPED]/ItemData[@ItemOID=''I_MLLM_MLL_PLAT_RESULTV_2897'']/@Value" type="xsd:decimal"/>
    <bind id="I_MLLM_MLL_HIVS_RESULT" nodeset="/ODM/ClinicalData/SubjectData/StudyEventData[@StudyEventOID=SE_SC1]/FormData[@FormOID=F_MLLM_3]/ItemGroupData[@ItemGroupOID=IG_MLLM_UNGROUPED]/ItemData[@ItemOID=''I_MLLM_MLL_HIVS_RESULT'']/@Value" type="xsd:decimal"/>
    <bind id="I_MLLM_MLL_HIVR_RESULT" nodeset="/ODM/ClinicalData/SubjectData/StudyEventData[@StudyEventOID=SE_SC1]/FormData[@FormOID=F_MLLM_3]/ItemGroupData[@ItemGroupOID=IG_MLLM_UNGROUPED]/ItemData[@ItemOID=''I_MLLM_MLL_HIVR_RESULT'']/@Value" type="xsd:string"/>
    <bind id="I_MLLM_MLL_CD4_RESULT" nodeset="/ODM/ClinicalData/SubjectData/StudyEventData[@StudyEventOID=SE_SC1]/FormData[@FormOID=F_MLLM_3]/ItemGroupData[@ItemGroupOID=IG_MLLM_UNGROUPED]/ItemData[@ItemOID=''I_MLLM_MLL_CD4_RESULT'']/@Value" type="xsd:decimal"/>
    <bind id="I_MLLM_MLL_HB_RESULT" nodeset="/ODM/ClinicalData/SubjectData/StudyEventData[@StudyEventOID=SE_SC1]/FormData[@FormOID=F_MLLM_3]/ItemGroupData[@ItemGroupOID=IG_MLLM_UNGROUPED]/ItemData[@ItemOID=''I_MLLM_MLL_HB_RESULT'']/@Value" type="xsd:decimal"/>
    <bind id="I_MLLM_MLL_RCC_RESULT" nodeset="/ODM/ClinicalData/SubjectData/StudyEventData[@StudyEventOID=SE_SC1]/FormData[@FormOID=F_MLLM_3]/ItemGroupData[@ItemGroupOID=IG_MLLM_UNGROUPED]/ItemData[@ItemOID=''I_MLLM_MLL_RCC_RESULT'']/@Value" type="xsd:decimal"/>
    <bind id="I_MLLM_MLL_HCT_RESULT" nodeset="/ODM/ClinicalData/SubjectData/StudyEventData[@StudyEventOID=SE_SC1]/FormData[@FormOID=F_MLLM_3]/ItemGroupData[@ItemGroupOID=IG_MLLM_UNGROUPED]/ItemData[@ItemOID=''I_MLLM_MLL_HCT_RESULT'']/@Value" type="xsd:decimal"/>
    <bind id="I_MLLM_MLL_MCV_RESULT" nodeset="/ODM/ClinicalData/SubjectData/StudyEventData[@StudyEventOID=SE_SC1]/FormData[@FormOID=F_MLLM_3]/ItemGroupData[@ItemGroupOID=IG_MLLM_UNGROUPED]/ItemData[@ItemOID=''I_MLLM_MLL_MCV_RESULT'']/@Value" type="xsd:decimal"/>
    <bind id="I_MLLM_MLL_MCH_RESULT" nodeset="/ODM/ClinicalData/SubjectData/StudyEventData[@StudyEventOID=SE_SC1]/FormData[@FormOID=F_MLLM_3]/ItemGroupData[@ItemGroupOID=IG_MLLM_UNGROUPED]/ItemData[@ItemOID=''I_MLLM_MLL_MCH_RESULT'']/@Value" type="xsd:decimal"/>
    <bind id="I_MLLM_MLL_MCHC_RESULT" nodeset="/ODM/ClinicalData/SubjectData/StudyEventData[@StudyEventOID=SE_SC1]/FormData[@FormOID=F_MLLM_3]/ItemGroupData[@ItemGroupOID=IG_MLLM_UNGROUPED]/ItemData[@ItemOID=''I_MLLM_MLL_MCHC_RESULT'']/@Value" type="xsd:decimal"/>
    <bind id="I_MLLM_MLL_LEUC_RESULT" nodeset="/ODM/ClinicalData/SubjectData/StudyEventData[@StudyEventOID=SE_SC1]/FormData[@FormOID=F_MLLM_3]/ItemGroupData[@ItemGroupOID=IG_MLLM_UNGROUPED]/ItemData[@ItemOID=''I_MLLM_MLL_LEUC_RESULT'']/@Value" type="xsd:decimal"/>
    <bind id="I_MLLM_MLL_NEUT_RESULT" nodeset="/ODM/ClinicalData/SubjectData/StudyEventData[@StudyEventOID=SE_SC1]/FormData[@FormOID=F_MLLM_3]/ItemGroupData[@ItemGroupOID=IG_MLLM_UNGROUPED]/ItemData[@ItemOID=''I_MLLM_MLL_NEUT_RESULT'']/@Value" type="xsd:decimal"/>
    <bind id="I_MLLM_MLL_EOS_RESULT" nodeset="/ODM/ClinicalData/SubjectData/StudyEventData[@StudyEventOID=SE_SC1]/FormData[@FormOID=F_MLLM_3]/ItemGroupData[@ItemGroupOID=IG_MLLM_UNGROUPED]/ItemData[@ItemOID=''I_MLLM_MLL_EOS_RESULT'']/@Value" type="xsd:decimal"/>
    <bind id="I_MLLM_MLL_BAS_RESULT" nodeset="/ODM/ClinicalData/SubjectData/StudyEventData[@StudyEventOID=SE_SC1]/FormData[@FormOID=F_MLLM_3]/ItemGroupData[@ItemGroupOID=IG_MLLM_UNGROUPED]/ItemData[@ItemOID=''I_MLLM_MLL_BAS_RESULT'']/@Value" type="xsd:decimal"/>
    <bind id="I_MLLM_MLL_MON_RESULT" nodeset="/ODM/ClinicalData/SubjectData/StudyEventData[@StudyEventOID=SE_SC1]/FormData[@FormOID=F_MLLM_3]/ItemGroupData[@ItemGroupOID=IG_MLLM_UNGROUPED]/ItemData[@ItemOID=''I_MLLM_MLL_MON_RESULT'']/@Value" type="xsd:decimal"/>
    <bind id="I_MLLM_MLL_LYM_RESULT" nodeset="/ODM/ClinicalData/SubjectData/StudyEventData[@StudyEventOID=SE_SC1]/FormData[@FormOID=F_MLLM_3]/ItemGroupData[@ItemGroupOID=IG_MLLM_UNGROUPED]/ItemData[@ItemOID=''I_MLLM_MLL_LYM_RESULT'']/@Value" type="xsd:decimal"/>
    <bind id="I_MLLM_MLL_PLAT_RESULT" nodeset="/ODM/ClinicalData/SubjectData/StudyEventData[@StudyEventOID=SE_SC1]/FormData[@FormOID=F_MLLM_3]/ItemGroupData[@ItemGroupOID=IG_MLLM_UNGROUPED]/ItemData[@ItemOID=''I_MLLM_MLL_PLAT_RESULT'']/@Value" type="xsd:decimal"/>
    <bind id="I_MLLM_MLL_HIVS_RESULTV" nodeset="/ODM/ClinicalData/SubjectData/StudyEventData[@StudyEventOID=SE_SC1]/FormData[@FormOID=F_MLLM_3]/ItemGroupData[@ItemGroupOID=IG_MLLM_UNGROUPED]/ItemData[@ItemOID=''I_MLLM_MLL_HIVS_RESULTV'']/@Value" type="xsd:int"/>
    <bind id="I_MLLM_MLL_HIVR_RESULTV" nodeset="/ODM/ClinicalData/SubjectData/StudyEventData[@StudyEventOID=SE_SC1]/FormData[@FormOID=F_MLLM_3]/ItemGroupData[@ItemGroupOID=IG_MLLM_UNGROUPED]/ItemData[@ItemOID=''I_MLLM_MLL_HIVR_RESULTV'']/@Value" type="xsd:int"/>
    <bind id="I_MLLM_MLL_CD4_RESULTV" nodeset="/ODM/ClinicalData/SubjectData/StudyEventData[@StudyEventOID=SE_SC1]/FormData[@FormOID=F_MLLM_3]/ItemGroupData[@ItemGroupOID=IG_MLLM_UNGROUPED]/ItemData[@ItemOID=''I_MLLM_MLL_CD4_RESULTV'']/@Value" type="xsd:int"/>
    <bind id="I_MLLM_MLL_HB_RESULTV" nodeset="/ODM/ClinicalData/SubjectData/StudyEventData[@StudyEventOID=SE_SC1]/FormData[@FormOID=F_MLLM_3]/ItemGroupData[@ItemGroupOID=IG_MLLM_UNGROUPED]/ItemData[@ItemOID=''I_MLLM_MLL_HB_RESULTV'']/@Value" type="xsd:int"/>
    <bind id="I_MLLM_MLL_RCC_RESULTV" nodeset="/ODM/ClinicalData/SubjectData/StudyEventData[@StudyEventOID=SE_SC1]/FormData[@FormOID=F_MLLM_3]/ItemGroupData[@ItemGroupOID=IG_MLLM_UNGROUPED]/ItemData[@ItemOID=''I_MLLM_MLL_RCC_RESULTV'']/@Value" type="xsd:int"/>
    <bind id="I_MLLM_MLL_HCT_RESULTV" nodeset="/ODM/ClinicalData/SubjectData/StudyEventData[@StudyEventOID=SE_SC1]/FormData[@FormOID=F_MLLM_3]/ItemGroupData[@ItemGroupOID=IG_MLLM_UNGROUPED]/ItemData[@ItemOID=''I_MLLM_MLL_HCT_RESULTV'']/@Value" type="xsd:int"/>
    <bind id="I_MLLM_MLL_MCV_RESULTV" nodeset="/ODM/ClinicalData/SubjectData/StudyEventData[@StudyEventOID=SE_SC1]/FormData[@FormOID=F_MLLM_3]/ItemGroupData[@ItemGroupOID=IG_MLLM_UNGROUPED]/ItemData[@ItemOID=''I_MLLM_MLL_MCV_RESULTV'']/@Value" type="xsd:int"/>
    <bind id="I_MLLM_MLL_MCH_RESULTV" nodeset="/ODM/ClinicalData/SubjectData/StudyEventData[@StudyEventOID=SE_SC1]/FormData[@FormOID=F_MLLM_3]/ItemGroupData[@ItemGroupOID=IG_MLLM_UNGROUPED]/ItemData[@ItemOID=''I_MLLM_MLL_MCH_RESULTV'']/@Value" type="xsd:int"/>
    <bind id="I_MLLM_MLL_MCHC_RESULTV" nodeset="/ODM/ClinicalData/SubjectData/StudyEventData[@StudyEventOID=SE_SC1]/FormData[@FormOID=F_MLLM_3]/ItemGroupData[@ItemGroupOID=IG_MLLM_UNGROUPED]/ItemData[@ItemOID=''I_MLLM_MLL_MCHC_RESULTV'']/@Value" type="xsd:int"/>
    <bind id="I_MLLM_MLL_LEUC_RESULTV" nodeset="/ODM/ClinicalData/SubjectData/StudyEventData[@StudyEventOID=SE_SC1]/FormData[@FormOID=F_MLLM_3]/ItemGroupData[@ItemGroupOID=IG_MLLM_UNGROUPED]/ItemData[@ItemOID=''I_MLLM_MLL_LEUC_RESULTV'']/@Value" type="xsd:int"/>
    <bind id="I_MLLM_MLL_NEUT_RESULTV" nodeset="/ODM/ClinicalData/SubjectData/StudyEventData[@StudyEventOID=SE_SC1]/FormData[@FormOID=F_MLLM_3]/ItemGroupData[@ItemGroupOID=IG_MLLM_UNGROUPED]/ItemData[@ItemOID=''I_MLLM_MLL_NEUT_RESULTV'']/@Value" type="xsd:int"/>
    <bind id="I_MLLM_MLL_EOS_RESULTV" nodeset="/ODM/ClinicalData/SubjectData/StudyEventData[@StudyEventOID=SE_SC1]/FormData[@FormOID=F_MLLM_3]/ItemGroupData[@ItemGroupOID=IG_MLLM_UNGROUPED]/ItemData[@ItemOID=''I_MLLM_MLL_EOS_RESULTV'']/@Value" type="xsd:int"/>
    <bind id="I_MLLM_MLL_BAS_RESULTV" nodeset="/ODM/ClinicalData/SubjectData/StudyEventData[@StudyEventOID=SE_SC1]/FormData[@FormOID=F_MLLM_3]/ItemGroupData[@ItemGroupOID=IG_MLLM_UNGROUPED]/ItemData[@ItemOID=''I_MLLM_MLL_BAS_RESULTV'']/@Value" type="xsd:int"/>
    <bind id="I_MLLM_MLL_MON_RESULTV" nodeset="/ODM/ClinicalData/SubjectData/StudyEventData[@StudyEventOID=SE_SC1]/FormData[@FormOID=F_MLLM_3]/ItemGroupData[@ItemGroupOID=IG_MLLM_UNGROUPED]/ItemData[@ItemOID=''I_MLLM_MLL_MON_RESULTV'']/@Value" type="xsd:int"/>
    <bind id="I_MLLM_MLL_LYM_RESULTV" nodeset="/ODM/ClinicalData/SubjectData/StudyEventData[@StudyEventOID=SE_SC1]/FormData[@FormOID=F_MLLM_3]/ItemGroupData[@ItemGroupOID=IG_MLLM_UNGROUPED]/ItemData[@ItemOID=''I_MLLM_MLL_LYM_RESULTV'']/@Value" type="xsd:int"/>
    <bind id="I_MLLM_MLL_PLAT_RESULTV" nodeset="/ODM/ClinicalData/SubjectData/StudyEventData[@StudyEventOID=SE_SC1]/FormData[@FormOID=F_MLLM_3]/ItemGroupData[@ItemGroupOID=IG_MLLM_UNGROUPED]/ItemData[@ItemOID=''I_MLLM_MLL_PLAT_RESULTV'']/@Value" type="xsd:int"/>
    <bind id="I_MLLM_MLL_OLE_PREC" nodeset="/ODM/ClinicalData/SubjectData/StudyEventData[@StudyEventOID=SE_SC1]/FormData[@FormOID=F_MLLM_3]/ItemGroupData[@ItemGroupOID=IG_MLLM_MLL_OTESTG]/ItemData[@ItemOID=''I_MLLM_MLL_OLE_PREC'']/@Value" type="xsd:string"/>
    <bind id="I_MLLM_MLL_OLE_COLD" nodeset="/ODM/ClinicalData/SubjectData/StudyEventData[@StudyEventOID=SE_SC1]/FormData[@FormOID=F_MLLM_3]/ItemGroupData[@ItemGroupOID=IG_MLLM_MLL_OTESTG]/ItemData[@ItemOID=''I_MLLM_MLL_OLE_COLD'']/@Value" type="xsd:date"/>
    <bind id="I_MLLM_MLL_OLE_RESULTV" nodeset="/ODM/ClinicalData/SubjectData/StudyEventData[@StudyEventOID=SE_SC1]/FormData[@FormOID=F_MLLM_3]/ItemGroupData[@ItemGroupOID=IG_MLLM_MLL_OTESTG]/ItemData[@ItemOID=''I_MLLM_MLL_OLE_RESULTV'']/@Value" type="xsd:string"/>
    <bind id="I_MLLM_MLL_OLE_PRECV" nodeset="/ODM/ClinicalData/SubjectData/StudyEventData[@StudyEventOID=SE_SC1]/FormData[@FormOID=F_MLLM_3]/ItemGroupData[@ItemGroupOID=IG_MLLM_MLL_OTESTG]/ItemData[@ItemOID=''I_MLLM_MLL_OLE_PRECV'']/@Value" type="xsd:string"/>
    <bind id="I_MLLM_MLL_OLE_COLDV" nodeset="/ODM/ClinicalData/SubjectData/StudyEventData[@StudyEventOID=SE_SC1]/FormData[@FormOID=F_MLLM_3]/ItemGroupData[@ItemGroupOID=IG_MLLM_MLL_OTESTG]/ItemData[@ItemOID=''I_MLLM_MLL_OLE_COLDV'']/@Value" type="xsd:date"/>
    <bind id="I_MLLM_INIT" nodeset="/ODM/ClinicalData/SubjectData/StudyEventData[@StudyEventOID=SE_SC1]/FormData[@FormOID=F_MLLM_5]/ItemGroupData[@ItemGroupOID=IG_MLLM_UNGROUPED]/ItemData[@ItemOID=''I_MLLM_INIT'']/@Value" type="xsd:string"/>
    <bind id="I_MLLM_FORMD" nodeset="/ODM/ClinicalData/SubjectData/StudyEventData[@StudyEventOID=SE_SC1]/FormData[@FormOID=F_MLLM_5]/ItemGroupData[@ItemGroupOID=IG_MLLM_UNGROUPED]/ItemData[@ItemOID=''I_MLLM_FORMD'']/@Value" type="xsd:date"/>
    <bind id="I_MLLM_ID" nodeset="/ODM/ClinicalData/SubjectData/StudyEventData[@StudyEventOID=SE_SC1]/FormData[@FormOID=F_MLLM_5]/ItemGroupData[@ItemGroupOID=IG_MLLM_UNGROUPED]/ItemData[@ItemOID=''I_MLLM_ID'']/@Value" type="xsd:string"/>
    <bind id="I_MLLM_MLL_BMCOLL" nodeset="/ODM/ClinicalData/SubjectData/StudyEventData[@StudyEventOID=SE_SC1]/FormData[@FormOID=F_MLLM_5]/ItemGroupData[@ItemGroupOID=IG_MLLM_UNGROUPED]/ItemData[@ItemOID=''I_MLLM_MLL_BMCOLL'']/@Value" type="xsd:int"/>
    <bind id="I_MLLM_MLL_BMNOCOLLREAS" nodeset="/ODM/ClinicalData/SubjectData/StudyEventData[@StudyEventOID=SE_SC1]/FormData[@FormOID=F_MLLM_5]/ItemGroupData[@ItemGroupOID=IG_MLLM_UNGROUPED]/ItemData[@ItemOID=''I_MLLM_MLL_BMNOCOLLREAS'']/@Value" type="xsd:string"/>
    <bind id="I_MLLM_MLL_BDCOLL" nodeset="/ODM/ClinicalData/SubjectData/StudyEventData[@StudyEventOID=SE_SC1]/FormData[@FormOID=F_MLLM_5]/ItemGroupData[@ItemGroupOID=IG_MLLM_UNGROUPED]/ItemData[@ItemOID=''I_MLLM_MLL_BDCOLL'']/@Value" type="xsd:int"/>
    <bind id="I_MLLM_MLL_BDNOCOLLREAS" nodeset="/ODM/ClinicalData/SubjectData/StudyEventData[@StudyEventOID=SE_SC1]/FormData[@FormOID=F_MLLM_5]/ItemGroupData[@ItemGroupOID=IG_MLLM_UNGROUPED]/ItemData[@ItemOID=''I_MLLM_MLL_BDNOCOLLREAS'']/@Value" type="xsd:string"/>
    <bind id="I_MLLM_MLL_HIVS_COID" nodeset="/ODM/ClinicalData/SubjectData/StudyEventData[@StudyEventOID=SE_SC1]/FormData[@FormOID=F_MLLM_5]/ItemGroupData[@ItemGroupOID=IG_MLLM_UNGROUPED]/ItemData[@ItemOID=''I_MLLM_MLL_HIVS_COID'']/@Value" type="xsd:date"/>
    <bind id="I_MLLM_MLL_HIVR_COID" nodeset="/ODM/ClinicalData/SubjectData/StudyEventData[@StudyEventOID=SE_SC1]/FormData[@FormOID=F_MLLM_5]/ItemGroupData[@ItemGroupOID=IG_MLLM_UNGROUPED]/ItemData[@ItemOID=''I_MLLM_MLL_HIVR_COID'']/@Value" type="xsd:date"/>
    <bind id="I_MLLM_MLL_CD4_COID" nodeset="/ODM/ClinicalData/SubjectData/StudyEventData[@StudyEventOID=SE_SC1]/FormData[@FormOID=F_MLLM_5]/ItemGroupData[@ItemGroupOID=IG_MLLM_UNGROUPED]/ItemData[@ItemOID=''I_MLLM_MLL_CD4_COID'']/@Value" type="xsd:date"/>
    <bind id="I_MLLM_MLL_HB_COLD" nodeset="/ODM/ClinicalData/SubjectData/StudyEventData[@StudyEventOID=SE_SC1]/FormData[@FormOID=F_MLLM_5]/ItemGroupData[@ItemGroupOID=IG_MLLM_UNGROUPED]/ItemData[@ItemOID=''I_MLLM_MLL_HB_COLD'']/@Value" type="xsd:date"/>
    <bind id="I_MLLM_MLL_RCC_COID" nodeset="/ODM/ClinicalData/SubjectData/StudyEventData[@StudyEventOID=SE_SC1]/FormData[@FormOID=F_MLLM_5]/ItemGroupData[@ItemGroupOID=IG_MLLM_UNGROUPED]/ItemData[@ItemOID=''I_MLLM_MLL_RCC_COID'']/@Value" type="xsd:date"/>
    <bind id="I_MLLM_MLL_HCT_COLD" nodeset="/ODM/ClinicalData/SubjectData/StudyEventData[@StudyEventOID=SE_SC1]/FormData[@FormOID=F_MLLM_5]/ItemGroupData[@ItemGroupOID=IG_MLLM_UNGROUPED]/ItemData[@ItemOID=''I_MLLM_MLL_HCT_COLD'']/@Value" type="xsd:date"/>
    <bind id="I_MLLM_MLL_MCV_COID" nodeset="/ODM/ClinicalData/SubjectData/StudyEventData[@StudyEventOID=SE_SC1]/FormData[@FormOID=F_MLLM_5]/ItemGroupData[@ItemGroupOID=IG_MLLM_UNGROUPED]/ItemData[@ItemOID=''I_MLLM_MLL_MCV_COID'']/@Value" type="xsd:date"/>
    <bind id="I_MLLM_MLL_MCH_COID" nodeset="/ODM/ClinicalData/SubjectData/StudyEventData[@StudyEventOID=SE_SC1]/FormData[@FormOID=F_MLLM_5]/ItemGroupData[@ItemGroupOID=IG_MLLM_UNGROUPED]/ItemData[@ItemOID=''I_MLLM_MLL_MCH_COID'']/@Value" type="xsd:date"/>
    <bind id="I_MLLM_MLL_MCHC_COID" nodeset="/ODM/ClinicalData/SubjectData/StudyEventData[@StudyEventOID=SE_SC1]/FormData[@FormOID=F_MLLM_5]/ItemGroupData[@ItemGroupOID=IG_MLLM_UNGROUPED]/ItemData[@ItemOID=''I_MLLM_MLL_MCHC_COID'']/@Value" type="xsd:date"/>
    <bind id="I_MLLM_MLL_LEUC_COID" nodeset="/ODM/ClinicalData/SubjectData/StudyEventData[@StudyEventOID=SE_SC1]/FormData[@FormOID=F_MLLM_5]/ItemGroupData[@ItemGroupOID=IG_MLLM_UNGROUPED]/ItemData[@ItemOID=''I_MLLM_MLL_LEUC_COID'']/@Value" type="xsd:date"/>
    <bind id="I_MLLM_MLL_NEUT_COLD" nodeset="/ODM/ClinicalData/SubjectData/StudyEventData[@StudyEventOID=SE_SC1]/FormData[@FormOID=F_MLLM_5]/ItemGroupData[@ItemGroupOID=IG_MLLM_UNGROUPED]/ItemData[@ItemOID=''I_MLLM_MLL_NEUT_COLD'']/@Value" type="xsd:date"/>
    <bind id="I_MLLM_MLL_EOS_COID" nodeset="/ODM/ClinicalData/SubjectData/StudyEventData[@StudyEventOID=SE_SC1]/FormData[@FormOID=F_MLLM_5]/ItemGroupData[@ItemGroupOID=IG_MLLM_UNGROUPED]/ItemData[@ItemOID=''I_MLLM_MLL_EOS_COID'']/@Value" type="xsd:date"/>
    <bind id="I_MLLM_MLL_BAS_CONID" nodeset="/ODM/ClinicalData/SubjectData/StudyEventData[@StudyEventOID=SE_SC1]/FormData[@FormOID=F_MLLM_5]/ItemGroupData[@ItemGroupOID=IG_MLLM_UNGROUPED]/ItemData[@ItemOID=''I_MLLM_MLL_BAS_CONID'']/@Value" type="xsd:date"/>
    <bind id="I_MLLM_MLL_MON_COLD" nodeset="/ODM/ClinicalData/SubjectData/StudyEventData[@StudyEventOID=SE_SC1]/FormData[@FormOID=F_MLLM_5]/ItemGroupData[@ItemGroupOID=IG_MLLM_UNGROUPED]/ItemData[@ItemOID=''I_MLLM_MLL_MON_COLD'']/@Value" type="xsd:date"/>
    <bind id="I_MLLM_MLL_LYM_COLD" nodeset="/ODM/ClinicalData/SubjectData/StudyEventData[@StudyEventOID=SE_SC1]/FormData[@FormOID=F_MLLM_5]/ItemGroupData[@ItemGroupOID=IG_MLLM_UNGROUPED]/ItemData[@ItemOID=''I_MLLM_MLL_LYM_COLD'']/@Value" type="xsd:date"/>
    <bind id="I_MLLM_MLL_PLAT_COID" nodeset="/ODM/ClinicalData/SubjectData/StudyEventData[@StudyEventOID=SE_SC1]/FormData[@FormOID=F_MLLM_5]/ItemGroupData[@ItemGroupOID=IG_MLLM_UNGROUPED]/ItemData[@ItemOID=''I_MLLM_MLL_PLAT_COID'']/@Value" type="xsd:date"/>
    <bind id="I_MLLM_MLL_HIVS_RES" nodeset="/ODM/ClinicalData/SubjectData/StudyEventData[@StudyEventOID=SE_SC1]/FormData[@FormOID=F_MLLM_5]/ItemGroupData[@ItemGroupOID=IG_MLLM_UNGROUPED]/ItemData[@ItemOID=''I_MLLM_MLL_HIVS_RES'']/@Value" type="xsd:decimal"/>
    <bind id="I_MLLM_MLL_HIVR_RES" nodeset="/ODM/ClinicalData/SubjectData/StudyEventData[@StudyEventOID=SE_SC1]/FormData[@FormOID=F_MLLM_5]/ItemGroupData[@ItemGroupOID=IG_MLLM_UNGROUPED]/ItemData[@ItemOID=''I_MLLM_MLL_HIVR_RES'']/@Value" type="xsd:string"/>
    <bind id="I_MLLM_MLL_CD4_RES" nodeset="/ODM/ClinicalData/SubjectData/StudyEventData[@StudyEventOID=SE_SC1]/FormData[@FormOID=F_MLLM_5]/ItemGroupData[@ItemGroupOID=IG_MLLM_UNGROUPED]/ItemData[@ItemOID=''I_MLLM_MLL_CD4_RES'']/@Value" type="xsd:decimal"/>
    <bind id="I_MLLM_MLL_HB_RES" nodeset="/ODM/ClinicalData/SubjectData/StudyEventData[@StudyEventOID=SE_SC1]/FormData[@FormOID=F_MLLM_5]/ItemGroupData[@ItemGroupOID=IG_MLLM_UNGROUPED]/ItemData[@ItemOID=''I_MLLM_MLL_HB_RES'']/@Value" type="xsd:decimal"/>
    <bind id="I_MLLM_MLL_RCC_RES" nodeset="/ODM/ClinicalData/SubjectData/StudyEventData[@StudyEventOID=SE_SC1]/FormData[@FormOID=F_MLLM_5]/ItemGroupData[@ItemGroupOID=IG_MLLM_UNGROUPED]/ItemData[@ItemOID=''I_MLLM_MLL_RCC_RES'']/@Value" type="xsd:decimal"/>
    <bind id="I_MLLM_MLL_HCT_RES" nodeset="/ODM/ClinicalData/SubjectData/StudyEventData[@StudyEventOID=SE_SC1]/FormData[@FormOID=F_MLLM_5]/ItemGroupData[@ItemGroupOID=IG_MLLM_UNGROUPED]/ItemData[@ItemOID=''I_MLLM_MLL_HCT_RES'']/@Value" type="xsd:decimal"/>
    <bind id="I_MLLM_MLL_MCV_RES" nodeset="/ODM/ClinicalData/SubjectData/StudyEventData[@StudyEventOID=SE_SC1]/FormData[@FormOID=F_MLLM_5]/ItemGroupData[@ItemGroupOID=IG_MLLM_UNGROUPED]/ItemData[@ItemOID=''I_MLLM_MLL_MCV_RES'']/@Value" type="xsd:decimal"/>
    <bind id="I_MLLM_MLL_MCH_RES" nodeset="/ODM/ClinicalData/SubjectData/StudyEventData[@StudyEventOID=SE_SC1]/FormData[@FormOID=F_MLLM_5]/ItemGroupData[@ItemGroupOID=IG_MLLM_UNGROUPED]/ItemData[@ItemOID=''I_MLLM_MLL_MCH_RES'']/@Value" type="xsd:decimal"/>
    <bind id="I_MLLM_MLL_MCHC_RES" nodeset="/ODM/ClinicalData/SubjectData/StudyEventData[@StudyEventOID=SE_SC1]/FormData[@FormOID=F_MLLM_5]/ItemGroupData[@ItemGroupOID=IG_MLLM_UNGROUPED]/ItemData[@ItemOID=''I_MLLM_MLL_MCHC_RES'']/@Value" type="xsd:decimal"/>
    <bind id="I_MLLM_MLL_LEUC_RES" nodeset="/ODM/ClinicalData/SubjectData/StudyEventData[@StudyEventOID=SE_SC1]/FormData[@FormOID=F_MLLM_5]/ItemGroupData[@ItemGroupOID=IG_MLLM_UNGROUPED]/ItemData[@ItemOID=''I_MLLM_MLL_LEUC_RES'']/@Value" type="xsd:decimal"/>
    <bind id="I_MLLM_MLL_NEUT_RES" nodeset="/ODM/ClinicalData/SubjectData/StudyEventData[@StudyEventOID=SE_SC1]/FormData[@FormOID=F_MLLM_5]/ItemGroupData[@ItemGroupOID=IG_MLLM_UNGROUPED]/ItemData[@ItemOID=''I_MLLM_MLL_NEUT_RES'']/@Value" type="xsd:decimal"/>
    <bind id="I_MLLM_MLL_EOS_RES" nodeset="/ODM/ClinicalData/SubjectData/StudyEventData[@StudyEventOID=SE_SC1]/FormData[@FormOID=F_MLLM_5]/ItemGroupData[@ItemGroupOID=IG_MLLM_UNGROUPED]/ItemData[@ItemOID=''I_MLLM_MLL_EOS_RES'']/@Value" type="xsd:decimal"/>
    <bind id="I_MLLM_MLL_BAS_RES" nodeset="/ODM/ClinicalData/SubjectData/StudyEventData[@StudyEventOID=SE_SC1]/FormData[@FormOID=F_MLLM_5]/ItemGroupData[@ItemGroupOID=IG_MLLM_UNGROUPED]/ItemData[@ItemOID=''I_MLLM_MLL_BAS_RES'']/@Value" type="xsd:decimal"/>
    <bind id="I_MLLM_MLL_MON_RES" nodeset="/ODM/ClinicalData/SubjectData/StudyEventData[@StudyEventOID=SE_SC1]/FormData[@FormOID=F_MLLM_5]/ItemGroupData[@ItemGroupOID=IG_MLLM_UNGROUPED]/ItemData[@ItemOID=''I_MLLM_MLL_MON_RES'']/@Value" type="xsd:decimal"/>
    <bind id="I_MLLM_MLL_LYM_RES" nodeset="/ODM/ClinicalData/SubjectData/StudyEventData[@StudyEventOID=SE_SC1]/FormData[@FormOID=F_MLLM_5]/ItemGroupData[@ItemGroupOID=IG_MLLM_UNGROUPED]/ItemData[@ItemOID=''I_MLLM_MLL_LYM_RES'']/@Value" type="xsd:decimal"/>
    <bind id="I_MLLM_MLL_PLAT_RES" nodeset="/ODM/ClinicalData/SubjectData/StudyEventData[@StudyEventOID=SE_SC1]/FormData[@FormOID=F_MLLM_5]/ItemGroupData[@ItemGroupOID=IG_MLLM_UNGROUPED]/ItemData[@ItemOID=''I_MLLM_MLL_PLAT_RES'']/@Value" type="xsd:decimal"/>
    <bind id="I_MLLM_MLL_BMCOLLV" nodeset="/ODM/ClinicalData/SubjectData/StudyEventData[@StudyEventOID=SE_SC1]/FormData[@FormOID=F_MLLM_5]/ItemGroupData[@ItemGroupOID=IG_MLLM_UNGROUPED]/ItemData[@ItemOID=''I_MLLM_MLL_BMCOLLV'']/@Value" type="xsd:int"/>
    <bind id="I_MLLM_MLL_BMNOCOLLREASV" nodeset="/ODM/ClinicalData/SubjectData/StudyEventData[@StudyEventOID=SE_SC1]/FormData[@FormOID=F_MLLM_5]/ItemGroupData[@ItemGroupOID=IG_MLLM_UNGROUPED]/ItemData[@ItemOID=''I_MLLM_MLL_BMNOCOLLREASV'']/@Value" type="xsd:string"/>
    <bind id="I_MLLM_MLL_BDCOLLV" nodeset="/ODM/ClinicalData/SubjectData/StudyEventData[@StudyEventOID=SE_SC1]/FormData[@FormOID=F_MLLM_5]/ItemGroupData[@ItemGroupOID=IG_MLLM_UNGROUPED]/ItemData[@ItemOID=''I_MLLM_MLL_BDCOLLV'']/@Value" type="xsd:int"/>
    <bind id="I_MLLM_MLL_BDNOCOLLREASV" nodeset="/ODM/ClinicalData/SubjectData/StudyEventData[@StudyEventOID=SE_SC1]/FormData[@FormOID=F_MLLM_5]/ItemGroupData[@ItemGroupOID=IG_MLLM_UNGROUPED]/ItemData[@ItemOID=''I_MLLM_MLL_BDNOCOLLREASV'']/@Value" type="xsd:string"/>
    <bind id="I_MLLM_MLL_HIVS_COIDV" nodeset="/ODM/ClinicalData/SubjectData/StudyEventData[@StudyEventOID=SE_SC1]/FormData[@FormOID=F_MLLM_5]/ItemGroupData[@ItemGroupOID=IG_MLLM_UNGROUPED]/ItemData[@ItemOID=''I_MLLM_MLL_HIVS_COIDV'']/@Value" type="xsd:date"/>
    <bind id="I_MLLM_MLL_HIVS_RESULTV_568" nodeset="/ODM/ClinicalData/SubjectData/StudyEventData[@StudyEventOID=SE_SC1]/FormData[@FormOID=F_MLLM_5]/ItemGroupData[@ItemGroupOID=IG_MLLM_UNGROUPED]/ItemData[@ItemOID=''I_MLLM_MLL_HIVS_RESULTV_568'']/@Value" type="xsd:decimal"/>
    <bind id="I_MLLM_MLL_HIVR_COIDV" nodeset="/ODM/ClinicalData/SubjectData/StudyEventData[@StudyEventOID=SE_SC1]/FormData[@FormOID=F_MLLM_5]/ItemGroupData[@ItemGroupOID=IG_MLLM_UNGROUPED]/ItemData[@ItemOID=''I_MLLM_MLL_HIVR_COIDV'']/@Value" type="xsd:date"/>
    <bind id="I_MLLM_MLL_HIVR_RESULTV_632" nodeset="/ODM/ClinicalData/SubjectData/StudyEventData[@StudyEventOID=SE_SC1]/FormData[@FormOID=F_MLLM_5]/ItemGroupData[@ItemGroupOID=IG_MLLM_UNGROUPED]/ItemData[@ItemOID=''I_MLLM_MLL_HIVR_RESULTV_632'']/@Value" type="xsd:string"/>
    <bind id="I_MLLM_MLL_CD4_COIDV" nodeset="/ODM/ClinicalData/SubjectData/StudyEventData[@StudyEventOID=SE_SC1]/FormData[@FormOID=F_MLLM_5]/ItemGroupData[@ItemGroupOID=IG_MLLM_UNGROUPED]/ItemData[@ItemOID=''I_MLLM_MLL_CD4_COIDV'']/@Value" type="xsd:date"/>
    <bind id="I_MLLM_MLL_CD4_RESULTV_7310" nodeset="/ODM/ClinicalData/SubjectData/StudyEventData[@StudyEventOID=SE_SC1]/FormData[@FormOID=F_MLLM_5]/ItemGroupData[@ItemGroupOID=IG_MLLM_UNGROUPED]/ItemData[@ItemOID=''I_MLLM_MLL_CD4_RESULTV_7310'']/@Value" type="xsd:decimal"/>
    <bind id="I_MLLM_MLL_HB_COLDV" nodeset="/ODM/ClinicalData/SubjectData/StudyEventData[@StudyEventOID=SE_SC1]/FormData[@FormOID=F_MLLM_5]/ItemGroupData[@ItemGroupOID=IG_MLLM_UNGROUPED]/ItemData[@ItemOID=''I_MLLM_MLL_HB_COLDV'']/@Value" type="xsd:date"/>
    <bind id="I_MLLM_MLL_HB_RESULTV_4245" nodeset="/ODM/ClinicalData/SubjectData/StudyEventData[@StudyEventOID=SE_SC1]/FormData[@FormOID=F_MLLM_5]/ItemGroupData[@ItemGroupOID=IG_MLLM_UNGROUPED]/ItemData[@ItemOID=''I_MLLM_MLL_HB_RESULTV_4245'']/@Value" type="xsd:decimal"/>
    <bind id="I_MLLM_MLL_RCC_COIDV" nodeset="/ODM/ClinicalData/SubjectData/StudyEventData[@StudyEventOID=SE_SC1]/FormData[@FormOID=F_MLLM_5]/ItemGroupData[@ItemGroupOID=IG_MLLM_UNGROUPED]/ItemData[@ItemOID=''I_MLLM_MLL_RCC_COIDV'']/@Value" type="xsd:date"/>
    <bind id="I_MLLM_MLL_RCC_RESULTV_8023" nodeset="/ODM/ClinicalData/SubjectData/StudyEventData[@StudyEventOID=SE_SC1]/FormData[@FormOID=F_MLLM_5]/ItemGroupData[@ItemGroupOID=IG_MLLM_UNGROUPED]/ItemData[@ItemOID=''I_MLLM_MLL_RCC_RESULTV_8023'']/@Value" type="xsd:decimal"/>
    <bind id="I_MLLM_MLL_HCT_COLDV" nodeset="/ODM/ClinicalData/SubjectData/StudyEventData[@StudyEventOID=SE_SC1]/FormData[@FormOID=F_MLLM_5]/ItemGroupData[@ItemGroupOID=IG_MLLM_UNGROUPED]/ItemData[@ItemOID=''I_MLLM_MLL_HCT_COLDV'']/@Value" type="xsd:date"/>
    <bind id="I_MLLM_MLL_HCT_RESULTV_8098" nodeset="/ODM/ClinicalData/SubjectData/StudyEventData[@StudyEventOID=SE_SC1]/FormData[@FormOID=F_MLLM_5]/ItemGroupData[@ItemGroupOID=IG_MLLM_UNGROUPED]/ItemData[@ItemOID=''I_MLLM_MLL_HCT_RESULTV_8098'']/@Value" type="xsd:decimal"/>
    <bind id="I_MLLM_MLL_MCV_COIDV" nodeset="/ODM/ClinicalData/SubjectData/StudyEventData[@StudyEventOID=SE_SC1]/FormData[@FormOID=F_MLLM_5]/ItemGroupData[@ItemGroupOID=IG_MLLM_UNGROUPED]/ItemData[@ItemOID=''I_MLLM_MLL_MCV_COIDV'']/@Value" type="xsd:date"/>
    <bind id="I_MLLM_MLL_MCV_RESULTV_3027" nodeset="/ODM/ClinicalData/SubjectData/StudyEventData[@StudyEventOID=SE_SC1]/FormData[@FormOID=F_MLLM_5]/ItemGroupData[@ItemGroupOID=IG_MLLM_UNGROUPED]/ItemData[@ItemOID=''I_MLLM_MLL_MCV_RESULTV_3027'']/@Value" type="xsd:decimal"/>
    <bind id="I_MLLM_MLL_MCH_COIDV" nodeset="/ODM/ClinicalData/SubjectData/StudyEventData[@StudyEventOID=SE_SC1]/FormData[@FormOID=F_MLLM_5]/ItemGroupData[@ItemGroupOID=IG_MLLM_UNGROUPED]/ItemData[@ItemOID=''I_MLLM_MLL_MCH_COIDV'']/@Value" type="xsd:date"/>
    <bind id="I_MLLM_MLL_MCH_RESULTV_9428" nodeset="/ODM/ClinicalData/SubjectData/StudyEventData[@StudyEventOID=SE_SC1]/FormData[@FormOID=F_MLLM_5]/ItemGroupData[@ItemGroupOID=IG_MLLM_UNGROUPED]/ItemData[@ItemOID=''I_MLLM_MLL_MCH_RESULTV_9428'']/@Value" type="xsd:decimal"/>
    <bind id="I_MLLM_MLL_MCHC_COIDV" nodeset="/ODM/ClinicalData/SubjectData/StudyEventData[@StudyEventOID=SE_SC1]/FormData[@FormOID=F_MLLM_5]/ItemGroupData[@ItemGroupOID=IG_MLLM_UNGROUPED]/ItemData[@ItemOID=''I_MLLM_MLL_MCHC_COIDV'']/@Value" type="xsd:date"/>
    <bind id="I_MLLM_MLL_MCHC_RESULTV_9280" nodeset="/ODM/ClinicalData/SubjectData/StudyEventData[@StudyEventOID=SE_SC1]/FormData[@FormOID=F_MLLM_5]/ItemGroupData[@ItemGroupOID=IG_MLLM_UNGROUPED]/ItemData[@ItemOID=''I_MLLM_MLL_MCHC_RESULTV_9280'']/@Value" type="xsd:decimal"/>
    <bind id="I_MLLM_MLL_LEUC_COIDV" nodeset="/ODM/ClinicalData/SubjectData/StudyEventData[@StudyEventOID=SE_SC1]/FormData[@FormOID=F_MLLM_5]/ItemGroupData[@ItemGroupOID=IG_MLLM_UNGROUPED]/ItemData[@ItemOID=''I_MLLM_MLL_LEUC_COIDV'']/@Value" type="xsd:date"/>
    <bind id="I_MLLM_MLL_LEUC_RESULTV_3135" nodeset="/ODM/ClinicalData/SubjectData/StudyEventData[@StudyEventOID=SE_SC1]/FormData[@FormOID=F_MLLM_5]/ItemGroupData[@ItemGroupOID=IG_MLLM_UNGROUPED]/ItemData[@ItemOID=''I_MLLM_MLL_LEUC_RESULTV_3135'']/@Value" type="xsd:decimal"/>
    <bind id="I_MLLM_MLL_NEUT_COLDV" nodeset="/ODM/ClinicalData/SubjectData/StudyEventData[@StudyEventOID=SE_SC1]/FormData[@FormOID=F_MLLM_5]/ItemGroupData[@ItemGroupOID=IG_MLLM_UNGROUPED]/ItemData[@ItemOID=''I_MLLM_MLL_NEUT_COLDV'']/@Value" type="xsd:date"/>
    <bind id="I_MLLM_MLL_NEUT_RESULTV_2369" nodeset="/ODM/ClinicalData/SubjectData/StudyEventData[@StudyEventOID=SE_SC1]/FormData[@FormOID=F_MLLM_5]/ItemGroupData[@ItemGroupOID=IG_MLLM_UNGROUPED]/ItemData[@ItemOID=''I_MLLM_MLL_NEUT_RESULTV_2369'']/@Value" type="xsd:decimal"/>
    <bind id="I_MLLM_MLL_EOS_COIDV" nodeset="/ODM/ClinicalData/SubjectData/StudyEventData[@StudyEventOID=SE_SC1]/FormData[@FormOID=F_MLLM_5]/ItemGroupData[@ItemGroupOID=IG_MLLM_UNGROUPED]/ItemData[@ItemOID=''I_MLLM_MLL_EOS_COIDV'']/@Value" type="xsd:date"/>
    <bind id="I_MLLM_MLL_EOS_RESULTV_1137" nodeset="/ODM/ClinicalData/SubjectData/StudyEventData[@StudyEventOID=SE_SC1]/FormData[@FormOID=F_MLLM_5]/ItemGroupData[@ItemGroupOID=IG_MLLM_UNGROUPED]/ItemData[@ItemOID=''I_MLLM_MLL_EOS_RESULTV_1137'']/@Value" type="xsd:decimal"/>
    <bind id="I_MLLM_MLL_BAS_CONIDV" nodeset="/ODM/ClinicalData/SubjectData/StudyEventData[@StudyEventOID=SE_SC1]/FormData[@FormOID=F_MLLM_5]/ItemGroupData[@ItemGroupOID=IG_MLLM_UNGROUPED]/ItemData[@ItemOID=''I_MLLM_MLL_BAS_CONIDV'']/@Value" type="xsd:date"/>
    <bind id="I_MLLM_MLL_BAS_RESULTV_5744" nodeset="/ODM/ClinicalData/SubjectData/StudyEventData[@StudyEventOID=SE_SC1]/FormData[@FormOID=F_MLLM_5]/ItemGroupData[@ItemGroupOID=IG_MLLM_UNGROUPED]/ItemData[@ItemOID=''I_MLLM_MLL_BAS_RESULTV_5744'']/@Value" type="xsd:decimal"/>
    <bind id="I_MLLM_MLL_MON_COLDV" nodeset="/ODM/ClinicalData/SubjectData/StudyEventData[@StudyEventOID=SE_SC1]/FormData[@FormOID=F_MLLM_5]/ItemGroupData[@ItemGroupOID=IG_MLLM_UNGROUPED]/ItemData[@ItemOID=''I_MLLM_MLL_MON_COLDV'']/@Value" type="xsd:date"/>
    <bind id="I_MLLM_MLL_MON_RESULTV_3748" nodeset="/ODM/ClinicalData/SubjectData/StudyEventData[@StudyEventOID=SE_SC1]/FormData[@FormOID=F_MLLM_5]/ItemGroupData[@ItemGroupOID=IG_MLLM_UNGROUPED]/ItemData[@ItemOID=''I_MLLM_MLL_MON_RESULTV_3748'']/@Value" type="xsd:decimal"/>
    <bind id="I_MLLM_MLL_LYM_COLDV" nodeset="/ODM/ClinicalData/SubjectData/StudyEventData[@StudyEventOID=SE_SC1]/FormData[@FormOID=F_MLLM_5]/ItemGroupData[@ItemGroupOID=IG_MLLM_UNGROUPED]/ItemData[@ItemOID=''I_MLLM_MLL_LYM_COLDV'']/@Value" type="xsd:date"/>
    <bind id="I_MLLM_MLL_LYM_RESULTV_977" nodeset="/ODM/ClinicalData/SubjectData/StudyEventData[@StudyEventOID=SE_SC1]/FormData[@FormOID=F_MLLM_5]/ItemGroupData[@ItemGroupOID=IG_MLLM_UNGROUPED]/ItemData[@ItemOID=''I_MLLM_MLL_LYM_RESULTV_977'']/@Value" type="xsd:decimal"/>
    <bind id="I_MLLM_MLL_PLAT_COIDV" nodeset="/ODM/ClinicalData/SubjectData/StudyEventData[@StudyEventOID=SE_SC1]/FormData[@FormOID=F_MLLM_5]/ItemGroupData[@ItemGroupOID=IG_MLLM_UNGROUPED]/ItemData[@ItemOID=''I_MLLM_MLL_PLAT_COIDV'']/@Value" type="xsd:date"/>
    <bind id="I_MLLM_MLL_PLAT_RESULTV_2897" nodeset="/ODM/ClinicalData/SubjectData/StudyEventData[@StudyEventOID=SE_SC1]/FormData[@FormOID=F_MLLM_5]/ItemGroupData[@ItemGroupOID=IG_MLLM_UNGROUPED]/ItemData[@ItemOID=''I_MLLM_MLL_PLAT_RESULTV_2897'']/@Value" type="xsd:decimal"/>
    <bind id="I_MLLM_MLL_HIVS_RESULT" nodeset="/ODM/ClinicalData/SubjectData/StudyEventData[@StudyEventOID=SE_SC1]/FormData[@FormOID=F_MLLM_5]/ItemGroupData[@ItemGroupOID=IG_MLLM_UNGROUPED]/ItemData[@ItemOID=''I_MLLM_MLL_HIVS_RESULT'']/@Value" type="xsd:decimal"/>
    <bind id="I_MLLM_MLL_HIVR_RESULT" nodeset="/ODM/ClinicalData/SubjectData/StudyEventData[@StudyEventOID=SE_SC1]/FormData[@FormOID=F_MLLM_5]/ItemGroupData[@ItemGroupOID=IG_MLLM_UNGROUPED]/ItemData[@ItemOID=''I_MLLM_MLL_HIVR_RESULT'']/@Value" type="xsd:string"/>
    <bind id="I_MLLM_MLL_CD4_RESULT" nodeset="/ODM/ClinicalData/SubjectData/StudyEventData[@StudyEventOID=SE_SC1]/FormData[@FormOID=F_MLLM_5]/ItemGroupData[@ItemGroupOID=IG_MLLM_UNGROUPED]/ItemData[@ItemOID=''I_MLLM_MLL_CD4_RESULT'']/@Value" type="xsd:decimal"/>
    <bind id="I_MLLM_MLL_HB_RESULT" nodeset="/ODM/ClinicalData/SubjectData/StudyEventData[@StudyEventOID=SE_SC1]/FormData[@FormOID=F_MLLM_5]/ItemGroupData[@ItemGroupOID=IG_MLLM_UNGROUPED]/ItemData[@ItemOID=''I_MLLM_MLL_HB_RESULT'']/@Value" type="xsd:decimal"/>
    <bind id="I_MLLM_MLL_RCC_RESULT" nodeset="/ODM/ClinicalData/SubjectData/StudyEventData[@StudyEventOID=SE_SC1]/FormData[@FormOID=F_MLLM_5]/ItemGroupData[@ItemGroupOID=IG_MLLM_UNGROUPED]/ItemData[@ItemOID=''I_MLLM_MLL_RCC_RESULT'']/@Value" type="xsd:decimal"/>
    <bind id="I_MLLM_MLL_HCT_RESULT" nodeset="/ODM/ClinicalData/SubjectData/StudyEventData[@StudyEventOID=SE_SC1]/FormData[@FormOID=F_MLLM_5]/ItemGroupData[@ItemGroupOID=IG_MLLM_UNGROUPED]/ItemData[@ItemOID=''I_MLLM_MLL_HCT_RESULT'']/@Value" type="xsd:decimal"/>
    <bind id="I_MLLM_MLL_MCV_RESULT" nodeset="/ODM/ClinicalData/SubjectData/StudyEventData[@StudyEventOID=SE_SC1]/FormData[@FormOID=F_MLLM_5]/ItemGroupData[@ItemGroupOID=IG_MLLM_UNGROUPED]/ItemData[@ItemOID=''I_MLLM_MLL_MCV_RESULT'']/@Value" type="xsd:decimal"/>
    <bind id="I_MLLM_MLL_MCH_RESULT" nodeset="/ODM/ClinicalData/SubjectData/StudyEventData[@StudyEventOID=SE_SC1]/FormData[@FormOID=F_MLLM_5]/ItemGroupData[@ItemGroupOID=IG_MLLM_UNGROUPED]/ItemData[@ItemOID=''I_MLLM_MLL_MCH_RESULT'']/@Value" type="xsd:decimal"/>
    <bind id="I_MLLM_MLL_MCHC_RESULT" nodeset="/ODM/ClinicalData/SubjectData/StudyEventData[@StudyEventOID=SE_SC1]/FormData[@FormOID=F_MLLM_5]/ItemGroupData[@ItemGroupOID=IG_MLLM_UNGROUPED]/ItemData[@ItemOID=''I_MLLM_MLL_MCHC_RESULT'']/@Value" type="xsd:decimal"/>
    <bind id="I_MLLM_MLL_LEUC_RESULT" nodeset="/ODM/ClinicalData/SubjectData/StudyEventData[@StudyEventOID=SE_SC1]/FormData[@FormOID=F_MLLM_5]/ItemGroupData[@ItemGroupOID=IG_MLLM_UNGROUPED]/ItemData[@ItemOID=''I_MLLM_MLL_LEUC_RESULT'']/@Value" type="xsd:decimal"/>
    <bind id="I_MLLM_MLL_NEUT_RESULT" nodeset="/ODM/ClinicalData/SubjectData/StudyEventData[@StudyEventOID=SE_SC1]/FormData[@FormOID=F_MLLM_5]/ItemGroupData[@ItemGroupOID=IG_MLLM_UNGROUPED]/ItemData[@ItemOID=''I_MLLM_MLL_NEUT_RESULT'']/@Value" type="xsd:decimal"/>
    <bind id="I_MLLM_MLL_EOS_RESULT" nodeset="/ODM/ClinicalData/SubjectData/StudyEventData[@StudyEventOID=SE_SC1]/FormData[@FormOID=F_MLLM_5]/ItemGroupData[@ItemGroupOID=IG_MLLM_UNGROUPED]/ItemData[@ItemOID=''I_MLLM_MLL_EOS_RESULT'']/@Value" type="xsd:decimal"/>
    <bind id="I_MLLM_MLL_BAS_RESULT" nodeset="/ODM/ClinicalData/SubjectData/StudyEventData[@StudyEventOID=SE_SC1]/FormData[@FormOID=F_MLLM_5]/ItemGroupData[@ItemGroupOID=IG_MLLM_UNGROUPED]/ItemData[@ItemOID=''I_MLLM_MLL_BAS_RESULT'']/@Value" type="xsd:decimal"/>
    <bind id="I_MLLM_MLL_MON_RESULT" nodeset="/ODM/ClinicalData/SubjectData/StudyEventData[@StudyEventOID=SE_SC1]/FormData[@FormOID=F_MLLM_5]/ItemGroupData[@ItemGroupOID=IG_MLLM_UNGROUPED]/ItemData[@ItemOID=''I_MLLM_MLL_MON_RESULT'']/@Value" type="xsd:decimal"/>
    <bind id="I_MLLM_MLL_LYM_RESULT" nodeset="/ODM/ClinicalData/SubjectData/StudyEventData[@StudyEventOID=SE_SC1]/FormData[@FormOID=F_MLLM_5]/ItemGroupData[@ItemGroupOID=IG_MLLM_UNGROUPED]/ItemData[@ItemOID=''I_MLLM_MLL_LYM_RESULT'']/@Value" type="xsd:decimal"/>
    <bind id="I_MLLM_MLL_PLAT_RESULT" nodeset="/ODM/ClinicalData/SubjectData/StudyEventData[@StudyEventOID=SE_SC1]/FormData[@FormOID=F_MLLM_5]/ItemGroupData[@ItemGroupOID=IG_MLLM_UNGROUPED]/ItemData[@ItemOID=''I_MLLM_MLL_PLAT_RESULT'']/@Value" type="xsd:decimal"/>
    <bind id="I_MLLM_MLL_HIVS_RESULTV" nodeset="/ODM/ClinicalData/SubjectData/StudyEventData[@StudyEventOID=SE_SC1]/FormData[@FormOID=F_MLLM_5]/ItemGroupData[@ItemGroupOID=IG_MLLM_UNGROUPED]/ItemData[@ItemOID=''I_MLLM_MLL_HIVS_RESULTV'']/@Value" type="xsd:int"/>
    <bind id="I_MLLM_MLL_HIVR_RESULTV" nodeset="/ODM/ClinicalData/SubjectData/StudyEventData[@StudyEventOID=SE_SC1]/FormData[@FormOID=F_MLLM_5]/ItemGroupData[@ItemGroupOID=IG_MLLM_UNGROUPED]/ItemData[@ItemOID=''I_MLLM_MLL_HIVR_RESULTV'']/@Value" type="xsd:int"/>
    <bind id="I_MLLM_MLL_CD4_RESULTV" nodeset="/ODM/ClinicalData/SubjectData/StudyEventData[@StudyEventOID=SE_SC1]/FormData[@FormOID=F_MLLM_5]/ItemGroupData[@ItemGroupOID=IG_MLLM_UNGROUPED]/ItemData[@ItemOID=''I_MLLM_MLL_CD4_RESULTV'']/@Value" type="xsd:int"/>
    <bind id="I_MLLM_MLL_HB_RESULTV" nodeset="/ODM/ClinicalData/SubjectData/StudyEventData[@StudyEventOID=SE_SC1]/FormData[@FormOID=F_MLLM_5]/ItemGroupData[@ItemGroupOID=IG_MLLM_UNGROUPED]/ItemData[@ItemOID=''I_MLLM_MLL_HB_RESULTV'']/@Value" type="xsd:int"/>
    <bind id="I_MLLM_MLL_RCC_RESULTV" nodeset="/ODM/ClinicalData/SubjectData/StudyEventData[@StudyEventOID=SE_SC1]/FormData[@FormOID=F_MLLM_5]/ItemGroupData[@ItemGroupOID=IG_MLLM_UNGROUPED]/ItemData[@ItemOID=''I_MLLM_MLL_RCC_RESULTV'']/@Value" type="xsd:int"/>
    <bind id="I_MLLM_MLL_HCT_RESULTV" nodeset="/ODM/ClinicalData/SubjectData/StudyEventData[@StudyEventOID=SE_SC1]/FormData[@FormOID=F_MLLM_5]/ItemGroupData[@ItemGroupOID=IG_MLLM_UNGROUPED]/ItemData[@ItemOID=''I_MLLM_MLL_HCT_RESULTV'']/@Value" type="xsd:int"/>
    <bind id="I_MLLM_MLL_MCV_RESULTV" nodeset="/ODM/ClinicalData/SubjectData/StudyEventData[@StudyEventOID=SE_SC1]/FormData[@FormOID=F_MLLM_5]/ItemGroupData[@ItemGroupOID=IG_MLLM_UNGROUPED]/ItemData[@ItemOID=''I_MLLM_MLL_MCV_RESULTV'']/@Value" type="xsd:int"/>
    <bind id="I_MLLM_MLL_MCH_RESULTV" nodeset="/ODM/ClinicalData/SubjectData/StudyEventData[@StudyEventOID=SE_SC1]/FormData[@FormOID=F_MLLM_5]/ItemGroupData[@ItemGroupOID=IG_MLLM_UNGROUPED]/ItemData[@ItemOID=''I_MLLM_MLL_MCH_RESULTV'']/@Value" type="xsd:int"/>
    <bind id="I_MLLM_MLL_MCHC_RESULTV" nodeset="/ODM/ClinicalData/SubjectData/StudyEventData[@StudyEventOID=SE_SC1]/FormData[@FormOID=F_MLLM_5]/ItemGroupData[@ItemGroupOID=IG_MLLM_UNGROUPED]/ItemData[@ItemOID=''I_MLLM_MLL_MCHC_RESULTV'']/@Value" type="xsd:int"/>
    <bind id="I_MLLM_MLL_LEUC_RESULTV" nodeset="/ODM/ClinicalData/SubjectData/StudyEventData[@StudyEventOID=SE_SC1]/FormData[@FormOID=F_MLLM_5]/ItemGroupData[@ItemGroupOID=IG_MLLM_UNGROUPED]/ItemData[@ItemOID=''I_MLLM_MLL_LEUC_RESULTV'']/@Value" type="xsd:int"/>
    <bind id="I_MLLM_MLL_NEUT_RESULTV" nodeset="/ODM/ClinicalData/SubjectData/StudyEventData[@StudyEventOID=SE_SC1]/FormData[@FormOID=F_MLLM_5]/ItemGroupData[@ItemGroupOID=IG_MLLM_UNGROUPED]/ItemData[@ItemOID=''I_MLLM_MLL_NEUT_RESULTV'']/@Value" type="xsd:int"/>
    <bind id="I_MLLM_MLL_EOS_RESULTV" nodeset="/ODM/ClinicalData/SubjectData/StudyEventData[@StudyEventOID=SE_SC1]/FormData[@FormOID=F_MLLM_5]/ItemGroupData[@ItemGroupOID=IG_MLLM_UNGROUPED]/ItemData[@ItemOID=''I_MLLM_MLL_EOS_RESULTV'']/@Value" type="xsd:int"/>
    <bind id="I_MLLM_MLL_BAS_RESULTV" nodeset="/ODM/ClinicalData/SubjectData/StudyEventData[@StudyEventOID=SE_SC1]/FormData[@FormOID=F_MLLM_5]/ItemGroupData[@ItemGroupOID=IG_MLLM_UNGROUPED]/ItemData[@ItemOID=''I_MLLM_MLL_BAS_RESULTV'']/@Value" type="xsd:int"/>
    <bind id="I_MLLM_MLL_MON_RESULTV" nodeset="/ODM/ClinicalData/SubjectData/StudyEventData[@StudyEventOID=SE_SC1]/FormData[@FormOID=F_MLLM_5]/ItemGroupData[@ItemGroupOID=IG_MLLM_UNGROUPED]/ItemData[@ItemOID=''I_MLLM_MLL_MON_RESULTV'']/@Value" type="xsd:int"/>
    <bind id="I_MLLM_MLL_LYM_RESULTV" nodeset="/ODM/ClinicalData/SubjectData/StudyEventData[@StudyEventOID=SE_SC1]/FormData[@FormOID=F_MLLM_5]/ItemGroupData[@ItemGroupOID=IG_MLLM_UNGROUPED]/ItemData[@ItemOID=''I_MLLM_MLL_LYM_RESULTV'']/@Value" type="xsd:int"/>
    <bind id="I_MLLM_MLL_PLAT_RESULTV" nodeset="/ODM/ClinicalData/SubjectData/StudyEventData[@StudyEventOID=SE_SC1]/FormData[@FormOID=F_MLLM_5]/ItemGroupData[@ItemGroupOID=IG_MLLM_UNGROUPED]/ItemData[@ItemOID=''I_MLLM_MLL_PLAT_RESULTV'']/@Value" type="xsd:int"/>
    <bind id="I_MLLM_MLL_OLE_PREC" nodeset="/ODM/ClinicalData/SubjectData/StudyEventData[@StudyEventOID=SE_SC1]/FormData[@FormOID=F_MLLM_5]/ItemGroupData[@ItemGroupOID=IG_MLLM_MLL_OTESTG]/ItemData[@ItemOID=''I_MLLM_MLL_OLE_PREC'']/@Value" type="xsd:string"/>
    <bind id="I_MLLM_MLL_OLE_COLD" nodeset="/ODM/ClinicalData/SubjectData/StudyEventData[@StudyEventOID=SE_SC1]/FormData[@FormOID=F_MLLM_5]/ItemGroupData[@ItemGroupOID=IG_MLLM_MLL_OTESTG]/ItemData[@ItemOID=''I_MLLM_MLL_OLE_COLD'']/@Value" type="xsd:date"/>
    <bind id="I_MLLM_MLL_OLE_RESULTV" nodeset="/ODM/ClinicalData/SubjectData/StudyEventData[@StudyEventOID=SE_SC1]/FormData[@FormOID=F_MLLM_5]/ItemGroupData[@ItemGroupOID=IG_MLLM_MLL_OTESTG]/ItemData[@ItemOID=''I_MLLM_MLL_OLE_RESULTV'']/@Value" type="xsd:string"/>
    <bind id="I_MLLM_MLL_OLE_PRECV" nodeset="/ODM/ClinicalData/SubjectData/StudyEventData[@StudyEventOID=SE_SC1]/FormData[@FormOID=F_MLLM_5]/ItemGroupData[@ItemGroupOID=IG_MLLM_MLL_OTESTG]/ItemData[@ItemOID=''I_MLLM_MLL_OLE_PRECV'']/@Value" type="xsd:string"/>
    <bind id="I_MLLM_MLL_OLE_COLDV" nodeset="/ODM/ClinicalData/SubjectData/StudyEventData[@StudyEventOID=SE_SC1]/FormData[@FormOID=F_MLLM_5]/ItemGroupData[@ItemGroupOID=IG_MLLM_MLL_OTESTG]/ItemData[@ItemOID=''I_MLLM_MLL_OLE_COLDV'']/@Value" type="xsd:date"/>
    <bind id="I_MLLM_INIT" nodeset="/ODM/ClinicalData/SubjectData/StudyEventData[@StudyEventOID=SE_SC1]/FormData[@FormOID=F_MLLM_2]/ItemGroupData[@ItemGroupOID=IG_MLLM_UNGROUPED]/ItemData[@ItemOID=''I_MLLM_INIT'']/@Value" type="xsd:string"/>
    <bind id="I_MLLM_FORMD" nodeset="/ODM/ClinicalData/SubjectData/StudyEventData[@StudyEventOID=SE_SC1]/FormData[@FormOID=F_MLLM_2]/ItemGroupData[@ItemGroupOID=IG_MLLM_UNGROUPED]/ItemData[@ItemOID=''I_MLLM_FORMD'']/@Value" type="xsd:date"/>
    <bind id="I_MLLM_ID" nodeset="/ODM/ClinicalData/SubjectData/StudyEventData[@StudyEventOID=SE_SC1]/FormData[@FormOID=F_MLLM_2]/ItemGroupData[@ItemGroupOID=IG_MLLM_UNGROUPED]/ItemData[@ItemOID=''I_MLLM_ID'']/@Value" type="xsd:string"/>
    <bind id="I_MLLM_MLL_BMCOLL" nodeset="/ODM/ClinicalData/SubjectData/StudyEventData[@StudyEventOID=SE_SC1]/FormData[@FormOID=F_MLLM_2]/ItemGroupData[@ItemGroupOID=IG_MLLM_UNGROUPED]/ItemData[@ItemOID=''I_MLLM_MLL_BMCOLL'']/@Value" type="xsd:int"/>
    <bind id="I_MLLM_MLL_BMNOCOLLREAS" nodeset="/ODM/ClinicalData/SubjectData/StudyEventData[@StudyEventOID=SE_SC1]/FormData[@FormOID=F_MLLM_2]/ItemGroupData[@ItemGroupOID=IG_MLLM_UNGROUPED]/ItemData[@ItemOID=''I_MLLM_MLL_BMNOCOLLREAS'']/@Value" type="xsd:string"/>
    <bind id="I_MLLM_MLL_BDCOLL" nodeset="/ODM/ClinicalData/SubjectData/StudyEventData[@StudyEventOID=SE_SC1]/FormData[@FormOID=F_MLLM_2]/ItemGroupData[@ItemGroupOID=IG_MLLM_UNGROUPED]/ItemData[@ItemOID=''I_MLLM_MLL_BDCOLL'']/@Value" type="xsd:int"/>
    <bind id="I_MLLM_MLL_BDNOCOLLREAS" nodeset="/ODM/ClinicalData/SubjectData/StudyEventData[@StudyEventOID=SE_SC1]/FormData[@FormOID=F_MLLM_2]/ItemGroupData[@ItemGroupOID=IG_MLLM_UNGROUPED]/ItemData[@ItemOID=''I_MLLM_MLL_BDNOCOLLREAS'']/@Value" type="xsd:string"/>
    <bind id="I_MLLM_MLL_HIVS_COID" nodeset="/ODM/ClinicalData/SubjectData/StudyEventData[@StudyEventOID=SE_SC1]/FormData[@FormOID=F_MLLM_2]/ItemGroupData[@ItemGroupOID=IG_MLLM_UNGROUPED]/ItemData[@ItemOID=''I_MLLM_MLL_HIVS_COID'']/@Value" type="xsd:date"/>
    <bind id="I_MLLM_MLL_HIVR_COID" nodeset="/ODM/ClinicalData/SubjectData/StudyEventData[@StudyEventOID=SE_SC1]/FormData[@FormOID=F_MLLM_2]/ItemGroupData[@ItemGroupOID=IG_MLLM_UNGROUPED]/ItemData[@ItemOID=''I_MLLM_MLL_HIVR_COID'']/@Value" type="xsd:date"/>
    <bind id="I_MLLM_MLL_CD4_COID" nodeset="/ODM/ClinicalData/SubjectData/StudyEventData[@StudyEventOID=SE_SC1]/FormData[@FormOID=F_MLLM_2]/ItemGroupData[@ItemGroupOID=IG_MLLM_UNGROUPED]/ItemData[@ItemOID=''I_MLLM_MLL_CD4_COID'']/@Value" type="xsd:date"/>
    <bind id="I_MLLM_MLL_HB_COLD" nodeset="/ODM/ClinicalData/SubjectData/StudyEventData[@StudyEventOID=SE_SC1]/FormData[@FormOID=F_MLLM_2]/ItemGroupData[@ItemGroupOID=IG_MLLM_UNGROUPED]/ItemData[@ItemOID=''I_MLLM_MLL_HB_COLD'']/@Value" type="xsd:date"/>
    <bind id="I_MLLM_MLL_RCC_COID" nodeset="/ODM/ClinicalData/SubjectData/StudyEventData[@StudyEventOID=SE_SC1]/FormData[@FormOID=F_MLLM_2]/ItemGroupData[@ItemGroupOID=IG_MLLM_UNGROUPED]/ItemData[@ItemOID=''I_MLLM_MLL_RCC_COID'']/@Value" type="xsd:date"/>
    <bind id="I_MLLM_MLL_HCT_COLD" nodeset="/ODM/ClinicalData/SubjectData/StudyEventData[@StudyEventOID=SE_SC1]/FormData[@FormOID=F_MLLM_2]/ItemGroupData[@ItemGroupOID=IG_MLLM_UNGROUPED]/ItemData[@ItemOID=''I_MLLM_MLL_HCT_COLD'']/@Value" type="xsd:date"/>
    <bind id="I_MLLM_MLL_MCV_COID" nodeset="/ODM/ClinicalData/SubjectData/StudyEventData[@StudyEventOID=SE_SC1]/FormData[@FormOID=F_MLLM_2]/ItemGroupData[@ItemGroupOID=IG_MLLM_UNGROUPED]/ItemData[@ItemOID=''I_MLLM_MLL_MCV_COID'']/@Value" type="xsd:date"/>
    <bind id="I_MLLM_MLL_MCH_COID" nodeset="/ODM/ClinicalData/SubjectData/StudyEventData[@StudyEventOID=SE_SC1]/FormData[@FormOID=F_MLLM_2]/ItemGroupData[@ItemGroupOID=IG_MLLM_UNGROUPED]/ItemData[@ItemOID=''I_MLLM_MLL_MCH_COID'']/@Value" type="xsd:date"/>
    <bind id="I_MLLM_MLL_MCHC_COID" nodeset="/ODM/ClinicalData/SubjectData/StudyEventData[@StudyEventOID=SE_SC1]/FormData[@FormOID=F_MLLM_2]/ItemGroupData[@ItemGroupOID=IG_MLLM_UNGROUPED]/ItemData[@ItemOID=''I_MLLM_MLL_MCHC_COID'']/@Value" type="xsd:date"/>
    <bind id="I_MLLM_MLL_LEUC_COID" nodeset="/ODM/ClinicalData/SubjectData/StudyEventData[@StudyEventOID=SE_SC1]/FormData[@FormOID=F_MLLM_2]/ItemGroupData[@ItemGroupOID=IG_MLLM_UNGROUPED]/ItemData[@ItemOID=''I_MLLM_MLL_LEUC_COID'']/@Value" type="xsd:date"/>
    <bind id="I_MLLM_MLL_NEUT_COLD" nodeset="/ODM/ClinicalData/SubjectData/StudyEventData[@StudyEventOID=SE_SC1]/FormData[@FormOID=F_MLLM_2]/ItemGroupData[@ItemGroupOID=IG_MLLM_UNGROUPED]/ItemData[@ItemOID=''I_MLLM_MLL_NEUT_COLD'']/@Value" type="xsd:date"/>
    <bind id="I_MLLM_MLL_EOS_COID" nodeset="/ODM/ClinicalData/SubjectData/StudyEventData[@StudyEventOID=SE_SC1]/FormData[@FormOID=F_MLLM_2]/ItemGroupData[@ItemGroupOID=IG_MLLM_UNGROUPED]/ItemData[@ItemOID=''I_MLLM_MLL_EOS_COID'']/@Value" type="xsd:date"/>
    <bind id="I_MLLM_MLL_BAS_CONID" nodeset="/ODM/ClinicalData/SubjectData/StudyEventData[@StudyEventOID=SE_SC1]/FormData[@FormOID=F_MLLM_2]/ItemGroupData[@ItemGroupOID=IG_MLLM_UNGROUPED]/ItemData[@ItemOID=''I_MLLM_MLL_BAS_CONID'']/@Value" type="xsd:date"/>
    <bind id="I_MLLM_MLL_MON_COLD" nodeset="/ODM/ClinicalData/SubjectData/StudyEventData[@StudyEventOID=SE_SC1]/FormData[@FormOID=F_MLLM_2]/ItemGroupData[@ItemGroupOID=IG_MLLM_UNGROUPED]/ItemData[@ItemOID=''I_MLLM_MLL_MON_COLD'']/@Value" type="xsd:date"/>
    <bind id="I_MLLM_MLL_LYM_COLD" nodeset="/ODM/ClinicalData/SubjectData/StudyEventData[@StudyEventOID=SE_SC1]/FormData[@FormOID=F_MLLM_2]/ItemGroupData[@ItemGroupOID=IG_MLLM_UNGROUPED]/ItemData[@ItemOID=''I_MLLM_MLL_LYM_COLD'']/@Value" type="xsd:date"/>
    <bind id="I_MLLM_MLL_PLAT_COID" nodeset="/ODM/ClinicalData/SubjectData/StudyEventData[@StudyEventOID=SE_SC1]/FormData[@FormOID=F_MLLM_2]/ItemGroupData[@ItemGroupOID=IG_MLLM_UNGROUPED]/ItemData[@ItemOID=''I_MLLM_MLL_PLAT_COID'']/@Value" type="xsd:date"/>
    <bind id="I_MLLM_MLL_HIVS_RES" nodeset="/ODM/ClinicalData/SubjectData/StudyEventData[@StudyEventOID=SE_SC1]/FormData[@FormOID=F_MLLM_2]/ItemGroupData[@ItemGroupOID=IG_MLLM_UNGROUPED]/ItemData[@ItemOID=''I_MLLM_MLL_HIVS_RES'']/@Value" type="xsd:decimal"/>
    <bind id="I_MLLM_MLL_HIVR_RES" nodeset="/ODM/ClinicalData/SubjectData/StudyEventData[@StudyEventOID=SE_SC1]/FormData[@FormOID=F_MLLM_2]/ItemGroupData[@ItemGroupOID=IG_MLLM_UNGROUPED]/ItemData[@ItemOID=''I_MLLM_MLL_HIVR_RES'']/@Value" type="xsd:string"/>
    <bind id="I_MLLM_MLL_CD4_RES" nodeset="/ODM/ClinicalData/SubjectData/StudyEventData[@StudyEventOID=SE_SC1]/FormData[@FormOID=F_MLLM_2]/ItemGroupData[@ItemGroupOID=IG_MLLM_UNGROUPED]/ItemData[@ItemOID=''I_MLLM_MLL_CD4_RES'']/@Value" type="xsd:decimal"/>
    <bind id="I_MLLM_MLL_HB_RES" nodeset="/ODM/ClinicalData/SubjectData/StudyEventData[@StudyEventOID=SE_SC1]/FormData[@FormOID=F_MLLM_2]/ItemGroupData[@ItemGroupOID=IG_MLLM_UNGROUPED]/ItemData[@ItemOID=''I_MLLM_MLL_HB_RES'']/@Value" type="xsd:decimal"/>
    <bind id="I_MLLM_MLL_RCC_RES" nodeset="/ODM/ClinicalData/SubjectData/StudyEventData[@StudyEventOID=SE_SC1]/FormData[@FormOID=F_MLLM_2]/ItemGroupData[@ItemGroupOID=IG_MLLM_UNGROUPED]/ItemData[@ItemOID=''I_MLLM_MLL_RCC_RES'']/@Value" type="xsd:decimal"/>
    <bind id="I_MLLM_MLL_HCT_RES" nodeset="/ODM/ClinicalData/SubjectData/StudyEventData[@StudyEventOID=SE_SC1]/FormData[@FormOID=F_MLLM_2]/ItemGroupData[@ItemGroupOID=IG_MLLM_UNGROUPED]/ItemData[@ItemOID=''I_MLLM_MLL_HCT_RES'']/@Value" type="xsd:decimal"/>
    <bind id="I_MLLM_MLL_MCV_RES" nodeset="/ODM/ClinicalData/SubjectData/StudyEventData[@StudyEventOID=SE_SC1]/FormData[@FormOID=F_MLLM_2]/ItemGroupData[@ItemGroupOID=IG_MLLM_UNGROUPED]/ItemData[@ItemOID=''I_MLLM_MLL_MCV_RES'']/@Value" type="xsd:decimal"/>
    <bind id="I_MLLM_MLL_MCH_RES" nodeset="/ODM/ClinicalData/SubjectData/StudyEventData[@StudyEventOID=SE_SC1]/FormData[@FormOID=F_MLLM_2]/ItemGroupData[@ItemGroupOID=IG_MLLM_UNGROUPED]/ItemData[@ItemOID=''I_MLLM_MLL_MCH_RES'']/@Value" type="xsd:decimal"/>
    <bind id="I_MLLM_MLL_MCHC_RES" nodeset="/ODM/ClinicalData/SubjectData/StudyEventData[@StudyEventOID=SE_SC1]/FormData[@FormOID=F_MLLM_2]/ItemGroupData[@ItemGroupOID=IG_MLLM_UNGROUPED]/ItemData[@ItemOID=''I_MLLM_MLL_MCHC_RES'']/@Value" type="xsd:decimal"/>
    <bind id="I_MLLM_MLL_LEUC_RES" nodeset="/ODM/ClinicalData/SubjectData/StudyEventData[@StudyEventOID=SE_SC1]/FormData[@FormOID=F_MLLM_2]/ItemGroupData[@ItemGroupOID=IG_MLLM_UNGROUPED]/ItemData[@ItemOID=''I_MLLM_MLL_LEUC_RES'']/@Value" type="xsd:decimal"/>
    <bind id="I_MLLM_MLL_NEUT_RES" nodeset="/ODM/ClinicalData/SubjectData/StudyEventData[@StudyEventOID=SE_SC1]/FormData[@FormOID=F_MLLM_2]/ItemGroupData[@ItemGroupOID=IG_MLLM_UNGROUPED]/ItemData[@ItemOID=''I_MLLM_MLL_NEUT_RES'']/@Value" type="xsd:decimal"/>
    <bind id="I_MLLM_MLL_EOS_RES" nodeset="/ODM/ClinicalData/SubjectData/StudyEventData[@StudyEventOID=SE_SC1]/FormData[@FormOID=F_MLLM_2]/ItemGroupData[@ItemGroupOID=IG_MLLM_UNGROUPED]/ItemData[@ItemOID=''I_MLLM_MLL_EOS_RES'']/@Value" type="xsd:decimal"/>
    <bind id="I_MLLM_MLL_BAS_RES" nodeset="/ODM/ClinicalData/SubjectData/StudyEventData[@StudyEventOID=SE_SC1]/FormData[@FormOID=F_MLLM_2]/ItemGroupData[@ItemGroupOID=IG_MLLM_UNGROUPED]/ItemData[@ItemOID=''I_MLLM_MLL_BAS_RES'']/@Value" type="xsd:decimal"/>
    <bind id="I_MLLM_MLL_MON_RES" nodeset="/ODM/ClinicalData/SubjectData/StudyEventData[@StudyEventOID=SE_SC1]/FormData[@FormOID=F_MLLM_2]/ItemGroupData[@ItemGroupOID=IG_MLLM_UNGROUPED]/ItemData[@ItemOID=''I_MLLM_MLL_MON_RES'']/@Value" type="xsd:decimal"/>
    <bind id="I_MLLM_MLL_LYM_RES" nodeset="/ODM/ClinicalData/SubjectData/StudyEventData[@StudyEventOID=SE_SC1]/FormData[@FormOID=F_MLLM_2]/ItemGroupData[@ItemGroupOID=IG_MLLM_UNGROUPED]/ItemData[@ItemOID=''I_MLLM_MLL_LYM_RES'']/@Value" type="xsd:decimal"/>
    <bind id="I_MLLM_MLL_PLAT_RES" nodeset="/ODM/ClinicalData/SubjectData/StudyEventData[@StudyEventOID=SE_SC1]/FormData[@FormOID=F_MLLM_2]/ItemGroupData[@ItemGroupOID=IG_MLLM_UNGROUPED]/ItemData[@ItemOID=''I_MLLM_MLL_PLAT_RES'']/@Value" type="xsd:decimal"/>
    <bind id="I_MLLM_MLL_BMCOLLV" nodeset="/ODM/ClinicalData/SubjectData/StudyEventData[@StudyEventOID=SE_SC1]/FormData[@FormOID=F_MLLM_2]/ItemGroupData[@ItemGroupOID=IG_MLLM_UNGROUPED]/ItemData[@ItemOID=''I_MLLM_MLL_BMCOLLV'']/@Value" type="xsd:int"/>
    <bind id="I_MLLM_MLL_BMNOCOLLREASV" nodeset="/ODM/ClinicalData/SubjectData/StudyEventData[@StudyEventOID=SE_SC1]/FormData[@FormOID=F_MLLM_2]/ItemGroupData[@ItemGroupOID=IG_MLLM_UNGROUPED]/ItemData[@ItemOID=''I_MLLM_MLL_BMNOCOLLREASV'']/@Value" type="xsd:string"/>
    <bind id="I_MLLM_MLL_BDCOLLV" nodeset="/ODM/ClinicalData/SubjectData/StudyEventData[@StudyEventOID=SE_SC1]/FormData[@FormOID=F_MLLM_2]/ItemGroupData[@ItemGroupOID=IG_MLLM_UNGROUPED]/ItemData[@ItemOID=''I_MLLM_MLL_BDCOLLV'']/@Value" type="xsd:int"/>
    <bind id="I_MLLM_MLL_BDNOCOLLREASV" nodeset="/ODM/ClinicalData/SubjectData/StudyEventData[@StudyEventOID=SE_SC1]/FormData[@FormOID=F_MLLM_2]/ItemGroupData[@ItemGroupOID=IG_MLLM_UNGROUPED]/ItemData[@ItemOID=''I_MLLM_MLL_BDNOCOLLREASV'']/@Value" type="xsd:string"/>
    <bind id="I_MLLM_MLL_HIVS_COIDV" nodeset="/ODM/ClinicalData/SubjectData/StudyEventData[@StudyEventOID=SE_SC1]/FormData[@FormOID=F_MLLM_2]/ItemGroupData[@ItemGroupOID=IG_MLLM_UNGROUPED]/ItemData[@ItemOID=''I_MLLM_MLL_HIVS_COIDV'']/@Value" type="xsd:date"/>
    <bind id="I_MLLM_MLL_HIVS_RESULTV_568" nodeset="/ODM/ClinicalData/SubjectData/StudyEventData[@StudyEventOID=SE_SC1]/FormData[@FormOID=F_MLLM_2]/ItemGroupData[@ItemGroupOID=IG_MLLM_UNGROUPED]/ItemData[@ItemOID=''I_MLLM_MLL_HIVS_RESULTV_568'']/@Value" type="xsd:decimal"/>
    <bind id="I_MLLM_MLL_HIVR_COIDV" nodeset="/ODM/ClinicalData/SubjectData/StudyEventData[@StudyEventOID=SE_SC1]/FormData[@FormOID=F_MLLM_2]/ItemGroupData[@ItemGroupOID=IG_MLLM_UNGROUPED]/ItemData[@ItemOID=''I_MLLM_MLL_HIVR_COIDV'']/@Value" type="xsd:date"/>
    <bind id="I_MLLM_MLL_HIVR_RESULTV_632" nodeset="/ODM/ClinicalData/SubjectData/StudyEventData[@StudyEventOID=SE_SC1]/FormData[@FormOID=F_MLLM_2]/ItemGroupData[@ItemGroupOID=IG_MLLM_UNGROUPED]/ItemData[@ItemOID=''I_MLLM_MLL_HIVR_RESULTV_632'']/@Value" type="xsd:string"/>
    <bind id="I_MLLM_MLL_CD4_COIDV" nodeset="/ODM/ClinicalData/SubjectData/StudyEventData[@StudyEventOID=SE_SC1]/FormData[@FormOID=F_MLLM_2]/ItemGroupData[@ItemGroupOID=IG_MLLM_UNGROUPED]/ItemData[@ItemOID=''I_MLLM_MLL_CD4_COIDV'']/@Value" type="xsd:date"/>
    <bind id="I_MLLM_MLL_CD4_RESULTV_7310" nodeset="/ODM/ClinicalData/SubjectData/StudyEventData[@StudyEventOID=SE_SC1]/FormData[@FormOID=F_MLLM_2]/ItemGroupData[@ItemGroupOID=IG_MLLM_UNGROUPED]/ItemData[@ItemOID=''I_MLLM_MLL_CD4_RESULTV_7310'']/@Value" type="xsd:decimal"/>
    <bind id="I_MLLM_MLL_HB_COLDV" nodeset="/ODM/ClinicalData/SubjectData/StudyEventData[@StudyEventOID=SE_SC1]/FormData[@FormOID=F_MLLM_2]/ItemGroupData[@ItemGroupOID=IG_MLLM_UNGROUPED]/ItemData[@ItemOID=''I_MLLM_MLL_HB_COLDV'']/@Value" type="xsd:date"/>
    <bind id="I_MLLM_MLL_HB_RESULTV_4245" nodeset="/ODM/ClinicalData/SubjectData/StudyEventData[@StudyEventOID=SE_SC1]/FormData[@FormOID=F_MLLM_2]/ItemGroupData[@ItemGroupOID=IG_MLLM_UNGROUPED]/ItemData[@ItemOID=''I_MLLM_MLL_HB_RESULTV_4245'']/@Value" type="xsd:decimal"/>
    <bind id="I_MLLM_MLL_RCC_COIDV" nodeset="/ODM/ClinicalData/SubjectData/StudyEventData[@StudyEventOID=SE_SC1]/FormData[@FormOID=F_MLLM_2]/ItemGroupData[@ItemGroupOID=IG_MLLM_UNGROUPED]/ItemData[@ItemOID=''I_MLLM_MLL_RCC_COIDV'']/@Value" type="xsd:date"/>
    <bind id="I_MLLM_MLL_RCC_RESULTV_8023" nodeset="/ODM/ClinicalData/SubjectData/StudyEventData[@StudyEventOID=SE_SC1]/FormData[@FormOID=F_MLLM_2]/ItemGroupData[@ItemGroupOID=IG_MLLM_UNGROUPED]/ItemData[@ItemOID=''I_MLLM_MLL_RCC_RESULTV_8023'']/@Value" type="xsd:decimal"/>
    <bind id="I_MLLM_MLL_HCT_COLDV" nodeset="/ODM/ClinicalData/SubjectData/StudyEventData[@StudyEventOID=SE_SC1]/FormData[@FormOID=F_MLLM_2]/ItemGroupData[@ItemGroupOID=IG_MLLM_UNGROUPED]/ItemData[@ItemOID=''I_MLLM_MLL_HCT_COLDV'']/@Value" type="xsd:date"/>
    <bind id="I_MLLM_MLL_HCT_RESULTV_8098" nodeset="/ODM/ClinicalData/SubjectData/StudyEventData[@StudyEventOID=SE_SC1]/FormData[@FormOID=F_MLLM_2]/ItemGroupData[@ItemGroupOID=IG_MLLM_UNGROUPED]/ItemData[@ItemOID=''I_MLLM_MLL_HCT_RESULTV_8098'']/@Value" type="xsd:decimal"/>
    <bind id="I_MLLM_MLL_MCV_COIDV" nodeset="/ODM/ClinicalData/SubjectData/StudyEventData[@StudyEventOID=SE_SC1]/FormData[@FormOID=F_MLLM_2]/ItemGroupData[@ItemGroupOID=IG_MLLM_UNGROUPED]/ItemData[@ItemOID=''I_MLLM_MLL_MCV_COIDV'']/@Value" type="xsd:date"/>
    <bind id="I_MLLM_MLL_MCV_RESULTV_3027" nodeset="/ODM/ClinicalData/SubjectData/StudyEventData[@StudyEventOID=SE_SC1]/FormData[@FormOID=F_MLLM_2]/ItemGroupData[@ItemGroupOID=IG_MLLM_UNGROUPED]/ItemData[@ItemOID=''I_MLLM_MLL_MCV_RESULTV_3027'']/@Value" type="xsd:decimal"/>
    <bind id="I_MLLM_MLL_MCH_COIDV" nodeset="/ODM/ClinicalData/SubjectData/StudyEventData[@StudyEventOID=SE_SC1]/FormData[@FormOID=F_MLLM_2]/ItemGroupData[@ItemGroupOID=IG_MLLM_UNGROUPED]/ItemData[@ItemOID=''I_MLLM_MLL_MCH_COIDV'']/@Value" type="xsd:date"/>
    <bind id="I_MLLM_MLL_MCH_RESULTV_9428" nodeset="/ODM/ClinicalData/SubjectData/StudyEventData[@StudyEventOID=SE_SC1]/FormData[@FormOID=F_MLLM_2]/ItemGroupData[@ItemGroupOID=IG_MLLM_UNGROUPED]/ItemData[@ItemOID=''I_MLLM_MLL_MCH_RESULTV_9428'']/@Value" type="xsd:decimal"/>
    <bind id="I_MLLM_MLL_MCHC_COIDV" nodeset="/ODM/ClinicalData/SubjectData/StudyEventData[@StudyEventOID=SE_SC1]/FormData[@FormOID=F_MLLM_2]/ItemGroupData[@ItemGroupOID=IG_MLLM_UNGROUPED]/ItemData[@ItemOID=''I_MLLM_MLL_MCHC_COIDV'']/@Value" type="xsd:date"/>
    <bind id="I_MLLM_MLL_MCHC_RESULTV_9280" nodeset="/ODM/ClinicalData/SubjectData/StudyEventData[@StudyEventOID=SE_SC1]/FormData[@FormOID=F_MLLM_2]/ItemGroupData[@ItemGroupOID=IG_MLLM_UNGROUPED]/ItemData[@ItemOID=''I_MLLM_MLL_MCHC_RESULTV_9280'']/@Value" type="xsd:decimal"/>
    <bind id="I_MLLM_MLL_LEUC_COIDV" nodeset="/ODM/ClinicalData/SubjectData/StudyEventData[@StudyEventOID=SE_SC1]/FormData[@FormOID=F_MLLM_2]/ItemGroupData[@ItemGroupOID=IG_MLLM_UNGROUPED]/ItemData[@ItemOID=''I_MLLM_MLL_LEUC_COIDV'']/@Value" type="xsd:date"/>
    <bind id="I_MLLM_MLL_LEUC_RESULTV_3135" nodeset="/ODM/ClinicalData/SubjectData/StudyEventData[@StudyEventOID=SE_SC1]/FormData[@FormOID=F_MLLM_2]/ItemGroupData[@ItemGroupOID=IG_MLLM_UNGROUPED]/ItemData[@ItemOID=''I_MLLM_MLL_LEUC_RESULTV_3135'']/@Value" type="xsd:decimal"/>
    <bind id="I_MLLM_MLL_NEUT_COLDV" nodeset="/ODM/ClinicalData/SubjectData/StudyEventData[@StudyEventOID=SE_SC1]/FormData[@FormOID=F_MLLM_2]/ItemGroupData[@ItemGroupOID=IG_MLLM_UNGROUPED]/ItemData[@ItemOID=''I_MLLM_MLL_NEUT_COLDV'']/@Value" type="xsd:date"/>
    <bind id="I_MLLM_MLL_NEUT_RESULTV_2369" nodeset="/ODM/ClinicalData/SubjectData/StudyEventData[@StudyEventOID=SE_SC1]/FormData[@FormOID=F_MLLM_2]/ItemGroupData[@ItemGroupOID=IG_MLLM_UNGROUPED]/ItemData[@ItemOID=''I_MLLM_MLL_NEUT_RESULTV_2369'']/@Value" type="xsd:decimal"/>
    <bind id="I_MLLM_MLL_EOS_COIDV" nodeset="/ODM/ClinicalData/SubjectData/StudyEventData[@StudyEventOID=SE_SC1]/FormData[@FormOID=F_MLLM_2]/ItemGroupData[@ItemGroupOID=IG_MLLM_UNGROUPED]/ItemData[@ItemOID=''I_MLLM_MLL_EOS_COIDV'']/@Value" type="xsd:date"/>
    <bind id="I_MLLM_MLL_EOS_RESULTV_1137" nodeset="/ODM/ClinicalData/SubjectData/StudyEventData[@StudyEventOID=SE_SC1]/FormData[@FormOID=F_MLLM_2]/ItemGroupData[@ItemGroupOID=IG_MLLM_UNGROUPED]/ItemData[@ItemOID=''I_MLLM_MLL_EOS_RESULTV_1137'']/@Value" type="xsd:decimal"/>
    <bind id="I_MLLM_MLL_BAS_CONIDV" nodeset="/ODM/ClinicalData/SubjectData/StudyEventData[@StudyEventOID=SE_SC1]/FormData[@FormOID=F_MLLM_2]/ItemGroupData[@ItemGroupOID=IG_MLLM_UNGROUPED]/ItemData[@ItemOID=''I_MLLM_MLL_BAS_CONIDV'']/@Value" type="xsd:date"/>
    <bind id="I_MLLM_MLL_BAS_RESULTV_5744" nodeset="/ODM/ClinicalData/SubjectData/StudyEventData[@StudyEventOID=SE_SC1]/FormData[@FormOID=F_MLLM_2]/ItemGroupData[@ItemGroupOID=IG_MLLM_UNGROUPED]/ItemData[@ItemOID=''I_MLLM_MLL_BAS_RESULTV_5744'']/@Value" type="xsd:decimal"/>
    <bind id="I_MLLM_MLL_MON_COLDV" nodeset="/ODM/ClinicalData/SubjectData/StudyEventData[@StudyEventOID=SE_SC1]/FormData[@FormOID=F_MLLM_2]/ItemGroupData[@ItemGroupOID=IG_MLLM_UNGROUPED]/ItemData[@ItemOID=''I_MLLM_MLL_MON_COLDV'']/@Value" type="xsd:date"/>
    <bind id="I_MLLM_MLL_MON_RESULTV_3748" nodeset="/ODM/ClinicalData/SubjectData/StudyEventData[@StudyEventOID=SE_SC1]/FormData[@FormOID=F_MLLM_2]/ItemGroupData[@ItemGroupOID=IG_MLLM_UNGROUPED]/ItemData[@ItemOID=''I_MLLM_MLL_MON_RESULTV_3748'']/@Value" type="xsd:decimal"/>
    <bind id="I_MLLM_MLL_LYM_COLDV" nodeset="/ODM/ClinicalData/SubjectData/StudyEventData[@StudyEventOID=SE_SC1]/FormData[@FormOID=F_MLLM_2]/ItemGroupData[@ItemGroupOID=IG_MLLM_UNGROUPED]/ItemData[@ItemOID=''I_MLLM_MLL_LYM_COLDV'']/@Value" type="xsd:date"/>
    <bind id="I_MLLM_MLL_LYM_RESULTV_977" nodeset="/ODM/ClinicalData/SubjectData/StudyEventData[@StudyEventOID=SE_SC1]/FormData[@FormOID=F_MLLM_2]/ItemGroupData[@ItemGroupOID=IG_MLLM_UNGROUPED]/ItemData[@ItemOID=''I_MLLM_MLL_LYM_RESULTV_977'']/@Value" type="xsd:decimal"/>
    <bind id="I_MLLM_MLL_PLAT_COIDV" nodeset="/ODM/ClinicalData/SubjectData/StudyEventData[@StudyEventOID=SE_SC1]/FormData[@FormOID=F_MLLM_2]/ItemGroupData[@ItemGroupOID=IG_MLLM_UNGROUPED]/ItemData[@ItemOID=''I_MLLM_MLL_PLAT_COIDV'']/@Value" type="xsd:date"/>
    <bind id="I_MLLM_MLL_PLAT_RESULTV_2897" nodeset="/ODM/ClinicalData/SubjectData/StudyEventData[@StudyEventOID=SE_SC1]/FormData[@FormOID=F_MLLM_2]/ItemGroupData[@ItemGroupOID=IG_MLLM_UNGROUPED]/ItemData[@ItemOID=''I_MLLM_MLL_PLAT_RESULTV_2897'']/@Value" type="xsd:decimal"/>
    <bind id="I_MLLM_MLL_HIVS_RESULT" nodeset="/ODM/ClinicalData/SubjectData/StudyEventData[@StudyEventOID=SE_SC1]/FormData[@FormOID=F_MLLM_2]/ItemGroupData[@ItemGroupOID=IG_MLLM_UNGROUPED]/ItemData[@ItemOID=''I_MLLM_MLL_HIVS_RESULT'']/@Value" type="xsd:decimal"/>
    <bind id="I_MLLM_MLL_HIVR_RESULT" nodeset="/ODM/ClinicalData/SubjectData/StudyEventData[@StudyEventOID=SE_SC1]/FormData[@FormOID=F_MLLM_2]/ItemGroupData[@ItemGroupOID=IG_MLLM_UNGROUPED]/ItemData[@ItemOID=''I_MLLM_MLL_HIVR_RESULT'']/@Value" type="xsd:string"/>
    <bind id="I_MLLM_MLL_CD4_RESULT" nodeset="/ODM/ClinicalData/SubjectData/StudyEventData[@StudyEventOID=SE_SC1]/FormData[@FormOID=F_MLLM_2]/ItemGroupData[@ItemGroupOID=IG_MLLM_UNGROUPED]/ItemData[@ItemOID=''I_MLLM_MLL_CD4_RESULT'']/@Value" type="xsd:decimal"/>
    <bind id="I_MLLM_MLL_HB_RESULT" nodeset="/ODM/ClinicalData/SubjectData/StudyEventData[@StudyEventOID=SE_SC1]/FormData[@FormOID=F_MLLM_2]/ItemGroupData[@ItemGroupOID=IG_MLLM_UNGROUPED]/ItemData[@ItemOID=''I_MLLM_MLL_HB_RESULT'']/@Value" type="xsd:decimal"/>
    <bind id="I_MLLM_MLL_RCC_RESULT" nodeset="/ODM/ClinicalData/SubjectData/StudyEventData[@StudyEventOID=SE_SC1]/FormData[@FormOID=F_MLLM_2]/ItemGroupData[@ItemGroupOID=IG_MLLM_UNGROUPED]/ItemData[@ItemOID=''I_MLLM_MLL_RCC_RESULT'']/@Value" type="xsd:decimal"/>
    <bind id="I_MLLM_MLL_HCT_RESULT" nodeset="/ODM/ClinicalData/SubjectData/StudyEventData[@StudyEventOID=SE_SC1]/FormData[@FormOID=F_MLLM_2]/ItemGroupData[@ItemGroupOID=IG_MLLM_UNGROUPED]/ItemData[@ItemOID=''I_MLLM_MLL_HCT_RESULT'']/@Value" type="xsd:decimal"/>
    <bind id="I_MLLM_MLL_MCV_RESULT" nodeset="/ODM/ClinicalData/SubjectData/StudyEventData[@StudyEventOID=SE_SC1]/FormData[@FormOID=F_MLLM_2]/ItemGroupData[@ItemGroupOID=IG_MLLM_UNGROUPED]/ItemData[@ItemOID=''I_MLLM_MLL_MCV_RESULT'']/@Value" type="xsd:decimal"/>
    <bind id="I_MLLM_MLL_MCH_RESULT" nodeset="/ODM/ClinicalData/SubjectData/StudyEventData[@StudyEventOID=SE_SC1]/FormData[@FormOID=F_MLLM_2]/ItemGroupData[@ItemGroupOID=IG_MLLM_UNGROUPED]/ItemData[@ItemOID=''I_MLLM_MLL_MCH_RESULT'']/@Value" type="xsd:decimal"/>
    <bind id="I_MLLM_MLL_MCHC_RESULT" nodeset="/ODM/ClinicalData/SubjectData/StudyEventData[@StudyEventOID=SE_SC1]/FormData[@FormOID=F_MLLM_2]/ItemGroupData[@ItemGroupOID=IG_MLLM_UNGROUPED]/ItemData[@ItemOID=''I_MLLM_MLL_MCHC_RESULT'']/@Value" type="xsd:decimal"/>
    <bind id="I_MLLM_MLL_LEUC_RESULT" nodeset="/ODM/ClinicalData/SubjectData/StudyEventData[@StudyEventOID=SE_SC1]/FormData[@FormOID=F_MLLM_2]/ItemGroupData[@ItemGroupOID=IG_MLLM_UNGROUPED]/ItemData[@ItemOID=''I_MLLM_MLL_LEUC_RESULT'']/@Value" type="xsd:decimal"/>
    <bind id="I_MLLM_MLL_NEUT_RESULT" nodeset="/ODM/ClinicalData/SubjectData/StudyEventData[@StudyEventOID=SE_SC1]/FormData[@FormOID=F_MLLM_2]/ItemGroupData[@ItemGroupOID=IG_MLLM_UNGROUPED]/ItemData[@ItemOID=''I_MLLM_MLL_NEUT_RESULT'']/@Value" type="xsd:decimal"/>
    <bind id="I_MLLM_MLL_EOS_RESULT" nodeset="/ODM/ClinicalData/SubjectData/StudyEventData[@StudyEventOID=SE_SC1]/FormData[@FormOID=F_MLLM_2]/ItemGroupData[@ItemGroupOID=IG_MLLM_UNGROUPED]/ItemData[@ItemOID=''I_MLLM_MLL_EOS_RESULT'']/@Value" type="xsd:decimal"/>
    <bind id="I_MLLM_MLL_BAS_RESULT" nodeset="/ODM/ClinicalData/SubjectData/StudyEventData[@StudyEventOID=SE_SC1]/FormData[@FormOID=F_MLLM_2]/ItemGroupData[@ItemGroupOID=IG_MLLM_UNGROUPED]/ItemData[@ItemOID=''I_MLLM_MLL_BAS_RESULT'']/@Value" type="xsd:decimal"/>
    <bind id="I_MLLM_MLL_MON_RESULT" nodeset="/ODM/ClinicalData/SubjectData/StudyEventData[@StudyEventOID=SE_SC1]/FormData[@FormOID=F_MLLM_2]/ItemGroupData[@ItemGroupOID=IG_MLLM_UNGROUPED]/ItemData[@ItemOID=''I_MLLM_MLL_MON_RESULT'']/@Value" type="xsd:decimal"/>
    <bind id="I_MLLM_MLL_LYM_RESULT" nodeset="/ODM/ClinicalData/SubjectData/StudyEventData[@StudyEventOID=SE_SC1]/FormData[@FormOID=F_MLLM_2]/ItemGroupData[@ItemGroupOID=IG_MLLM_UNGROUPED]/ItemData[@ItemOID=''I_MLLM_MLL_LYM_RESULT'']/@Value" type="xsd:decimal"/>
    <bind id="I_MLLM_MLL_PLAT_RESULT" nodeset="/ODM/ClinicalData/SubjectData/StudyEventData[@StudyEventOID=SE_SC1]/FormData[@FormOID=F_MLLM_2]/ItemGroupData[@ItemGroupOID=IG_MLLM_UNGROUPED]/ItemData[@ItemOID=''I_MLLM_MLL_PLAT_RESULT'']/@Value" type="xsd:decimal"/>
    <bind id="I_MLLM_MLL_HIVS_RESULTV" nodeset="/ODM/ClinicalData/SubjectData/StudyEventData[@StudyEventOID=SE_SC1]/FormData[@FormOID=F_MLLM_2]/ItemGroupData[@ItemGroupOID=IG_MLLM_UNGROUPED]/ItemData[@ItemOID=''I_MLLM_MLL_HIVS_RESULTV'']/@Value" type="xsd:int"/>
    <bind id="I_MLLM_MLL_HIVR_RESULTV" nodeset="/ODM/ClinicalData/SubjectData/StudyEventData[@StudyEventOID=SE_SC1]/FormData[@FormOID=F_MLLM_2]/ItemGroupData[@ItemGroupOID=IG_MLLM_UNGROUPED]/ItemData[@ItemOID=''I_MLLM_MLL_HIVR_RESULTV'']/@Value" type="xsd:int"/>
    <bind id="I_MLLM_MLL_CD4_RESULTV" nodeset="/ODM/ClinicalData/SubjectData/StudyEventData[@StudyEventOID=SE_SC1]/FormData[@FormOID=F_MLLM_2]/ItemGroupData[@ItemGroupOID=IG_MLLM_UNGROUPED]/ItemData[@ItemOID=''I_MLLM_MLL_CD4_RESULTV'']/@Value" type="xsd:int"/>
    <bind id="I_MLLM_MLL_HB_RESULTV" nodeset="/ODM/ClinicalData/SubjectData/StudyEventData[@StudyEventOID=SE_SC1]/FormData[@FormOID=F_MLLM_2]/ItemGroupData[@ItemGroupOID=IG_MLLM_UNGROUPED]/ItemData[@ItemOID=''I_MLLM_MLL_HB_RESULTV'']/@Value" type="xsd:int"/>
    <bind id="I_MLLM_MLL_RCC_RESULTV" nodeset="/ODM/ClinicalData/SubjectData/StudyEventData[@StudyEventOID=SE_SC1]/FormData[@FormOID=F_MLLM_2]/ItemGroupData[@ItemGroupOID=IG_MLLM_UNGROUPED]/ItemData[@ItemOID=''I_MLLM_MLL_RCC_RESULTV'']/@Value" type="xsd:int"/>
    <bind id="I_MLLM_MLL_HCT_RESULTV" nodeset="/ODM/ClinicalData/SubjectData/StudyEventData[@StudyEventOID=SE_SC1]/FormData[@FormOID=F_MLLM_2]/ItemGroupData[@ItemGroupOID=IG_MLLM_UNGROUPED]/ItemData[@ItemOID=''I_MLLM_MLL_HCT_RESULTV'']/@Value" type="xsd:int"/>
    <bind id="I_MLLM_MLL_MCV_RESULTV" nodeset="/ODM/ClinicalData/SubjectData/StudyEventData[@StudyEventOID=SE_SC1]/FormData[@FormOID=F_MLLM_2]/ItemGroupData[@ItemGroupOID=IG_MLLM_UNGROUPED]/ItemData[@ItemOID=''I_MLLM_MLL_MCV_RESULTV'']/@Value" type="xsd:int"/>
    <bind id="I_MLLM_MLL_MCH_RESULTV" nodeset="/ODM/ClinicalData/SubjectData/StudyEventData[@StudyEventOID=SE_SC1]/FormData[@FormOID=F_MLLM_2]/ItemGroupData[@ItemGroupOID=IG_MLLM_UNGROUPED]/ItemData[@ItemOID=''I_MLLM_MLL_MCH_RESULTV'']/@Value" type="xsd:int"/>
    <bind id="I_MLLM_MLL_MCHC_RESULTV" nodeset="/ODM/ClinicalData/SubjectData/StudyEventData[@StudyEventOID=SE_SC1]/FormData[@FormOID=F_MLLM_2]/ItemGroupData[@ItemGroupOID=IG_MLLM_UNGROUPED]/ItemData[@ItemOID=''I_MLLM_MLL_MCHC_RESULTV'']/@Value" type="xsd:int"/>
    <bind id="I_MLLM_MLL_LEUC_RESULTV" nodeset="/ODM/ClinicalData/SubjectData/StudyEventData[@StudyEventOID=SE_SC1]/FormData[@FormOID=F_MLLM_2]/ItemGroupData[@ItemGroupOID=IG_MLLM_UNGROUPED]/ItemData[@ItemOID=''I_MLLM_MLL_LEUC_RESULTV'']/@Value" type="xsd:int"/>
    <bind id="I_MLLM_MLL_NEUT_RESULTV" nodeset="/ODM/ClinicalData/SubjectData/StudyEventData[@StudyEventOID=SE_SC1]/FormData[@FormOID=F_MLLM_2]/ItemGroupData[@ItemGroupOID=IG_MLLM_UNGROUPED]/ItemData[@ItemOID=''I_MLLM_MLL_NEUT_RESULTV'']/@Value" type="xsd:int"/>
    <bind id="I_MLLM_MLL_EOS_RESULTV" nodeset="/ODM/ClinicalData/SubjectData/StudyEventData[@StudyEventOID=SE_SC1]/FormData[@FormOID=F_MLLM_2]/ItemGroupData[@ItemGroupOID=IG_MLLM_UNGROUPED]/ItemData[@ItemOID=''I_MLLM_MLL_EOS_RESULTV'']/@Value" type="xsd:int"/>
    <bind id="I_MLLM_MLL_BAS_RESULTV" nodeset="/ODM/ClinicalData/SubjectData/StudyEventData[@StudyEventOID=SE_SC1]/FormData[@FormOID=F_MLLM_2]/ItemGroupData[@ItemGroupOID=IG_MLLM_UNGROUPED]/ItemData[@ItemOID=''I_MLLM_MLL_BAS_RESULTV'']/@Value" type="xsd:int"/>
    <bind id="I_MLLM_MLL_MON_RESULTV" nodeset="/ODM/ClinicalData/SubjectData/StudyEventData[@StudyEventOID=SE_SC1]/FormData[@FormOID=F_MLLM_2]/ItemGroupData[@ItemGroupOID=IG_MLLM_UNGROUPED]/ItemData[@ItemOID=''I_MLLM_MLL_MON_RESULTV'']/@Value" type="xsd:int"/>
    <bind id="I_MLLM_MLL_LYM_RESULTV" nodeset="/ODM/ClinicalData/SubjectData/StudyEventData[@StudyEventOID=SE_SC1]/FormData[@FormOID=F_MLLM_2]/ItemGroupData[@ItemGroupOID=IG_MLLM_UNGROUPED]/ItemData[@ItemOID=''I_MLLM_MLL_LYM_RESULTV'']/@Value" type="xsd:int"/>
    <bind id="I_MLLM_MLL_PLAT_RESULTV" nodeset="/ODM/ClinicalData/SubjectData/StudyEventData[@StudyEventOID=SE_SC1]/FormData[@FormOID=F_MLLM_2]/ItemGroupData[@ItemGroupOID=IG_MLLM_UNGROUPED]/ItemData[@ItemOID=''I_MLLM_MLL_PLAT_RESULTV'']/@Value" type="xsd:int"/>
    <bind id="I_MLLM_MLL_OLE_PREC" nodeset="/ODM/ClinicalData/SubjectData/StudyEventData[@StudyEventOID=SE_SC1]/FormData[@FormOID=F_MLLM_2]/ItemGroupData[@ItemGroupOID=IG_MLLM_MLL_OTESTG]/ItemData[@ItemOID=''I_MLLM_MLL_OLE_PREC'']/@Value" type="xsd:string"/>
    <bind id="I_MLLM_MLL_OLE_COLD" nodeset="/ODM/ClinicalData/SubjectData/StudyEventData[@StudyEventOID=SE_SC1]/FormData[@FormOID=F_MLLM_2]/ItemGroupData[@ItemGroupOID=IG_MLLM_MLL_OTESTG]/ItemData[@ItemOID=''I_MLLM_MLL_OLE_COLD'']/@Value" type="xsd:date"/>
    <bind id="I_MLLM_MLL_OLE_RESULTV" nodeset="/ODM/ClinicalData/SubjectData/StudyEventData[@StudyEventOID=SE_SC1]/FormData[@FormOID=F_MLLM_2]/ItemGroupData[@ItemGroupOID=IG_MLLM_MLL_OTESTG]/ItemData[@ItemOID=''I_MLLM_MLL_OLE_RESULTV'']/@Value" type="xsd:string"/>
    <bind id="I_MLLM_MLL_OLE_PRECV" nodeset="/ODM/ClinicalData/SubjectData/StudyEventData[@StudyEventOID=SE_SC1]/FormData[@FormOID=F_MLLM_2]/ItemGroupData[@ItemGroupOID=IG_MLLM_MLL_OTESTG]/ItemData[@ItemOID=''I_MLLM_MLL_OLE_PRECV'']/@Value" type="xsd:string"/>
    <bind id="I_MLLM_MLL_OLE_COLDV" nodeset="/ODM/ClinicalData/SubjectData/StudyEventData[@StudyEventOID=SE_SC1]/FormData[@FormOID=F_MLLM_2]/ItemGroupData[@ItemGroupOID=IG_MLLM_MLL_OTESTG]/ItemData[@ItemOID=''I_MLLM_MLL_OLE_COLDV'']/@Value" type="xsd:date"/>
    <bind id="I_MLLM_INIT" nodeset="/ODM/ClinicalData/SubjectData/StudyEventData[@StudyEventOID=SE_SC1]/FormData[@FormOID=F_MLLM_1]/ItemGroupData[@ItemGroupOID=IG_MLLM_UNGROUPED]/ItemData[@ItemOID=''I_MLLM_INIT'']/@Value" type="xsd:string"/>
    <bind id="I_MLLM_FORMD" nodeset="/ODM/ClinicalData/SubjectData/StudyEventData[@StudyEventOID=SE_SC1]/FormData[@FormOID=F_MLLM_1]/ItemGroupData[@ItemGroupOID=IG_MLLM_UNGROUPED]/ItemData[@ItemOID=''I_MLLM_FORMD'']/@Value" type="xsd:date"/>
    <bind id="I_MLLM_ID" nodeset="/ODM/ClinicalData/SubjectData/StudyEventData[@StudyEventOID=SE_SC1]/FormData[@FormOID=F_MLLM_1]/ItemGroupData[@ItemGroupOID=IG_MLLM_UNGROUPED]/ItemData[@ItemOID=''I_MLLM_ID'']/@Value" type="xsd:string"/>
    <bind id="I_MLLM_MLL_BMCOLL" nodeset="/ODM/ClinicalData/SubjectData/StudyEventData[@StudyEventOID=SE_SC1]/FormData[@FormOID=F_MLLM_1]/ItemGroupData[@ItemGroupOID=IG_MLLM_UNGROUPED]/ItemData[@ItemOID=''I_MLLM_MLL_BMCOLL'']/@Value" type="xsd:int"/>
    <bind id="I_MLLM_MLL_BMNOCOLLREAS" nodeset="/ODM/ClinicalData/SubjectData/StudyEventData[@StudyEventOID=SE_SC1]/FormData[@FormOID=F_MLLM_1]/ItemGroupData[@ItemGroupOID=IG_MLLM_UNGROUPED]/ItemData[@ItemOID=''I_MLLM_MLL_BMNOCOLLREAS'']/@Value" type="xsd:string"/>
    <bind id="I_MLLM_MLL_BDCOLL" nodeset="/ODM/ClinicalData/SubjectData/StudyEventData[@StudyEventOID=SE_SC1]/FormData[@FormOID=F_MLLM_1]/ItemGroupData[@ItemGroupOID=IG_MLLM_UNGROUPED]/ItemData[@ItemOID=''I_MLLM_MLL_BDCOLL'']/@Value" type="xsd:int"/>
    <bind id="I_MLLM_MLL_BDNOCOLLREAS" nodeset="/ODM/ClinicalData/SubjectData/StudyEventData[@StudyEventOID=SE_SC1]/FormData[@FormOID=F_MLLM_1]/ItemGroupData[@ItemGroupOID=IG_MLLM_UNGROUPED]/ItemData[@ItemOID=''I_MLLM_MLL_BDNOCOLLREAS'']/@Value" type="xsd:string"/>
    <bind id="I_MLLM_MLL_HIVS_COID" nodeset="/ODM/ClinicalData/SubjectData/StudyEventData[@StudyEventOID=SE_SC1]/FormData[@FormOID=F_MLLM_1]/ItemGroupData[@ItemGroupOID=IG_MLLM_UNGROUPED]/ItemData[@ItemOID=''I_MLLM_MLL_HIVS_COID'']/@Value" type="xsd:date"/>
    <bind id="I_MLLM_MLL_HIVR_COID" nodeset="/ODM/ClinicalData/SubjectData/StudyEventData[@StudyEventOID=SE_SC1]/FormData[@FormOID=F_MLLM_1]/ItemGroupData[@ItemGroupOID=IG_MLLM_UNGROUPED]/ItemData[@ItemOID=''I_MLLM_MLL_HIVR_COID'']/@Value" type="xsd:date"/>
    <bind id="I_MLLM_MLL_CD4_COID" nodeset="/ODM/ClinicalData/SubjectData/StudyEventData[@StudyEventOID=SE_SC1]/FormData[@FormOID=F_MLLM_1]/ItemGroupData[@ItemGroupOID=IG_MLLM_UNGROUPED]/ItemData[@ItemOID=''I_MLLM_MLL_CD4_COID'']/@Value" type="xsd:date"/>
    <bind id="I_MLLM_MLL_HB_COLD" nodeset="/ODM/ClinicalData/SubjectData/StudyEventData[@StudyEventOID=SE_SC1]/FormData[@FormOID=F_MLLM_1]/ItemGroupData[@ItemGroupOID=IG_MLLM_UNGROUPED]/ItemData[@ItemOID=''I_MLLM_MLL_HB_COLD'']/@Value" type="xsd:date"/>
    <bind id="I_MLLM_MLL_RCC_COID" nodeset="/ODM/ClinicalData/SubjectData/StudyEventData[@StudyEventOID=SE_SC1]/FormData[@FormOID=F_MLLM_1]/ItemGroupData[@ItemGroupOID=IG_MLLM_UNGROUPED]/ItemData[@ItemOID=''I_MLLM_MLL_RCC_COID'']/@Value" type="xsd:date"/>
    <bind id="I_MLLM_MLL_HCT_COLD" nodeset="/ODM/ClinicalData/SubjectData/StudyEventData[@StudyEventOID=SE_SC1]/FormData[@FormOID=F_MLLM_1]/ItemGroupData[@ItemGroupOID=IG_MLLM_UNGROUPED]/ItemData[@ItemOID=''I_MLLM_MLL_HCT_COLD'']/@Value" type="xsd:date"/>
    <bind id="I_MLLM_MLL_MCV_COID" nodeset="/ODM/ClinicalData/SubjectData/StudyEventData[@StudyEventOID=SE_SC1]/FormData[@FormOID=F_MLLM_1]/ItemGroupData[@ItemGroupOID=IG_MLLM_UNGROUPED]/ItemData[@ItemOID=''I_MLLM_MLL_MCV_COID'']/@Value" type="xsd:date"/>
    <bind id="I_MLLM_MLL_MCH_COID" nodeset="/ODM/ClinicalData/SubjectData/StudyEventData[@StudyEventOID=SE_SC1]/FormData[@FormOID=F_MLLM_1]/ItemGroupData[@ItemGroupOID=IG_MLLM_UNGROUPED]/ItemData[@ItemOID=''I_MLLM_MLL_MCH_COID'']/@Value" type="xsd:date"/>
    <bind id="I_MLLM_MLL_MCHC_COID" nodeset="/ODM/ClinicalData/SubjectData/StudyEventData[@StudyEventOID=SE_SC1]/FormData[@FormOID=F_MLLM_1]/ItemGroupData[@ItemGroupOID=IG_MLLM_UNGROUPED]/ItemData[@ItemOID=''I_MLLM_MLL_MCHC_COID'']/@Value" type="xsd:date"/>
    <bind id="I_MLLM_MLL_LEUC_COID" nodeset="/ODM/ClinicalData/SubjectData/StudyEventData[@StudyEventOID=SE_SC1]/FormData[@FormOID=F_MLLM_1]/ItemGroupData[@ItemGroupOID=IG_MLLM_UNGROUPED]/ItemData[@ItemOID=''I_MLLM_MLL_LEUC_COID'']/@Value" type="xsd:date"/>
    <bind id="I_MLLM_MLL_NEUT_COLD" nodeset="/ODM/ClinicalData/SubjectData/StudyEventData[@StudyEventOID=SE_SC1]/FormData[@FormOID=F_MLLM_1]/ItemGroupData[@ItemGroupOID=IG_MLLM_UNGROUPED]/ItemData[@ItemOID=''I_MLLM_MLL_NEUT_COLD'']/@Value" type="xsd:date"/>
    <bind id="I_MLLM_MLL_EOS_COID" nodeset="/ODM/ClinicalData/SubjectData/StudyEventData[@StudyEventOID=SE_SC1]/FormData[@FormOID=F_MLLM_1]/ItemGroupData[@ItemGroupOID=IG_MLLM_UNGROUPED]/ItemData[@ItemOID=''I_MLLM_MLL_EOS_COID'']/@Value" type="xsd:date"/>
    <bind id="I_MLLM_MLL_BAS_CONID" nodeset="/ODM/ClinicalData/SubjectData/StudyEventData[@StudyEventOID=SE_SC1]/FormData[@FormOID=F_MLLM_1]/ItemGroupData[@ItemGroupOID=IG_MLLM_UNGROUPED]/ItemData[@ItemOID=''I_MLLM_MLL_BAS_CONID'']/@Value" type="xsd:date"/>
    <bind id="I_MLLM_MLL_MON_COLD" nodeset="/ODM/ClinicalData/SubjectData/StudyEventData[@StudyEventOID=SE_SC1]/FormData[@FormOID=F_MLLM_1]/ItemGroupData[@ItemGroupOID=IG_MLLM_UNGROUPED]/ItemData[@ItemOID=''I_MLLM_MLL_MON_COLD'']/@Value" type="xsd:date"/>
    <bind id="I_MLLM_MLL_LYM_COLD" nodeset="/ODM/ClinicalData/SubjectData/StudyEventData[@StudyEventOID=SE_SC1]/FormData[@FormOID=F_MLLM_1]/ItemGroupData[@ItemGroupOID=IG_MLLM_UNGROUPED]/ItemData[@ItemOID=''I_MLLM_MLL_LYM_COLD'']/@Value" type="xsd:date"/>
    <bind id="I_MLLM_MLL_PLAT_COID" nodeset="/ODM/ClinicalData/SubjectData/StudyEventData[@StudyEventOID=SE_SC1]/FormData[@FormOID=F_MLLM_1]/ItemGroupData[@ItemGroupOID=IG_MLLM_UNGROUPED]/ItemData[@ItemOID=''I_MLLM_MLL_PLAT_COID'']/@Value" type="xsd:date"/>
    <bind id="I_MLLM_MLL_HIVS_RES" nodeset="/ODM/ClinicalData/SubjectData/StudyEventData[@StudyEventOID=SE_SC1]/FormData[@FormOID=F_MLLM_1]/ItemGroupData[@ItemGroupOID=IG_MLLM_UNGROUPED]/ItemData[@ItemOID=''I_MLLM_MLL_HIVS_RES'']/@Value" type="xsd:decimal"/>
    <bind id="I_MLLM_MLL_HIVR_RES" nodeset="/ODM/ClinicalData/SubjectData/StudyEventData[@StudyEventOID=SE_SC1]/FormData[@FormOID=F_MLLM_1]/ItemGroupData[@ItemGroupOID=IG_MLLM_UNGROUPED]/ItemData[@ItemOID=''I_MLLM_MLL_HIVR_RES'']/@Value" type="xsd:string"/>
    <bind id="I_MLLM_MLL_CD4_RES" nodeset="/ODM/ClinicalData/SubjectData/StudyEventData[@StudyEventOID=SE_SC1]/FormData[@FormOID=F_MLLM_1]/ItemGroupData[@ItemGroupOID=IG_MLLM_UNGROUPED]/ItemData[@ItemOID=''I_MLLM_MLL_CD4_RES'']/@Value" type="xsd:decimal"/>
    <bind id="I_MLLM_MLL_HB_RES" nodeset="/ODM/ClinicalData/SubjectData/StudyEventData[@StudyEventOID=SE_SC1]/FormData[@FormOID=F_MLLM_1]/ItemGroupData[@ItemGroupOID=IG_MLLM_UNGROUPED]/ItemData[@ItemOID=''I_MLLM_MLL_HB_RES'']/@Value" type="xsd:decimal"/>
    <bind id="I_MLLM_MLL_RCC_RES" nodeset="/ODM/ClinicalData/SubjectData/StudyEventData[@StudyEventOID=SE_SC1]/FormData[@FormOID=F_MLLM_1]/ItemGroupData[@ItemGroupOID=IG_MLLM_UNGROUPED]/ItemData[@ItemOID=''I_MLLM_MLL_RCC_RES'']/@Value" type="xsd:decimal"/>
    <bind id="I_MLLM_MLL_HCT_RES" nodeset="/ODM/ClinicalData/SubjectData/StudyEventData[@StudyEventOID=SE_SC1]/FormData[@FormOID=F_MLLM_1]/ItemGroupData[@ItemGroupOID=IG_MLLM_UNGROUPED]/ItemData[@ItemOID=''I_MLLM_MLL_HCT_RES'']/@Value" type="xsd:decimal"/>
    <bind id="I_MLLM_MLL_MCV_RES" nodeset="/ODM/ClinicalData/SubjectData/StudyEventData[@StudyEventOID=SE_SC1]/FormData[@FormOID=F_MLLM_1]/ItemGroupData[@ItemGroupOID=IG_MLLM_UNGROUPED]/ItemData[@ItemOID=''I_MLLM_MLL_MCV_RES'']/@Value" type="xsd:decimal"/>
    <bind id="I_MLLM_MLL_MCH_RES" nodeset="/ODM/ClinicalData/SubjectData/StudyEventData[@StudyEventOID=SE_SC1]/FormData[@FormOID=F_MLLM_1]/ItemGroupData[@ItemGroupOID=IG_MLLM_UNGROUPED]/ItemData[@ItemOID=''I_MLLM_MLL_MCH_RES'']/@Value" type="xsd:decimal"/>
    <bind id="I_MLLM_MLL_MCHC_RES" nodeset="/ODM/ClinicalData/SubjectData/StudyEventData[@StudyEventOID=SE_SC1]/FormData[@FormOID=F_MLLM_1]/ItemGroupData[@ItemGroupOID=IG_MLLM_UNGROUPED]/ItemData[@ItemOID=''I_MLLM_MLL_MCHC_RES'']/@Value" type="xsd:decimal"/>
    <bind id="I_MLLM_MLL_LEUC_RES" nodeset="/ODM/ClinicalData/SubjectData/StudyEventData[@StudyEventOID=SE_SC1]/FormData[@FormOID=F_MLLM_1]/ItemGroupData[@ItemGroupOID=IG_MLLM_UNGROUPED]/ItemData[@ItemOID=''I_MLLM_MLL_LEUC_RES'']/@Value" type="xsd:decimal"/>
    <bind id="I_MLLM_MLL_NEUT_RES" nodeset="/ODM/ClinicalData/SubjectData/StudyEventData[@StudyEventOID=SE_SC1]/FormData[@FormOID=F_MLLM_1]/ItemGroupData[@ItemGroupOID=IG_MLLM_UNGROUPED]/ItemData[@ItemOID=''I_MLLM_MLL_NEUT_RES'']/@Value" type="xsd:decimal"/>
    <bind id="I_MLLM_MLL_EOS_RES" nodeset="/ODM/ClinicalData/SubjectData/StudyEventData[@StudyEventOID=SE_SC1]/FormData[@FormOID=F_MLLM_1]/ItemGroupData[@ItemGroupOID=IG_MLLM_UNGROUPED]/ItemData[@ItemOID=''I_MLLM_MLL_EOS_RES'']/@Value" type="xsd:decimal"/>
    <bind id="I_MLLM_MLL_BAS_RES" nodeset="/ODM/ClinicalData/SubjectData/StudyEventData[@StudyEventOID=SE_SC1]/FormData[@FormOID=F_MLLM_1]/ItemGroupData[@ItemGroupOID=IG_MLLM_UNGROUPED]/ItemData[@ItemOID=''I_MLLM_MLL_BAS_RES'']/@Value" type="xsd:decimal"/>
    <bind id="I_MLLM_MLL_MON_RES" nodeset="/ODM/ClinicalData/SubjectData/StudyEventData[@StudyEventOID=SE_SC1]/FormData[@FormOID=F_MLLM_1]/ItemGroupData[@ItemGroupOID=IG_MLLM_UNGROUPED]/ItemData[@ItemOID=''I_MLLM_MLL_MON_RES'']/@Value" type="xsd:decimal"/>
    <bind id="I_MLLM_MLL_LYM_RES" nodeset="/ODM/ClinicalData/SubjectData/StudyEventData[@StudyEventOID=SE_SC1]/FormData[@FormOID=F_MLLM_1]/ItemGroupData[@ItemGroupOID=IG_MLLM_UNGROUPED]/ItemData[@ItemOID=''I_MLLM_MLL_LYM_RES'']/@Value" type="xsd:decimal"/>
    <bind id="I_MLLM_MLL_PLAT_RES" nodeset="/ODM/ClinicalData/SubjectData/StudyEventData[@StudyEventOID=SE_SC1]/FormData[@FormOID=F_MLLM_1]/ItemGroupData[@ItemGroupOID=IG_MLLM_UNGROUPED]/ItemData[@ItemOID=''I_MLLM_MLL_PLAT_RES'']/@Value" type="xsd:decimal"/>
    <bind id="I_MLLM_MLL_BMCOLLV" nodeset="/ODM/ClinicalData/SubjectData/StudyEventData[@StudyEventOID=SE_SC1]/FormData[@FormOID=F_MLLM_1]/ItemGroupData[@ItemGroupOID=IG_MLLM_UNGROUPED]/ItemData[@ItemOID=''I_MLLM_MLL_BMCOLLV'']/@Value" type="xsd:int"/>
    <bind id="I_MLLM_MLL_BMNOCOLLREASV" nodeset="/ODM/ClinicalData/SubjectData/StudyEventData[@StudyEventOID=SE_SC1]/FormData[@FormOID=F_MLLM_1]/ItemGroupData[@ItemGroupOID=IG_MLLM_UNGROUPED]/ItemData[@ItemOID=''I_MLLM_MLL_BMNOCOLLREASV'']/@Value" type="xsd:string"/>
    <bind id="I_MLLM_MLL_BDCOLLV" nodeset="/ODM/ClinicalData/SubjectData/StudyEventData[@StudyEventOID=SE_SC1]/FormData[@FormOID=F_MLLM_1]/ItemGroupData[@ItemGroupOID=IG_MLLM_UNGROUPED]/ItemData[@ItemOID=''I_MLLM_MLL_BDCOLLV'']/@Value" type="xsd:int"/>
    <bind id="I_MLLM_MLL_BDNOCOLLREASV" nodeset="/ODM/ClinicalData/SubjectData/StudyEventData[@StudyEventOID=SE_SC1]/FormData[@FormOID=F_MLLM_1]/ItemGroupData[@ItemGroupOID=IG_MLLM_UNGROUPED]/ItemData[@ItemOID=''I_MLLM_MLL_BDNOCOLLREASV'']/@Value" type="xsd:string"/>
    <bind id="I_MLLM_MLL_HIVS_COIDV" nodeset="/ODM/ClinicalData/SubjectData/StudyEventData[@StudyEventOID=SE_SC1]/FormData[@FormOID=F_MLLM_1]/ItemGroupData[@ItemGroupOID=IG_MLLM_UNGROUPED]/ItemData[@ItemOID=''I_MLLM_MLL_HIVS_COIDV'']/@Value" type="xsd:date"/>
    <bind id="I_MLLM_MLL_HIVS_RESULTV_568" nodeset="/ODM/ClinicalData/SubjectData/StudyEventData[@StudyEventOID=SE_SC1]/FormData[@FormOID=F_MLLM_1]/ItemGroupData[@ItemGroupOID=IG_MLLM_UNGROUPED]/ItemData[@ItemOID=''I_MLLM_MLL_HIVS_RESULTV_568'']/@Value" type="xsd:decimal"/>
    <bind id="I_MLLM_MLL_HIVR_COIDV" nodeset="/ODM/ClinicalData/SubjectData/StudyEventData[@StudyEventOID=SE_SC1]/FormData[@FormOID=F_MLLM_1]/ItemGroupData[@ItemGroupOID=IG_MLLM_UNGROUPED]/ItemData[@ItemOID=''I_MLLM_MLL_HIVR_COIDV'']/@Value" type="xsd:date"/>
    <bind id="I_MLLM_MLL_HIVR_RESULTV_632" nodeset="/ODM/ClinicalData/SubjectData/StudyEventData[@StudyEventOID=SE_SC1]/FormData[@FormOID=F_MLLM_1]/ItemGroupData[@ItemGroupOID=IG_MLLM_UNGROUPED]/ItemData[@ItemOID=''I_MLLM_MLL_HIVR_RESULTV_632'']/@Value" type="xsd:string"/>
    <bind id="I_MLLM_MLL_CD4_COIDV" nodeset="/ODM/ClinicalData/SubjectData/StudyEventData[@StudyEventOID=SE_SC1]/FormData[@FormOID=F_MLLM_1]/ItemGroupData[@ItemGroupOID=IG_MLLM_UNGROUPED]/ItemData[@ItemOID=''I_MLLM_MLL_CD4_COIDV'']/@Value" type="xsd:date"/>
    <bind id="I_MLLM_MLL_CD4_RESULTV_7310" nodeset="/ODM/ClinicalData/SubjectData/StudyEventData[@StudyEventOID=SE_SC1]/FormData[@FormOID=F_MLLM_1]/ItemGroupData[@ItemGroupOID=IG_MLLM_UNGROUPED]/ItemData[@ItemOID=''I_MLLM_MLL_CD4_RESULTV_7310'']/@Value" type="xsd:decimal"/>
    <bind id="I_MLLM_MLL_HB_COLDV" nodeset="/ODM/ClinicalData/SubjectData/StudyEventData[@StudyEventOID=SE_SC1]/FormData[@FormOID=F_MLLM_1]/ItemGroupData[@ItemGroupOID=IG_MLLM_UNGROUPED]/ItemData[@ItemOID=''I_MLLM_MLL_HB_COLDV'']/@Value" type="xsd:date"/>
    <bind id="I_MLLM_MLL_HB_RESULTV_4245" nodeset="/ODM/ClinicalData/SubjectData/StudyEventData[@StudyEventOID=SE_SC1]/FormData[@FormOID=F_MLLM_1]/ItemGroupData[@ItemGroupOID=IG_MLLM_UNGROUPED]/ItemData[@ItemOID=''I_MLLM_MLL_HB_RESULTV_4245'']/@Value" type="xsd:decimal"/>
    <bind id="I_MLLM_MLL_RCC_COIDV" nodeset="/ODM/ClinicalData/SubjectData/StudyEventData[@StudyEventOID=SE_SC1]/FormData[@FormOID=F_MLLM_1]/ItemGroupData[@ItemGroupOID=IG_MLLM_UNGROUPED]/ItemData[@ItemOID=''I_MLLM_MLL_RCC_COIDV'']/@Value" type="xsd:date"/>
    <bind id="I_MLLM_MLL_RCC_RESULTV_8023" nodeset="/ODM/ClinicalData/SubjectData/StudyEventData[@StudyEventOID=SE_SC1]/FormData[@FormOID=F_MLLM_1]/ItemGroupData[@ItemGroupOID=IG_MLLM_UNGROUPED]/ItemData[@ItemOID=''I_MLLM_MLL_RCC_RESULTV_8023'']/@Value" type="xsd:decimal"/>
    <bind id="I_MLLM_MLL_HCT_COLDV" nodeset="/ODM/ClinicalData/SubjectData/StudyEventData[@StudyEventOID=SE_SC1]/FormData[@FormOID=F_MLLM_1]/ItemGroupData[@ItemGroupOID=IG_MLLM_UNGROUPED]/ItemData[@ItemOID=''I_MLLM_MLL_HCT_COLDV'']/@Value" type="xsd:date"/>
    <bind id="I_MLLM_MLL_HCT_RESULTV_8098" nodeset="/ODM/ClinicalData/SubjectData/StudyEventData[@StudyEventOID=SE_SC1]/FormData[@FormOID=F_MLLM_1]/ItemGroupData[@ItemGroupOID=IG_MLLM_UNGROUPED]/ItemData[@ItemOID=''I_MLLM_MLL_HCT_RESULTV_8098'']/@Value" type="xsd:decimal"/>
    <bind id="I_MLLM_MLL_MCV_COIDV" nodeset="/ODM/ClinicalData/SubjectData/StudyEventData[@StudyEventOID=SE_SC1]/FormData[@FormOID=F_MLLM_1]/ItemGroupData[@ItemGroupOID=IG_MLLM_UNGROUPED]/ItemData[@ItemOID=''I_MLLM_MLL_MCV_COIDV'']/@Value" type="xsd:date"/>
    <bind id="I_MLLM_MLL_MCV_RESULTV_3027" nodeset="/ODM/ClinicalData/SubjectData/StudyEventData[@StudyEventOID=SE_SC1]/FormData[@FormOID=F_MLLM_1]/ItemGroupData[@ItemGroupOID=IG_MLLM_UNGROUPED]/ItemData[@ItemOID=''I_MLLM_MLL_MCV_RESULTV_3027'']/@Value" type="xsd:decimal"/>
    <bind id="I_MLLM_MLL_MCH_COIDV" nodeset="/ODM/ClinicalData/SubjectData/StudyEventData[@StudyEventOID=SE_SC1]/FormData[@FormOID=F_MLLM_1]/ItemGroupData[@ItemGroupOID=IG_MLLM_UNGROUPED]/ItemData[@ItemOID=''I_MLLM_MLL_MCH_COIDV'']/@Value" type="xsd:date"/>
    <bind id="I_MLLM_MLL_MCH_RESULTV_9428" nodeset="/ODM/ClinicalData/SubjectData/StudyEventData[@StudyEventOID=SE_SC1]/FormData[@FormOID=F_MLLM_1]/ItemGroupData[@ItemGroupOID=IG_MLLM_UNGROUPED]/ItemData[@ItemOID=''I_MLLM_MLL_MCH_RESULTV_9428'']/@Value" type="xsd:decimal"/>
    <bind id="I_MLLM_MLL_MCHC_COIDV" nodeset="/ODM/ClinicalData/SubjectData/StudyEventData[@StudyEventOID=SE_SC1]/FormData[@FormOID=F_MLLM_1]/ItemGroupData[@ItemGroupOID=IG_MLLM_UNGROUPED]/ItemData[@ItemOID=''I_MLLM_MLL_MCHC_COIDV'']/@Value" type="xsd:date"/>
    <bind id="I_MLLM_MLL_MCHC_RESULTV_9280" nodeset="/ODM/ClinicalData/SubjectData/StudyEventData[@StudyEventOID=SE_SC1]/FormData[@FormOID=F_MLLM_1]/ItemGroupData[@ItemGroupOID=IG_MLLM_UNGROUPED]/ItemData[@ItemOID=''I_MLLM_MLL_MCHC_RESULTV_9280'']/@Value" type="xsd:decimal"/>
    <bind id="I_MLLM_MLL_LEUC_COIDV" nodeset="/ODM/ClinicalData/SubjectData/StudyEventData[@StudyEventOID=SE_SC1]/FormData[@FormOID=F_MLLM_1]/ItemGroupData[@ItemGroupOID=IG_MLLM_UNGROUPED]/ItemData[@ItemOID=''I_MLLM_MLL_LEUC_COIDV'']/@Value" type="xsd:date"/>
    <bind id="I_MLLM_MLL_LEUC_RESULTV_3135" nodeset="/ODM/ClinicalData/SubjectData/StudyEventData[@StudyEventOID=SE_SC1]/FormData[@FormOID=F_MLLM_1]/ItemGroupData[@ItemGroupOID=IG_MLLM_UNGROUPED]/ItemData[@ItemOID=''I_MLLM_MLL_LEUC_RESULTV_3135'']/@Value" type="xsd:decimal"/>
    <bind id="I_MLLM_MLL_NEUT_COLDV" nodeset="/ODM/ClinicalData/SubjectData/StudyEventData[@StudyEventOID=SE_SC1]/FormData[@FormOID=F_MLLM_1]/ItemGroupData[@ItemGroupOID=IG_MLLM_UNGROUPED]/ItemData[@ItemOID=''I_MLLM_MLL_NEUT_COLDV'']/@Value" type="xsd:date"/>
    <bind id="I_MLLM_MLL_NEUT_RESULTV_2369" nodeset="/ODM/ClinicalData/SubjectData/StudyEventData[@StudyEventOID=SE_SC1]/FormData[@FormOID=F_MLLM_1]/ItemGroupData[@ItemGroupOID=IG_MLLM_UNGROUPED]/ItemData[@ItemOID=''I_MLLM_MLL_NEUT_RESULTV_2369'']/@Value" type="xsd:decimal"/>
    <bind id="I_MLLM_MLL_EOS_COIDV" nodeset="/ODM/ClinicalData/SubjectData/StudyEventData[@StudyEventOID=SE_SC1]/FormData[@FormOID=F_MLLM_1]/ItemGroupData[@ItemGroupOID=IG_MLLM_UNGROUPED]/ItemData[@ItemOID=''I_MLLM_MLL_EOS_COIDV'']/@Value" type="xsd:date"/>
    <bind id="I_MLLM_MLL_EOS_RESULTV_1137" nodeset="/ODM/ClinicalData/SubjectData/StudyEventData[@StudyEventOID=SE_SC1]/FormData[@FormOID=F_MLLM_1]/ItemGroupData[@ItemGroupOID=IG_MLLM_UNGROUPED]/ItemData[@ItemOID=''I_MLLM_MLL_EOS_RESULTV_1137'']/@Value" type="xsd:decimal"/>
    <bind id="I_MLLM_MLL_BAS_CONIDV" nodeset="/ODM/ClinicalData/SubjectData/StudyEventData[@StudyEventOID=SE_SC1]/FormData[@FormOID=F_MLLM_1]/ItemGroupData[@ItemGroupOID=IG_MLLM_UNGROUPED]/ItemData[@ItemOID=''I_MLLM_MLL_BAS_CONIDV'']/@Value" type="xsd:date"/>
    <bind id="I_MLLM_MLL_BAS_RESULTV_5744" nodeset="/ODM/ClinicalData/SubjectData/StudyEventData[@StudyEventOID=SE_SC1]/FormData[@FormOID=F_MLLM_1]/ItemGroupData[@ItemGroupOID=IG_MLLM_UNGROUPED]/ItemData[@ItemOID=''I_MLLM_MLL_BAS_RESULTV_5744'']/@Value" type="xsd:decimal"/>
    <bind id="I_MLLM_MLL_MON_COLDV" nodeset="/ODM/ClinicalData/SubjectData/StudyEventData[@StudyEventOID=SE_SC1]/FormData[@FormOID=F_MLLM_1]/ItemGroupData[@ItemGroupOID=IG_MLLM_UNGROUPED]/ItemData[@ItemOID=''I_MLLM_MLL_MON_COLDV'']/@Value" type="xsd:date"/>
    <bind id="I_MLLM_MLL_MON_RESULTV_3748" nodeset="/ODM/ClinicalData/SubjectData/StudyEventData[@StudyEventOID=SE_SC1]/FormData[@FormOID=F_MLLM_1]/ItemGroupData[@ItemGroupOID=IG_MLLM_UNGROUPED]/ItemData[@ItemOID=''I_MLLM_MLL_MON_RESULTV_3748'']/@Value" type="xsd:decimal"/>
    <bind id="I_MLLM_MLL_LYM_COLDV" nodeset="/ODM/ClinicalData/SubjectData/StudyEventData[@StudyEventOID=SE_SC1]/FormData[@FormOID=F_MLLM_1]/ItemGroupData[@ItemGroupOID=IG_MLLM_UNGROUPED]/ItemData[@ItemOID=''I_MLLM_MLL_LYM_COLDV'']/@Value" type="xsd:date"/>
    <bind id="I_MLLM_MLL_LYM_RESULTV_977" nodeset="/ODM/ClinicalData/SubjectData/StudyEventData[@StudyEventOID=SE_SC1]/FormData[@FormOID=F_MLLM_1]/ItemGroupData[@ItemGroupOID=IG_MLLM_UNGROUPED]/ItemData[@ItemOID=''I_MLLM_MLL_LYM_RESULTV_977'']/@Value" type="xsd:decimal"/>
    <bind id="I_MLLM_MLL_PLAT_COIDV" nodeset="/ODM/ClinicalData/SubjectData/StudyEventData[@StudyEventOID=SE_SC1]/FormData[@FormOID=F_MLLM_1]/ItemGroupData[@ItemGroupOID=IG_MLLM_UNGROUPED]/ItemData[@ItemOID=''I_MLLM_MLL_PLAT_COIDV'']/@Value" type="xsd:date"/>
    <bind id="I_MLLM_MLL_PLAT_RESULTV_2897" nodeset="/ODM/ClinicalData/SubjectData/StudyEventData[@StudyEventOID=SE_SC1]/FormData[@FormOID=F_MLLM_1]/ItemGroupData[@ItemGroupOID=IG_MLLM_UNGROUPED]/ItemData[@ItemOID=''I_MLLM_MLL_PLAT_RESULTV_2897'']/@Value" type="xsd:decimal"/>
    <bind id="I_MLLM_MLL_HIVS_RESULT" nodeset="/ODM/ClinicalData/SubjectData/StudyEventData[@StudyEventOID=SE_SC1]/FormData[@FormOID=F_MLLM_1]/ItemGroupData[@ItemGroupOID=IG_MLLM_UNGROUPED]/ItemData[@ItemOID=''I_MLLM_MLL_HIVS_RESULT'']/@Value" type="xsd:decimal"/>
    <bind id="I_MLLM_MLL_HIVR_RESULT" nodeset="/ODM/ClinicalData/SubjectData/StudyEventData[@StudyEventOID=SE_SC1]/FormData[@FormOID=F_MLLM_1]/ItemGroupData[@ItemGroupOID=IG_MLLM_UNGROUPED]/ItemData[@ItemOID=''I_MLLM_MLL_HIVR_RESULT'']/@Value" type="xsd:string"/>
    <bind id="I_MLLM_MLL_CD4_RESULT" nodeset="/ODM/ClinicalData/SubjectData/StudyEventData[@StudyEventOID=SE_SC1]/FormData[@FormOID=F_MLLM_1]/ItemGroupData[@ItemGroupOID=IG_MLLM_UNGROUPED]/ItemData[@ItemOID=''I_MLLM_MLL_CD4_RESULT'']/@Value" type="xsd:decimal"/>
    <bind id="I_MLLM_MLL_HB_RESULT" nodeset="/ODM/ClinicalData/SubjectData/StudyEventData[@StudyEventOID=SE_SC1]/FormData[@FormOID=F_MLLM_1]/ItemGroupData[@ItemGroupOID=IG_MLLM_UNGROUPED]/ItemData[@ItemOID=''I_MLLM_MLL_HB_RESULT'']/@Value" type="xsd:decimal"/>
    <bind id="I_MLLM_MLL_RCC_RESULT" nodeset="/ODM/ClinicalData/SubjectData/StudyEventData[@StudyEventOID=SE_SC1]/FormData[@FormOID=F_MLLM_1]/ItemGroupData[@ItemGroupOID=IG_MLLM_UNGROUPED]/ItemData[@ItemOID=''I_MLLM_MLL_RCC_RESULT'']/@Value" type="xsd:decimal"/>
    <bind id="I_MLLM_MLL_HCT_RESULT" nodeset="/ODM/ClinicalData/SubjectData/StudyEventData[@StudyEventOID=SE_SC1]/FormData[@FormOID=F_MLLM_1]/ItemGroupData[@ItemGroupOID=IG_MLLM_UNGROUPED]/ItemData[@ItemOID=''I_MLLM_MLL_HCT_RESULT'']/@Value" type="xsd:decimal"/>
    <bind id="I_MLLM_MLL_MCV_RESULT" nodeset="/ODM/ClinicalData/SubjectData/StudyEventData[@StudyEventOID=SE_SC1]/FormData[@FormOID=F_MLLM_1]/ItemGroupData[@ItemGroupOID=IG_MLLM_UNGROUPED]/ItemData[@ItemOID=''I_MLLM_MLL_MCV_RESULT'']/@Value" type="xsd:decimal"/>
    <bind id="I_MLLM_MLL_MCH_RESULT" nodeset="/ODM/ClinicalData/SubjectData/StudyEventData[@StudyEventOID=SE_SC1]/FormData[@FormOID=F_MLLM_1]/ItemGroupData[@ItemGroupOID=IG_MLLM_UNGROUPED]/ItemData[@ItemOID=''I_MLLM_MLL_MCH_RESULT'']/@Value" type="xsd:decimal"/>
    <bind id="I_MLLM_MLL_MCHC_RESULT" nodeset="/ODM/ClinicalData/SubjectData/StudyEventData[@StudyEventOID=SE_SC1]/FormData[@FormOID=F_MLLM_1]/ItemGroupData[@ItemGroupOID=IG_MLLM_UNGROUPED]/ItemData[@ItemOID=''I_MLLM_MLL_MCHC_RESULT'']/@Value" type="xsd:decimal"/>
    <bind id="I_MLLM_MLL_LEUC_RESULT" nodeset="/ODM/ClinicalData/SubjectData/StudyEventData[@StudyEventOID=SE_SC1]/FormData[@FormOID=F_MLLM_1]/ItemGroupData[@ItemGroupOID=IG_MLLM_UNGROUPED]/ItemData[@ItemOID=''I_MLLM_MLL_LEUC_RESULT'']/@Value" type="xsd:decimal"/>
    <bind id="I_MLLM_MLL_NEUT_RESULT" nodeset="/ODM/ClinicalData/SubjectData/StudyEventData[@StudyEventOID=SE_SC1]/FormData[@FormOID=F_MLLM_1]/ItemGroupData[@ItemGroupOID=IG_MLLM_UNGROUPED]/ItemData[@ItemOID=''I_MLLM_MLL_NEUT_RESULT'']/@Value" type="xsd:decimal"/>
    <bind id="I_MLLM_MLL_EOS_RESULT" nodeset="/ODM/ClinicalData/SubjectData/StudyEventData[@StudyEventOID=SE_SC1]/FormData[@FormOID=F_MLLM_1]/ItemGroupData[@ItemGroupOID=IG_MLLM_UNGROUPED]/ItemData[@ItemOID=''I_MLLM_MLL_EOS_RESULT'']/@Value" type="xsd:decimal"/>
    <bind id="I_MLLM_MLL_BAS_RESULT" nodeset="/ODM/ClinicalData/SubjectData/StudyEventData[@StudyEventOID=SE_SC1]/FormData[@FormOID=F_MLLM_1]/ItemGroupData[@ItemGroupOID=IG_MLLM_UNGROUPED]/ItemData[@ItemOID=''I_MLLM_MLL_BAS_RESULT'']/@Value" type="xsd:decimal"/>
    <bind id="I_MLLM_MLL_MON_RESULT" nodeset="/ODM/ClinicalData/SubjectData/StudyEventData[@StudyEventOID=SE_SC1]/FormData[@FormOID=F_MLLM_1]/ItemGroupData[@ItemGroupOID=IG_MLLM_UNGROUPED]/ItemData[@ItemOID=''I_MLLM_MLL_MON_RESULT'']/@Value" type="xsd:decimal"/>
    <bind id="I_MLLM_MLL_LYM_RESULT" nodeset="/ODM/ClinicalData/SubjectData/StudyEventData[@StudyEventOID=SE_SC1]/FormData[@FormOID=F_MLLM_1]/ItemGroupData[@ItemGroupOID=IG_MLLM_UNGROUPED]/ItemData[@ItemOID=''I_MLLM_MLL_LYM_RESULT'']/@Value" type="xsd:decimal"/>
    <bind id="I_MLLM_MLL_PLAT_RESULT" nodeset="/ODM/ClinicalData/SubjectData/StudyEventData[@StudyEventOID=SE_SC1]/FormData[@FormOID=F_MLLM_1]/ItemGroupData[@ItemGroupOID=IG_MLLM_UNGROUPED]/ItemData[@ItemOID=''I_MLLM_MLL_PLAT_RESULT'']/@Value" type="xsd:decimal"/>
    <bind id="I_MLLM_MLL_HIVS_RESULTV" nodeset="/ODM/ClinicalData/SubjectData/StudyEventData[@StudyEventOID=SE_SC1]/FormData[@FormOID=F_MLLM_1]/ItemGroupData[@ItemGroupOID=IG_MLLM_UNGROUPED]/ItemData[@ItemOID=''I_MLLM_MLL_HIVS_RESULTV'']/@Value" type="xsd:int"/>
    <bind id="I_MLLM_MLL_HIVR_RESULTV" nodeset="/ODM/ClinicalData/SubjectData/StudyEventData[@StudyEventOID=SE_SC1]/FormData[@FormOID=F_MLLM_1]/ItemGroupData[@ItemGroupOID=IG_MLLM_UNGROUPED]/ItemData[@ItemOID=''I_MLLM_MLL_HIVR_RESULTV'']/@Value" type="xsd:int"/>
    <bind id="I_MLLM_MLL_CD4_RESULTV" nodeset="/ODM/ClinicalData/SubjectData/StudyEventData[@StudyEventOID=SE_SC1]/FormData[@FormOID=F_MLLM_1]/ItemGroupData[@ItemGroupOID=IG_MLLM_UNGROUPED]/ItemData[@ItemOID=''I_MLLM_MLL_CD4_RESULTV'']/@Value" type="xsd:int"/>
    <bind id="I_MLLM_MLL_HB_RESULTV" nodeset="/ODM/ClinicalData/SubjectData/StudyEventData[@StudyEventOID=SE_SC1]/FormData[@FormOID=F_MLLM_1]/ItemGroupData[@ItemGroupOID=IG_MLLM_UNGROUPED]/ItemData[@ItemOID=''I_MLLM_MLL_HB_RESULTV'']/@Value" type="xsd:int"/>
    <bind id="I_MLLM_MLL_RCC_RESULTV" nodeset="/ODM/ClinicalData/SubjectData/StudyEventData[@StudyEventOID=SE_SC1]/FormData[@FormOID=F_MLLM_1]/ItemGroupData[@ItemGroupOID=IG_MLLM_UNGROUPED]/ItemData[@ItemOID=''I_MLLM_MLL_RCC_RESULTV'']/@Value" type="xsd:int"/>
    <bind id="I_MLLM_MLL_HCT_RESULTV" nodeset="/ODM/ClinicalData/SubjectData/StudyEventData[@StudyEventOID=SE_SC1]/FormData[@FormOID=F_MLLM_1]/ItemGroupData[@ItemGroupOID=IG_MLLM_UNGROUPED]/ItemData[@ItemOID=''I_MLLM_MLL_HCT_RESULTV'']/@Value" type="xsd:int"/>
    <bind id="I_MLLM_MLL_MCV_RESULTV" nodeset="/ODM/ClinicalData/SubjectData/StudyEventData[@StudyEventOID=SE_SC1]/FormData[@FormOID=F_MLLM_1]/ItemGroupData[@ItemGroupOID=IG_MLLM_UNGROUPED]/ItemData[@ItemOID=''I_MLLM_MLL_MCV_RESULTV'']/@Value" type="xsd:int"/>
    <bind id="I_MLLM_MLL_MCH_RESULTV" nodeset="/ODM/ClinicalData/SubjectData/StudyEventData[@StudyEventOID=SE_SC1]/FormData[@FormOID=F_MLLM_1]/ItemGroupData[@ItemGroupOID=IG_MLLM_UNGROUPED]/ItemData[@ItemOID=''I_MLLM_MLL_MCH_RESULTV'']/@Value" type="xsd:int"/>
    <bind id="I_MLLM_MLL_MCHC_RESULTV" nodeset="/ODM/ClinicalData/SubjectData/StudyEventData[@StudyEventOID=SE_SC1]/FormData[@FormOID=F_MLLM_1]/ItemGroupData[@ItemGroupOID=IG_MLLM_UNGROUPED]/ItemData[@ItemOID=''I_MLLM_MLL_MCHC_RESULTV'']/@Value" type="xsd:int"/>
    <bind id="I_MLLM_MLL_LEUC_RESULTV" nodeset="/ODM/ClinicalData/SubjectData/StudyEventData[@StudyEventOID=SE_SC1]/FormData[@FormOID=F_MLLM_1]/ItemGroupData[@ItemGroupOID=IG_MLLM_UNGROUPED]/ItemData[@ItemOID=''I_MLLM_MLL_LEUC_RESULTV'']/@Value" type="xsd:int"/>
    <bind id="I_MLLM_MLL_NEUT_RESULTV" nodeset="/ODM/ClinicalData/SubjectData/StudyEventData[@StudyEventOID=SE_SC1]/FormData[@FormOID=F_MLLM_1]/ItemGroupData[@ItemGroupOID=IG_MLLM_UNGROUPED]/ItemData[@ItemOID=''I_MLLM_MLL_NEUT_RESULTV'']/@Value" type="xsd:int"/>
    <bind id="I_MLLM_MLL_EOS_RESULTV" nodeset="/ODM/ClinicalData/SubjectData/StudyEventData[@StudyEventOID=SE_SC1]/FormData[@FormOID=F_MLLM_1]/ItemGroupData[@ItemGroupOID=IG_MLLM_UNGROUPED]/ItemData[@ItemOID=''I_MLLM_MLL_EOS_RESULTV'']/@Value" type="xsd:int"/>
    <bind id="I_MLLM_MLL_BAS_RESULTV" nodeset="/ODM/ClinicalData/SubjectData/StudyEventData[@StudyEventOID=SE_SC1]/FormData[@FormOID=F_MLLM_1]/ItemGroupData[@ItemGroupOID=IG_MLLM_UNGROUPED]/ItemData[@ItemOID=''I_MLLM_MLL_BAS_RESULTV'']/@Value" type="xsd:int"/>
    <bind id="I_MLLM_MLL_MON_RESULTV" nodeset="/ODM/ClinicalData/SubjectData/StudyEventData[@StudyEventOID=SE_SC1]/FormData[@FormOID=F_MLLM_1]/ItemGroupData[@ItemGroupOID=IG_MLLM_UNGROUPED]/ItemData[@ItemOID=''I_MLLM_MLL_MON_RESULTV'']/@Value" type="xsd:int"/>
    <bind id="I_MLLM_MLL_LYM_RESULTV" nodeset="/ODM/ClinicalData/SubjectData/StudyEventData[@StudyEventOID=SE_SC1]/FormData[@FormOID=F_MLLM_1]/ItemGroupData[@ItemGroupOID=IG_MLLM_UNGROUPED]/ItemData[@ItemOID=''I_MLLM_MLL_LYM_RESULTV'']/@Value" type="xsd:int"/>
    <bind id="I_MLLM_MLL_PLAT_RESULTV" nodeset="/ODM/ClinicalData/SubjectData/StudyEventData[@StudyEventOID=SE_SC1]/FormData[@FormOID=F_MLLM_1]/ItemGroupData[@ItemGroupOID=IG_MLLM_UNGROUPED]/ItemData[@ItemOID=''I_MLLM_MLL_PLAT_RESULTV'']/@Value" type="xsd:int"/>
    <bind id="I_MLLM_MLL_OLE_PREC" nodeset="/ODM/ClinicalData/SubjectData/StudyEventData[@StudyEventOID=SE_SC1]/FormData[@FormOID=F_MLLM_1]/ItemGroupData[@ItemGroupOID=IG_MLLM_MLL_OTESTG]/ItemData[@ItemOID=''I_MLLM_MLL_OLE_PREC'']/@Value" type="xsd:string"/>
    <bind id="I_MLLM_MLL_OLE_COLD" nodeset="/ODM/ClinicalData/SubjectData/StudyEventData[@StudyEventOID=SE_SC1]/FormData[@FormOID=F_MLLM_1]/ItemGroupData[@ItemGroupOID=IG_MLLM_MLL_OTESTG]/ItemData[@ItemOID=''I_MLLM_MLL_OLE_COLD'']/@Value" type="xsd:date"/>
    <bind id="I_MLLM_MLL_OLE_RESULTV" nodeset="/ODM/ClinicalData/SubjectData/StudyEventData[@StudyEventOID=SE_SC1]/FormData[@FormOID=F_MLLM_1]/ItemGroupData[@ItemGroupOID=IG_MLLM_MLL_OTESTG]/ItemData[@ItemOID=''I_MLLM_MLL_OLE_RESULTV'']/@Value" type="xsd:string"/>
    <bind id="I_MLLM_MLL_OLE_PRECV" nodeset="/ODM/ClinicalData/SubjectData/StudyEventData[@StudyEventOID=SE_SC1]/FormData[@FormOID=F_MLLM_1]/ItemGroupData[@ItemGroupOID=IG_MLLM_MLL_OTESTG]/ItemData[@ItemOID=''I_MLLM_MLL_OLE_PRECV'']/@Value" type="xsd:string"/>
    <bind id="I_MLLM_MLL_OLE_COLDV" nodeset="/ODM/ClinicalData/SubjectData/StudyEventData[@StudyEventOID=SE_SC1]/FormData[@FormOID=F_MLLM_1]/ItemGroupData[@ItemGroupOID=IG_MLLM_MLL_OTESTG]/ItemData[@ItemOID=''I_MLLM_MLL_OLE_COLDV'']/@Value" type="xsd:date"/>
    <bind id="I_MHIV_INIT" nodeset="/ODM/ClinicalData/SubjectData/StudyEventData[@StudyEventOID=SE_SC1]/FormData[@FormOID=F_MHIV_2]/ItemGroupData[@ItemGroupOID=IG_MHIV_UNGROUPED]/ItemData[@ItemOID=''I_MHIV_INIT'']/@Value" type="xsd:string"/>
    <bind id="I_MHIV_FORMD" nodeset="/ODM/ClinicalData/SubjectData/StudyEventData[@StudyEventOID=SE_SC1]/FormData[@FormOID=F_MHIV_2]/ItemGroupData[@ItemGroupOID=IG_MHIV_UNGROUPED]/ItemData[@ItemOID=''I_MHIV_FORMD'']/@Value" type="xsd:date"/>
    <bind id="I_MHIV_ID" nodeset="/ODM/ClinicalData/SubjectData/StudyEventData[@StudyEventOID=SE_SC1]/FormData[@FormOID=F_MHIV_2]/ItemGroupData[@ItemGroupOID=IG_MHIV_UNGROUPED]/ItemData[@ItemOID=''I_MHIV_ID'']/@Value" type="xsd:string"/>
    <bind id="I_MHIV_MHIV_STAG" nodeset="/ODM/ClinicalData/SubjectData/StudyEventData[@StudyEventOID=SE_SC1]/FormData[@FormOID=F_MHIV_2]/ItemGroupData[@ItemGroupOID=IG_MHIV_UNGROUPED]/ItemData[@ItemOID=''I_MHIV_MHIV_STAG'']/@Value" type="xsd:int"/>
    <bind id="I_MHIV_MHIV_WGT" nodeset="/ODM/ClinicalData/SubjectData/StudyEventData[@StudyEventOID=SE_SC1]/FormData[@FormOID=F_MHIV_2]/ItemGroupData[@ItemGroupOID=IG_MHIV_UNGROUPED]/ItemData[@ItemOID=''I_MHIV_MHIV_WGT'']/@Value" type="xsd:decimal"/>
    <bind id="I_MHIV_MHV_WEIGHT" nodeset="/ODM/ClinicalData/SubjectData/StudyEventData[@StudyEventOID=SE_SC1]/FormData[@FormOID=F_MHIV_2]/ItemGroupData[@ItemGroupOID=IG_MHIV_UNGROUPED]/ItemData[@ItemOID=''I_MHIV_MHV_WEIGHT'']/@Value" type="xsd:int"/>
    <bind id="I_MHIV_INIT" nodeset="/ODM/ClinicalData/SubjectData/StudyEventData[@StudyEventOID=SE_SC1]/FormData[@FormOID=F_MHIV_1]/ItemGroupData[@ItemGroupOID=IG_MHIV_UNGROUPED]/ItemData[@ItemOID=''I_MHIV_INIT'']/@Value" type="xsd:string"/>
    <bind id="I_MHIV_FORMD" nodeset="/ODM/ClinicalData/SubjectData/StudyEventData[@StudyEventOID=SE_SC1]/FormData[@FormOID=F_MHIV_1]/ItemGroupData[@ItemGroupOID=IG_MHIV_UNGROUPED]/ItemData[@ItemOID=''I_MHIV_FORMD'']/@Value" type="xsd:date"/>
    <bind id="I_MHIV_ID" nodeset="/ODM/ClinicalData/SubjectData/StudyEventData[@StudyEventOID=SE_SC1]/FormData[@FormOID=F_MHIV_1]/ItemGroupData[@ItemGroupOID=IG_MHIV_UNGROUPED]/ItemData[@ItemOID=''I_MHIV_ID'']/@Value" type="xsd:string"/>
    <bind id="I_MHIV_MHIV_STAG" nodeset="/ODM/ClinicalData/SubjectData/StudyEventData[@StudyEventOID=SE_SC1]/FormData[@FormOID=F_MHIV_1]/ItemGroupData[@ItemGroupOID=IG_MHIV_UNGROUPED]/ItemData[@ItemOID=''I_MHIV_MHIV_STAG'']/@Value" type="xsd:int"/>
    <bind id="I_MHIV_MHIV_WGT" nodeset="/ODM/ClinicalData/SubjectData/StudyEventData[@StudyEventOID=SE_SC1]/FormData[@FormOID=F_MHIV_1]/ItemGroupData[@ItemGroupOID=IG_MHIV_UNGROUPED]/ItemData[@ItemOID=''I_MHIV_MHIV_WGT'']/@Value" type="xsd:decimal"/>
    <bind id="I_MHIV_MHV_WEIGHT" nodeset="/ODM/ClinicalData/SubjectData/StudyEventData[@StudyEventOID=SE_SC1]/FormData[@FormOID=F_MHIV_1]/ItemGroupData[@ItemGroupOID=IG_MHIV_UNGROUPED]/ItemData[@ItemOID=''I_MHIV_MHV_WEIGHT'']/@Value" type="xsd:int"/>
  </model>
  <group id="1">
    <label>Subject key</label>
    <select1 bind="subjectKeyBind">
      <label>Subject Key</label>
            <item id="3M0002T">
        <label>3M0002T</label>
        <value>3M0002T</value>
      </item>
      <item id="3M0016S">
        <label>3M0016S</label>
        <value>3M0016S</value>
      </item>
      <item id="4M1001N">
        <label>4M1001N</label>
        <value>4M1001N</value>
      </item>
      <item id="4M0003B">
        <label>4M0003B</label>
        <value>4M0003B</value>
      </item>
    </select1>
  </group>
  <group id="2">
    <label>MSA1: Mother Screening Assessment 1 - 3</label>
    <input bind="I_MSA1_INIT">
      <label>Fill in your initials (Given Name (G), Surname (S))</label>
    </input>
    <input bind="I_MSA1_FORMD">
      <label>Date of form</label>
    </input>
    <select1 bind="I_MSA1_MSA1_CONS">
      <label>Inclusion/Exclusion criteria - Has the woman understood/read and signed the informed consent for screening?</label>
      <item id="0">
        <label>No</label>
        <value>0</value>
      </item>
      <item id="1">
        <label>Yes</label>
        <value>1</value>
      </item>
    </select1>
    <select1 bind="I_MSA1_MSA1_PGT">
      <label>Is she pregnant?</label>
      <item id="0">
        <label>No</label>
        <value>0</value>
      </item>
      <item id="1">
        <label>Yes</label>
        <value>1</value>
      </item>
    </select1>
    <input bind="I_MSA1_MSA1_BIRTHD">
      <label>What is her birth date?</label>
    </input>
    <input bind="I_MSA1_MSA1_OLD">
      <label>If birth date not documented, how old is she?</label>
      <hint>years</hint>
    </input>
    <select1 bind="I_MSA1_MSA1_KHIV">
      <label>Is her HIV status documented from the antenatal clinic (or other centre)?</label>
      <item id="0">
        <label>No</label>
        <value>0</value>
      </item>
      <item id="1">
        <label>Yes</label>
        <value>1</value>
      </item>
    </select1>
    <select1 bind="I_MSA1_MSA1_HAART">
      <label>Is she currently on HAART?</label>
      <item id="0">
        <label>No</label>
        <value>0</value>
      </item>
      <item id="1">
        <label>Yes</label>
        <value>1</value>
      </item>
    </select1>
    <select1 bind="I_MSA1_MSA1_ELHAART">
      <label>If not, is she eligible for HAART?</label>
      <item id="0">
        <label>No</label>
        <value>0</value>
      </item>
      <item id="1">
        <label>Yes</label>
        <value>1</value>
      </item>
    </select1>
    <select1 bind="I_MSA1_MSA1_BEFPEP">
      <label>Has she participated in the Promise PEP study during a previous pregnancy?</label>
      <item id="0">
        <label>No</label>
        <value>0</value>
      </item>
      <item id="1">
        <label>Yes</label>
        <value>1</value>
      </item>
    </select1>
    <select1 bind="I_MSA1_MSA1_OTRIAL">
      <label>Is she currently in any other trial ?</label>
      <item id="0">
        <label>No</label>
        <value>0</value>
      </item>
      <item id="1">
        <label>Yes</label>
        <value>1</value>
      </item>
    </select1>
    <select1 bind="I_MSA1_MSA1_OTRIAL_S">
      <label>If yes, will she still be participating in this trial one week after delivery?</label>
      <item id="0">
        <label>No</label>
        <value>0</value>
      </item>
      <item id="1">
        <label>Yes</label>
        <value>1</value>
      </item>
    </select1>
    <select1 bind="I_MSA1_MSA1_MOVE">
      <label>Does she intend to move out of the area of the study in the next year?</label>
      <item id="0">
        <label>No</label>
        <value>0</value>
      </item>
      <item id="1">
        <label>Yes</label>
        <value>1</value>
      </item>
    </select1>
    <select1 bind="I_MSA1_MSA1_PMTCT">
      <label>Is she included in a PMTCT program?</label>
      <item id="0">
        <label>No</label>
        <value>0</value>
      </item>
      <item id="1">
        <label>Yes</label>
        <value>1</value>
      </item>
    </select1>
    <select1 bind="I_MSA1_MSA1_COMPLY">
      <label>Is there anything that could prevent her from complying with study procedures? (probe according to SOP)</label>
      <item id="0">
        <label>No</label>
        <value>0</value>
      </item>
      <item id="1">
        <label>Yes</label>
        <value>1</value>
      </item>
    </select1>
    <select1 bind="I_MSA1_MSA1_ELIG">
      <label>Based on the screening procedures and questions so far: Is the mother eligible for further participation</label>
      <item id="0">
        <label>No</label>
        <value>0</value>
      </item>
      <item id="1">
        <label>Yes</label>
        <value>1</value>
      </item>
    </select1>
    <input bind="I_MSA1_MSA1_DELIVERY">
      <label>Mother related - Where does she intend to deliver?</label>
    </input>
    <select1 bind="I_MSA1_MSA1_CONSELLING">
      <label>Is she willing to accept infant feeding option counselling from a designated research counsellor?</label>
      <item id="0">
        <label>No</label>
        <value>0</value>
      </item>
      <item id="1">
        <label>Yes</label>
        <value>1</value>
      </item>
    </select1>
    <input bind="I_MSA1_IDPAT">
      <label>Patient ID</label>
    </input>
    <input bind="I_MSA1_ID">
      <label>Patient ID</label>
    </input>
    <input bind="I_MSA1_MSA1_COMPLYREAS">
      <label>Q10a_ If yes, what could that be?</label>
    </input>
    <input bind="I_MSA1_MSA1_NOELIGREAS">
      <label>Q11a_ If not and reason not listed above, specify why she is not eligible</label>
    </input>
  </group>
  <group id="3">
    <label>MSA1: Mother Screening Assessment 1 - 2</label>
    <input bind="I_MSA1_INIT">
      <label>Fill in your initials (Given Name (G), Surname (S))</label>
    </input>
    <input bind="I_MSA1_FORMD">
      <label>Date of form</label>
    </input>
    <select1 bind="I_MSA1_MSA1_CONS">
      <label>Inclusion/Exclusion criteria - Has the woman understood/read and signed the informed consent for screening?</label>
      <item id="0">
        <label>No</label>
        <value>0</value>
      </item>
      <item id="1">
        <label>Yes</label>
        <value>1</value>
      </item>
    </select1>
    <select1 bind="I_MSA1_MSA1_PGT">
      <label>Is she pregnant?</label>
      <item id="0">
        <label>No</label>
        <value>0</value>
      </item>
      <item id="1">
        <label>Yes</label>
        <value>1</value>
      </item>
    </select1>
    <input bind="I_MSA1_MSA1_BIRTHD">
      <label>What is her birth date?</label>
    </input>
    <input bind="I_MSA1_MSA1_OLD">
      <label>If birth date not documented, how old is she?</label>
      <hint>years</hint>
    </input>
    <select1 bind="I_MSA1_MSA1_KHIV">
      <label>Is her HIV status documented from the antenatal clinic (or other centre)?</label>
      <item id="0">
        <label>No</label>
        <value>0</value>
      </item>
      <item id="1">
        <label>Yes</label>
        <value>1</value>
      </item>
    </select1>
    <select1 bind="I_MSA1_MSA1_HAART">
      <label>Is she currently on HAART?</label>
      <item id="0">
        <label>No</label>
        <value>0</value>
      </item>
      <item id="1">
        <label>Yes</label>
        <value>1</value>
      </item>
    </select1>
    <select1 bind="I_MSA1_MSA1_ELHAART">
      <label>If not, is she eligible for HAART?</label>
      <item id="0">
        <label>No</label>
        <value>0</value>
      </item>
      <item id="1">
        <label>Yes</label>
        <value>1</value>
      </item>
    </select1>
    <select1 bind="I_MSA1_MSA1_BEFPEP">
      <label>Has she participated in the Promise PEP study during a previous pregnancy?</label>
      <item id="0">
        <label>No</label>
        <value>0</value>
      </item>
      <item id="1">
        <label>Yes</label>
        <value>1</value>
      </item>
    </select1>
    <select1 bind="I_MSA1_MSA1_OTRIAL">
      <label>Is she currently in any other trial ?</label>
      <item id="0">
        <label>No</label>
        <value>0</value>
      </item>
      <item id="1">
        <label>Yes</label>
        <value>1</value>
      </item>
    </select1>
    <select1 bind="I_MSA1_MSA1_OTRIAL_S">
      <label>If yes, will she still be participating in this trial one week after delivery?</label>
      <item id="0">
        <label>No</label>
        <value>0</value>
      </item>
      <item id="1">
        <label>Yes</label>
        <value>1</value>
      </item>
    </select1>
    <select1 bind="I_MSA1_MSA1_MOVE">
      <label>Does she intend to move out of the area of the study in the next year?</label>
      <item id="0">
        <label>No</label>
        <value>0</value>
      </item>
      <item id="1">
        <label>Yes</label>
        <value>1</value>
      </item>
    </select1>
    <select1 bind="I_MSA1_MSA1_PMTCT">
      <label>Is she included in a PMTCT program?</label>
      <item id="0">
        <label>No</label>
        <value>0</value>
      </item>
      <item id="1">
        <label>Yes</label>
        <value>1</value>
      </item>
    </select1>
    <select1 bind="I_MSA1_MSA1_COMPLY">
      <label>Is there anything that could prevent her from complying with study procedures? (probe according to SOP)</label>
      <item id="0">
        <label>No</label>
        <value>0</value>
      </item>
      <item id="1">
        <label>Yes</label>
        <value>1</value>
      </item>
    </select1>
    <select1 bind="I_MSA1_MSA1_ELIG">
      <label>Based on the screening procedures and questions so far: Is the mother eligible for further participation</label>
      <item id="0">
        <label>No</label>
        <value>0</value>
      </item>
      <item id="1">
        <label>Yes</label>
        <value>1</value>
      </item>
    </select1>
    <input bind="I_MSA1_MSA1_DELIVERY">
      <label>Mother related - Where does she intend to deliver?</label>
    </input>
    <select1 bind="I_MSA1_MSA1_CONSELLING">
      <label>Is she willing to accept infant feeding option counselling from a designated research counsellor?</label>
      <item id="0">
        <label>No</label>
        <value>0</value>
      </item>
      <item id="1">
        <label>Yes</label>
        <value>1</value>
      </item>
    </select1>
    <input bind="I_MSA1_IDPAT">
      <label>Patient ID</label>
    </input>
    <input bind="I_MSA1_ID">
      <label>Patient ID</label>
    </input>
    <input bind="I_MSA1_MSA1_COMPLYREAS">
      <label>Q10a_ If yes, what could that be?</label>
    </input>
    <input bind="I_MSA1_MSA1_NOELIGREAS">
      <label>Q11a_ If not and reason not listed above, specify why she is not eligible</label>
    </input>
  </group>
  <group id="4">
    <label>MSA1: Mother Screening Assessment 1 - 1</label>
    <input bind="I_MSA1_INIT">
      <label>Fill in your initials (Given Name (G), Surname (S))</label>
    </input>
    <input bind="I_MSA1_FORMD">
      <label>Date of form</label>
    </input>
    <select1 bind="I_MSA1_MSA1_CONS">
      <label>Inclusion/Exclusion criteria - Has the woman understood/read and signed the informed consent for screening?</label>
      <item id="0">
        <label>No</label>
        <value>0</value>
      </item>
      <item id="1">
        <label>Yes</label>
        <value>1</value>
      </item>
    </select1>
    <select1 bind="I_MSA1_MSA1_PGT">
      <label>Is she pregnant?</label>
      <item id="0">
        <label>No</label>
        <value>0</value>
      </item>
      <item id="1">
        <label>Yes</label>
        <value>1</value>
      </item>
    </select1>
    <input bind="I_MSA1_MSA1_BIRTHD">
      <label>What is her birth date?</label>
    </input>
    <input bind="I_MSA1_MSA1_OLD">
      <label>If birth date not documented, how old is she?</label>
      <hint>years</hint>
    </input>
    <select1 bind="I_MSA1_MSA1_KHIV">
      <label>Is her HIV status documented from the antenatal clinic (or other centre)?</label>
      <item id="0">
        <label>No</label>
        <value>0</value>
      </item>
      <item id="1">
        <label>Yes</label>
        <value>1</value>
      </item>
    </select1>
    <select1 bind="I_MSA1_MSA1_HAART">
      <label>Is she currently on HAART?</label>
      <item id="0">
        <label>No</label>
        <value>0</value>
      </item>
      <item id="1">
        <label>Yes</label>
        <value>1</value>
      </item>
    </select1>
    <select1 bind="I_MSA1_MSA1_ELHAART">
      <label>If not, is she eligible for HAART?</label>
      <item id="0">
        <label>No</label>
        <value>0</value>
      </item>
      <item id="1">
        <label>Yes</label>
        <value>1</value>
      </item>
    </select1>
    <select1 bind="I_MSA1_MSA1_BEFPEP">
      <label>Has she participated in the Promise PEP study during a previous pregnancy?</label>
      <item id="0">
        <label>No</label>
        <value>0</value>
      </item>
      <item id="1">
        <label>Yes</label>
        <value>1</value>
      </item>
    </select1>
    <select1 bind="I_MSA1_MSA1_OTRIAL">
      <label>Is she currently in any other trial ?</label>
      <item id="0">
        <label>No</label>
        <value>0</value>
      </item>
      <item id="1">
        <label>Yes</label>
        <value>1</value>
      </item>
    </select1>
    <select1 bind="I_MSA1_MSA1_OTRIAL_S">
      <label>If yes, will she still be participating in this trial one week after delivery?</label>
      <item id="0">
        <label>No</label>
        <value>0</value>
      </item>
      <item id="1">
        <label>Yes</label>
        <value>1</value>
      </item>
    </select1>
    <select1 bind="I_MSA1_MSA1_MOVE">
      <label>Does she intend to move out of the area of the study in the next year?</label>
      <item id="0">
        <label>No</label>
        <value>0</value>
      </item>
      <item id="1">
        <label>Yes</label>
        <value>1</value>
      </item>
    </select1>
    <select1 bind="I_MSA1_MSA1_PMTCT">
      <label>Is she included in a PMTCT program?</label>
      <item id="0">
        <label>No</label>
        <value>0</value>
      </item>
      <item id="1">
        <label>Yes</label>
        <value>1</value>
      </item>
    </select1>
    <select1 bind="I_MSA1_MSA1_COMPLY">
      <label>Is there anything that could prevent her from complying with study procedures? (probe according to SOP)</label>
      <item id="0">
        <label>No</label>
        <value>0</value>
      </item>
      <item id="1">
        <label>Yes</label>
        <value>1</value>
      </item>
    </select1>
    <select1 bind="I_MSA1_MSA1_ELIG">
      <label>Based on the screening procedures and questions so far: Is the mother eligible for further participation</label>
      <item id="0">
        <label>No</label>
        <value>0</value>
      </item>
      <item id="1">
        <label>Yes</label>
        <value>1</value>
      </item>
    </select1>
    <input bind="I_MSA1_MSA1_DELIVERY">
      <label>Mother related - Where does she intend to deliver?</label>
    </input>
    <select1 bind="I_MSA1_MSA1_CONSELLING">
      <label>Is she willing to accept infant feeding option counselling from a designated research counsellor?</label>
      <item id="0">
        <label>No</label>
        <value>0</value>
      </item>
      <item id="1">
        <label>Yes</label>
        <value>1</value>
      </item>
    </select1>
    <input bind="I_MSA1_IDPAT">
      <label>Patient ID</label>
    </input>
    <input bind="I_MSA1_ID">
      <label>Patient ID</label>
    </input>
    <input bind="I_MSA1_MSA1_COMPLYREAS">
      <label>Q10a_ If yes, what could that be?</label>
    </input>
    <input bind="I_MSA1_MSA1_NOELIGREAS">
      <label>Q11a_ If not and reason not listed above, specify why she is not eligible</label>
    </input>
  </group>
  <group id="5">
    <label>MLL: Mother Laboratory Log - 3</label>
    <input bind="I_MLLM_INIT">
      <label>Fill in your initials (Given Name (G), Surname (S)</label>
    </input>
    <input bind="I_MLLM_FORMD">
      <label>Date of form</label>
    </input>
    <input bind="I_MLLM_ID">
      <label>Patient ID</label>
    </input>
    <select1 bind="I_MLLM_MLL_BMCOLL">
      <label>Samples collection - Has breastmilk been collected?</label>
      <item id="0">
        <label>No</label>
        <value>0</value>
      </item>
      <item id="1">
        <label>Yes</label>
        <value>1</value>
      </item>
    </select1>
    <input bind="I_MLLM_MLL_BMNOCOLLREAS">
      <label>If milk has not been collected at these visits, specify</label>
    </input>
    <select1 bind="I_MLLM_MLL_BDCOLL">
      <label>Has blood been collected?</label>
      <item id="0">
        <label>No</label>
        <value>0</value>
      </item>
      <item id="1">
        <label>Yes</label>
        <value>1</value>
      </item>
    </select1>
    <input bind="I_MLLM_MLL_BDNOCOLLREAS">
      <label>If blood has not been collected at these visit, specify</label>
    </input>
    <input bind="I_MLLM_MLL_HIVS_COID">
      <label>Laboratory - Collection date?</label>
    </input>
    <input bind="I_MLLM_MLL_HIVR_COID">
      <label>Collection date ?</label>
    </input>
    <input bind="I_MLLM_MLL_CD4_COID">
      <label>Collection date ?</label>
    </input>
    <input bind="I_MLLM_MLL_HB_COLD">
      <label>Collection date ?</label>
    </input>
    <input bind="I_MLLM_MLL_RCC_COID">
      <label>Collection date ?</label>
    </input>
    <input bind="I_MLLM_MLL_HCT_COLD">
      <label>Collection date ?</label>
    </input>
    <input bind="I_MLLM_MLL_MCV_COID">
      <label>Collection date ?</label>
    </input>
    <input bind="I_MLLM_MLL_MCH_COID">
      <label>Collection date ?</label>
    </input>
    <input bind="I_MLLM_MLL_MCHC_COID">
      <label>Collection date ?</label>
    </input>
    <input bind="I_MLLM_MLL_LEUC_COID">
      <label>Collection date ?</label>
    </input>
    <input bind="I_MLLM_MLL_NEUT_COLD">
      <label>Collection date ?</label>
    </input>
    <input bind="I_MLLM_MLL_EOS_COID">
      <label>Collection date ?</label>
    </input>
    <input bind="I_MLLM_MLL_BAS_CONID">
      <label>Collection date ?</label>
    </input>
    <input bind="I_MLLM_MLL_MON_COLD">
      <label>Collection date ?</label>
    </input>
    <input bind="I_MLLM_MLL_LYM_COLD">
      <label>Collection date ?</label>
    </input>
    <input bind="I_MLLM_MLL_PLAT_COID">
      <label>Collection date ?</label>
    </input>
    <select1 bind="I_MLLM_MLL_HIVS_RES">
      <label>Result?</label>
      <item id="0">
        <label>Negative</label>
        <value>0</value>
      </item>
      <item id="1">
        <label>HIV 1</label>
        <value>1</value>
      </item>
      <item id="2">
        <label>HIV 2</label>
        <value>2</value>
      </item>
      <item id="3">
        <label>HIV 1 + 2</label>
        <value>3</value>
      </item>
      <item id="9">
        <label>Undetermined</label>
        <value>9</value>
      </item>
    </select1>
    <input bind="I_MLLM_MLL_HIVR_RES">
      <label>Result?</label>
      <hint>Copies/mL</hint>
    </input>
    <input bind="I_MLLM_MLL_CD4_RES">
      <label>Result?</label>
      <hint>cells/MM3</hint>
    </input>
    <input bind="I_MLLM_MLL_HB_RES">
      <label>Result?</label>
      <hint>g/dL</hint>
    </input>
    <input bind="I_MLLM_MLL_RCC_RES">
      <label>Result?</label>
      <hint>10&lt;sup&gt;6&lt;/sup&gt;/mm&lt;sup&gt;3&lt;/sup&gt;</hint>
    </input>
    <input bind="I_MLLM_MLL_HCT_RES">
      <label>Result?</label>
      <hint>%</hint>
    </input>
    <input bind="I_MLLM_MLL_MCV_RES">
      <label>Result?</label>
      <hint>µm&lt;sup&gt;3&lt;/sup&gt;</hint>
    </input>
    <input bind="I_MLLM_MLL_MCH_RES">
      <label>Result?</label>
      <hint>pg</hint>
    </input>
    <input bind="I_MLLM_MLL_MCHC_RES">
      <label>Result?</label>
      <hint>g/dL</hint>
    </input>
    <input bind="I_MLLM_MLL_LEUC_RES">
      <label>Result?</label>
      <hint>/mm&lt;sup&gt;3&lt;/sup&gt;</hint>
    </input>
    <input bind="I_MLLM_MLL_NEUT_RES">
      <label>Result?</label>
      <hint>10&lt;sup&gt;3&lt;/sup&gt;/mm&lt;sup&gt;3&lt;/sup&gt;</hint>
    </input>
    <input bind="I_MLLM_MLL_EOS_RES">
      <label>Result?</label>
      <hint>10&lt;sup&gt;3&lt;/sup&gt;/mm&lt;sup&gt;3&lt;/sup&gt;</hint>
    </input>
    <input bind="I_MLLM_MLL_BAS_RES">
      <label>Result?</label>
      <hint>10&lt;sup&gt;3&lt;/sup&gt;/mm&lt;sup&gt;3&lt;/sup&gt;</hint>
    </input>
    <input bind="I_MLLM_MLL_MON_RES">
      <label>Result?</label>
      <hint>10&lt;sup&gt;3&lt;/sup&gt;/mm&lt;sup&gt;3&lt;/sup&gt;</hint>
    </input>
    <input bind="I_MLLM_MLL_LYM_RES">
      <label>Result?</label>
      <hint>10&lt;sup&gt;3&lt;/sup&gt;/mm&lt;sup&gt;3&lt;/sup&gt;</hint>
    </input>
    <input bind="I_MLLM_MLL_PLAT_RES">
      <label>Result?</label>
      <hint>10&lt;sup&gt;3&lt;/sup&gt;/mm&lt;sup&gt;3&lt;/sup&gt;</hint>
    </input>
    <select1 bind="I_MLLM_MLL_BMCOLLV">
      <label>Samples collection - Has breastmilk been collected?</label>
      <item id="0">
        <label>No</label>
        <value>0</value>
      </item>
      <item id="1">
        <label>Yes</label>
        <value>1</value>
      </item>
    </select1>
    <input bind="I_MLLM_MLL_BMNOCOLLREASV">
      <label>If milk has not been collected at these visits, specify</label>
    </input>
    <select1 bind="I_MLLM_MLL_BDCOLLV">
      <label>Has blood been collected?</label>
      <item id="0">
        <label>No</label>
        <value>0</value>
      </item>
      <item id="1">
        <label>Yes</label>
        <value>1</value>
      </item>
    </select1>
    <input bind="I_MLLM_MLL_BDNOCOLLREASV">
      <label>If blood has not been collected at these visit, specify</label>
    </input>
    <input bind="I_MLLM_MLL_HIVS_COIDV">
      <label>Laboratory - Collection date?</label>
    </input>
    <select1 bind="I_MLLM_MLL_HIVS_RESULTV_568">
      <label>Result?</label>
      <item id="0">
        <label>Negative</label>
        <value>0</value>
      </item>
      <item id="1">
        <label>HIV 1</label>
        <value>1</value>
      </item>
      <item id="2">
        <label>HIV 2</label>
        <value>2</value>
      </item>
      <item id="3">
        <label>HIV 1 + 2</label>
        <value>3</value>
      </item>
      <item id="9">
        <label>Undetermined</label>
        <value>9</value>
      </item>
    </select1>
    <input bind="I_MLLM_MLL_HIVR_COIDV">
      <label>Collection date ?</label>
    </input>
    <input bind="I_MLLM_MLL_HIVR_RESULTV_632">
      <label>Result?</label>
    </input>
    <input bind="I_MLLM_MLL_CD4_COIDV">
      <label>Collection date ?</label>
    </input>
    <input bind="I_MLLM_MLL_CD4_RESULTV_7310">
      <label>Result?</label>
    </input>
    <input bind="I_MLLM_MLL_HB_COLDV">
      <label>Collection date ?</label>
    </input>
    <input bind="I_MLLM_MLL_HB_RESULTV_4245">
      <label>Result?</label>
    </input>
    <input bind="I_MLLM_MLL_RCC_COIDV">
      <label>Collection date ?</label>
    </input>
    <input bind="I_MLLM_MLL_RCC_RESULTV_8023">
      <label>Result?</label>
    </input>
    <input bind="I_MLLM_MLL_HCT_COLDV">
      <label>Collection date ?</label>
    </input>
    <input bind="I_MLLM_MLL_HCT_RESULTV_8098">
      <label>Result?</label>
    </input>
    <input bind="I_MLLM_MLL_MCV_COIDV">
      <label>Collection date ?</label>
    </input>
    <input bind="I_MLLM_MLL_MCV_RESULTV_3027">
      <label>Result?</label>
    </input>
    <input bind="I_MLLM_MLL_MCH_COIDV">
      <label>Collection date ?</label>
    </input>
    <input bind="I_MLLM_MLL_MCH_RESULTV_9428">
      <label>Result?</label>
    </input>
    <input bind="I_MLLM_MLL_MCHC_COIDV">
      <label>Collection date ?</label>
    </input>
    <input bind="I_MLLM_MLL_MCHC_RESULTV_9280">
      <label>Result?</label>
    </input>
    <input bind="I_MLLM_MLL_LEUC_COIDV">
      <label>Collection date ?</label>
    </input>
    <input bind="I_MLLM_MLL_LEUC_RESULTV_3135">
      <label>Result?</label>
    </input>
    <input bind="I_MLLM_MLL_NEUT_COLDV">
      <label>Collection date ?</label>
    </input>
    <input bind="I_MLLM_MLL_NEUT_RESULTV_2369">
      <label>Result?</label>
    </input>
    <input bind="I_MLLM_MLL_EOS_COIDV">
      <label>Collection date ?</label>
    </input>
    <input bind="I_MLLM_MLL_EOS_RESULTV_1137">
      <label>Result?</label>
    </input>
    <input bind="I_MLLM_MLL_BAS_CONIDV">
      <label>Collection date ?</label>
    </input>
    <input bind="I_MLLM_MLL_BAS_RESULTV_5744">
      <label>Result?</label>
    </input>
    <input bind="I_MLLM_MLL_MON_COLDV">
      <label>Collection date ?</label>
    </input>
    <input bind="I_MLLM_MLL_MON_RESULTV_3748">
      <label>Result?</label>
    </input>
    <input bind="I_MLLM_MLL_LYM_COLDV">
      <label>Collection date ?</label>
    </input>
    <input bind="I_MLLM_MLL_LYM_RESULTV_977">
      <label>Result?</label>
    </input>
    <input bind="I_MLLM_MLL_PLAT_COIDV">
      <label>Collection date ?</label>
    </input>
    <input bind="I_MLLM_MLL_PLAT_RESULTV_2897">
      <label>Result?</label>
    </input>
    <select1 bind="I_MLLM_MLL_HIVS_RESULT">
      <label>Result?</label>
      <item id="0">
        <label>Negative</label>
        <value>0</value>
      </item>
      <item id="1">
        <label>HIV 1</label>
        <value>1</value>
      </item>
      <item id="2">
        <label>HIV 2</label>
        <value>2</value>
      </item>
      <item id="3">
        <label>HIV 1 + 2</label>
        <value>3</value>
      </item>
      <item id="9">
        <label>Undetermined</label>
        <value>9</value>
      </item>
    </select1>
    <input bind="I_MLLM_MLL_HIVR_RESULT">
      <label>Result?</label>
      <hint>Copies/mL</hint>
    </input>
    <input bind="I_MLLM_MLL_CD4_RESULT">
      <label>Result?</label>
      <hint>in T4 cells/µL</hint>
    </input>
    <input bind="I_MLLM_MLL_HB_RESULT">
      <label>Result?</label>
      <hint>g/dL</hint>
    </input>
    <input bind="I_MLLM_MLL_RCC_RESULT">
      <label>Result?</label>
      <hint>10&lt;sup&gt;6&lt;/sup&gt;mm&lt;sup&gt;-3&lt;/sup&gt;</hint>
    </input>
    <input bind="I_MLLM_MLL_HCT_RESULT">
      <label>Result?</label>
      <hint>%</hint>
    </input>
    <input bind="I_MLLM_MLL_MCV_RESULT">
      <label>Result?</label>
      <hint>µ&lt;sup&gt;3&lt;/sup&gt;</hint>
    </input>
    <input bind="I_MLLM_MLL_MCH_RESULT">
      <label>Result?</label>
      <hint>pg</hint>
    </input>
    <input bind="I_MLLM_MLL_MCHC_RESULT">
      <label>Result?</label>
      <hint>g/dL</hint>
    </input>
    <input bind="I_MLLM_MLL_LEUC_RESULT">
      <label>Result?</label>
      <hint>mm&lt;sup&gt;-3&lt;/sup&gt;</hint>
    </input>
    <input bind="I_MLLM_MLL_NEUT_RESULT">
      <label>Result?</label>
      <hint>mm&lt;sup&gt;-3&lt;/sup&gt;</hint>
    </input>
    <input bind="I_MLLM_MLL_EOS_RESULT">
      <label>Result?</label>
      <hint>mm&lt;sup&gt;-3&lt;/sup&gt;</hint>
    </input>
    <input bind="I_MLLM_MLL_BAS_RESULT">
      <label>Result?</label>
      <hint>mm&lt;sup&gt;-3&lt;/sup&gt;</hint>
    </input>
    <input bind="I_MLLM_MLL_MON_RESULT">
      <label>Result?</label>
      <hint>mm&lt;sup&gt;-3&lt;/sup&gt;</hint>
    </input>
    <input bind="I_MLLM_MLL_LYM_RESULT">
      <label>Result?</label>
      <hint>mm&lt;sup&gt;-3&lt;/sup&gt;</hint>
    </input>
    <input bind="I_MLLM_MLL_PLAT_RESULT">
      <label>Result?</label>
      <hint>10&lt;sup&gt;3&lt;/sup&gt;.mm&lt;sup&gt;-3&lt;/sup&gt;</hint>
    </input>
    <select1 bind="I_MLLM_MLL_HIVS_RESULTV">
      <label>Result?</label>
      <item id="0">
        <label>Negative</label>
        <value>0</value>
      </item>
      <item id="1">
        <label>HIV 1</label>
        <value>1</value>
      </item>
      <item id="2">
        <label>HIV 2</label>
        <value>2</value>
      </item>
      <item id="3">
        <label>HIV 1 + 2</label>
        <value>3</value>
      </item>
      <item id="9">
        <label>Undetermined</label>
        <value>9</value>
      </item>
    </select1>
    <input bind="I_MLLM_MLL_HIVR_RESULTV">
      <label>Result?</label>
      <hint>Copies/mL</hint>
    </input>
    <input bind="I_MLLM_MLL_CD4_RESULTV">
      <label>Result?</label>
      <hint>in T4 cells/µL</hint>
    </input>
    <input bind="I_MLLM_MLL_HB_RESULTV">
      <label>Result?</label>
      <hint>g/dL</hint>
    </input>
    <input bind="I_MLLM_MLL_RCC_RESULTV">
      <label>Result?</label>
      <hint>10&lt;sup&gt;6&lt;/sup&gt;mm&lt;sup&gt;-3&lt;/sup&gt;</hint>
    </input>
    <input bind="I_MLLM_MLL_HCT_RESULTV">
      <label>Result?</label>
      <hint>%</hint>
    </input>
    <input bind="I_MLLM_MLL_MCV_RESULTV">
      <label>Result?</label>
      <hint>µ&lt;sup&gt;3&lt;/sup&gt;</hint>
    </input>
    <input bind="I_MLLM_MLL_MCH_RESULTV">
      <label>Result?</label>
      <hint>pg</hint>
    </input>
    <input bind="I_MLLM_MLL_MCHC_RESULTV">
      <label>Result?</label>
      <hint>g/dL</hint>
    </input>
    <input bind="I_MLLM_MLL_LEUC_RESULTV">
      <label>Result?</label>
      <hint>mm&lt;sup&gt;-3&lt;/sup&gt;</hint>
    </input>
    <input bind="I_MLLM_MLL_NEUT_RESULTV">
      <label>Result?</label>
      <hint>mm&lt;sup&gt;-3&lt;/sup&gt;</hint>
    </input>
    <input bind="I_MLLM_MLL_EOS_RESULTV">
      <label>Result?</label>
      <hint>mm&lt;sup&gt;-3&lt;/sup&gt;</hint>
    </input>
    <input bind="I_MLLM_MLL_BAS_RESULTV">
      <label>Result?</label>
      <hint>mm&lt;sup&gt;-3&lt;/sup&gt;</hint>
    </input>
    <input bind="I_MLLM_MLL_MON_RESULTV">
      <label>Result?</label>
      <hint>mm&lt;sup&gt;-3&lt;/sup&gt;</hint>
    </input>
    <input bind="I_MLLM_MLL_LYM_RESULTV">
      <label>Result?</label>
      <hint>mm&lt;sup&gt;-3&lt;/sup&gt;</hint>
    </input>
    <input bind="I_MLLM_MLL_PLAT_RESULTV">
      <label>Result?</label>
      <hint>10&lt;sup&gt;3&lt;/sup&gt;.mm&lt;sup&gt;-3&lt;/sup&gt;</hint>
    </input>
    <input bind="I_MLLM_MLL_OLE_PREC">
      <label>specify</label>
    </input>
    <input bind="I_MLLM_MLL_OLE_COLD">
      <label>Collection date ?</label>
    </input>
    <input bind="I_MLLM_MLL_OLE_RESULTV">
      <label>Result?</label>
    </input>
    <input bind="I_MLLM_MLL_OLE_PRECV">
      <label>specify</label>
    </input>
    <input bind="I_MLLM_MLL_OLE_COLDV">
      <label>Collection date ?</label>
    </input>
  </group>
  <group id="6">
    <label>MLL: Mother Laboratory Log - 5</label>
    <input bind="I_MLLM_INIT">
      <label>Fill in your initials (Given Name (G), Surname (S)</label>
    </input>
    <input bind="I_MLLM_FORMD">
      <label>Date of form</label>
    </input>
    <input bind="I_MLLM_ID">
      <label>Patient ID</label>
    </input>
    <select1 bind="I_MLLM_MLL_BMCOLL">
      <label>Samples collection - Has breastmilk been collected?</label>
      <item id="0">
        <label>No</label>
        <value>0</value>
      </item>
      <item id="1">
        <label>Yes</label>
        <value>1</value>
      </item>
    </select1>
    <input bind="I_MLLM_MLL_BMNOCOLLREAS">
      <label>If milk has not been collected at these visits, specify</label>
    </input>
    <select1 bind="I_MLLM_MLL_BDCOLL">
      <label>Has blood been collected?</label>
      <item id="0">
        <label>No</label>
        <value>0</value>
      </item>
      <item id="1">
        <label>Yes</label>
        <value>1</value>
      </item>
    </select1>
    <input bind="I_MLLM_MLL_BDNOCOLLREAS">
      <label>If blood has not been collected at these visit, specify</label>
    </input>
    <input bind="I_MLLM_MLL_HIVS_COID">
      <label>Laboratory - Collection date?</label>
    </input>
    <input bind="I_MLLM_MLL_HIVR_COID">
      <label>Collection date ?</label>
    </input>
    <input bind="I_MLLM_MLL_CD4_COID">
      <label>Collection date ?</label>
    </input>
    <input bind="I_MLLM_MLL_HB_COLD">
      <label>Collection date ?</label>
    </input>
    <input bind="I_MLLM_MLL_RCC_COID">
      <label>Collection date ?</label>
    </input>
    <input bind="I_MLLM_MLL_HCT_COLD">
      <label>Collection date ?</label>
    </input>
    <input bind="I_MLLM_MLL_MCV_COID">
      <label>Collection date ?</label>
    </input>
    <input bind="I_MLLM_MLL_MCH_COID">
      <label>Collection date ?</label>
    </input>
    <input bind="I_MLLM_MLL_MCHC_COID">
      <label>Collection date ?</label>
    </input>
    <input bind="I_MLLM_MLL_LEUC_COID">
      <label>Collection date ?</label>
    </input>
    <input bind="I_MLLM_MLL_NEUT_COLD">
      <label>Collection date ?</label>
    </input>
    <input bind="I_MLLM_MLL_EOS_COID">
      <label>Collection date ?</label>
    </input>
    <input bind="I_MLLM_MLL_BAS_CONID">
      <label>Collection date ?</label>
    </input>
    <input bind="I_MLLM_MLL_MON_COLD">
      <label>Collection date ?</label>
    </input>
    <input bind="I_MLLM_MLL_LYM_COLD">
      <label>Collection date ?</label>
    </input>
    <input bind="I_MLLM_MLL_PLAT_COID">
      <label>Collection date ?</label>
    </input>
    <select1 bind="I_MLLM_MLL_HIVS_RES">
      <label>Result?</label>
      <item id="0">
        <label>Negative</label>
        <value>0</value>
      </item>
      <item id="1">
        <label>HIV 1</label>
        <value>1</value>
      </item>
      <item id="2">
        <label>HIV 2</label>
        <value>2</value>
      </item>
      <item id="3">
        <label>HIV 1 + 2</label>
        <value>3</value>
      </item>
      <item id="9">
        <label>Undetermined</label>
        <value>9</value>
      </item>
    </select1>
    <input bind="I_MLLM_MLL_HIVR_RES">
      <label>Result?</label>
      <hint>Copies/mL</hint>
    </input>
    <input bind="I_MLLM_MLL_CD4_RES">
      <label>Result?</label>
      <hint>cells/MM3</hint>
    </input>
    <input bind="I_MLLM_MLL_HB_RES">
      <label>Result?</label>
      <hint>g/dL</hint>
    </input>
    <input bind="I_MLLM_MLL_RCC_RES">
      <label>Result?</label>
      <hint>10&lt;sup&gt;6&lt;/sup&gt;/mm&lt;sup&gt;3&lt;/sup&gt;</hint>
    </input>
    <input bind="I_MLLM_MLL_HCT_RES">
      <label>Result?</label>
      <hint>%</hint>
    </input>
    <input bind="I_MLLM_MLL_MCV_RES">
      <label>Result?</label>
      <hint>µm&lt;sup&gt;3&lt;/sup&gt;</hint>
    </input>
    <input bind="I_MLLM_MLL_MCH_RES">
      <label>Result?</label>
      <hint>pg</hint>
    </input>
    <input bind="I_MLLM_MLL_MCHC_RES">
      <label>Result?</label>
      <hint>g/dL</hint>
    </input>
    <input bind="I_MLLM_MLL_LEUC_RES">
      <label>Result?</label>
      <hint>/mm&lt;sup&gt;3&lt;/sup&gt;</hint>
    </input>
    <input bind="I_MLLM_MLL_NEUT_RES">
      <label>Result?</label>
      <hint>10&lt;sup&gt;3&lt;/sup&gt;/mm&lt;sup&gt;3&lt;/sup&gt;</hint>
    </input>
    <input bind="I_MLLM_MLL_EOS_RES">
      <label>Result?</label>
      <hint>10&lt;sup&gt;3&lt;/sup&gt;/mm&lt;sup&gt;3&lt;/sup&gt;</hint>
    </input>
    <input bind="I_MLLM_MLL_BAS_RES">
      <label>Result?</label>
      <hint>10&lt;sup&gt;3&lt;/sup&gt;/mm&lt;sup&gt;3&lt;/sup&gt;</hint>
    </input>
    <input bind="I_MLLM_MLL_MON_RES">
      <label>Result?</label>
      <hint>10&lt;sup&gt;3&lt;/sup&gt;/mm&lt;sup&gt;3&lt;/sup&gt;</hint>
    </input>
    <input bind="I_MLLM_MLL_LYM_RES">
      <label>Result?</label>
      <hint>10&lt;sup&gt;3&lt;/sup&gt;/mm&lt;sup&gt;3&lt;/sup&gt;</hint>
    </input>
    <input bind="I_MLLM_MLL_PLAT_RES">
      <label>Result?</label>
      <hint>10&lt;sup&gt;3&lt;/sup&gt;/mm&lt;sup&gt;3&lt;/sup&gt;</hint>
    </input>
    <select1 bind="I_MLLM_MLL_BMCOLLV">
      <label>Samples collection - Has breastmilk been collected?</label>
      <item id="0">
        <label>No</label>
        <value>0</value>
      </item>
      <item id="1">
        <label>Yes</label>
        <value>1</value>
      </item>
    </select1>
    <input bind="I_MLLM_MLL_BMNOCOLLREASV">
      <label>If milk has not been collected at these visits, specify</label>
    </input>
    <select1 bind="I_MLLM_MLL_BDCOLLV">
      <label>Has blood been collected?</label>
      <item id="0">
        <label>No</label>
        <value>0</value>
      </item>
      <item id="1">
        <label>Yes</label>
        <value>1</value>
      </item>
    </select1>
    <input bind="I_MLLM_MLL_BDNOCOLLREASV">
      <label>If blood has not been collected at these visit, specify</label>
    </input>
    <input bind="I_MLLM_MLL_HIVS_COIDV">
      <label>Laboratory - Collection date?</label>
    </input>
    <select1 bind="I_MLLM_MLL_HIVS_RESULTV_568">
      <label>Result?</label>
      <item id="0">
        <label>Negative</label>
        <value>0</value>
      </item>
      <item id="1">
        <label>HIV 1</label>
        <value>1</value>
      </item>
      <item id="2">
        <label>HIV 2</label>
        <value>2</value>
      </item>
      <item id="3">
        <label>HIV 1 + 2</label>
        <value>3</value>
      </item>
      <item id="9">
        <label>Undetermined</label>
        <value>9</value>
      </item>
    </select1>
    <input bind="I_MLLM_MLL_HIVR_COIDV">
      <label>Collection date ?</label>
    </input>
    <input bind="I_MLLM_MLL_HIVR_RESULTV_632">
      <label>Result?</label>
    </input>
    <input bind="I_MLLM_MLL_CD4_COIDV">
      <label>Collection date ?</label>
    </input>
    <input bind="I_MLLM_MLL_CD4_RESULTV_7310">
      <label>Result?</label>
    </input>
    <input bind="I_MLLM_MLL_HB_COLDV">
      <label>Collection date ?</label>
    </input>
    <input bind="I_MLLM_MLL_HB_RESULTV_4245">
      <label>Result?</label>
    </input>
    <input bind="I_MLLM_MLL_RCC_COIDV">
      <label>Collection date ?</label>
    </input>
    <input bind="I_MLLM_MLL_RCC_RESULTV_8023">
      <label>Result?</label>
    </input>
    <input bind="I_MLLM_MLL_HCT_COLDV">
      <label>Collection date ?</label>
    </input>
    <input bind="I_MLLM_MLL_HCT_RESULTV_8098">
      <label>Result?</label>
    </input>
    <input bind="I_MLLM_MLL_MCV_COIDV">
      <label>Collection date ?</label>
    </input>
    <input bind="I_MLLM_MLL_MCV_RESULTV_3027">
      <label>Result?</label>
    </input>
    <input bind="I_MLLM_MLL_MCH_COIDV">
      <label>Collection date ?</label>
    </input>
    <input bind="I_MLLM_MLL_MCH_RESULTV_9428">
      <label>Result?</label>
    </input>
    <input bind="I_MLLM_MLL_MCHC_COIDV">
      <label>Collection date ?</label>
    </input>
    <input bind="I_MLLM_MLL_MCHC_RESULTV_9280">
      <label>Result?</label>
    </input>
    <input bind="I_MLLM_MLL_LEUC_COIDV">
      <label>Collection date ?</label>
    </input>
    <input bind="I_MLLM_MLL_LEUC_RESULTV_3135">
      <label>Result?</label>
    </input>
    <input bind="I_MLLM_MLL_NEUT_COLDV">
      <label>Collection date ?</label>
    </input>
    <input bind="I_MLLM_MLL_NEUT_RESULTV_2369">
      <label>Result?</label>
    </input>
    <input bind="I_MLLM_MLL_EOS_COIDV">
      <label>Collection date ?</label>
    </input>
    <input bind="I_MLLM_MLL_EOS_RESULTV_1137">
      <label>Result?</label>
    </input>
    <input bind="I_MLLM_MLL_BAS_CONIDV">
      <label>Collection date ?</label>
    </input>
    <input bind="I_MLLM_MLL_BAS_RESULTV_5744">
      <label>Result?</label>
    </input>
    <input bind="I_MLLM_MLL_MON_COLDV">
      <label>Collection date ?</label>
    </input>
    <input bind="I_MLLM_MLL_MON_RESULTV_3748">
      <label>Result?</label>
    </input>
    <input bind="I_MLLM_MLL_LYM_COLDV">
      <label>Collection date ?</label>
    </input>
    <input bind="I_MLLM_MLL_LYM_RESULTV_977">
      <label>Result?</label>
    </input>
    <input bind="I_MLLM_MLL_PLAT_COIDV">
      <label>Collection date ?</label>
    </input>
    <input bind="I_MLLM_MLL_PLAT_RESULTV_2897">
      <label>Result?</label>
    </input>
    <select1 bind="I_MLLM_MLL_HIVS_RESULT">
      <label>Result?</label>
      <item id="0">
        <label>Negative</label>
        <value>0</value>
      </item>
      <item id="1">
        <label>HIV 1</label>
        <value>1</value>
      </item>
      <item id="2">
        <label>HIV 2</label>
        <value>2</value>
      </item>
      <item id="3">
        <label>HIV 1 + 2</label>
        <value>3</value>
      </item>
      <item id="9">
        <label>Undetermined</label>
        <value>9</value>
      </item>
    </select1>
    <input bind="I_MLLM_MLL_HIVR_RESULT">
      <label>Result?</label>
      <hint>Copies/mL</hint>
    </input>
    <input bind="I_MLLM_MLL_CD4_RESULT">
      <label>Result?</label>
      <hint>in T4 cells/µL</hint>
    </input>
    <input bind="I_MLLM_MLL_HB_RESULT">
      <label>Result?</label>
      <hint>g/dL</hint>
    </input>
    <input bind="I_MLLM_MLL_RCC_RESULT">
      <label>Result?</label>
      <hint>10&lt;sup&gt;6&lt;/sup&gt;mm&lt;sup&gt;-3&lt;/sup&gt;</hint>
    </input>
    <input bind="I_MLLM_MLL_HCT_RESULT">
      <label>Result?</label>
      <hint>%</hint>
    </input>
    <input bind="I_MLLM_MLL_MCV_RESULT">
      <label>Result?</label>
      <hint>µ&lt;sup&gt;3&lt;/sup&gt;</hint>
    </input>
    <input bind="I_MLLM_MLL_MCH_RESULT">
      <label>Result?</label>
      <hint>pg</hint>
    </input>
    <input bind="I_MLLM_MLL_MCHC_RESULT">
      <label>Result?</label>
      <hint>g/dL</hint>
    </input>
    <input bind="I_MLLM_MLL_LEUC_RESULT">
      <label>Result?</label>
      <hint>mm&lt;sup&gt;-3&lt;/sup&gt;</hint>
    </input>
    <input bind="I_MLLM_MLL_NEUT_RESULT">
      <label>Result?</label>
      <hint>mm&lt;sup&gt;-3&lt;/sup&gt;</hint>
    </input>
    <input bind="I_MLLM_MLL_EOS_RESULT">
      <label>Result?</label>
      <hint>mm&lt;sup&gt;-3&lt;/sup&gt;</hint>
    </input>
    <input bind="I_MLLM_MLL_BAS_RESULT">
      <label>Result?</label>
      <hint>mm&lt;sup&gt;-3&lt;/sup&gt;</hint>
    </input>
    <input bind="I_MLLM_MLL_MON_RESULT">
      <label>Result?</label>
      <hint>mm&lt;sup&gt;-3&lt;/sup&gt;</hint>
    </input>
    <input bind="I_MLLM_MLL_LYM_RESULT">
      <label>Result?</label>
      <hint>mm&lt;sup&gt;-3&lt;/sup&gt;</hint>
    </input>
    <input bind="I_MLLM_MLL_PLAT_RESULT">
      <label>Result?</label>
      <hint>10&lt;sup&gt;3&lt;/sup&gt;.mm&lt;sup&gt;-3&lt;/sup&gt;</hint>
    </input>
    <select1 bind="I_MLLM_MLL_HIVS_RESULTV">
      <label>Result?</label>
      <item id="0">
        <label>Negative</label>
        <value>0</value>
      </item>
      <item id="1">
        <label>HIV 1</label>
        <value>1</value>
      </item>
      <item id="2">
        <label>HIV 2</label>
        <value>2</value>
      </item>
      <item id="3">
        <label>HIV 1 + 2</label>
        <value>3</value>
      </item>
      <item id="9">
        <label>Undetermined</label>
        <value>9</value>
      </item>
    </select1>
    <input bind="I_MLLM_MLL_HIVR_RESULTV">
      <label>Result?</label>
      <hint>Copies/mL</hint>
    </input>
    <input bind="I_MLLM_MLL_CD4_RESULTV">
      <label>Result?</label>
      <hint>in T4 cells/µL</hint>
    </input>
    <input bind="I_MLLM_MLL_HB_RESULTV">
      <label>Result?</label>
      <hint>g/dL</hint>
    </input>
    <input bind="I_MLLM_MLL_RCC_RESULTV">
      <label>Result?</label>
      <hint>10&lt;sup&gt;6&lt;/sup&gt;mm&lt;sup&gt;-3&lt;/sup&gt;</hint>
    </input>
    <input bind="I_MLLM_MLL_HCT_RESULTV">
      <label>Result?</label>
      <hint>%</hint>
    </input>
    <input bind="I_MLLM_MLL_MCV_RESULTV">
      <label>Result?</label>
      <hint>µ&lt;sup&gt;3&lt;/sup&gt;</hint>
    </input>
    <input bind="I_MLLM_MLL_MCH_RESULTV">
      <label>Result?</label>
      <hint>pg</hint>
    </input>
    <input bind="I_MLLM_MLL_MCHC_RESULTV">
      <label>Result?</label>
      <hint>g/dL</hint>
    </input>
    <input bind="I_MLLM_MLL_LEUC_RESULTV">
      <label>Result?</label>
      <hint>mm&lt;sup&gt;-3&lt;/sup&gt;</hint>
    </input>
    <input bind="I_MLLM_MLL_NEUT_RESULTV">
      <label>Result?</label>
      <hint>mm&lt;sup&gt;-3&lt;/sup&gt;</hint>
    </input>
    <input bind="I_MLLM_MLL_EOS_RESULTV">
      <label>Result?</label>
      <hint>mm&lt;sup&gt;-3&lt;/sup&gt;</hint>
    </input>
    <input bind="I_MLLM_MLL_BAS_RESULTV">
      <label>Result?</label>
      <hint>mm&lt;sup&gt;-3&lt;/sup&gt;</hint>
    </input>
    <input bind="I_MLLM_MLL_MON_RESULTV">
      <label>Result?</label>
      <hint>mm&lt;sup&gt;-3&lt;/sup&gt;</hint>
    </input>
    <input bind="I_MLLM_MLL_LYM_RESULTV">
      <label>Result?</label>
      <hint>mm&lt;sup&gt;-3&lt;/sup&gt;</hint>
    </input>
    <input bind="I_MLLM_MLL_PLAT_RESULTV">
      <label>Result?</label>
      <hint>10&lt;sup&gt;3&lt;/sup&gt;.mm&lt;sup&gt;-3&lt;/sup&gt;</hint>
    </input>
    <input bind="I_MLLM_MLL_OLE_PREC">
      <label>specify</label>
    </input>
    <input bind="I_MLLM_MLL_OLE_COLD">
      <label>Collection date ?</label>
    </input>
    <input bind="I_MLLM_MLL_OLE_RESULTV">
      <label>Result?</label>
    </input>
    <input bind="I_MLLM_MLL_OLE_PRECV">
      <label>specify</label>
    </input>
    <input bind="I_MLLM_MLL_OLE_COLDV">
      <label>Collection date ?</label>
    </input>
  </group>
  <group id="7">
    <label>MLL: Mother Laboratory Log - 2</label>
    <input bind="I_MLLM_INIT">
      <label>Fill in your initials (Given Name (G), Surname (S)</label>
    </input>
    <input bind="I_MLLM_FORMD">
      <label>Date of form</label>
    </input>
    <input bind="I_MLLM_ID">
      <label>Patient ID</label>
    </input>
    <select1 bind="I_MLLM_MLL_BMCOLL">
      <label>Samples collection - Has breastmilk been collected?</label>
      <item id="0">
        <label>No</label>
        <value>0</value>
      </item>
      <item id="1">
        <label>Yes</label>
        <value>1</value>
      </item>
    </select1>
    <input bind="I_MLLM_MLL_BMNOCOLLREAS">
      <label>If milk has not been collected at these visits, specify</label>
    </input>
    <select1 bind="I_MLLM_MLL_BDCOLL">
      <label>Has blood been collected?</label>
      <item id="0">
        <label>No</label>
        <value>0</value>
      </item>
      <item id="1">
        <label>Yes</label>
        <value>1</value>
      </item>
    </select1>
    <input bind="I_MLLM_MLL_BDNOCOLLREAS">
      <label>If blood has not been collected at these visit, specify</label>
    </input>
    <input bind="I_MLLM_MLL_HIVS_COID">
      <label>Laboratory - Collection date?</label>
    </input>
    <input bind="I_MLLM_MLL_HIVR_COID">
      <label>Collection date ?</label>
    </input>
    <input bind="I_MLLM_MLL_CD4_COID">
      <label>Collection date ?</label>
    </input>
    <input bind="I_MLLM_MLL_HB_COLD">
      <label>Collection date ?</label>
    </input>
    <input bind="I_MLLM_MLL_RCC_COID">
      <label>Collection date ?</label>
    </input>
    <input bind="I_MLLM_MLL_HCT_COLD">
      <label>Collection date ?</label>
    </input>
    <input bind="I_MLLM_MLL_MCV_COID">
      <label>Collection date ?</label>
    </input>
    <input bind="I_MLLM_MLL_MCH_COID">
      <label>Collection date ?</label>
    </input>
    <input bind="I_MLLM_MLL_MCHC_COID">
      <label>Collection date ?</label>
    </input>
    <input bind="I_MLLM_MLL_LEUC_COID">
      <label>Collection date ?</label>
    </input>
    <input bind="I_MLLM_MLL_NEUT_COLD">
      <label>Collection date ?</label>
    </input>
    <input bind="I_MLLM_MLL_EOS_COID">
      <label>Collection date ?</label>
    </input>
    <input bind="I_MLLM_MLL_BAS_CONID">
      <label>Collection date ?</label>
    </input>
    <input bind="I_MLLM_MLL_MON_COLD">
      <label>Collection date ?</label>
    </input>
    <input bind="I_MLLM_MLL_LYM_COLD">
      <label>Collection date ?</label>
    </input>
    <input bind="I_MLLM_MLL_PLAT_COID">
      <label>Collection date ?</label>
    </input>
    <select1 bind="I_MLLM_MLL_HIVS_RES">
      <label>Result?</label>
      <item id="0">
        <label>Negative</label>
        <value>0</value>
      </item>
      <item id="1">
        <label>HIV 1</label>
        <value>1</value>
      </item>
      <item id="2">
        <label>HIV 2</label>
        <value>2</value>
      </item>
      <item id="3">
        <label>HIV 1 + 2</label>
        <value>3</value>
      </item>
      <item id="9">
        <label>Undetermined</label>
        <value>9</value>
      </item>
    </select1>
    <input bind="I_MLLM_MLL_HIVR_RES">
      <label>Result?</label>
      <hint>Copies/mL</hint>
    </input>
    <input bind="I_MLLM_MLL_CD4_RES">
      <label>Result?</label>
      <hint>cells/MM3</hint>
    </input>
    <input bind="I_MLLM_MLL_HB_RES">
      <label>Result?</label>
      <hint>g/dL</hint>
    </input>
    <input bind="I_MLLM_MLL_RCC_RES">
      <label>Result?</label>
      <hint>10&lt;sup&gt;6&lt;/sup&gt;/mm&lt;sup&gt;3&lt;/sup&gt;</hint>
    </input>
    <input bind="I_MLLM_MLL_HCT_RES">
      <label>Result?</label>
      <hint>%</hint>
    </input>
    <input bind="I_MLLM_MLL_MCV_RES">
      <label>Result?</label>
      <hint>µm&lt;sup&gt;3&lt;/sup&gt;</hint>
    </input>
    <input bind="I_MLLM_MLL_MCH_RES">
      <label>Result?</label>
      <hint>pg</hint>
    </input>
    <input bind="I_MLLM_MLL_MCHC_RES">
      <label>Result?</label>
      <hint>g/dL</hint>
    </input>
    <input bind="I_MLLM_MLL_LEUC_RES">
      <label>Result?</label>
      <hint>/mm&lt;sup&gt;3&lt;/sup&gt;</hint>
    </input>
    <input bind="I_MLLM_MLL_NEUT_RES">
      <label>Result?</label>
      <hint>10&lt;sup&gt;3&lt;/sup&gt;/mm&lt;sup&gt;3&lt;/sup&gt;</hint>
    </input>
    <input bind="I_MLLM_MLL_EOS_RES">
      <label>Result?</label>
      <hint>10&lt;sup&gt;3&lt;/sup&gt;/mm&lt;sup&gt;3&lt;/sup&gt;</hint>
    </input>
    <input bind="I_MLLM_MLL_BAS_RES">
      <label>Result?</label>
      <hint>10&lt;sup&gt;3&lt;/sup&gt;/mm&lt;sup&gt;3&lt;/sup&gt;</hint>
    </input>
    <input bind="I_MLLM_MLL_MON_RES">
      <label>Result?</label>
      <hint>10&lt;sup&gt;3&lt;/sup&gt;/mm&lt;sup&gt;3&lt;/sup&gt;</hint>
    </input>
    <input bind="I_MLLM_MLL_LYM_RES">
      <label>Result?</label>
      <hint>10&lt;sup&gt;3&lt;/sup&gt;/mm&lt;sup&gt;3&lt;/sup&gt;</hint>
    </input>
    <input bind="I_MLLM_MLL_PLAT_RES">
      <label>Result?</label>
      <hint>10&lt;sup&gt;3&lt;/sup&gt;/mm&lt;sup&gt;3&lt;/sup&gt;</hint>
    </input>
    <select1 bind="I_MLLM_MLL_BMCOLLV">
      <label>Samples collection - Has breastmilk been collected?</label>
      <item id="0">
        <label>No</label>
        <value>0</value>
      </item>
      <item id="1">
        <label>Yes</label>
        <value>1</value>
      </item>
    </select1>
    <input bind="I_MLLM_MLL_BMNOCOLLREASV">
      <label>If milk has not been collected at these visits, specify</label>
    </input>
    <select1 bind="I_MLLM_MLL_BDCOLLV">
      <label>Has blood been collected?</label>
      <item id="0">
        <label>No</label>
        <value>0</value>
      </item>
      <item id="1">
        <label>Yes</label>
        <value>1</value>
      </item>
    </select1>
    <input bind="I_MLLM_MLL_BDNOCOLLREASV">
      <label>If blood has not been collected at these visit, specify</label>
    </input>
    <input bind="I_MLLM_MLL_HIVS_COIDV">
      <label>Laboratory - Collection date?</label>
    </input>
    <select1 bind="I_MLLM_MLL_HIVS_RESULTV_568">
      <label>Result?</label>
      <item id="0">
        <label>Negative</label>
        <value>0</value>
      </item>
      <item id="1">
        <label>HIV 1</label>
        <value>1</value>
      </item>
      <item id="2">
        <label>HIV 2</label>
        <value>2</value>
      </item>
      <item id="3">
        <label>HIV 1 + 2</label>
        <value>3</value>
      </item>
      <item id="9">
        <label>Undetermined</label>
        <value>9</value>
      </item>
    </select1>
    <input bind="I_MLLM_MLL_HIVR_COIDV">
      <label>Collection date ?</label>
    </input>
    <input bind="I_MLLM_MLL_HIVR_RESULTV_632">
      <label>Result?</label>
    </input>
    <input bind="I_MLLM_MLL_CD4_COIDV">
      <label>Collection date ?</label>
    </input>
    <input bind="I_MLLM_MLL_CD4_RESULTV_7310">
      <label>Result?</label>
    </input>
    <input bind="I_MLLM_MLL_HB_COLDV">
      <label>Collection date ?</label>
    </input>
    <input bind="I_MLLM_MLL_HB_RESULTV_4245">
      <label>Result?</label>
    </input>
    <input bind="I_MLLM_MLL_RCC_COIDV">
      <label>Collection date ?</label>
    </input>
    <input bind="I_MLLM_MLL_RCC_RESULTV_8023">
      <label>Result?</label>
    </input>
    <input bind="I_MLLM_MLL_HCT_COLDV">
      <label>Collection date ?</label>
    </input>
    <input bind="I_MLLM_MLL_HCT_RESULTV_8098">
      <label>Result?</label>
    </input>
    <input bind="I_MLLM_MLL_MCV_COIDV">
      <label>Collection date ?</label>
    </input>
    <input bind="I_MLLM_MLL_MCV_RESULTV_3027">
      <label>Result?</label>
    </input>
    <input bind="I_MLLM_MLL_MCH_COIDV">
      <label>Collection date ?</label>
    </input>
    <input bind="I_MLLM_MLL_MCH_RESULTV_9428">
      <label>Result?</label>
    </input>
    <input bind="I_MLLM_MLL_MCHC_COIDV">
      <label>Collection date ?</label>
    </input>
    <input bind="I_MLLM_MLL_MCHC_RESULTV_9280">
      <label>Result?</label>
    </input>
    <input bind="I_MLLM_MLL_LEUC_COIDV">
      <label>Collection date ?</label>
    </input>
    <input bind="I_MLLM_MLL_LEUC_RESULTV_3135">
      <label>Result?</label>
    </input>
    <input bind="I_MLLM_MLL_NEUT_COLDV">
      <label>Collection date ?</label>
    </input>
    <input bind="I_MLLM_MLL_NEUT_RESULTV_2369">
      <label>Result?</label>
    </input>
    <input bind="I_MLLM_MLL_EOS_COIDV">
      <label>Collection date ?</label>
    </input>
    <input bind="I_MLLM_MLL_EOS_RESULTV_1137">
      <label>Result?</label>
    </input>
    <input bind="I_MLLM_MLL_BAS_CONIDV">
      <label>Collection date ?</label>
    </input>
    <input bind="I_MLLM_MLL_BAS_RESULTV_5744">
      <label>Result?</label>
    </input>
    <input bind="I_MLLM_MLL_MON_COLDV">
      <label>Collection date ?</label>
    </input>
    <input bind="I_MLLM_MLL_MON_RESULTV_3748">
      <label>Result?</label>
    </input>
    <input bind="I_MLLM_MLL_LYM_COLDV">
      <label>Collection date ?</label>
    </input>
    <input bind="I_MLLM_MLL_LYM_RESULTV_977">
      <label>Result?</label>
    </input>
    <input bind="I_MLLM_MLL_PLAT_COIDV">
      <label>Collection date ?</label>
    </input>
    <input bind="I_MLLM_MLL_PLAT_RESULTV_2897">
      <label>Result?</label>
    </input>
    <select1 bind="I_MLLM_MLL_HIVS_RESULT">
      <label>Result?</label>
      <item id="0">
        <label>Negative</label>
        <value>0</value>
      </item>
      <item id="1">
        <label>HIV 1</label>
        <value>1</value>
      </item>
      <item id="2">
        <label>HIV 2</label>
        <value>2</value>
      </item>
      <item id="3">
        <label>HIV 1 + 2</label>
        <value>3</value>
      </item>
      <item id="9">
        <label>Undetermined</label>
        <value>9</value>
      </item>
    </select1>
    <input bind="I_MLLM_MLL_HIVR_RESULT">
      <label>Result?</label>
      <hint>Copies/mL</hint>
    </input>
    <input bind="I_MLLM_MLL_CD4_RESULT">
      <label>Result?</label>
      <hint>in T4 cells/µL</hint>
    </input>
    <input bind="I_MLLM_MLL_HB_RESULT">
      <label>Result?</label>
      <hint>g/dL</hint>
    </input>
    <input bind="I_MLLM_MLL_RCC_RESULT">
      <label>Result?</label>
      <hint>10&lt;sup&gt;6&lt;/sup&gt;mm&lt;sup&gt;-3&lt;/sup&gt;</hint>
    </input>
    <input bind="I_MLLM_MLL_HCT_RESULT">
      <label>Result?</label>
      <hint>%</hint>
    </input>
    <input bind="I_MLLM_MLL_MCV_RESULT">
      <label>Result?</label>
      <hint>µ&lt;sup&gt;3&lt;/sup&gt;</hint>
    </input>
    <input bind="I_MLLM_MLL_MCH_RESULT">
      <label>Result?</label>
      <hint>pg</hint>
    </input>
    <input bind="I_MLLM_MLL_MCHC_RESULT">
      <label>Result?</label>
      <hint>g/dL</hint>
    </input>
    <input bind="I_MLLM_MLL_LEUC_RESULT">
      <label>Result?</label>
      <hint>mm&lt;sup&gt;-3&lt;/sup&gt;</hint>
    </input>
    <input bind="I_MLLM_MLL_NEUT_RESULT">
      <label>Result?</label>
      <hint>mm&lt;sup&gt;-3&lt;/sup&gt;</hint>
    </input>
    <input bind="I_MLLM_MLL_EOS_RESULT">
      <label>Result?</label>
      <hint>mm&lt;sup&gt;-3&lt;/sup&gt;</hint>
    </input>
    <input bind="I_MLLM_MLL_BAS_RESULT">
      <label>Result?</label>
      <hint>mm&lt;sup&gt;-3&lt;/sup&gt;</hint>
    </input>
    <input bind="I_MLLM_MLL_MON_RESULT">
      <label>Result?</label>
      <hint>mm&lt;sup&gt;-3&lt;/sup&gt;</hint>
    </input>
    <input bind="I_MLLM_MLL_LYM_RESULT">
      <label>Result?</label>
      <hint>mm&lt;sup&gt;-3&lt;/sup&gt;</hint>
    </input>
    <input bind="I_MLLM_MLL_PLAT_RESULT">
      <label>Result?</label>
      <hint>10&lt;sup&gt;3&lt;/sup&gt;.mm&lt;sup&gt;-3&lt;/sup&gt;</hint>
    </input>
    <select1 bind="I_MLLM_MLL_HIVS_RESULTV">
      <label>Result?</label>
      <item id="0">
        <label>Negative</label>
        <value>0</value>
      </item>
      <item id="1">
        <label>HIV 1</label>
        <value>1</value>
      </item>
      <item id="2">
        <label>HIV 2</label>
        <value>2</value>
      </item>
      <item id="3">
        <label>HIV 1 + 2</label>
        <value>3</value>
      </item>
      <item id="9">
        <label>Undetermined</label>
        <value>9</value>
      </item>
    </select1>
    <input bind="I_MLLM_MLL_HIVR_RESULTV">
      <label>Result?</label>
      <hint>Copies/mL</hint>
    </input>
    <input bind="I_MLLM_MLL_CD4_RESULTV">
      <label>Result?</label>
      <hint>in T4 cells/µL</hint>
    </input>
    <input bind="I_MLLM_MLL_HB_RESULTV">
      <label>Result?</label>
      <hint>g/dL</hint>
    </input>
    <input bind="I_MLLM_MLL_RCC_RESULTV">
      <label>Result?</label>
      <hint>10&lt;sup&gt;6&lt;/sup&gt;mm&lt;sup&gt;-3&lt;/sup&gt;</hint>
    </input>
    <input bind="I_MLLM_MLL_HCT_RESULTV">
      <label>Result?</label>
      <hint>%</hint>
    </input>
    <input bind="I_MLLM_MLL_MCV_RESULTV">
      <label>Result?</label>
      <hint>µ&lt;sup&gt;3&lt;/sup&gt;</hint>
    </input>
    <input bind="I_MLLM_MLL_MCH_RESULTV">
      <label>Result?</label>
      <hint>pg</hint>
    </input>
    <input bind="I_MLLM_MLL_MCHC_RESULTV">
      <label>Result?</label>
      <hint>g/dL</hint>
    </input>
    <input bind="I_MLLM_MLL_LEUC_RESULTV">
      <label>Result?</label>
      <hint>mm&lt;sup&gt;-3&lt;/sup&gt;</hint>
    </input>
    <input bind="I_MLLM_MLL_NEUT_RESULTV">
      <label>Result?</label>
      <hint>mm&lt;sup&gt;-3&lt;/sup&gt;</hint>
    </input>
    <input bind="I_MLLM_MLL_EOS_RESULTV">
      <label>Result?</label>
      <hint>mm&lt;sup&gt;-3&lt;/sup&gt;</hint>
    </input>
    <input bind="I_MLLM_MLL_BAS_RESULTV">
      <label>Result?</label>
      <hint>mm&lt;sup&gt;-3&lt;/sup&gt;</hint>
    </input>
    <input bind="I_MLLM_MLL_MON_RESULTV">
      <label>Result?</label>
      <hint>mm&lt;sup&gt;-3&lt;/sup&gt;</hint>
    </input>
    <input bind="I_MLLM_MLL_LYM_RESULTV">
      <label>Result?</label>
      <hint>mm&lt;sup&gt;-3&lt;/sup&gt;</hint>
    </input>
    <input bind="I_MLLM_MLL_PLAT_RESULTV">
      <label>Result?</label>
      <hint>10&lt;sup&gt;3&lt;/sup&gt;.mm&lt;sup&gt;-3&lt;/sup&gt;</hint>
    </input>
    <input bind="I_MLLM_MLL_OLE_PREC">
      <label>specify</label>
    </input>
    <input bind="I_MLLM_MLL_OLE_COLD">
      <label>Collection date ?</label>
    </input>
    <input bind="I_MLLM_MLL_OLE_RESULTV">
      <label>Result?</label>
    </input>
    <input bind="I_MLLM_MLL_OLE_PRECV">
      <label>specify</label>
    </input>
    <input bind="I_MLLM_MLL_OLE_COLDV">
      <label>Collection date ?</label>
    </input>
  </group>
  <group id="8">
    <label>MLL: Mother Laboratory Log - 1</label>
    <input bind="I_MLLM_INIT">
      <label>Fill in your initials (Given Name (G), Surname (S)</label>
    </input>
    <input bind="I_MLLM_FORMD">
      <label>Date of form</label>
    </input>
    <input bind="I_MLLM_ID">
      <label>Patient ID</label>
    </input>
    <select1 bind="I_MLLM_MLL_BMCOLL">
      <label>Samples collection - Has breastmilk been collected?</label>
      <item id="0">
        <label>No</label>
        <value>0</value>
      </item>
      <item id="1">
        <label>Yes</label>
        <value>1</value>
      </item>
    </select1>
    <input bind="I_MLLM_MLL_BMNOCOLLREAS">
      <label>If milk has not been collected at these visits, specify</label>
    </input>
    <select1 bind="I_MLLM_MLL_BDCOLL">
      <label>Has blood been collected?</label>
      <item id="0">
        <label>No</label>
        <value>0</value>
      </item>
      <item id="1">
        <label>Yes</label>
        <value>1</value>
      </item>
    </select1>
    <input bind="I_MLLM_MLL_BDNOCOLLREAS">
      <label>If blood has not been collected at these visit, specify</label>
    </input>
    <input bind="I_MLLM_MLL_HIVS_COID">
      <label>Laboratory - Collection date?</label>
    </input>
    <input bind="I_MLLM_MLL_HIVR_COID">
      <label>Collection date ?</label>
    </input>
    <input bind="I_MLLM_MLL_CD4_COID">
      <label>Collection date ?</label>
    </input>
    <input bind="I_MLLM_MLL_HB_COLD">
      <label>Collection date ?</label>
    </input>
    <input bind="I_MLLM_MLL_RCC_COID">
      <label>Collection date ?</label>
    </input>
    <input bind="I_MLLM_MLL_HCT_COLD">
      <label>Collection date ?</label>
    </input>
    <input bind="I_MLLM_MLL_MCV_COID">
      <label>Collection date ?</label>
    </input>
    <input bind="I_MLLM_MLL_MCH_COID">
      <label>Collection date ?</label>
    </input>
    <input bind="I_MLLM_MLL_MCHC_COID">
      <label>Collection date ?</label>
    </input>
    <input bind="I_MLLM_MLL_LEUC_COID">
      <label>Collection date ?</label>
    </input>
    <input bind="I_MLLM_MLL_NEUT_COLD">
      <label>Collection date ?</label>
    </input>
    <input bind="I_MLLM_MLL_EOS_COID">
      <label>Collection date ?</label>
    </input>
    <input bind="I_MLLM_MLL_BAS_CONID">
      <label>Collection date ?</label>
    </input>
    <input bind="I_MLLM_MLL_MON_COLD">
      <label>Collection date ?</label>
    </input>
    <input bind="I_MLLM_MLL_LYM_COLD">
      <label>Collection date ?</label>
    </input>
    <input bind="I_MLLM_MLL_PLAT_COID">
      <label>Collection date ?</label>
    </input>
    <select1 bind="I_MLLM_MLL_HIVS_RES">
      <label>Result?</label>
      <item id="0">
        <label>Negative</label>
        <value>0</value>
      </item>
      <item id="1">
        <label>HIV 1</label>
        <value>1</value>
      </item>
      <item id="2">
        <label>HIV 2</label>
        <value>2</value>
      </item>
      <item id="3">
        <label>HIV 1 + 2</label>
        <value>3</value>
      </item>
      <item id="9">
        <label>Undetermined</label>
        <value>9</value>
      </item>
    </select1>
    <input bind="I_MLLM_MLL_HIVR_RES">
      <label>Result?</label>
      <hint>Copies/mL</hint>
    </input>
    <input bind="I_MLLM_MLL_CD4_RES">
      <label>Result?</label>
      <hint>cells/MM3</hint>
    </input>
    <input bind="I_MLLM_MLL_HB_RES">
      <label>Result?</label>
      <hint>g/dL</hint>
    </input>
    <input bind="I_MLLM_MLL_RCC_RES">
      <label>Result?</label>
      <hint>10&lt;sup&gt;6&lt;/sup&gt;/mm&lt;sup&gt;3&lt;/sup&gt;</hint>
    </input>
    <input bind="I_MLLM_MLL_HCT_RES">
      <label>Result?</label>
      <hint>%</hint>
    </input>
    <input bind="I_MLLM_MLL_MCV_RES">
      <label>Result?</label>
      <hint>µm&lt;sup&gt;3&lt;/sup&gt;</hint>
    </input>
    <input bind="I_MLLM_MLL_MCH_RES">
      <label>Result?</label>
      <hint>pg</hint>
    </input>
    <input bind="I_MLLM_MLL_MCHC_RES">
      <label>Result?</label>
      <hint>g/dL</hint>
    </input>
    <input bind="I_MLLM_MLL_LEUC_RES">
      <label>Result?</label>
      <hint>/mm&lt;sup&gt;3&lt;/sup&gt;</hint>
    </input>
    <input bind="I_MLLM_MLL_NEUT_RES">
      <label>Result?</label>
      <hint>10&lt;sup&gt;3&lt;/sup&gt;/mm&lt;sup&gt;3&lt;/sup&gt;</hint>
    </input>
    <input bind="I_MLLM_MLL_EOS_RES">
      <label>Result?</label>
      <hint>10&lt;sup&gt;3&lt;/sup&gt;/mm&lt;sup&gt;3&lt;/sup&gt;</hint>
    </input>
    <input bind="I_MLLM_MLL_BAS_RES">
      <label>Result?</label>
      <hint>10&lt;sup&gt;3&lt;/sup&gt;/mm&lt;sup&gt;3&lt;/sup&gt;</hint>
    </input>
    <input bind="I_MLLM_MLL_MON_RES">
      <label>Result?</label>
      <hint>10&lt;sup&gt;3&lt;/sup&gt;/mm&lt;sup&gt;3&lt;/sup&gt;</hint>
    </input>
    <input bind="I_MLLM_MLL_LYM_RES">
      <label>Result?</label>
      <hint>10&lt;sup&gt;3&lt;/sup&gt;/mm&lt;sup&gt;3&lt;/sup&gt;</hint>
    </input>
    <input bind="I_MLLM_MLL_PLAT_RES">
      <label>Result?</label>
      <hint>10&lt;sup&gt;3&lt;/sup&gt;/mm&lt;sup&gt;3&lt;/sup&gt;</hint>
    </input>
    <select1 bind="I_MLLM_MLL_BMCOLLV">
      <label>Samples collection - Has breastmilk been collected?</label>
      <item id="0">
        <label>No</label>
        <value>0</value>
      </item>
      <item id="1">
        <label>Yes</label>
        <value>1</value>
      </item>
    </select1>
    <input bind="I_MLLM_MLL_BMNOCOLLREASV">
      <label>If milk has not been collected at these visits, specify</label>
    </input>
    <select1 bind="I_MLLM_MLL_BDCOLLV">
      <label>Has blood been collected?</label>
      <item id="0">
        <label>No</label>
        <value>0</value>
      </item>
      <item id="1">
        <label>Yes</label>
        <value>1</value>
      </item>
    </select1>
    <input bind="I_MLLM_MLL_BDNOCOLLREASV">
      <label>If blood has not been collected at these visit, specify</label>
    </input>
    <input bind="I_MLLM_MLL_HIVS_COIDV">
      <label>Laboratory - Collection date?</label>
    </input>
    <select1 bind="I_MLLM_MLL_HIVS_RESULTV_568">
      <label>Result?</label>
      <item id="0">
        <label>Negative</label>
        <value>0</value>
      </item>
      <item id="1">
        <label>HIV 1</label>
        <value>1</value>
      </item>
      <item id="2">
        <label>HIV 2</label>
        <value>2</value>
      </item>
      <item id="3">
        <label>HIV 1 + 2</label>
        <value>3</value>
      </item>
      <item id="9">
        <label>Undetermined</label>
        <value>9</value>
      </item>
    </select1>
    <input bind="I_MLLM_MLL_HIVR_COIDV">
      <label>Collection date ?</label>
    </input>
    <input bind="I_MLLM_MLL_HIVR_RESULTV_632">
      <label>Result?</label>
    </input>
    <input bind="I_MLLM_MLL_CD4_COIDV">
      <label>Collection date ?</label>
    </input>
    <input bind="I_MLLM_MLL_CD4_RESULTV_7310">
      <label>Result?</label>
    </input>
    <input bind="I_MLLM_MLL_HB_COLDV">
      <label>Collection date ?</label>
    </input>
    <input bind="I_MLLM_MLL_HB_RESULTV_4245">
      <label>Result?</label>
    </input>
    <input bind="I_MLLM_MLL_RCC_COIDV">
      <label>Collection date ?</label>
    </input>
    <input bind="I_MLLM_MLL_RCC_RESULTV_8023">
      <label>Result?</label>
    </input>
    <input bind="I_MLLM_MLL_HCT_COLDV">
      <label>Collection date ?</label>
    </input>
    <input bind="I_MLLM_MLL_HCT_RESULTV_8098">
      <label>Result?</label>
    </input>
    <input bind="I_MLLM_MLL_MCV_COIDV">
      <label>Collection date ?</label>
    </input>
    <input bind="I_MLLM_MLL_MCV_RESULTV_3027">
      <label>Result?</label>
    </input>
    <input bind="I_MLLM_MLL_MCH_COIDV">
      <label>Collection date ?</label>
    </input>
    <input bind="I_MLLM_MLL_MCH_RESULTV_9428">
      <label>Result?</label>
    </input>
    <input bind="I_MLLM_MLL_MCHC_COIDV">
      <label>Collection date ?</label>
    </input>
    <input bind="I_MLLM_MLL_MCHC_RESULTV_9280">
      <label>Result?</label>
    </input>
    <input bind="I_MLLM_MLL_LEUC_COIDV">
      <label>Collection date ?</label>
    </input>
    <input bind="I_MLLM_MLL_LEUC_RESULTV_3135">
      <label>Result?</label>
    </input>
    <input bind="I_MLLM_MLL_NEUT_COLDV">
      <label>Collection date ?</label>
    </input>
    <input bind="I_MLLM_MLL_NEUT_RESULTV_2369">
      <label>Result?</label>
    </input>
    <input bind="I_MLLM_MLL_EOS_COIDV">
      <label>Collection date ?</label>
    </input>
    <input bind="I_MLLM_MLL_EOS_RESULTV_1137">
      <label>Result?</label>
    </input>
    <input bind="I_MLLM_MLL_BAS_CONIDV">
      <label>Collection date ?</label>
    </input>
    <input bind="I_MLLM_MLL_BAS_RESULTV_5744">
      <label>Result?</label>
    </input>
    <input bind="I_MLLM_MLL_MON_COLDV">
      <label>Collection date ?</label>
    </input>
    <input bind="I_MLLM_MLL_MON_RESULTV_3748">
      <label>Result?</label>
    </input>
    <input bind="I_MLLM_MLL_LYM_COLDV">
      <label>Collection date ?</label>
    </input>
    <input bind="I_MLLM_MLL_LYM_RESULTV_977">
      <label>Result?</label>
    </input>
    <input bind="I_MLLM_MLL_PLAT_COIDV">
      <label>Collection date ?</label>
    </input>
    <input bind="I_MLLM_MLL_PLAT_RESULTV_2897">
      <label>Result?</label>
    </input>
    <select1 bind="I_MLLM_MLL_HIVS_RESULT">
      <label>Result?</label>
      <item id="0">
        <label>Negative</label>
        <value>0</value>
      </item>
      <item id="1">
        <label>HIV 1</label>
        <value>1</value>
      </item>
      <item id="2">
        <label>HIV 2</label>
        <value>2</value>
      </item>
      <item id="3">
        <label>HIV 1 + 2</label>
        <value>3</value>
      </item>
      <item id="9">
        <label>Undetermined</label>
        <value>9</value>
      </item>
    </select1>
    <input bind="I_MLLM_MLL_HIVR_RESULT">
      <label>Result?</label>
      <hint>Copies/mL</hint>
    </input>
    <input bind="I_MLLM_MLL_CD4_RESULT">
      <label>Result?</label>
      <hint>in T4 cells/µL</hint>
    </input>
    <input bind="I_MLLM_MLL_HB_RESULT">
      <label>Result?</label>
      <hint>g/dL</hint>
    </input>
    <input bind="I_MLLM_MLL_RCC_RESULT">
      <label>Result?</label>
      <hint>10&lt;sup&gt;6&lt;/sup&gt;mm&lt;sup&gt;-3&lt;/sup&gt;</hint>
    </input>
    <input bind="I_MLLM_MLL_HCT_RESULT">
      <label>Result?</label>
      <hint>%</hint>
    </input>
    <input bind="I_MLLM_MLL_MCV_RESULT">
      <label>Result?</label>
      <hint>µ&lt;sup&gt;3&lt;/sup&gt;</hint>
    </input>
    <input bind="I_MLLM_MLL_MCH_RESULT">
      <label>Result?</label>
      <hint>pg</hint>
    </input>
    <input bind="I_MLLM_MLL_MCHC_RESULT">
      <label>Result?</label>
      <hint>g/dL</hint>
    </input>
    <input bind="I_MLLM_MLL_LEUC_RESULT">
      <label>Result?</label>
      <hint>mm&lt;sup&gt;-3&lt;/sup&gt;</hint>
    </input>
    <input bind="I_MLLM_MLL_NEUT_RESULT">
      <label>Result?</label>
      <hint>mm&lt;sup&gt;-3&lt;/sup&gt;</hint>
    </input>
    <input bind="I_MLLM_MLL_EOS_RESULT">
      <label>Result?</label>
      <hint>mm&lt;sup&gt;-3&lt;/sup&gt;</hint>
    </input>
    <input bind="I_MLLM_MLL_BAS_RESULT">
      <label>Result?</label>
      <hint>mm&lt;sup&gt;-3&lt;/sup&gt;</hint>
    </input>
    <input bind="I_MLLM_MLL_MON_RESULT">
      <label>Result?</label>
      <hint>mm&lt;sup&gt;-3&lt;/sup&gt;</hint>
    </input>
    <input bind="I_MLLM_MLL_LYM_RESULT">
      <label>Result?</label>
      <hint>mm&lt;sup&gt;-3&lt;/sup&gt;</hint>
    </input>
    <input bind="I_MLLM_MLL_PLAT_RESULT">
      <label>Result?</label>
      <hint>10&lt;sup&gt;3&lt;/sup&gt;.mm&lt;sup&gt;-3&lt;/sup&gt;</hint>
    </input>
    <select1 bind="I_MLLM_MLL_HIVS_RESULTV">
      <label>Result?</label>
      <item id="0">
        <label>Negative</label>
        <value>0</value>
      </item>
      <item id="1">
        <label>HIV 1</label>
        <value>1</value>
      </item>
      <item id="2">
        <label>HIV 2</label>
        <value>2</value>
      </item>
      <item id="3">
        <label>HIV 1 + 2</label>
        <value>3</value>
      </item>
      <item id="9">
        <label>Undetermined</label>
        <value>9</value>
      </item>
    </select1>
    <input bind="I_MLLM_MLL_HIVR_RESULTV">
      <label>Result?</label>
      <hint>Copies/mL</hint>
    </input>
    <input bind="I_MLLM_MLL_CD4_RESULTV">
      <label>Result?</label>
      <hint>in T4 cells/µL</hint>
    </input>
    <input bind="I_MLLM_MLL_HB_RESULTV">
      <label>Result?</label>
      <hint>g/dL</hint>
    </input>
    <input bind="I_MLLM_MLL_RCC_RESULTV">
      <label>Result?</label>
      <hint>10&lt;sup&gt;6&lt;/sup&gt;mm&lt;sup&gt;-3&lt;/sup&gt;</hint>
    </input>
    <input bind="I_MLLM_MLL_HCT_RESULTV">
      <label>Result?</label>
      <hint>%</hint>
    </input>
    <input bind="I_MLLM_MLL_MCV_RESULTV">
      <label>Result?</label>
      <hint>µ&lt;sup&gt;3&lt;/sup&gt;</hint>
    </input>
    <input bind="I_MLLM_MLL_MCH_RESULTV">
      <label>Result?</label>
      <hint>pg</hint>
    </input>
    <input bind="I_MLLM_MLL_MCHC_RESULTV">
      <label>Result?</label>
      <hint>g/dL</hint>
    </input>
    <input bind="I_MLLM_MLL_LEUC_RESULTV">
      <label>Result?</label>
      <hint>mm&lt;sup&gt;-3&lt;/sup&gt;</hint>
    </input>
    <input bind="I_MLLM_MLL_NEUT_RESULTV">
      <label>Result?</label>
      <hint>mm&lt;sup&gt;-3&lt;/sup&gt;</hint>
    </input>
    <input bind="I_MLLM_MLL_EOS_RESULTV">
      <label>Result?</label>
      <hint>mm&lt;sup&gt;-3&lt;/sup&gt;</hint>
    </input>
    <input bind="I_MLLM_MLL_BAS_RESULTV">
      <label>Result?</label>
      <hint>mm&lt;sup&gt;-3&lt;/sup&gt;</hint>
    </input>
    <input bind="I_MLLM_MLL_MON_RESULTV">
      <label>Result?</label>
      <hint>mm&lt;sup&gt;-3&lt;/sup&gt;</hint>
    </input>
    <input bind="I_MLLM_MLL_LYM_RESULTV">
      <label>Result?</label>
      <hint>mm&lt;sup&gt;-3&lt;/sup&gt;</hint>
    </input>
    <input bind="I_MLLM_MLL_PLAT_RESULTV">
      <label>Result?</label>
      <hint>10&lt;sup&gt;3&lt;/sup&gt;.mm&lt;sup&gt;-3&lt;/sup&gt;</hint>
    </input>
    <input bind="I_MLLM_MLL_OLE_PREC">
      <label>specify</label>
    </input>
    <input bind="I_MLLM_MLL_OLE_COLD">
      <label>Collection date ?</label>
    </input>
    <input bind="I_MLLM_MLL_OLE_RESULTV">
      <label>Result?</label>
    </input>
    <input bind="I_MLLM_MLL_OLE_PRECV">
      <label>specify</label>
    </input>
    <input bind="I_MLLM_MLL_OLE_COLDV">
      <label>Collection date ?</label>
    </input>
  </group>
  <group id="9">
    <label>MHIV: Mother HIV - 2</label>
    <input bind="I_MHIV_INIT">
      <label>Fill in your initials (Given Name (G), Surname (S)</label>
    </input>
    <input bind="I_MHIV_FORMD">
      <label>Date of form</label>
    </input>
    <input bind="I_MHIV_ID">
      <label>Patient ID</label>
    </input>
    <select1 bind="I_MHIV_MHIV_STAG">
      <label>HIV staging - Record WHO Clinical stage assessment from I, II, III, IV according to WHO-criteria given in the SOP</label>
      <item id="8">
        <label>No staging possible</label>
        <value>8</value>
      </item>
      <item id="1">
        <label>Stage I</label>
        <value>1</value>
      </item>
      <item id="2">
        <label>Stage II</label>
        <value>2</value>
      </item>
      <item id="3">
        <label>Stage III</label>
        <value>3</value>
      </item>
      <item id="4">
        <label>Stage IV</label>
        <value>4</value>
      </item>
    </select1>
    <input bind="I_MHIV_MHIV_WGT">
      <label>Anthropometric measurement - Weight</label>
      <hint>kg</hint>
    </input>
    <input bind="I_MHIV_MHV_WEIGHT">
      <label>Anthropometric measurement - Weight</label>
      <hint>kg</hint>
    </input>
  </group>
  <group id="10">
    <label>MHIV: Mother HIV - 1</label>
    <input bind="I_MHIV_INIT">
      <label>Fill in your initials (Given Name (G), Surname (S)</label>
    </input>
    <input bind="I_MHIV_FORMD">
      <label>Date of form</label>
    </input>
    <input bind="I_MHIV_ID">
      <label>Patient ID</label>
    </input>
    <select1 bind="I_MHIV_MHIV_STAG">
      <label>HIV staging - Record WHO Clinical stage assessment from I, II, III, IV according to WHO-criteria given in the SOP</label>
      <item id="8">
        <label>No staging possible</label>
        <value>8</value>
      </item>
      <item id="1">
        <label>Stage I</label>
        <value>1</value>
      </item>
      <item id="2">
        <label>Stage II</label>
        <value>2</value>
      </item>
      <item id="3">
        <label>Stage III</label>
        <value>3</value>
      </item>
      <item id="4">
        <label>Stage IV</label>
        <value>4</value>
      </item>
    </select1>
    <input bind="I_MHIV_MHIV_WGT">
      <label>Anthropometric measurement - Weight</label>
      <hint>kg</hint>
    </input>
    <input bind="I_MHIV_MHV_WEIGHT">
      <label>Anthropometric measurement - Weight</label>
      <hint>kg</hint>
    </input>
  </group>
</xforms>
