<?xml version="1.0" encoding="UTF-8" standalone="no"?>
<xforms xmlns="http://www.w3.org/2002/xforms">
	<model>
		<instance id="S_DEFAULTS1     -     SE_SC1">
			<ODM Description="converted from ODM to Xform" formKey="SE_SC1"
				id="2" name="SC1">
				<ClinicalData MetaDataVersionOID="v1.0.0" StudyOID="S_DEFAULTS1">
					<SubjectData SubjectKey="">
						<StudyEventData StudyEventOID="SE_SC1">
							<FormData FormOID="F_MSA1_3">
								<ItemGroupData ItemGroupOID="IG_MSA1_UNGROUPED">
									<ItemData ItemOID="I_MSA1_INIT" value="" />
									<ItemData ItemOID="I_MSA1_FORMD" value="" />
									<ItemData ItemOID="I_MSA1_MSA1_CONS" value="" />
									<ItemData ItemOID="I_MSA1_MSA1_PGT" value="" />
									<ItemData ItemOID="I_MSA1_MSA1_BIRTHD" value="" />
									<ItemData ItemOID="I_MSA1_MSA1_OLD" value="" />
									<ItemData ItemOID="I_MSA1_MSA1_KHIV" value="" />
									<ItemData ItemOID="I_MSA1_MSA1_HAART" value="" />
									<ItemData ItemOID="I_MSA1_MSA1_ELHAART" value="" />
									<ItemData ItemOID="I_MSA1_MSA1_BEFPEP" value="" />
									<ItemData ItemOID="I_MSA1_MSA1_OTRIAL" value="" />
									<ItemData ItemOID="I_MSA1_MSA1_OTRIAL_S" value="" />
									<ItemData ItemOID="I_MSA1_MSA1_MOVE" value="" />
									<ItemData ItemOID="I_MSA1_MSA1_PMTCT" value="" />
									<ItemData ItemOID="I_MSA1_MSA1_COMPLY" value="" />
									<ItemData ItemOID="I_MSA1_MSA1_ELIG" value="" />
									<ItemData ItemOID="I_MSA1_MSA1_DELIVERY" value="" />
									<ItemData ItemOID="I_MSA1_MSA1_CONSELLING" value="" />
									<ItemData ItemOID="I_MSA1_IDPAT" value="" />
									<ItemData ItemOID="I_MSA1_ID" value="" />
								</ItemGroupData>
								<ItemGroupData ItemGroupOID="IG_MSA1_MSA1_COMPLYREASG">
									<ItemData ItemOID="I_MSA1_MSA1_COMPLYREAS" value="" />
								</ItemGroupData>
								<ItemGroupData ItemGroupOID="IG_MSA1_MSA1_NOELIGREASG">
									<ItemData ItemOID="I_MSA1_MSA1_NOELIGREAS" value="" />
								</ItemGroupData>
							</FormData>
							<FormData FormOID="F_MSA1_2">
								<ItemGroupData ItemGroupOID="IG_MSA1_UNGROUPED">
									<ItemData ItemOID="I_MSA1_INIT" value="" />
									<ItemData ItemOID="I_MSA1_FORMD" value="" />
									<ItemData ItemOID="I_MSA1_MSA1_CONS" value="" />
									<ItemData ItemOID="I_MSA1_MSA1_PGT" value="" />
									<ItemData ItemOID="I_MSA1_MSA1_BIRTHD" value="" />
									<ItemData ItemOID="I_MSA1_MSA1_OLD" value="" />
									<ItemData ItemOID="I_MSA1_MSA1_KHIV" value="" />
									<ItemData ItemOID="I_MSA1_MSA1_HAART" value="" />
									<ItemData ItemOID="I_MSA1_MSA1_ELHAART" value="" />
									<ItemData ItemOID="I_MSA1_MSA1_BEFPEP" value="" />
									<ItemData ItemOID="I_MSA1_MSA1_OTRIAL" value="" />
									<ItemData ItemOID="I_MSA1_MSA1_OTRIAL_S" value="" />
									<ItemData ItemOID="I_MSA1_MSA1_MOVE" value="" />
									<ItemData ItemOID="I_MSA1_MSA1_PMTCT" value="" />
									<ItemData ItemOID="I_MSA1_MSA1_COMPLY" value="" />
									<ItemData ItemOID="I_MSA1_MSA1_ELIG" value="" />
									<ItemData ItemOID="I_MSA1_MSA1_DELIVERY" value="" />
									<ItemData ItemOID="I_MSA1_MSA1_CONSELLING" value="" />
									<ItemData ItemOID="I_MSA1_IDPAT" value="" />
									<ItemData ItemOID="I_MSA1_ID" value="" />
								</ItemGroupData>
								<ItemGroupData ItemGroupOID="IG_MSA1_MSA1_COMPLYREASG">
									<ItemData ItemOID="I_MSA1_MSA1_COMPLYREAS" value="" />
								</ItemGroupData>
								<ItemGroupData ItemGroupOID="IG_MSA1_MSA1_NOELIGREASG">
									<ItemData ItemOID="I_MSA1_MSA1_NOELIGREAS" value="" />
								</ItemGroupData>
							</FormData>
							<FormData FormOID="F_MSA1_1">
								<ItemGroupData ItemGroupOID="IG_MSA1_UNGROUPED">
									<ItemData ItemOID="I_MSA1_INIT" value="" />
									<ItemData ItemOID="I_MSA1_FORMD" value="" />
									<ItemData ItemOID="I_MSA1_MSA1_CONS" value="" />
									<ItemData ItemOID="I_MSA1_MSA1_PGT" value="" />
									<ItemData ItemOID="I_MSA1_MSA1_BIRTHD" value="" />
									<ItemData ItemOID="I_MSA1_MSA1_OLD" value="" />
									<ItemData ItemOID="I_MSA1_MSA1_KHIV" value="" />
									<ItemData ItemOID="I_MSA1_MSA1_HAART" value="" />
									<ItemData ItemOID="I_MSA1_MSA1_ELHAART" value="" />
									<ItemData ItemOID="I_MSA1_MSA1_BEFPEP" value="" />
									<ItemData ItemOID="I_MSA1_MSA1_OTRIAL" value="" />
									<ItemData ItemOID="I_MSA1_MSA1_OTRIAL_S" value="" />
									<ItemData ItemOID="I_MSA1_MSA1_MOVE" value="" />
									<ItemData ItemOID="I_MSA1_MSA1_PMTCT" value="" />
									<ItemData ItemOID="I_MSA1_MSA1_COMPLY" value="" />
									<ItemData ItemOID="I_MSA1_MSA1_ELIG" value="" />
									<ItemData ItemOID="I_MSA1_MSA1_DELIVERY" value="" />
									<ItemData ItemOID="I_MSA1_MSA1_CONSELLING" value="" />
									<ItemData ItemOID="I_MSA1_IDPAT" value="" />
									<ItemData ItemOID="I_MSA1_ID" value="" />
								</ItemGroupData>
								<ItemGroupData ItemGroupOID="IG_MSA1_MSA1_COMPLYREASG">
									<ItemData ItemOID="I_MSA1_MSA1_COMPLYREAS" value="" />
								</ItemGroupData>
								<ItemGroupData ItemGroupOID="IG_MSA1_MSA1_NOELIGREASG">
									<ItemData ItemOID="I_MSA1_MSA1_NOELIGREAS" value="" />
								</ItemGroupData>
							</FormData>
							<FormData FormOID="F_MLLM_3">
								<ItemGroupData ItemGroupOID="IG_MLLM_UNGROUPED">
									<ItemData ItemOID="I_MLLM_INIT" value="" />
									<ItemData ItemOID="I_MLLM_FORMD" value="" />
									<ItemData ItemOID="I_MLLM_ID" value="" />
									<ItemData ItemOID="I_MLLM_MLL_BMCOLL" value="" />
									<ItemData ItemOID="I_MLLM_MLL_BMNOCOLLREAS" value="" />
									<ItemData ItemOID="I_MLLM_MLL_BDCOLL" value="" />
									<ItemData ItemOID="I_MLLM_MLL_BDNOCOLLREAS" value="" />
									<ItemData ItemOID="I_MLLM_MLL_HIVS_COID" value="" />
									<ItemData ItemOID="I_MLLM_MLL_HIVR_COID" value="" />
									<ItemData ItemOID="I_MLLM_MLL_CD4_COID" value="" />
									<ItemData ItemOID="I_MLLM_MLL_HB_COLD" value="" />
									<ItemData ItemOID="I_MLLM_MLL_RCC_COID" value="" />
									<ItemData ItemOID="I_MLLM_MLL_HCT_COLD" value="" />
									<ItemData ItemOID="I_MLLM_MLL_MCV_COID" value="" />
									<ItemData ItemOID="I_MLLM_MLL_MCH_COID" value="" />
									<ItemData ItemOID="I_MLLM_MLL_MCHC_COID" value="" />
									<ItemData ItemOID="I_MLLM_MLL_LEUC_COID" value="" />
									<ItemData ItemOID="I_MLLM_MLL_NEUT_COLD" value="" />
									<ItemData ItemOID="I_MLLM_MLL_EOS_COID" value="" />
									<ItemData ItemOID="I_MLLM_MLL_BAS_CONID" value="" />
									<ItemData ItemOID="I_MLLM_MLL_MON_COLD" value="" />
									<ItemData ItemOID="I_MLLM_MLL_LYM_COLD" value="" />
									<ItemData ItemOID="I_MLLM_MLL_PLAT_COID" value="" />
									<ItemData ItemOID="I_MLLM_MLL_HIVS_RES" value="" />
									<ItemData ItemOID="I_MLLM_MLL_HIVR_RES" value="" />
									<ItemData ItemOID="I_MLLM_MLL_CD4_RES" value="" />
									<ItemData ItemOID="I_MLLM_MLL_HB_RES" value="" />
									<ItemData ItemOID="I_MLLM_MLL_RCC_RES" value="" />
									<ItemData ItemOID="I_MLLM_MLL_HCT_RES" value="" />
									<ItemData ItemOID="I_MLLM_MLL_MCV_RES" value="" />
									<ItemData ItemOID="I_MLLM_MLL_MCH_RES" value="" />
									<ItemData ItemOID="I_MLLM_MLL_MCHC_RES" value="" />
									<ItemData ItemOID="I_MLLM_MLL_LEUC_RES" value="" />
									<ItemData ItemOID="I_MLLM_MLL_NEUT_RES" value="" />
									<ItemData ItemOID="I_MLLM_MLL_EOS_RES" value="" />
									<ItemData ItemOID="I_MLLM_MLL_BAS_RES" value="" />
									<ItemData ItemOID="I_MLLM_MLL_MON_RES" value="" />
									<ItemData ItemOID="I_MLLM_MLL_LYM_RES" value="" />
									<ItemData ItemOID="I_MLLM_MLL_PLAT_RES" value="" />
									<ItemData ItemOID="I_MLLM_MLL_BMCOLLV" value="" />
									<ItemData ItemOID="I_MLLM_MLL_BMNOCOLLREASV" value="" />
									<ItemData ItemOID="I_MLLM_MLL_BDCOLLV" value="" />
									<ItemData ItemOID="I_MLLM_MLL_BDNOCOLLREASV" value="" />
									<ItemData ItemOID="I_MLLM_MLL_HIVS_COIDV" value="" />
									<ItemData ItemOID="I_MLLM_MLL_HIVS_RESULTV_568" value="" />
									<ItemData ItemOID="I_MLLM_MLL_HIVR_COIDV" value="" />
									<ItemData ItemOID="I_MLLM_MLL_HIVR_RESULTV_632" value="" />
									<ItemData ItemOID="I_MLLM_MLL_CD4_COIDV" value="" />
									<ItemData ItemOID="I_MLLM_MLL_CD4_RESULTV_7310" value="" />
									<ItemData ItemOID="I_MLLM_MLL_HB_COLDV" value="" />
									<ItemData ItemOID="I_MLLM_MLL_HB_RESULTV_4245" value="" />
									<ItemData ItemOID="I_MLLM_MLL_RCC_COIDV" value="" />
									<ItemData ItemOID="I_MLLM_MLL_RCC_RESULTV_8023" value="" />
									<ItemData ItemOID="I_MLLM_MLL_HCT_COLDV" value="" />
									<ItemData ItemOID="I_MLLM_MLL_HCT_RESULTV_8098" value="" />
									<ItemData ItemOID="I_MLLM_MLL_MCV_COIDV" value="" />
									<ItemData ItemOID="I_MLLM_MLL_MCV_RESULTV_3027" value="" />
									<ItemData ItemOID="I_MLLM_MLL_MCH_COIDV" value="" />
									<ItemData ItemOID="I_MLLM_MLL_MCH_RESULTV_9428" value="" />
									<ItemData ItemOID="I_MLLM_MLL_MCHC_COIDV" value="" />
									<ItemData ItemOID="I_MLLM_MLL_MCHC_RESULTV_9280"
										value="" />
									<ItemData ItemOID="I_MLLM_MLL_LEUC_COIDV" value="" />
									<ItemData ItemOID="I_MLLM_MLL_LEUC_RESULTV_3135"
										value="" />
									<ItemData ItemOID="I_MLLM_MLL_NEUT_COLDV" value="" />
									<ItemData ItemOID="I_MLLM_MLL_NEUT_RESULTV_2369"
										value="" />
									<ItemData ItemOID="I_MLLM_MLL_EOS_COIDV" value="" />
									<ItemData ItemOID="I_MLLM_MLL_EOS_RESULTV_1137" value="" />
									<ItemData ItemOID="I_MLLM_MLL_BAS_CONIDV" value="" />
									<ItemData ItemOID="I_MLLM_MLL_BAS_RESULTV_5744" value="" />
									<ItemData ItemOID="I_MLLM_MLL_MON_COLDV" value="" />
									<ItemData ItemOID="I_MLLM_MLL_MON_RESULTV_3748" value="" />
									<ItemData ItemOID="I_MLLM_MLL_LYM_COLDV" value="" />
									<ItemData ItemOID="I_MLLM_MLL_LYM_RESULTV_977" value="" />
									<ItemData ItemOID="I_MLLM_MLL_PLAT_COIDV" value="" />
									<ItemData ItemOID="I_MLLM_MLL_PLAT_RESULTV_2897"
										value="" />
									<ItemData ItemOID="I_MLLM_MLL_HIVS_RESULT" value="" />
									<ItemData ItemOID="I_MLLM_MLL_HIVR_RESULT" value="" />
									<ItemData ItemOID="I_MLLM_MLL_CD4_RESULT" value="" />
									<ItemData ItemOID="I_MLLM_MLL_HB_RESULT" value="" />
									<ItemData ItemOID="I_MLLM_MLL_RCC_RESULT" value="" />
									<ItemData ItemOID="I_MLLM_MLL_HCT_RESULT" value="" />
									<ItemData ItemOID="I_MLLM_MLL_MCV_RESULT" value="" />
									<ItemData ItemOID="I_MLLM_MLL_MCH_RESULT" value="" />
									<ItemData ItemOID="I_MLLM_MLL_MCHC_RESULT" value="" />
									<ItemData ItemOID="I_MLLM_MLL_LEUC_RESULT" value="" />
									<ItemData ItemOID="I_MLLM_MLL_NEUT_RESULT" value="" />
									<ItemData ItemOID="I_MLLM_MLL_EOS_RESULT" value="" />
									<ItemData ItemOID="I_MLLM_MLL_BAS_RESULT" value="" />
									<ItemData ItemOID="I_MLLM_MLL_MON_RESULT" value="" />
									<ItemData ItemOID="I_MLLM_MLL_LYM_RESULT" value="" />
									<ItemData ItemOID="I_MLLM_MLL_PLAT_RESULT" value="" />
									<ItemData ItemOID="I_MLLM_MLL_HIVS_RESULTV" value="" />
									<ItemData ItemOID="I_MLLM_MLL_HIVR_RESULTV" value="" />
									<ItemData ItemOID="I_MLLM_MLL_CD4_RESULTV" value="" />
									<ItemData ItemOID="I_MLLM_MLL_HB_RESULTV" value="" />
									<ItemData ItemOID="I_MLLM_MLL_RCC_RESULTV" value="" />
									<ItemData ItemOID="I_MLLM_MLL_HCT_RESULTV" value="" />
									<ItemData ItemOID="I_MLLM_MLL_MCV_RESULTV" value="" />
									<ItemData ItemOID="I_MLLM_MLL_MCH_RESULTV" value="" />
									<ItemData ItemOID="I_MLLM_MLL_MCHC_RESULTV" value="" />
									<ItemData ItemOID="I_MLLM_MLL_LEUC_RESULTV" value="" />
									<ItemData ItemOID="I_MLLM_MLL_NEUT_RESULTV" value="" />
									<ItemData ItemOID="I_MLLM_MLL_EOS_RESULTV" value="" />
									<ItemData ItemOID="I_MLLM_MLL_BAS_RESULTV" value="" />
									<ItemData ItemOID="I_MLLM_MLL_MON_RESULTV" value="" />
									<ItemData ItemOID="I_MLLM_MLL_LYM_RESULTV" value="" />
									<ItemData ItemOID="I_MLLM_MLL_PLAT_RESULTV" value="" />
								</ItemGroupData>
								<ItemGroupData ItemGroupOID="IG_MLLM_MLL_OTESTG">
									<ItemData ItemOID="I_MLLM_MLL_OLE_PREC" value="" />
									<ItemData ItemOID="I_MLLM_MLL_OLE_COLD" value="" />
									<ItemData ItemOID="I_MLLM_MLL_OLE_RESULTV" value="" />
									<ItemData ItemOID="I_MLLM_MLL_OLE_PRECV" value="" />
									<ItemData ItemOID="I_MLLM_MLL_OLE_COLDV" value="" />
								</ItemGroupData>
							</FormData>
							<FormData FormOID="F_MLLM_5">
								<ItemGroupData ItemGroupOID="IG_MLLM_UNGROUPED">
									<ItemData ItemOID="I_MLLM_INIT" value="" />
									<ItemData ItemOID="I_MLLM_FORMD" value="" />
									<ItemData ItemOID="I_MLLM_ID" value="" />
									<ItemData ItemOID="I_MLLM_MLL_BMCOLL" value="" />
									<ItemData ItemOID="I_MLLM_MLL_BMNOCOLLREAS" value="" />
									<ItemData ItemOID="I_MLLM_MLL_BDCOLL" value="" />
									<ItemData ItemOID="I_MLLM_MLL_BDNOCOLLREAS" value="" />
									<ItemData ItemOID="I_MLLM_MLL_HIVS_COID" value="" />
									<ItemData ItemOID="I_MLLM_MLL_HIVR_COID" value="" />
									<ItemData ItemOID="I_MLLM_MLL_CD4_COID" value="" />
									<ItemData ItemOID="I_MLLM_MLL_HB_COLD" value="" />
									<ItemData ItemOID="I_MLLM_MLL_RCC_COID" value="" />
									<ItemData ItemOID="I_MLLM_MLL_HCT_COLD" value="" />
									<ItemData ItemOID="I_MLLM_MLL_MCV_COID" value="" />
									<ItemData ItemOID="I_MLLM_MLL_MCH_COID" value="" />
									<ItemData ItemOID="I_MLLM_MLL_MCHC_COID" value="" />
									<ItemData ItemOID="I_MLLM_MLL_LEUC_COID" value="" />
									<ItemData ItemOID="I_MLLM_MLL_NEUT_COLD" value="" />
									<ItemData ItemOID="I_MLLM_MLL_EOS_COID" value="" />
									<ItemData ItemOID="I_MLLM_MLL_BAS_CONID" value="" />
									<ItemData ItemOID="I_MLLM_MLL_MON_COLD" value="" />
									<ItemData ItemOID="I_MLLM_MLL_LYM_COLD" value="" />
									<ItemData ItemOID="I_MLLM_MLL_PLAT_COID" value="" />
									<ItemData ItemOID="I_MLLM_MLL_HIVS_RES" value="" />
									<ItemData ItemOID="I_MLLM_MLL_HIVR_RES" value="" />
									<ItemData ItemOID="I_MLLM_MLL_CD4_RES" value="" />
									<ItemData ItemOID="I_MLLM_MLL_HB_RES" value="" />
									<ItemData ItemOID="I_MLLM_MLL_RCC_RES" value="" />
									<ItemData ItemOID="I_MLLM_MLL_HCT_RES" value="" />
									<ItemData ItemOID="I_MLLM_MLL_MCV_RES" value="" />
									<ItemData ItemOID="I_MLLM_MLL_MCH_RES" value="" />
									<ItemData ItemOID="I_MLLM_MLL_MCHC_RES" value="" />
									<ItemData ItemOID="I_MLLM_MLL_LEUC_RES" value="" />
									<ItemData ItemOID="I_MLLM_MLL_NEUT_RES" value="" />
									<ItemData ItemOID="I_MLLM_MLL_EOS_RES" value="" />
									<ItemData ItemOID="I_MLLM_MLL_BAS_RES" value="" />
									<ItemData ItemOID="I_MLLM_MLL_MON_RES" value="" />
									<ItemData ItemOID="I_MLLM_MLL_LYM_RES" value="" />
									<ItemData ItemOID="I_MLLM_MLL_PLAT_RES" value="" />
									<ItemData ItemOID="I_MLLM_MLL_BMCOLLV" value="" />
									<ItemData ItemOID="I_MLLM_MLL_BMNOCOLLREASV" value="" />
									<ItemData ItemOID="I_MLLM_MLL_BDCOLLV" value="" />
									<ItemData ItemOID="I_MLLM_MLL_BDNOCOLLREASV" value="" />
									<ItemData ItemOID="I_MLLM_MLL_HIVS_COIDV" value="" />
									<ItemData ItemOID="I_MLLM_MLL_HIVS_RESULTV_568" value="" />
									<ItemData ItemOID="I_MLLM_MLL_HIVR_COIDV" value="" />
									<ItemData ItemOID="I_MLLM_MLL_HIVR_RESULTV_632" value="" />
									<ItemData ItemOID="I_MLLM_MLL_CD4_COIDV" value="" />
									<ItemData ItemOID="I_MLLM_MLL_CD4_RESULTV_7310" value="" />
									<ItemData ItemOID="I_MLLM_MLL_HB_COLDV" value="" />
									<ItemData ItemOID="I_MLLM_MLL_HB_RESULTV_4245" value="" />
									<ItemData ItemOID="I_MLLM_MLL_RCC_COIDV" value="" />
									<ItemData ItemOID="I_MLLM_MLL_RCC_RESULTV_8023" value="" />
									<ItemData ItemOID="I_MLLM_MLL_HCT_COLDV" value="" />
									<ItemData ItemOID="I_MLLM_MLL_HCT_RESULTV_8098" value="" />
									<ItemData ItemOID="I_MLLM_MLL_MCV_COIDV" value="" />
									<ItemData ItemOID="I_MLLM_MLL_MCV_RESULTV_3027" value="" />
									<ItemData ItemOID="I_MLLM_MLL_MCH_COIDV" value="" />
									<ItemData ItemOID="I_MLLM_MLL_MCH_RESULTV_9428" value="" />
									<ItemData ItemOID="I_MLLM_MLL_MCHC_COIDV" value="" />
									<ItemData ItemOID="I_MLLM_MLL_MCHC_RESULTV_9280"
										value="" />
									<ItemData ItemOID="I_MLLM_MLL_LEUC_COIDV" value="" />
									<ItemData ItemOID="I_MLLM_MLL_LEUC_RESULTV_3135"
										value="" />
									<ItemData ItemOID="I_MLLM_MLL_NEUT_COLDV" value="" />
									<ItemData ItemOID="I_MLLM_MLL_NEUT_RESULTV_2369"
										value="" />
									<ItemData ItemOID="I_MLLM_MLL_EOS_COIDV" value="" />
									<ItemData ItemOID="I_MLLM_MLL_EOS_RESULTV_1137" value="" />
									<ItemData ItemOID="I_MLLM_MLL_BAS_CONIDV" value="" />
									<ItemData ItemOID="I_MLLM_MLL_BAS_RESULTV_5744" value="" />
									<ItemData ItemOID="I_MLLM_MLL_MON_COLDV" value="" />
									<ItemData ItemOID="I_MLLM_MLL_MON_RESULTV_3748" value="" />
									<ItemData ItemOID="I_MLLM_MLL_LYM_COLDV" value="" />
									<ItemData ItemOID="I_MLLM_MLL_LYM_RESULTV_977" value="" />
									<ItemData ItemOID="I_MLLM_MLL_PLAT_COIDV" value="" />
									<ItemData ItemOID="I_MLLM_MLL_PLAT_RESULTV_2897"
										value="" />
									<ItemData ItemOID="I_MLLM_MLL_HIVS_RESULT" value="" />
									<ItemData ItemOID="I_MLLM_MLL_HIVR_RESULT" value="" />
									<ItemData ItemOID="I_MLLM_MLL_CD4_RESULT" value="" />
									<ItemData ItemOID="I_MLLM_MLL_HB_RESULT" value="" />
									<ItemData ItemOID="I_MLLM_MLL_RCC_RESULT" value="" />
									<ItemData ItemOID="I_MLLM_MLL_HCT_RESULT" value="" />
									<ItemData ItemOID="I_MLLM_MLL_MCV_RESULT" value="" />
									<ItemData ItemOID="I_MLLM_MLL_MCH_RESULT" value="" />
									<ItemData ItemOID="I_MLLM_MLL_MCHC_RESULT" value="" />
									<ItemData ItemOID="I_MLLM_MLL_LEUC_RESULT" value="" />
									<ItemData ItemOID="I_MLLM_MLL_NEUT_RESULT" value="" />
									<ItemData ItemOID="I_MLLM_MLL_EOS_RESULT" value="" />
									<ItemData ItemOID="I_MLLM_MLL_BAS_RESULT" value="" />
									<ItemData ItemOID="I_MLLM_MLL_MON_RESULT" value="" />
									<ItemData ItemOID="I_MLLM_MLL_LYM_RESULT" value="" />
									<ItemData ItemOID="I_MLLM_MLL_PLAT_RESULT" value="" />
									<ItemData ItemOID="I_MLLM_MLL_HIVS_RESULTV" value="" />
									<ItemData ItemOID="I_MLLM_MLL_HIVR_RESULTV" value="" />
									<ItemData ItemOID="I_MLLM_MLL_CD4_RESULTV" value="" />
									<ItemData ItemOID="I_MLLM_MLL_HB_RESULTV" value="" />
									<ItemData ItemOID="I_MLLM_MLL_RCC_RESULTV" value="" />
									<ItemData ItemOID="I_MLLM_MLL_HCT_RESULTV" value="" />
									<ItemData ItemOID="I_MLLM_MLL_MCV_RESULTV" value="" />
									<ItemData ItemOID="I_MLLM_MLL_MCH_RESULTV" value="" />
									<ItemData ItemOID="I_MLLM_MLL_MCHC_RESULTV" value="" />
									<ItemData ItemOID="I_MLLM_MLL_LEUC_RESULTV" value="" />
									<ItemData ItemOID="I_MLLM_MLL_NEUT_RESULTV" value="" />
									<ItemData ItemOID="I_MLLM_MLL_EOS_RESULTV" value="" />
									<ItemData ItemOID="I_MLLM_MLL_BAS_RESULTV" value="" />
									<ItemData ItemOID="I_MLLM_MLL_MON_RESULTV" value="" />
									<ItemData ItemOID="I_MLLM_MLL_LYM_RESULTV" value="" />
									<ItemData ItemOID="I_MLLM_MLL_PLAT_RESULTV" value="" />
								</ItemGroupData>
								<ItemGroupData ItemGroupOID="IG_MLLM_MLL_OTESTG">
									<ItemData ItemOID="I_MLLM_MLL_OLE_PREC" value="" />
									<ItemData ItemOID="I_MLLM_MLL_OLE_COLD" value="" />
									<ItemData ItemOID="I_MLLM_MLL_OLE_RESULTV" value="" />
									<ItemData ItemOID="I_MLLM_MLL_OLE_PRECV" value="" />
									<ItemData ItemOID="I_MLLM_MLL_OLE_COLDV" value="" />
								</ItemGroupData>
							</FormData>
							<FormData FormOID="F_MLLM_2">
								<ItemGroupData ItemGroupOID="IG_MLLM_UNGROUPED">
									<ItemData ItemOID="I_MLLM_INIT" value="" />
									<ItemData ItemOID="I_MLLM_FORMD" value="" />
									<ItemData ItemOID="I_MLLM_ID" value="" />
									<ItemData ItemOID="I_MLLM_MLL_BMCOLL" value="" />
									<ItemData ItemOID="I_MLLM_MLL_BMNOCOLLREAS" value="" />
									<ItemData ItemOID="I_MLLM_MLL_BDCOLL" value="" />
									<ItemData ItemOID="I_MLLM_MLL_BDNOCOLLREAS" value="" />
									<ItemData ItemOID="I_MLLM_MLL_HIVS_COID" value="" />
									<ItemData ItemOID="I_MLLM_MLL_HIVR_COID" value="" />
									<ItemData ItemOID="I_MLLM_MLL_CD4_COID" value="" />
									<ItemData ItemOID="I_MLLM_MLL_HB_COLD" value="" />
									<ItemData ItemOID="I_MLLM_MLL_RCC_COID" value="" />
									<ItemData ItemOID="I_MLLM_MLL_HCT_COLD" value="" />
									<ItemData ItemOID="I_MLLM_MLL_MCV_COID" value="" />
									<ItemData ItemOID="I_MLLM_MLL_MCH_COID" value="" />
									<ItemData ItemOID="I_MLLM_MLL_MCHC_COID" value="" />
									<ItemData ItemOID="I_MLLM_MLL_LEUC_COID" value="" />
									<ItemData ItemOID="I_MLLM_MLL_NEUT_COLD" value="" />
									<ItemData ItemOID="I_MLLM_MLL_EOS_COID" value="" />
									<ItemData ItemOID="I_MLLM_MLL_BAS_CONID" value="" />
									<ItemData ItemOID="I_MLLM_MLL_MON_COLD" value="" />
									<ItemData ItemOID="I_MLLM_MLL_LYM_COLD" value="" />
									<ItemData ItemOID="I_MLLM_MLL_PLAT_COID" value="" />
									<ItemData ItemOID="I_MLLM_MLL_HIVS_RES" value="" />
									<ItemData ItemOID="I_MLLM_MLL_HIVR_RES" value="" />
									<ItemData ItemOID="I_MLLM_MLL_CD4_RES" value="" />
									<ItemData ItemOID="I_MLLM_MLL_HB_RES" value="" />
									<ItemData ItemOID="I_MLLM_MLL_RCC_RES" value="" />
									<ItemData ItemOID="I_MLLM_MLL_HCT_RES" value="" />
									<ItemData ItemOID="I_MLLM_MLL_MCV_RES" value="" />
									<ItemData ItemOID="I_MLLM_MLL_MCH_RES" value="" />
									<ItemData ItemOID="I_MLLM_MLL_MCHC_RES" value="" />
									<ItemData ItemOID="I_MLLM_MLL_LEUC_RES" value="" />
									<ItemData ItemOID="I_MLLM_MLL_NEUT_RES" value="" />
									<ItemData ItemOID="I_MLLM_MLL_EOS_RES" value="" />
									<ItemData ItemOID="I_MLLM_MLL_BAS_RES" value="" />
									<ItemData ItemOID="I_MLLM_MLL_MON_RES" value="" />
									<ItemData ItemOID="I_MLLM_MLL_LYM_RES" value="" />
									<ItemData ItemOID="I_MLLM_MLL_PLAT_RES" value="" />
									<ItemData ItemOID="I_MLLM_MLL_BMCOLLV" value="" />
									<ItemData ItemOID="I_MLLM_MLL_BMNOCOLLREASV" value="" />
									<ItemData ItemOID="I_MLLM_MLL_BDCOLLV" value="" />
									<ItemData ItemOID="I_MLLM_MLL_BDNOCOLLREASV" value="" />
									<ItemData ItemOID="I_MLLM_MLL_HIVS_COIDV" value="" />
									<ItemData ItemOID="I_MLLM_MLL_HIVS_RESULTV_568" value="" />
									<ItemData ItemOID="I_MLLM_MLL_HIVR_COIDV" value="" />
									<ItemData ItemOID="I_MLLM_MLL_HIVR_RESULTV_632" value="" />
									<ItemData ItemOID="I_MLLM_MLL_CD4_COIDV" value="" />
									<ItemData ItemOID="I_MLLM_MLL_CD4_RESULTV_7310" value="" />
									<ItemData ItemOID="I_MLLM_MLL_HB_COLDV" value="" />
									<ItemData ItemOID="I_MLLM_MLL_HB_RESULTV_4245" value="" />
									<ItemData ItemOID="I_MLLM_MLL_RCC_COIDV" value="" />
									<ItemData ItemOID="I_MLLM_MLL_RCC_RESULTV_8023" value="" />
									<ItemData ItemOID="I_MLLM_MLL_HCT_COLDV" value="" />
									<ItemData ItemOID="I_MLLM_MLL_HCT_RESULTV_8098" value="" />
									<ItemData ItemOID="I_MLLM_MLL_MCV_COIDV" value="" />
									<ItemData ItemOID="I_MLLM_MLL_MCV_RESULTV_3027" value="" />
									<ItemData ItemOID="I_MLLM_MLL_MCH_COIDV" value="" />
									<ItemData ItemOID="I_MLLM_MLL_MCH_RESULTV_9428" value="" />
									<ItemData ItemOID="I_MLLM_MLL_MCHC_COIDV" value="" />
									<ItemData ItemOID="I_MLLM_MLL_MCHC_RESULTV_9280"
										value="" />
									<ItemData ItemOID="I_MLLM_MLL_LEUC_COIDV" value="" />
									<ItemData ItemOID="I_MLLM_MLL_LEUC_RESULTV_3135"
										value="" />
									<ItemData ItemOID="I_MLLM_MLL_NEUT_COLDV" value="" />
									<ItemData ItemOID="I_MLLM_MLL_NEUT_RESULTV_2369"
										value="" />
									<ItemData ItemOID="I_MLLM_MLL_EOS_COIDV" value="" />
									<ItemData ItemOID="I_MLLM_MLL_EOS_RESULTV_1137" value="" />
									<ItemData ItemOID="I_MLLM_MLL_BAS_CONIDV" value="" />
									<ItemData ItemOID="I_MLLM_MLL_BAS_RESULTV_5744" value="" />
									<ItemData ItemOID="I_MLLM_MLL_MON_COLDV" value="" />
									<ItemData ItemOID="I_MLLM_MLL_MON_RESULTV_3748" value="" />
									<ItemData ItemOID="I_MLLM_MLL_LYM_COLDV" value="" />
									<ItemData ItemOID="I_MLLM_MLL_LYM_RESULTV_977" value="" />
									<ItemData ItemOID="I_MLLM_MLL_PLAT_COIDV" value="" />
									<ItemData ItemOID="I_MLLM_MLL_PLAT_RESULTV_2897"
										value="" />
									<ItemData ItemOID="I_MLLM_MLL_HIVS_RESULT" value="" />
									<ItemData ItemOID="I_MLLM_MLL_HIVR_RESULT" value="" />
									<ItemData ItemOID="I_MLLM_MLL_CD4_RESULT" value="" />
									<ItemData ItemOID="I_MLLM_MLL_HB_RESULT" value="" />
									<ItemData ItemOID="I_MLLM_MLL_RCC_RESULT" value="" />
									<ItemData ItemOID="I_MLLM_MLL_HCT_RESULT" value="" />
									<ItemData ItemOID="I_MLLM_MLL_MCV_RESULT" value="" />
									<ItemData ItemOID="I_MLLM_MLL_MCH_RESULT" value="" />
									<ItemData ItemOID="I_MLLM_MLL_MCHC_RESULT" value="" />
									<ItemData ItemOID="I_MLLM_MLL_LEUC_RESULT" value="" />
									<ItemData ItemOID="I_MLLM_MLL_NEUT_RESULT" value="" />
									<ItemData ItemOID="I_MLLM_MLL_EOS_RESULT" value="" />
									<ItemData ItemOID="I_MLLM_MLL_BAS_RESULT" value="" />
									<ItemData ItemOID="I_MLLM_MLL_MON_RESULT" value="" />
									<ItemData ItemOID="I_MLLM_MLL_LYM_RESULT" value="" />
									<ItemData ItemOID="I_MLLM_MLL_PLAT_RESULT" value="" />
									<ItemData ItemOID="I_MLLM_MLL_HIVS_RESULTV" value="" />
									<ItemData ItemOID="I_MLLM_MLL_HIVR_RESULTV" value="" />
									<ItemData ItemOID="I_MLLM_MLL_CD4_RESULTV" value="" />
									<ItemData ItemOID="I_MLLM_MLL_HB_RESULTV" value="" />
									<ItemData ItemOID="I_MLLM_MLL_RCC_RESULTV" value="" />
									<ItemData ItemOID="I_MLLM_MLL_HCT_RESULTV" value="" />
									<ItemData ItemOID="I_MLLM_MLL_MCV_RESULTV" value="" />
									<ItemData ItemOID="I_MLLM_MLL_MCH_RESULTV" value="" />
									<ItemData ItemOID="I_MLLM_MLL_MCHC_RESULTV" value="" />
									<ItemData ItemOID="I_MLLM_MLL_LEUC_RESULTV" value="" />
									<ItemData ItemOID="I_MLLM_MLL_NEUT_RESULTV" value="" />
									<ItemData ItemOID="I_MLLM_MLL_EOS_RESULTV" value="" />
									<ItemData ItemOID="I_MLLM_MLL_BAS_RESULTV" value="" />
									<ItemData ItemOID="I_MLLM_MLL_MON_RESULTV" value="" />
									<ItemData ItemOID="I_MLLM_MLL_LYM_RESULTV" value="" />
									<ItemData ItemOID="I_MLLM_MLL_PLAT_RESULTV" value="" />
								</ItemGroupData>
								<ItemGroupData ItemGroupOID="IG_MLLM_MLL_OTESTG">
									<ItemData ItemOID="I_MLLM_MLL_OLE_PREC" value="" />
									<ItemData ItemOID="I_MLLM_MLL_OLE_COLD" value="" />
									<ItemData ItemOID="I_MLLM_MLL_OLE_RESULTV" value="" />
									<ItemData ItemOID="I_MLLM_MLL_OLE_PRECV" value="" />
									<ItemData ItemOID="I_MLLM_MLL_OLE_COLDV" value="" />
								</ItemGroupData>
							</FormData>
							<FormData FormOID="F_MLLM_1">
								<ItemGroupData ItemGroupOID="IG_MLLM_UNGROUPED">
									<ItemData ItemOID="I_MLLM_INIT" value="" />
									<ItemData ItemOID="I_MLLM_FORMD" value="" />
									<ItemData ItemOID="I_MLLM_ID" value="" />
									<ItemData ItemOID="I_MLLM_MLL_BMCOLL" value="" />
									<ItemData ItemOID="I_MLLM_MLL_BMNOCOLLREAS" value="" />
									<ItemData ItemOID="I_MLLM_MLL_BDCOLL" value="" />
									<ItemData ItemOID="I_MLLM_MLL_BDNOCOLLREAS" value="" />
									<ItemData ItemOID="I_MLLM_MLL_HIVS_COID" value="" />
									<ItemData ItemOID="I_MLLM_MLL_HIVR_COID" value="" />
									<ItemData ItemOID="I_MLLM_MLL_CD4_COID" value="" />
									<ItemData ItemOID="I_MLLM_MLL_HB_COLD" value="" />
									<ItemData ItemOID="I_MLLM_MLL_RCC_COID" value="" />
									<ItemData ItemOID="I_MLLM_MLL_HCT_COLD" value="" />
									<ItemData ItemOID="I_MLLM_MLL_MCV_COID" value="" />
									<ItemData ItemOID="I_MLLM_MLL_MCH_COID" value="" />
									<ItemData ItemOID="I_MLLM_MLL_MCHC_COID" value="" />
									<ItemData ItemOID="I_MLLM_MLL_LEUC_COID" value="" />
									<ItemData ItemOID="I_MLLM_MLL_NEUT_COLD" value="" />
									<ItemData ItemOID="I_MLLM_MLL_EOS_COID" value="" />
									<ItemData ItemOID="I_MLLM_MLL_BAS_CONID" value="" />
									<ItemData ItemOID="I_MLLM_MLL_MON_COLD" value="" />
									<ItemData ItemOID="I_MLLM_MLL_LYM_COLD" value="" />
									<ItemData ItemOID="I_MLLM_MLL_PLAT_COID" value="" />
									<ItemData ItemOID="I_MLLM_MLL_HIVS_RES" value="" />
									<ItemData ItemOID="I_MLLM_MLL_HIVR_RES" value="" />
									<ItemData ItemOID="I_MLLM_MLL_CD4_RES" value="" />
									<ItemData ItemOID="I_MLLM_MLL_HB_RES" value="" />
									<ItemData ItemOID="I_MLLM_MLL_RCC_RES" value="" />
									<ItemData ItemOID="I_MLLM_MLL_HCT_RES" value="" />
									<ItemData ItemOID="I_MLLM_MLL_MCV_RES" value="" />
									<ItemData ItemOID="I_MLLM_MLL_MCH_RES" value="" />
									<ItemData ItemOID="I_MLLM_MLL_MCHC_RES" value="" />
									<ItemData ItemOID="I_MLLM_MLL_LEUC_RES" value="" />
									<ItemData ItemOID="I_MLLM_MLL_NEUT_RES" value="" />
									<ItemData ItemOID="I_MLLM_MLL_EOS_RES" value="" />
									<ItemData ItemOID="I_MLLM_MLL_BAS_RES" value="" />
									<ItemData ItemOID="I_MLLM_MLL_MON_RES" value="" />
									<ItemData ItemOID="I_MLLM_MLL_LYM_RES" value="" />
									<ItemData ItemOID="I_MLLM_MLL_PLAT_RES" value="" />
									<ItemData ItemOID="I_MLLM_MLL_BMCOLLV" value="" />
									<ItemData ItemOID="I_MLLM_MLL_BMNOCOLLREASV" value="" />
									<ItemData ItemOID="I_MLLM_MLL_BDCOLLV" value="" />
									<ItemData ItemOID="I_MLLM_MLL_BDNOCOLLREASV" value="" />
									<ItemData ItemOID="I_MLLM_MLL_HIVS_COIDV" value="" />
									<ItemData ItemOID="I_MLLM_MLL_HIVS_RESULTV_568" value="" />
									<ItemData ItemOID="I_MLLM_MLL_HIVR_COIDV" value="" />
									<ItemData ItemOID="I_MLLM_MLL_HIVR_RESULTV_632" value="" />
									<ItemData ItemOID="I_MLLM_MLL_CD4_COIDV" value="" />
									<ItemData ItemOID="I_MLLM_MLL_CD4_RESULTV_7310" value="" />
									<ItemData ItemOID="I_MLLM_MLL_HB_COLDV" value="" />
									<ItemData ItemOID="I_MLLM_MLL_HB_RESULTV_4245" value="" />
									<ItemData ItemOID="I_MLLM_MLL_RCC_COIDV" value="" />
									<ItemData ItemOID="I_MLLM_MLL_RCC_RESULTV_8023" value="" />
									<ItemData ItemOID="I_MLLM_MLL_HCT_COLDV" value="" />
									<ItemData ItemOID="I_MLLM_MLL_HCT_RESULTV_8098" value="" />
									<ItemData ItemOID="I_MLLM_MLL_MCV_COIDV" value="" />
									<ItemData ItemOID="I_MLLM_MLL_MCV_RESULTV_3027" value="" />
									<ItemData ItemOID="I_MLLM_MLL_MCH_COIDV" value="" />
									<ItemData ItemOID="I_MLLM_MLL_MCH_RESULTV_9428" value="" />
									<ItemData ItemOID="I_MLLM_MLL_MCHC_COIDV" value="" />
									<ItemData ItemOID="I_MLLM_MLL_MCHC_RESULTV_9280"
										value="" />
									<ItemData ItemOID="I_MLLM_MLL_LEUC_COIDV" value="" />
									<ItemData ItemOID="I_MLLM_MLL_LEUC_RESULTV_3135"
										value="" />
									<ItemData ItemOID="I_MLLM_MLL_NEUT_COLDV" value="" />
									<ItemData ItemOID="I_MLLM_MLL_NEUT_RESULTV_2369"
										value="" />
									<ItemData ItemOID="I_MLLM_MLL_EOS_COIDV" value="" />
									<ItemData ItemOID="I_MLLM_MLL_EOS_RESULTV_1137" value="" />
									<ItemData ItemOID="I_MLLM_MLL_BAS_CONIDV" value="" />
									<ItemData ItemOID="I_MLLM_MLL_BAS_RESULTV_5744" value="" />
									<ItemData ItemOID="I_MLLM_MLL_MON_COLDV" value="" />
									<ItemData ItemOID="I_MLLM_MLL_MON_RESULTV_3748" value="" />
									<ItemData ItemOID="I_MLLM_MLL_LYM_COLDV" value="" />
									<ItemData ItemOID="I_MLLM_MLL_LYM_RESULTV_977" value="" />
									<ItemData ItemOID="I_MLLM_MLL_PLAT_COIDV" value="" />
									<ItemData ItemOID="I_MLLM_MLL_PLAT_RESULTV_2897"
										value="" />
									<ItemData ItemOID="I_MLLM_MLL_HIVS_RESULT" value="" />
									<ItemData ItemOID="I_MLLM_MLL_HIVR_RESULT" value="" />
									<ItemData ItemOID="I_MLLM_MLL_CD4_RESULT" value="" />
									<ItemData ItemOID="I_MLLM_MLL_HB_RESULT" value="" />
									<ItemData ItemOID="I_MLLM_MLL_RCC_RESULT" value="" />
									<ItemData ItemOID="I_MLLM_MLL_HCT_RESULT" value="" />
									<ItemData ItemOID="I_MLLM_MLL_MCV_RESULT" value="" />
									<ItemData ItemOID="I_MLLM_MLL_MCH_RESULT" value="" />
									<ItemData ItemOID="I_MLLM_MLL_MCHC_RESULT" value="" />
									<ItemData ItemOID="I_MLLM_MLL_LEUC_RESULT" value="" />
									<ItemData ItemOID="I_MLLM_MLL_NEUT_RESULT" value="" />
									<ItemData ItemOID="I_MLLM_MLL_EOS_RESULT" value="" />
									<ItemData ItemOID="I_MLLM_MLL_BAS_RESULT" value="" />
									<ItemData ItemOID="I_MLLM_MLL_MON_RESULT" value="" />
									<ItemData ItemOID="I_MLLM_MLL_LYM_RESULT" value="" />
									<ItemData ItemOID="I_MLLM_MLL_PLAT_RESULT" value="" />
									<ItemData ItemOID="I_MLLM_MLL_HIVS_RESULTV" value="" />
									<ItemData ItemOID="I_MLLM_MLL_HIVR_RESULTV" value="" />
									<ItemData ItemOID="I_MLLM_MLL_CD4_RESULTV" value="" />
									<ItemData ItemOID="I_MLLM_MLL_HB_RESULTV" value="" />
									<ItemData ItemOID="I_MLLM_MLL_RCC_RESULTV" value="" />
									<ItemData ItemOID="I_MLLM_MLL_HCT_RESULTV" value="" />
									<ItemData ItemOID="I_MLLM_MLL_MCV_RESULTV" value="" />
									<ItemData ItemOID="I_MLLM_MLL_MCH_RESULTV" value="" />
									<ItemData ItemOID="I_MLLM_MLL_MCHC_RESULTV" value="" />
									<ItemData ItemOID="I_MLLM_MLL_LEUC_RESULTV" value="" />
									<ItemData ItemOID="I_MLLM_MLL_NEUT_RESULTV" value="" />
									<ItemData ItemOID="I_MLLM_MLL_EOS_RESULTV" value="" />
									<ItemData ItemOID="I_MLLM_MLL_BAS_RESULTV" value="" />
									<ItemData ItemOID="I_MLLM_MLL_MON_RESULTV" value="" />
									<ItemData ItemOID="I_MLLM_MLL_LYM_RESULTV" value="" />
									<ItemData ItemOID="I_MLLM_MLL_PLAT_RESULTV" value="" />
								</ItemGroupData>
								<ItemGroupData ItemGroupOID="IG_MLLM_MLL_OTESTG">
									<ItemData ItemOID="I_MLLM_MLL_OLE_PREC" value="" />
									<ItemData ItemOID="I_MLLM_MLL_OLE_COLD" value="" />
									<ItemData ItemOID="I_MLLM_MLL_OLE_RESULTV" value="" />
									<ItemData ItemOID="I_MLLM_MLL_OLE_PRECV" value="" />
									<ItemData ItemOID="I_MLLM_MLL_OLE_COLDV" value="" />
								</ItemGroupData>
							</FormData>
							<FormData FormOID="F_MHIV_2">
								<ItemGroupData ItemGroupOID="IG_MHIV_UNGROUPED">
									<ItemData ItemOID="I_MHIV_INIT" value="" />
									<ItemData ItemOID="I_MHIV_FORMD" value="" />
									<ItemData ItemOID="I_MHIV_ID" value="" />
									<ItemData ItemOID="I_MHIV_MHIV_STAG" value="" />
									<ItemData ItemOID="I_MHIV_MHIV_WGT" value="" />
									<ItemData ItemOID="I_MHIV_MHV_WEIGHT" value="" />
								</ItemGroupData>
							</FormData>
							<FormData FormOID="F_MHIV_1">
								<ItemGroupData ItemGroupOID="IG_MHIV_UNGROUPED">
									<ItemData ItemOID="I_MHIV_INIT" value="" />
									<ItemData ItemOID="I_MHIV_FORMD" value="" />
									<ItemData ItemOID="I_MHIV_ID" value="" />
									<ItemData ItemOID="I_MHIV_MHIV_STAG" value="" />
									<ItemData ItemOID="I_MHIV_MHIV_WGT" value="" />
									<ItemData ItemOID="I_MHIV_MHV_WEIGHT" value="" />
								</ItemGroupData>
							</FormData>
						</StudyEventData>
					</SubjectData>
				</ClinicalData>
			</ODM>
		</instance>
		<bind id="subjectKeyBind" nodeset="/ODM/ClinicalData/SubjectData/@SubjectKey"
			type="xsd:string" />
		<bind id="I_MSA1_INIT"
			nodeset="/ODM/ClinicalData/SubjectData/StudyEventData[@StudyEventOID=SE_SC1]/FormData[@FormOID=F_MSA1_3]/ItemGroupData[@ItemGroupOID=IG_MSA1_UNGROUPED]/ItemData[@ItemOID=''I_MSA1_INIT'']/@Value"
			type="xsd:string" />
		<bind id="I_MSA1_FORMD"
			nodeset="/ODM/ClinicalData/SubjectData/StudyEventData[@StudyEventOID=SE_SC1]/FormData[@FormOID=F_MSA1_3]/ItemGroupData[@ItemGroupOID=IG_MSA1_UNGROUPED]/ItemData[@ItemOID=''I_MSA1_FORMD'']/@Value"
			type="xsd:date" />
		<bind id="I_MSA1_MSA1_CONS"
			nodeset="/ODM/ClinicalData/SubjectData/StudyEventData[@StudyEventOID=SE_SC1]/FormData[@FormOID=F_MSA1_3]/ItemGroupData[@ItemGroupOID=IG_MSA1_UNGROUPED]/ItemData[@ItemOID=''I_MSA1_MSA1_CONS'']/@Value"
			type="xsd:int" />
		<bind id="I_MSA1_MSA1_PGT"
			nodeset="/ODM/ClinicalData/SubjectData/StudyEventData[@StudyEventOID=SE_SC1]/FormData[@FormOID=F_MSA1_3]/ItemGroupData[@ItemGroupOID=IG_MSA1_UNGROUPED]/ItemData[@ItemOID=''I_MSA1_MSA1_PGT'']/@Value"
			type="xsd:int" />
		<bind id="I_MSA1_MSA1_BIRTHD"
			nodeset="/ODM/ClinicalData/SubjectData/StudyEventData[@StudyEventOID=SE_SC1]/FormData[@FormOID=F_MSA1_3]/ItemGroupData[@ItemGroupOID=IG_MSA1_UNGROUPED]/ItemData[@ItemOID=''I_MSA1_MSA1_BIRTHD'']/@Value"
			type="xsd:date" />
		<bind id="I_MSA1_MSA1_OLD"
			nodeset="/ODM/ClinicalData/SubjectData/StudyEventData[@StudyEventOID=SE_SC1]/FormData[@FormOID=F_MSA1_3]/ItemGroupData[@ItemGroupOID=IG_MSA1_UNGROUPED]/ItemData[@ItemOID=''I_MSA1_MSA1_OLD'']/@Value"
			type="xsd:int" />
		<bind id="I_MSA1_MSA1_KHIV"
			nodeset="/ODM/ClinicalData/SubjectData/StudyEventData[@StudyEventOID=SE_SC1]/FormData[@FormOID=F_MSA1_3]/ItemGroupData[@ItemGroupOID=IG_MSA1_UNGROUPED]/ItemData[@ItemOID=''I_MSA1_MSA1_KHIV'']/@Value"
			type="xsd:int" />
		<bind id="I_MSA1_MSA1_HAART"
			nodeset="/ODM/ClinicalData/SubjectData/StudyEventData[@StudyEventOID=SE_SC1]/FormData[@FormOID=F_MSA1_3]/ItemGroupData[@ItemGroupOID=IG_MSA1_UNGROUPED]/ItemData[@ItemOID=''I_MSA1_MSA1_HAART'']/@Value"
			type="xsd:int" />
		<bind id="I_MSA1_MSA1_ELHAART"
			nodeset="/ODM/ClinicalData/SubjectData/StudyEventData[@StudyEventOID=SE_SC1]/FormData[@FormOID=F_MSA1_3]/ItemGroupData[@ItemGroupOID=IG_MSA1_UNGROUPED]/ItemData[@ItemOID=''I_MSA1_MSA1_ELHAART'']/@Value"
			type="xsd:int" />
		<bind id="I_MSA1_MSA1_BEFPEP"
			nodeset="/ODM/ClinicalData/SubjectData/StudyEventData[@StudyEventOID=SE_SC1]/FormData[@FormOID=F_MSA1_3]/ItemGroupData[@ItemGroupOID=IG_MSA1_UNGROUPED]/ItemData[@ItemOID=''I_MSA1_MSA1_BEFPEP'']/@Value"
			type="xsd:int" />
		<bind id="I_MSA1_MSA1_OTRIAL"
			nodeset="/ODM/ClinicalData/SubjectData/StudyEventData[@StudyEventOID=SE_SC1]/FormData[@FormOID=F_MSA1_3]/ItemGroupData[@ItemGroupOID=IG_MSA1_UNGROUPED]/ItemData[@ItemOID=''I_MSA1_MSA1_OTRIAL'']/@Value"
			type="xsd:int" />
		<bind id="I_MSA1_MSA1_OTRIAL_S"
			nodeset="/ODM/ClinicalData/SubjectData/StudyEventData[@StudyEventOID=SE_SC1]/FormData[@FormOID=F_MSA1_3]/ItemGroupData[@ItemGroupOID=IG_MSA1_UNGROUPED]/ItemData[@ItemOID=''I_MSA1_MSA1_OTRIAL_S'']/@Value"
			type="xsd:int" />
		<bind id="I_MSA1_MSA1_MOVE"
			nodeset="/ODM/ClinicalData/SubjectData/StudyEventData[@StudyEventOID=SE_SC1]/FormData[@FormOID=F_MSA1_3]/ItemGroupData[@ItemGroupOID=IG_MSA1_UNGROUPED]/ItemData[@ItemOID=''I_MSA1_MSA1_MOVE'']/@Value"
			type="xsd:int" />
		<bind id="I_MSA1_MSA1_PMTCT"
			nodeset="/ODM/ClinicalData/SubjectData/StudyEventData[@StudyEventOID=SE_SC1]/FormData[@FormOID=F_MSA1_3]/ItemGroupData[@ItemGroupOID=IG_MSA1_UNGROUPED]/ItemData[@ItemOID=''I_MSA1_MSA1_PMTCT'']/@Value"
			type="xsd:int" />
		<bind id="I_MSA1_MSA1_COMPLY"
			nodeset="/ODM/ClinicalData/SubjectData/StudyEventData[@StudyEventOID=SE_SC1]/FormData[@FormOID=F_MSA1_3]/ItemGroupData[@ItemGroupOID=IG_MSA1_UNGROUPED]/ItemData[@ItemOID=''I_MSA1_MSA1_COMPLY'']/@Value"
			type="xsd:int" />
		<bind id="I_MSA1_MSA1_ELIG"
			nodeset="/ODM/ClinicalData/SubjectData/StudyEventData[@StudyEventOID=SE_SC1]/FormData[@FormOID=F_MSA1_3]/ItemGroupData[@ItemGroupOID=IG_MSA1_UNGROUPED]/ItemData[@ItemOID=''I_MSA1_MSA1_ELIG'']/@Value"
			type="xsd:int" />
		<bind id="I_MSA1_MSA1_DELIVERY"
			nodeset="/ODM/ClinicalData/SubjectData/StudyEventData[@StudyEventOID=SE_SC1]/FormData[@FormOID=F_MSA1_3]/ItemGroupData[@ItemGroupOID=IG_MSA1_UNGROUPED]/ItemData[@ItemOID=''I_MSA1_MSA1_DELIVERY'']/@Value"
			type="xsd:string" />
		<bind id="I_MSA1_MSA1_CONSELLING"
			nodeset="/ODM/ClinicalData/SubjectData/StudyEventData[@StudyEventOID=SE_SC1]/FormData[@FormOID=F_MSA1_3]/ItemGroupData[@ItemGroupOID=IG_MSA1_UNGROUPED]/ItemData[@ItemOID=''I_MSA1_MSA1_CONSELLING'']/@Value"
			type="xsd:int" />
		<bind id="I_MSA1_IDPAT"
			nodeset="/ODM/ClinicalData/SubjectData/StudyEventData[@StudyEventOID=SE_SC1]/FormData[@FormOID=F_MSA1_3]/ItemGroupData[@ItemGroupOID=IG_MSA1_UNGROUPED]/ItemData[@ItemOID=''I_MSA1_IDPAT'']/@Value"
			type="xsd:string" />
		<bind id="I_MSA1_ID"
			nodeset="/ODM/ClinicalData/SubjectData/StudyEventData[@StudyEventOID=SE_SC1]/FormData[@FormOID=F_MSA1_3]/ItemGroupData[@ItemGroupOID=IG_MSA1_UNGROUPED]/ItemData[@ItemOID=''I_MSA1_ID'']/@Value"
			type="xsd:int" />
		<bind id="I_MSA1_MSA1_COMPLYREAS"
			nodeset="/ODM/ClinicalData/SubjectData/StudyEventData[@StudyEventOID=SE_SC1]/FormData[@FormOID=F_MSA1_3]/ItemGroupData[@ItemGroupOID=IG_MSA1_MSA1_COMPLYREASG]/ItemData[@ItemOID=''I_MSA1_MSA1_COMPLYREAS'']/@Value"
			type="xsd:string" />
		<bind id="I_MSA1_MSA1_NOELIGREAS"
			nodeset="/ODM/ClinicalData/SubjectData/StudyEventData[@StudyEventOID=SE_SC1]/FormData[@FormOID=F_MSA1_3]/ItemGroupData[@ItemGroupOID=IG_MSA1_MSA1_NOELIGREASG]/ItemData[@ItemOID=''I_MSA1_MSA1_NOELIGREAS'']/@Value"
			type="xsd:string" />
	</model>
	<group id="1">
		<label>Subject key</label>
		<select1 bind="subjectKeyBind">
			<label>Subject Key</label>
			<item id="3M0002T">
				<label>3M0002T</label>
				<value>3M0002T</value>
			</item>
			<item id="3M0016S">
				<label>3M0016S</label>
				<value>3M0016S</value>
			</item>
			<item id="4M1001N">
				<label>4M1001N</label>
				<value>4M1001N</value>
			</item>
			<item id="4M0003B">
				<label>4M0003B</label>
				<value>4M0003B</value>
			</item>
		</select1>
	</group>
	<group id="2">
		<label>MSA1: Mother Screening Assessment 1 - 3</label>
		<input bind="I_MSA1_INIT">
			<label>Fill in your initials (Given Name (G), Surname (S))</label>
		</input>
		<input bind="I_MSA1_FORMD">
			<label>Date of form</label>
		</input>
		<select1 bind="I_MSA1_MSA1_CONS">
			<label>Inclusion/Exclusion criteria - Has the woman understood/read
				and signed the informed consent for screening?</label>
			<item id="0">
				<label>No</label>
				<value>0</value>
			</item>
			<item id="1">
				<label>Yes</label>
				<value>1</value>
			</item>
		</select1>
		<select1 bind="I_MSA1_MSA1_PGT">
			<label>Is she pregnant?</label>
			<item id="0">
				<label>No</label>
				<value>0</value>
			</item>
			<item id="1">
				<label>Yes</label>
				<value>1</value>
			</item>
		</select1>
		<input bind="I_MSA1_MSA1_BIRTHD">
			<label>What is her birth date?</label>
		</input>
		<input bind="I_MSA1_MSA1_OLD">
			<label>If birth date not documented, how old is she?</label>
			<hint>years</hint>
		</input>
		<select1 bind="I_MSA1_MSA1_KHIV">
			<label>Is her HIV status documented from the antenatal clinic (or
				other centre)?</label>
			<item id="0">
				<label>No</label>
				<value>0</value>
			</item>
			<item id="1">
				<label>Yes</label>
				<value>1</value>
			</item>
		</select1>
		<select1 bind="I_MSA1_MSA1_HAART">
			<label>Is she currently on HAART?</label>
			<item id="0">
				<label>No</label>
				<value>0</value>
			</item>
			<item id="1">
				<label>Yes</label>
				<value>1</value>
			</item>
		</select1>
		<select1 bind="I_MSA1_MSA1_ELHAART">
			<label>If not, is she eligible for HAART?</label>
			<item id="0">
				<label>No</label>
				<value>0</value>
			</item>
			<item id="1">
				<label>Yes</label>
				<value>1</value>
			</item>
		</select1>
		<select1 bind="I_MSA1_MSA1_BEFPEP">
			<label>Has she participated in the Promise PEP study during a
				previous pregnancy?</label>
			<item id="0">
				<label>No</label>
				<value>0</value>
			</item>
			<item id="1">
				<label>Yes</label>
				<value>1</value>
			</item>
		</select1>
		<select1 bind="I_MSA1_MSA1_OTRIAL">
			<label>Is she currently in any other trial ?</label>
			<item id="0">
				<label>No</label>
				<value>0</value>
			</item>
			<item id="1">
				<label>Yes</label>
				<value>1</value>
			</item>
		</select1>
		<select1 bind="I_MSA1_MSA1_OTRIAL_S">
			<label>If yes, will she still be participating in this trial one week
				after delivery?</label>
			<item id="0">
				<label>No</label>
				<value>0</value>
			</item>
			<item id="1">
				<label>Yes</label>
				<value>1</value>
			</item>
		</select1>
		<select1 bind="I_MSA1_MSA1_MOVE">
			<label>Does she intend to move out of the area of the study in the
				next year?</label>
			<item id="0">
				<label>No</label>
				<value>0</value>
			</item>
			<item id="1">
				<label>Yes</label>
				<value>1</value>
			</item>
		</select1>
		<select1 bind="I_MSA1_MSA1_PMTCT">
			<label>Is she included in a PMTCT program?</label>
			<item id="0">
				<label>No</label>
				<value>0</value>
			</item>
			<item id="1">
				<label>Yes</label>
				<value>1</value>
			</item>
		</select1>
		<select1 bind="I_MSA1_MSA1_COMPLY">
			<label>Is there anything that could prevent her from complying with
				study procedures? (probe according to SOP)</label>
			<item id="0">
				<label>No</label>
				<value>0</value>
			</item>
			<item id="1">
				<label>Yes</label>
				<value>1</value>
			</item>
		</select1>
		<select1 bind="I_MSA1_MSA1_ELIG">
			<label>Based on the screening procedures and questions so far: Is the
				mother eligible for further participation</label>
			<item id="0">
				<label>No</label>
				<value>0</value>
			</item>
			<item id="1">
				<label>Yes</label>
				<value>1</value>
			</item>
		</select1>
		<input bind="I_MSA1_MSA1_DELIVERY">
			<label>Mother related - Where does she intend to deliver?</label>
		</input>
		<select1 bind="I_MSA1_MSA1_CONSELLING">
			<label>Is she willing to accept infant feeding option counselling
				from a designated research counsellor?</label>
			<item id="0">
				<label>No</label>
				<value>0</value>
			</item>
			<item id="1">
				<label>Yes</label>
				<value>1</value>
			</item>
		</select1>
		<input bind="I_MSA1_IDPAT">
			<label>Patient ID</label>
		</input>
		<input bind="I_MSA1_ID">
			<label>Patient ID</label>
		</input>
		<input bind="I_MSA1_MSA1_COMPLYREAS">
			<label>Q10a_ If yes, what could that be?</label>
		</input>
		<input bind="I_MSA1_MSA1_NOELIGREAS">
			<label>Q11a_ If not and reason not listed above, specify why she is
				not eligible</label>
		</input>
	</group>
	<group id="3">
		<label>MSA1: Mother Screening Assessment 1 - 2</label>
		<input bind="I_MSA1_INIT">
			<label>Fill in your initials (Given Name (G), Surname (S))</label>
		</input>
		<input bind="I_MSA1_FORMD">
			<label>Date of form</label>
		</input>
		<select1 bind="I_MSA1_MSA1_CONS">
			<label>Inclusion/Exclusion criteria - Has the woman understood/read
				and signed the informed consent for screening?</label>
			<item id="0">
				<label>No</label>
				<value>0</value>
			</item>
			<item id="1">
				<label>Yes</label>
				<value>1</value>
			</item>
		</select1>
		<select1 bind="I_MSA1_MSA1_PGT">
			<label>Is she pregnant?</label>
			<item id="0">
				<label>No</label>
				<value>0</value>
			</item>
			<item id="1">
				<label>Yes</label>
				<value>1</value>
			</item>
		</select1>
		<input bind="I_MSA1_MSA1_BIRTHD">
			<label>What is her birth date?</label>
		</input>
		<input bind="I_MSA1_MSA1_OLD">
			<label>If birth date not documented, how old is she?</label>
			<hint>years</hint>
		</input>
		<select1 bind="I_MSA1_MSA1_KHIV">
			<label>Is her HIV status documented from the antenatal clinic (or
				other centre)?</label>
			<item id="0">
				<label>No</label>
				<value>0</value>
			</item>
			<item id="1">
				<label>Yes</label>
				<value>1</value>
			</item>
		</select1>
		<select1 bind="I_MSA1_MSA1_HAART">
			<label>Is she currently on HAART?</label>
			<item id="0">
				<label>No</label>
				<value>0</value>
			</item>
			<item id="1">
				<label>Yes</label>
				<value>1</value>
			</item>
		</select1>
		<select1 bind="I_MSA1_MSA1_ELHAART">
			<label>If not, is she eligible for HAART?</label>
			<item id="0">
				<label>No</label>
				<value>0</value>
			</item>
			<item id="1">
				<label>Yes</label>
				<value>1</value>
			</item>
		</select1>
		<select1 bind="I_MSA1_MSA1_BEFPEP">
			<label>Has she participated in the Promise PEP study during a
				previous pregnancy?</label>
			<item id="0">
				<label>No</label>
				<value>0</value>
			</item>
			<item id="1">
				<label>Yes</label>
				<value>1</value>
			</item>
		</select1>
		<select1 bind="I_MSA1_MSA1_OTRIAL">
			<label>Is she currently in any other trial ?</label>
			<item id="0">
				<label>No</label>
				<value>0</value>
			</item>
			<item id="1">
				<label>Yes</label>
				<value>1</value>
			</item>
		</select1>
		<select1 bind="I_MSA1_MSA1_OTRIAL_S">
			<label>If yes, will she still be participating in this trial one week
				after delivery?</label>
			<item id="0">
				<label>No</label>
				<value>0</value>
			</item>
			<item id="1">
				<label>Yes</label>
				<value>1</value>
			</item>
		</select1>
		<select1 bind="I_MSA1_MSA1_MOVE">
			<label>Does she intend to move out of the area of the study in the
				next year?</label>
			<item id="0">
				<label>No</label>
				<value>0</value>
			</item>
			<item id="1">
				<label>Yes</label>
				<value>1</value>
			</item>
		</select1>
		<select1 bind="I_MSA1_MSA1_PMTCT">
			<label>Is she included in a PMTCT program?</label>
			<item id="0">
				<label>No</label>
				<value>0</value>
			</item>
			<item id="1">
				<label>Yes</label>
				<value>1</value>
			</item>
		</select1>
		<select1 bind="I_MSA1_MSA1_COMPLY">
			<label>Is there anything that could prevent her from complying with
				study procedures? (probe according to SOP)</label>
			<item id="0">
				<label>No</label>
				<value>0</value>
			</item>
			<item id="1">
				<label>Yes</label>
				<value>1</value>
			</item>
		</select1>
		<select1 bind="I_MSA1_MSA1_ELIG">
			<label>Based on the screening procedures and questions so far: Is the
				mother eligible for further participation</label>
			<item id="0">
				<label>No</label>
				<value>0</value>
			</item>
			<item id="1">
				<label>Yes</label>
				<value>1</value>
			</item>
		</select1>
		<input bind="I_MSA1_MSA1_DELIVERY">
			<label>Mother related - Where does she intend to deliver?</label>
		</input>
		<select1 bind="I_MSA1_MSA1_CONSELLING">
			<label>Is she willing to accept infant feeding option counselling
				from a designated research counsellor?</label>
			<item id="0">
				<label>No</label>
				<value>0</value>
			</item>
			<item id="1">
				<label>Yes</label>
				<value>1</value>
			</item>
		</select1>
		<input bind="I_MSA1_IDPAT">
			<label>Patient ID</label>
		</input>
		<input bind="I_MSA1_ID">
			<label>Patient ID</label>
		</input>
		<input bind="I_MSA1_MSA1_COMPLYREAS">
			<label>Q10a_ If yes, what could that be?</label>
		</input>
		<input bind="I_MSA1_MSA1_NOELIGREAS">
			<label>Q11a_ If not and reason not listed above, specify why she is
				not eligible</label>
		</input>
	</group>
</xforms>